#
# A fatal error has been detected by the Java Runtime Environment:
#
#  EXCEPTION_ACCESS_VIOLATION (0xc0000005) at pc=0x00007ff9a0f4675a, pid=27248, tid=17320
#
# JRE version: OpenJDK Runtime Environment (21.0.3) (build 21.0.3+-12282718-b509.11)
# Java VM: OpenJDK 64-Bit Server VM (21.0.3+-12282718-b509.11, mixed mode, tiered, compressed oops, compressed class ptrs, g1 gc, windows-amd64)
# Problematic frame:
# V  [jvm.dll+0x43675a]
#
# No core dump will be written. Minidumps are not enabled by default on client versions of Windows
#
# If you would like to submit a bug report, please visit:
#   https://youtrack.jetbrains.com/issues/JBR
#

---------------  S U M M A R Y ------------

Command Line: -javaagent:C:\Program Files\Android\Android Studio\lib\idea_rt.jar=52991:C:\Program Files\Android\Android Studio\bin -Dfile.encoding=UTF-8 com.minerkid08.dynamicopmodeloader.MainKt

Host: Intel(R) Core(TM) i7-10700K CPU @ 3.80GHz, 16 cores, 31G,  Windows 10 , 64 bit Build 19041 (10.0.19041.5198)
Time: Fri Jan 17 21:17:02 2025 Eastern Standard Time elapsed time: 0.230329 seconds (0d 0h 0m 0s)

---------------  T H R E A D  ---------------

Current thread (0x000001d3296d37c0):  JavaThread "main"             [_thread_in_vm, id=17320, stack(0x0000000604f00000,0x0000000605000000) (1024K)]

Stack: [0x0000000604f00000,0x0000000605000000],  sp=0x0000000604fff0c0,  free space=1020k
Native frames: (J=compiled Java code, j=interpreted, Vv=VM code, C=native code)
V  [jvm.dll+0x43675a]
C  [dynamicopmodeloader.dll+0x19dd]

Java frames: (J=compiled Java code, j=interpreted, Vv=VM code)
j  com.minerkid08.dynamicopmodeloader.FunctionBuilder.addFunctionc(Ljava/lang/Class;Ljava/lang/String;Ljava/lang/String;II)V+0
j  com.minerkid08.dynamicopmodeloader.FunctionBuilder.classAddFun(Ljava/lang/Class;Ljava/lang/String;Lcom/minerkid08/dynamicopmodeloader/LuaType;Ljava/util/List;)V+56
j  com.minerkid08.dynamicopmodeloader.FunctionBuilder.classAddFun$default(Lcom/minerkid08/dynamicopmodeloader/FunctionBuilder;Ljava/lang/Class;Ljava/lang/String;Lcom/minerkid08/dynamicopmodeloader/LuaType;Ljava/util/List;ILjava/lang/Object;)V+28
j  com.minerkid08.dynamicopmodeloader.MainKt.main()V+47
j  com.minerkid08.dynamicopmodeloader.MainKt.main([Ljava/lang/String;)V+0
v  ~StubRoutines::call_stub 0x000001d333c6100d

siginfo: EXCEPTION_ACCESS_VIOLATION (0xc0000005), reading address 0x0000000000000000


Registers:
RAX=0x0000000000000000, RBX=0x000001d3296d37c0, RCX=0x0000000604fff138, RDX=0x0000000000000000
RSP=0x0000000604fff0c0, RBP=0x0000000604fff1b8, RSI=0x0000000604fff328, RDI=0x000001d3296d3b78
R8 =0x0000000000000000, R9 =0x000001d327473c60, R10=0x0000000000000035, R11=0x0000000604fff0b8
R12=0x0000000000000000, R13=0x000001d34a70adb8, R14=0x0000000604fff330, R15=0x000001d3296d37c0
RIP=0x00007ff9a0f4675a, EFLAGS=0x0000000000010202


Register to memory mapping:

RAX=0x0 is null
RBX=0x000001d3296d37c0 is a thread
RCX=0x0000000604fff138 is pointing into the stack for thread: 0x000001d3296d37c0
RDX=0x0 is null
RSP=0x0000000604fff0c0 is pointing into the stack for thread: 0x000001d3296d37c0
RBP=0x0000000604fff1b8 is pointing into the stack for thread: 0x000001d3296d37c0
RSI=0x0000000604fff328 is pointing into the stack for thread: 0x000001d3296d37c0
RDI=0x000001d3296d3b78 points into unknown readable memory: 0x00007ff9a16384f0 | f0 84 63 a1 f9 7f 00 00
R8 =0x0 is null
R9 =0x000001d327473c60 points into unknown readable memory: 0x0000000000000002 | 02 00 00 00 00 00 00 00
R10=0x0000000000000035 is an unknown value
R11=0x0000000604fff0b8 is pointing into the stack for thread: 0x000001d3296d37c0
R12=0x0 is null
R13=0x000001d34a70adb8 is pointing into metadata
R14=0x0000000604fff330 is pointing into the stack for thread: 0x000001d3296d37c0
R15=0x000001d3296d37c0 is a thread

Top of Stack: (sp=0x0000000604fff0c0)
0x0000000604fff0c0:   000001d3296d37c0 0000000000000038
0x0000000604fff0d0:   0000000000000000 0000000000000000
0x0000000604fff0e0:   0000000000000009 00007ffa1492fb87
0x0000000604fff0f0:   0000e9e562398c20 0000000000000000
0x0000000604fff100:   0000000604fff1b8 000000060000000c
0x0000000604fff110:   000001d34a70adb8 000001d3296d37c0
0x0000000604fff120:   000001d327482ce0 00007ff900000466
0x0000000604fff130:   00007ff9a1488c88 00007ff9a0f45dfa
0x0000000604fff140:   00007ff9d8a37035 00007ffa1495725e
0x0000000604fff150:   0000000600000001 00007ffa1499fa30
0x0000000604fff160:   0000000000000000 000001d3296d37c0
0x0000000604fff170:   000001d3296d37c0 0000000274c1ac58
0x0000000604fff180:   0000000000007676 0000000604fff1d0
0x0000000604fff190:   000001d34a70adc0 00007ff9d89f19dd
0x0000000604fff1a0:   000001d34a70adc0 0000000604fff1d0
0x0000000604fff1b0:   0000000000000000 00007ff9a0f46690
0x0000000604fff1c0:   00007ffa1499fa30 0000000000000000
0x0000000604fff1d0:   0000000604fff240 00007ff9d89f1e94
0x0000000604fff1e0:   0000000604fff328 000001d34a70adc0
0x0000000604fff1f0:   7efefefefefefeff 7eff3d72ff552827
0x0000000604fff200:   000001d300000000 000001d300000000
0x0000000604fff210:   0000000274c1ac58 000001d333c6cc7c
0x0000000604fff220:   000001d3273fd08c 0000000000000000
0x0000000604fff230:   000001d3494dc6d0 000001d3494dc920
0x0000000604fff240:   0000000604fff2e8 000001d333c6ce0b
0x0000000604fff250:   000001d3296d3b78 0000000604fff330
0x0000000604fff260:   0000000604fff328 0000000604fff320
0x0000000604fff270:   0000000604fff318 0000000000000000
0x0000000604fff280:   0000000200000000 000001d333c6bbe7
0x0000000604fff290:   000001d34a70c360 000001d333c6ca9f
0x0000000604fff2a0:   0000000604fff2a0 000001d34a70adb8
0x0000000604fff2b0:   0000000000000009 000001d34a70b3a8 

Instructions: (pc=0x00007ff9a0f4675a)
0x00007ff9a0f4665a:   8b 98 03 00 00 e8 4c b4 ed ff 90 0f b7 c6 c7 83
0x00007ff9a0f4666a:   4c 04 00 00 04 00 00 00 48 81 c4 b8 00 00 00 41
0x00007ff9a0f4667a:   5f 41 5e 5f 5e 5d 5b c3 cc cc cc cc cc cc cc cc
0x00007ff9a0f4668a:   cc cc cc cc cc cc 4c 89 44 24 18 4c 89 4c 24 20
0x00007ff9a0f4669a:   53 55 56 57 41 57 48 81 ec b0 00 00 00 8b 81 b8
0x00007ff9a0f466aa:   00 00 00 48 8d 99 48 fc ff ff 05 53 21 ff ff 48
0x00007ff9a0f466ba:   8b f2 48 8b f9 83 f8 01 77 08 48 8b cb e8 74 2d
0x00007ff9a0f466ca:   fb ff 80 3d cd 2e 75 00 00 c7 83 4c 04 00 00 06
0x00007ff9a0f466da:   00 00 00 75 06 e8 ec 51 28 00 90 48 8b 83 50 04
0x00007ff9a0f466ea:   00 00 a8 01 74 0d 45 33 c0 b2 01 48 8b cb e8 13
0x00007ff9a0f466fa:   63 2f 00 8b 83 48 04 00 00 a8 0c 74 08 48 8b cb
0x00007ff9a0f4670a:   e8 71 42 fb ff c7 83 4c 04 00 00 06 00 00 00 48
0x00007ff9a0f4671a:   83 7b 08 00 48 89 5c 24 58 48 c7 44 24 60 00 00
0x00007ff9a0f4672a:   00 00 74 0a 48 8d 4c 24 58 e8 68 1b 2c 00 48 8b
0x00007ff9a0f4673a:   94 24 f0 00 00 00 48 8d ac 24 f8 00 00 00 c7 44
0x00007ff9a0f4674a:   24 48 0c 00 00 00 48 8d 4c 24 78 48 89 6c 24 40
0x00007ff9a0f4675a:   48 8b 12 e8 3e 57 01 00 48 8d 44 24 78 48 89 5c
0x00007ff9a0f4676a:   24 30 48 89 44 24 28 4c 8d 3d 98 25 54 00 48 8b
0x00007ff9a0f4677a:   84 24 f0 00 00 00 48 8d 54 24 48 41 b9 01 00 00
0x00007ff9a0f4678a:   00 48 89 44 24 20 4c 8b c6 4c 89 7c 24 78 48 8b
0x00007ff9a0f4679a:   cf 48 89 ac 24 a0 00 00 00 e8 68 64 01 00 48 83
0x00007ff9a0f467aa:   7b 08 00 74 04 33 f6 eb 0e 48 8b 74 24 50 48 c7
0x00007ff9a0f467ba:   44 24 40 00 00 00 00 48 83 7c 24 60 00 4c 89 7c
0x00007ff9a0f467ca:   24 78 48 c7 84 24 a0 00 00 00 00 00 00 00 74 0a
0x00007ff9a0f467da:   48 8d 4c 24 58 e8 3c 1b 2c 00 48 8b bb 98 01 00
0x00007ff9a0f467ea:   00 48 8b 47 10 48 83 38 00 74 0c 48 8b cf e8 23
0x00007ff9a0f467fa:   48 f6 ff 48 8b 47 10 48 8b 4f 08 48 89 41 10 48
0x00007ff9a0f4680a:   8b 57 08 48 8b 4f 18 48 89 4a 18 48 8b 4f 20 48
0x00007ff9a0f4681a:   8b 57 08 48 89 4a 20 48 8d 8b 98 03 00 00 e8 83
0x00007ff9a0f4682a:   b2 ed ff 90 48 8b c6 c7 83 4c 04 00 00 04 00 00
0x00007ff9a0f4683a:   00 48 81 c4 b0 00 00 00 41 5f 5f 5e 5d 5b c3 cc
0x00007ff9a0f4684a:   cc cc cc cc cc cc 4c 89 44 24 18 4c 89 4c 24 20 


Stack slot to memory mapping:

stack at sp + 0 slots: 0x000001d3296d37c0 is a thread
stack at sp + 1 slots: 0x0000000000000038 is an unknown value
stack at sp + 2 slots: 0x0 is null
stack at sp + 3 slots: 0x0 is null
stack at sp + 4 slots: 0x0000000000000009 is an unknown value
stack at sp + 5 slots: 0x00007ffa1492fb87 msvcrt.dll
stack at sp + 6 slots: 0x0000e9e562398c20 is an unknown value
stack at sp + 7 slots: 0x0 is null


---------------  P R O C E S S  ---------------

Threads class SMR info:
_java_thread_list=0x000001d349840900, length=15, elements={
0x000001d3296d37c0, 0x000001d349304fe0, 0x000001d349305b40, 0x000001d34930e930,
0x000001d3492e35c0, 0x000001d3492e6030, 0x000001d3492e8aa0, 0x000001d3492ee000,
0x000001d3492eeaa0, 0x000001d3493e9820, 0x000001d3494c5370, 0x000001d3494c5bc0,
0x000001d3495fe330, 0x000001d3493e9190, 0x000001d3493e8470
}

Java Threads: ( => current thread )
=>0x000001d3296d37c0 JavaThread "main"                              [_thread_in_vm, id=17320, stack(0x0000000604f00000,0x0000000605000000) (1024K)]
  0x000001d349304fe0 JavaThread "Reference Handler"          daemon [_thread_blocked, id=15040, stack(0x0000000605700000,0x0000000605800000) (1024K)]
  0x000001d349305b40 JavaThread "Finalizer"                  daemon [_thread_blocked, id=20944, stack(0x0000000605800000,0x0000000605900000) (1024K)]
  0x000001d34930e930 JavaThread "Signal Dispatcher"          daemon [_thread_blocked, id=18016, stack(0x0000000605900000,0x0000000605a00000) (1024K)]
  0x000001d3492e35c0 JavaThread "Attach Listener"            daemon [_thread_blocked, id=19504, stack(0x0000000605a00000,0x0000000605b00000) (1024K)]
  0x000001d3492e6030 JavaThread "Service Thread"             daemon [_thread_blocked, id=1876, stack(0x0000000605b00000,0x0000000605c00000) (1024K)]
  0x000001d3492e8aa0 JavaThread "Monitor Deflation Thread"   daemon [_thread_blocked, id=25620, stack(0x0000000605c00000,0x0000000605d00000) (1024K)]
  0x000001d3492ee000 JavaThread "C2 CompilerThread0"         daemon [_thread_blocked, id=3872, stack(0x0000000605d00000,0x0000000605e00000) (1024K)]
  0x000001d3492eeaa0 JavaThread "C1 CompilerThread0"         daemon [_thread_blocked, id=21776, stack(0x0000000605e00000,0x0000000605f00000) (1024K)]
  0x000001d3493e9820 JavaThread "Common-Cleaner"             daemon [_thread_blocked, id=10692, stack(0x0000000605f00000,0x0000000606000000) (1024K)]
  0x000001d3494c5370 JavaThread "C1 CompilerThread1"         daemon [_thread_blocked, id=20728, stack(0x0000000606000000,0x0000000606100000) (1024K)]
  0x000001d3494c5bc0 JavaThread "C1 CompilerThread2"         daemon [_thread_blocked, id=23196, stack(0x0000000606100000,0x0000000606200000) (1024K)]
  0x000001d3495fe330 JavaThread "C2 CompilerThread1"         daemon [_thread_blocked, id=3604, stack(0x0000000606200000,0x0000000606300000) (1024K)]
  0x000001d3493e9190 JavaThread "Monitor Ctrl-Break"         daemon [_thread_in_native, id=12640, stack(0x0000000606300000,0x0000000606400000) (1024K)]
  0x000001d3493e8470 JavaThread "Notification Thread"        daemon [_thread_blocked, id=12120, stack(0x0000000606400000,0x0000000606500000) (1024K)]
Total: 15

Other Threads:
  0x000001d349290a20 VMThread "VM Thread"                           [id=26500, stack(0x0000000605600000,0x0000000605700000) (1024K)]
  0x000001d34630a5d0 WatcherThread "VM Periodic Task Thread"        [id=19800, stack(0x0000000605500000,0x0000000605600000) (1024K)]
  0x000001d329738f80 WorkerThread "GC Thread#0"                     [id=23724, stack(0x0000000605000000,0x0000000605100000) (1024K)]
  0x000001d32974a730 ConcurrentGCThread "G1 Main Marker"            [id=24624, stack(0x0000000605100000,0x0000000605200000) (1024K)]
  0x000001d32974b9d0 WorkerThread "G1 Conc#0"                       [id=2908, stack(0x0000000605200000,0x0000000605300000) (1024K)]
  0x000001d32978e410 ConcurrentGCThread "G1 Refine#0"               [id=25112, stack(0x0000000605300000,0x0000000605400000) (1024K)]
  0x000001d3461c9fd0 ConcurrentGCThread "G1 Service"                [id=16184, stack(0x0000000605400000,0x0000000605500000) (1024K)]
Total: 7

Threads with active compile tasks:
Total: 0

VM state: not at safepoint (normal execution)

VM Mutex/Monitor currently owned by a thread: None

Heap address: 0x0000000255800000, size: 8168 MB, Compressed Oops mode: Zero based, Oop shift amount: 3

CDS archive(s) not mapped
Compressed class space mapped at: 0x0000000454000000-0x0000000494000000, reserved size: 1073741824
Narrow klass base: 0x0000000000000000, Narrow klass shift: 3, Narrow klass range: 0x494000000

GC Precious Log:
 CardTable entry size: 512
 Card Set container configuration: InlinePtr #cards 4 size 8 Array Of Cards #cards 32 size 80 Howl #buckets 8 coarsen threshold 7372 Howl Bitmap #cards 1024 size 144 coarsen threshold 921 Card regions per heap region 1 cards per card region 8192
 CPUs: 16 total, 16 available
 Memory: 32659M
 Large Page Support: Disabled
 NUMA Support: Disabled
 Compressed Oops: Enabled (Zero based)
 Heap Region Size: 4M
 Heap Min Capacity: 8M
 Heap Initial Capacity: 512M
 Heap Max Capacity: 8168M
 Pre-touch: Disabled
 Parallel Workers: 13
 Concurrent Workers: 3
 Concurrent Refinement Workers: 13
 Periodic GC: Disabled

Heap:
 garbage-first heap   total 524288K, used 4096K [0x0000000255800000, 0x0000000454000000)
  region size 4096K, 3 young (12288K), 0 survivors (0K)
 Metaspace       used 7748K, committed 7872K, reserved 1114112K
  class space    used 689K, committed 768K, reserved 1048576K

Heap Regions: E=young(eden), S=young(survivor), O=old, HS=humongous(starts), HC=humongous(continues), CS=collection set, F=free, TAMS=top-at-mark-start, PB=parsable bottom
|   0|0x0000000255800000, 0x0000000255800000, 0x0000000255c00000|  0%| F|  |TAMS 0x0000000255800000| PB 0x0000000255800000| Untracked 
|   1|0x0000000255c00000, 0x0000000255c00000, 0x0000000256000000|  0%| F|  |TAMS 0x0000000255c00000| PB 0x0000000255c00000| Untracked 
|   2|0x0000000256000000, 0x0000000256000000, 0x0000000256400000|  0%| F|  |TAMS 0x0000000256000000| PB 0x0000000256000000| Untracked 
|   3|0x0000000256400000, 0x0000000256400000, 0x0000000256800000|  0%| F|  |TAMS 0x0000000256400000| PB 0x0000000256400000| Untracked 
|   4|0x0000000256800000, 0x0000000256800000, 0x0000000256c00000|  0%| F|  |TAMS 0x0000000256800000| PB 0x0000000256800000| Untracked 
|   5|0x0000000256c00000, 0x0000000256c00000, 0x0000000257000000|  0%| F|  |TAMS 0x0000000256c00000| PB 0x0000000256c00000| Untracked 
|   6|0x0000000257000000, 0x0000000257000000, 0x0000000257400000|  0%| F|  |TAMS 0x0000000257000000| PB 0x0000000257000000| Untracked 
|   7|0x0000000257400000, 0x0000000257400000, 0x0000000257800000|  0%| F|  |TAMS 0x0000000257400000| PB 0x0000000257400000| Untracked 
|   8|0x0000000257800000, 0x0000000257800000, 0x0000000257c00000|  0%| F|  |TAMS 0x0000000257800000| PB 0x0000000257800000| Untracked 
|   9|0x0000000257c00000, 0x0000000257c00000, 0x0000000258000000|  0%| F|  |TAMS 0x0000000257c00000| PB 0x0000000257c00000| Untracked 
|  10|0x0000000258000000, 0x0000000258000000, 0x0000000258400000|  0%| F|  |TAMS 0x0000000258000000| PB 0x0000000258000000| Untracked 
|  11|0x0000000258400000, 0x0000000258400000, 0x0000000258800000|  0%| F|  |TAMS 0x0000000258400000| PB 0x0000000258400000| Untracked 
|  12|0x0000000258800000, 0x0000000258800000, 0x0000000258c00000|  0%| F|  |TAMS 0x0000000258800000| PB 0x0000000258800000| Untracked 
|  13|0x0000000258c00000, 0x0000000258c00000, 0x0000000259000000|  0%| F|  |TAMS 0x0000000258c00000| PB 0x0000000258c00000| Untracked 
|  14|0x0000000259000000, 0x0000000259000000, 0x0000000259400000|  0%| F|  |TAMS 0x0000000259000000| PB 0x0000000259000000| Untracked 
|  15|0x0000000259400000, 0x0000000259400000, 0x0000000259800000|  0%| F|  |TAMS 0x0000000259400000| PB 0x0000000259400000| Untracked 
|  16|0x0000000259800000, 0x0000000259800000, 0x0000000259c00000|  0%| F|  |TAMS 0x0000000259800000| PB 0x0000000259800000| Untracked 
|  17|0x0000000259c00000, 0x0000000259c00000, 0x000000025a000000|  0%| F|  |TAMS 0x0000000259c00000| PB 0x0000000259c00000| Untracked 
|  18|0x000000025a000000, 0x000000025a000000, 0x000000025a400000|  0%| F|  |TAMS 0x000000025a000000| PB 0x000000025a000000| Untracked 
|  19|0x000000025a400000, 0x000000025a400000, 0x000000025a800000|  0%| F|  |TAMS 0x000000025a400000| PB 0x000000025a400000| Untracked 
|  20|0x000000025a800000, 0x000000025a800000, 0x000000025ac00000|  0%| F|  |TAMS 0x000000025a800000| PB 0x000000025a800000| Untracked 
|  21|0x000000025ac00000, 0x000000025ac00000, 0x000000025b000000|  0%| F|  |TAMS 0x000000025ac00000| PB 0x000000025ac00000| Untracked 
|  22|0x000000025b000000, 0x000000025b000000, 0x000000025b400000|  0%| F|  |TAMS 0x000000025b000000| PB 0x000000025b000000| Untracked 
|  23|0x000000025b400000, 0x000000025b400000, 0x000000025b800000|  0%| F|  |TAMS 0x000000025b400000| PB 0x000000025b400000| Untracked 
|  24|0x000000025b800000, 0x000000025b800000, 0x000000025bc00000|  0%| F|  |TAMS 0x000000025b800000| PB 0x000000025b800000| Untracked 
|  25|0x000000025bc00000, 0x000000025bc00000, 0x000000025c000000|  0%| F|  |TAMS 0x000000025bc00000| PB 0x000000025bc00000| Untracked 
|  26|0x000000025c000000, 0x000000025c000000, 0x000000025c400000|  0%| F|  |TAMS 0x000000025c000000| PB 0x000000025c000000| Untracked 
|  27|0x000000025c400000, 0x000000025c400000, 0x000000025c800000|  0%| F|  |TAMS 0x000000025c400000| PB 0x000000025c400000| Untracked 
|  28|0x000000025c800000, 0x000000025c800000, 0x000000025cc00000|  0%| F|  |TAMS 0x000000025c800000| PB 0x000000025c800000| Untracked 
|  29|0x000000025cc00000, 0x000000025cc00000, 0x000000025d000000|  0%| F|  |TAMS 0x000000025cc00000| PB 0x000000025cc00000| Untracked 
|  30|0x000000025d000000, 0x000000025d000000, 0x000000025d400000|  0%| F|  |TAMS 0x000000025d000000| PB 0x000000025d000000| Untracked 
|  31|0x000000025d400000, 0x000000025d400000, 0x000000025d800000|  0%| F|  |TAMS 0x000000025d400000| PB 0x000000025d400000| Untracked 
|  32|0x000000025d800000, 0x000000025d800000, 0x000000025dc00000|  0%| F|  |TAMS 0x000000025d800000| PB 0x000000025d800000| Untracked 
|  33|0x000000025dc00000, 0x000000025dc00000, 0x000000025e000000|  0%| F|  |TAMS 0x000000025dc00000| PB 0x000000025dc00000| Untracked 
|  34|0x000000025e000000, 0x000000025e000000, 0x000000025e400000|  0%| F|  |TAMS 0x000000025e000000| PB 0x000000025e000000| Untracked 
|  35|0x000000025e400000, 0x000000025e400000, 0x000000025e800000|  0%| F|  |TAMS 0x000000025e400000| PB 0x000000025e400000| Untracked 
|  36|0x000000025e800000, 0x000000025e800000, 0x000000025ec00000|  0%| F|  |TAMS 0x000000025e800000| PB 0x000000025e800000| Untracked 
|  37|0x000000025ec00000, 0x000000025ec00000, 0x000000025f000000|  0%| F|  |TAMS 0x000000025ec00000| PB 0x000000025ec00000| Untracked 
|  38|0x000000025f000000, 0x000000025f000000, 0x000000025f400000|  0%| F|  |TAMS 0x000000025f000000| PB 0x000000025f000000| Untracked 
|  39|0x000000025f400000, 0x000000025f400000, 0x000000025f800000|  0%| F|  |TAMS 0x000000025f400000| PB 0x000000025f400000| Untracked 
|  40|0x000000025f800000, 0x000000025f800000, 0x000000025fc00000|  0%| F|  |TAMS 0x000000025f800000| PB 0x000000025f800000| Untracked 
|  41|0x000000025fc00000, 0x000000025fc00000, 0x0000000260000000|  0%| F|  |TAMS 0x000000025fc00000| PB 0x000000025fc00000| Untracked 
|  42|0x0000000260000000, 0x0000000260000000, 0x0000000260400000|  0%| F|  |TAMS 0x0000000260000000| PB 0x0000000260000000| Untracked 
|  43|0x0000000260400000, 0x0000000260400000, 0x0000000260800000|  0%| F|  |TAMS 0x0000000260400000| PB 0x0000000260400000| Untracked 
|  44|0x0000000260800000, 0x0000000260800000, 0x0000000260c00000|  0%| F|  |TAMS 0x0000000260800000| PB 0x0000000260800000| Untracked 
|  45|0x0000000260c00000, 0x0000000260c00000, 0x0000000261000000|  0%| F|  |TAMS 0x0000000260c00000| PB 0x0000000260c00000| Untracked 
|  46|0x0000000261000000, 0x0000000261000000, 0x0000000261400000|  0%| F|  |TAMS 0x0000000261000000| PB 0x0000000261000000| Untracked 
|  47|0x0000000261400000, 0x0000000261400000, 0x0000000261800000|  0%| F|  |TAMS 0x0000000261400000| PB 0x0000000261400000| Untracked 
|  48|0x0000000261800000, 0x0000000261800000, 0x0000000261c00000|  0%| F|  |TAMS 0x0000000261800000| PB 0x0000000261800000| Untracked 
|  49|0x0000000261c00000, 0x0000000261c00000, 0x0000000262000000|  0%| F|  |TAMS 0x0000000261c00000| PB 0x0000000261c00000| Untracked 
|  50|0x0000000262000000, 0x0000000262000000, 0x0000000262400000|  0%| F|  |TAMS 0x0000000262000000| PB 0x0000000262000000| Untracked 
|  51|0x0000000262400000, 0x0000000262400000, 0x0000000262800000|  0%| F|  |TAMS 0x0000000262400000| PB 0x0000000262400000| Untracked 
|  52|0x0000000262800000, 0x0000000262800000, 0x0000000262c00000|  0%| F|  |TAMS 0x0000000262800000| PB 0x0000000262800000| Untracked 
|  53|0x0000000262c00000, 0x0000000262c00000, 0x0000000263000000|  0%| F|  |TAMS 0x0000000262c00000| PB 0x0000000262c00000| Untracked 
|  54|0x0000000263000000, 0x0000000263000000, 0x0000000263400000|  0%| F|  |TAMS 0x0000000263000000| PB 0x0000000263000000| Untracked 
|  55|0x0000000263400000, 0x0000000263400000, 0x0000000263800000|  0%| F|  |TAMS 0x0000000263400000| PB 0x0000000263400000| Untracked 
|  56|0x0000000263800000, 0x0000000263800000, 0x0000000263c00000|  0%| F|  |TAMS 0x0000000263800000| PB 0x0000000263800000| Untracked 
|  57|0x0000000263c00000, 0x0000000263c00000, 0x0000000264000000|  0%| F|  |TAMS 0x0000000263c00000| PB 0x0000000263c00000| Untracked 
|  58|0x0000000264000000, 0x0000000264000000, 0x0000000264400000|  0%| F|  |TAMS 0x0000000264000000| PB 0x0000000264000000| Untracked 
|  59|0x0000000264400000, 0x0000000264400000, 0x0000000264800000|  0%| F|  |TAMS 0x0000000264400000| PB 0x0000000264400000| Untracked 
|  60|0x0000000264800000, 0x0000000264800000, 0x0000000264c00000|  0%| F|  |TAMS 0x0000000264800000| PB 0x0000000264800000| Untracked 
|  61|0x0000000264c00000, 0x0000000264c00000, 0x0000000265000000|  0%| F|  |TAMS 0x0000000264c00000| PB 0x0000000264c00000| Untracked 
|  62|0x0000000265000000, 0x0000000265000000, 0x0000000265400000|  0%| F|  |TAMS 0x0000000265000000| PB 0x0000000265000000| Untracked 
|  63|0x0000000265400000, 0x0000000265400000, 0x0000000265800000|  0%| F|  |TAMS 0x0000000265400000| PB 0x0000000265400000| Untracked 
|  64|0x0000000265800000, 0x0000000265800000, 0x0000000265c00000|  0%| F|  |TAMS 0x0000000265800000| PB 0x0000000265800000| Untracked 
|  65|0x0000000265c00000, 0x0000000265c00000, 0x0000000266000000|  0%| F|  |TAMS 0x0000000265c00000| PB 0x0000000265c00000| Untracked 
|  66|0x0000000266000000, 0x0000000266000000, 0x0000000266400000|  0%| F|  |TAMS 0x0000000266000000| PB 0x0000000266000000| Untracked 
|  67|0x0000000266400000, 0x0000000266400000, 0x0000000266800000|  0%| F|  |TAMS 0x0000000266400000| PB 0x0000000266400000| Untracked 
|  68|0x0000000266800000, 0x0000000266800000, 0x0000000266c00000|  0%| F|  |TAMS 0x0000000266800000| PB 0x0000000266800000| Untracked 
|  69|0x0000000266c00000, 0x0000000266c00000, 0x0000000267000000|  0%| F|  |TAMS 0x0000000266c00000| PB 0x0000000266c00000| Untracked 
|  70|0x0000000267000000, 0x0000000267000000, 0x0000000267400000|  0%| F|  |TAMS 0x0000000267000000| PB 0x0000000267000000| Untracked 
|  71|0x0000000267400000, 0x0000000267400000, 0x0000000267800000|  0%| F|  |TAMS 0x0000000267400000| PB 0x0000000267400000| Untracked 
|  72|0x0000000267800000, 0x0000000267800000, 0x0000000267c00000|  0%| F|  |TAMS 0x0000000267800000| PB 0x0000000267800000| Untracked 
|  73|0x0000000267c00000, 0x0000000267c00000, 0x0000000268000000|  0%| F|  |TAMS 0x0000000267c00000| PB 0x0000000267c00000| Untracked 
|  74|0x0000000268000000, 0x0000000268000000, 0x0000000268400000|  0%| F|  |TAMS 0x0000000268000000| PB 0x0000000268000000| Untracked 
|  75|0x0000000268400000, 0x0000000268400000, 0x0000000268800000|  0%| F|  |TAMS 0x0000000268400000| PB 0x0000000268400000| Untracked 
|  76|0x0000000268800000, 0x0000000268800000, 0x0000000268c00000|  0%| F|  |TAMS 0x0000000268800000| PB 0x0000000268800000| Untracked 
|  77|0x0000000268c00000, 0x0000000268c00000, 0x0000000269000000|  0%| F|  |TAMS 0x0000000268c00000| PB 0x0000000268c00000| Untracked 
|  78|0x0000000269000000, 0x0000000269000000, 0x0000000269400000|  0%| F|  |TAMS 0x0000000269000000| PB 0x0000000269000000| Untracked 
|  79|0x0000000269400000, 0x0000000269400000, 0x0000000269800000|  0%| F|  |TAMS 0x0000000269400000| PB 0x0000000269400000| Untracked 
|  80|0x0000000269800000, 0x0000000269800000, 0x0000000269c00000|  0%| F|  |TAMS 0x0000000269800000| PB 0x0000000269800000| Untracked 
|  81|0x0000000269c00000, 0x0000000269c00000, 0x000000026a000000|  0%| F|  |TAMS 0x0000000269c00000| PB 0x0000000269c00000| Untracked 
|  82|0x000000026a000000, 0x000000026a000000, 0x000000026a400000|  0%| F|  |TAMS 0x000000026a000000| PB 0x000000026a000000| Untracked 
|  83|0x000000026a400000, 0x000000026a400000, 0x000000026a800000|  0%| F|  |TAMS 0x000000026a400000| PB 0x000000026a400000| Untracked 
|  84|0x000000026a800000, 0x000000026a800000, 0x000000026ac00000|  0%| F|  |TAMS 0x000000026a800000| PB 0x000000026a800000| Untracked 
|  85|0x000000026ac00000, 0x000000026ac00000, 0x000000026b000000|  0%| F|  |TAMS 0x000000026ac00000| PB 0x000000026ac00000| Untracked 
|  86|0x000000026b000000, 0x000000026b000000, 0x000000026b400000|  0%| F|  |TAMS 0x000000026b000000| PB 0x000000026b000000| Untracked 
|  87|0x000000026b400000, 0x000000026b400000, 0x000000026b800000|  0%| F|  |TAMS 0x000000026b400000| PB 0x000000026b400000| Untracked 
|  88|0x000000026b800000, 0x000000026b800000, 0x000000026bc00000|  0%| F|  |TAMS 0x000000026b800000| PB 0x000000026b800000| Untracked 
|  89|0x000000026bc00000, 0x000000026bc00000, 0x000000026c000000|  0%| F|  |TAMS 0x000000026bc00000| PB 0x000000026bc00000| Untracked 
|  90|0x000000026c000000, 0x000000026c000000, 0x000000026c400000|  0%| F|  |TAMS 0x000000026c000000| PB 0x000000026c000000| Untracked 
|  91|0x000000026c400000, 0x000000026c400000, 0x000000026c800000|  0%| F|  |TAMS 0x000000026c400000| PB 0x000000026c400000| Untracked 
|  92|0x000000026c800000, 0x000000026c800000, 0x000000026cc00000|  0%| F|  |TAMS 0x000000026c800000| PB 0x000000026c800000| Untracked 
|  93|0x000000026cc00000, 0x000000026cc00000, 0x000000026d000000|  0%| F|  |TAMS 0x000000026cc00000| PB 0x000000026cc00000| Untracked 
|  94|0x000000026d000000, 0x000000026d000000, 0x000000026d400000|  0%| F|  |TAMS 0x000000026d000000| PB 0x000000026d000000| Untracked 
|  95|0x000000026d400000, 0x000000026d400000, 0x000000026d800000|  0%| F|  |TAMS 0x000000026d400000| PB 0x000000026d400000| Untracked 
|  96|0x000000026d800000, 0x000000026d800000, 0x000000026dc00000|  0%| F|  |TAMS 0x000000026d800000| PB 0x000000026d800000| Untracked 
|  97|0x000000026dc00000, 0x000000026dc00000, 0x000000026e000000|  0%| F|  |TAMS 0x000000026dc00000| PB 0x000000026dc00000| Untracked 
|  98|0x000000026e000000, 0x000000026e000000, 0x000000026e400000|  0%| F|  |TAMS 0x000000026e000000| PB 0x000000026e000000| Untracked 
|  99|0x000000026e400000, 0x000000026e400000, 0x000000026e800000|  0%| F|  |TAMS 0x000000026e400000| PB 0x000000026e400000| Untracked 
| 100|0x000000026e800000, 0x000000026e800000, 0x000000026ec00000|  0%| F|  |TAMS 0x000000026e800000| PB 0x000000026e800000| Untracked 
| 101|0x000000026ec00000, 0x000000026ec00000, 0x000000026f000000|  0%| F|  |TAMS 0x000000026ec00000| PB 0x000000026ec00000| Untracked 
| 102|0x000000026f000000, 0x000000026f000000, 0x000000026f400000|  0%| F|  |TAMS 0x000000026f000000| PB 0x000000026f000000| Untracked 
| 103|0x000000026f400000, 0x000000026f400000, 0x000000026f800000|  0%| F|  |TAMS 0x000000026f400000| PB 0x000000026f400000| Untracked 
| 104|0x000000026f800000, 0x000000026f800000, 0x000000026fc00000|  0%| F|  |TAMS 0x000000026f800000| PB 0x000000026f800000| Untracked 
| 105|0x000000026fc00000, 0x000000026fc00000, 0x0000000270000000|  0%| F|  |TAMS 0x000000026fc00000| PB 0x000000026fc00000| Untracked 
| 106|0x0000000270000000, 0x0000000270000000, 0x0000000270400000|  0%| F|  |TAMS 0x0000000270000000| PB 0x0000000270000000| Untracked 
| 107|0x0000000270400000, 0x0000000270400000, 0x0000000270800000|  0%| F|  |TAMS 0x0000000270400000| PB 0x0000000270400000| Untracked 
| 108|0x0000000270800000, 0x0000000270800000, 0x0000000270c00000|  0%| F|  |TAMS 0x0000000270800000| PB 0x0000000270800000| Untracked 
| 109|0x0000000270c00000, 0x0000000270c00000, 0x0000000271000000|  0%| F|  |TAMS 0x0000000270c00000| PB 0x0000000270c00000| Untracked 
| 110|0x0000000271000000, 0x0000000271000000, 0x0000000271400000|  0%| F|  |TAMS 0x0000000271000000| PB 0x0000000271000000| Untracked 
| 111|0x0000000271400000, 0x0000000271400000, 0x0000000271800000|  0%| F|  |TAMS 0x0000000271400000| PB 0x0000000271400000| Untracked 
| 112|0x0000000271800000, 0x0000000271800000, 0x0000000271c00000|  0%| F|  |TAMS 0x0000000271800000| PB 0x0000000271800000| Untracked 
| 113|0x0000000271c00000, 0x0000000271c00000, 0x0000000272000000|  0%| F|  |TAMS 0x0000000271c00000| PB 0x0000000271c00000| Untracked 
| 114|0x0000000272000000, 0x0000000272000000, 0x0000000272400000|  0%| F|  |TAMS 0x0000000272000000| PB 0x0000000272000000| Untracked 
| 115|0x0000000272400000, 0x0000000272400000, 0x0000000272800000|  0%| F|  |TAMS 0x0000000272400000| PB 0x0000000272400000| Untracked 
| 116|0x0000000272800000, 0x0000000272800000, 0x0000000272c00000|  0%| F|  |TAMS 0x0000000272800000| PB 0x0000000272800000| Untracked 
| 117|0x0000000272c00000, 0x0000000272c00000, 0x0000000273000000|  0%| F|  |TAMS 0x0000000272c00000| PB 0x0000000272c00000| Untracked 
| 118|0x0000000273000000, 0x0000000273000000, 0x0000000273400000|  0%| F|  |TAMS 0x0000000273000000| PB 0x0000000273000000| Untracked 
| 119|0x0000000273400000, 0x0000000273400000, 0x0000000273800000|  0%| F|  |TAMS 0x0000000273400000| PB 0x0000000273400000| Untracked 
| 120|0x0000000273800000, 0x0000000273800000, 0x0000000273c00000|  0%| F|  |TAMS 0x0000000273800000| PB 0x0000000273800000| Untracked 
| 121|0x0000000273c00000, 0x0000000273c00000, 0x0000000274000000|  0%| F|  |TAMS 0x0000000273c00000| PB 0x0000000273c00000| Untracked 
| 122|0x0000000274000000, 0x0000000274000000, 0x0000000274400000|  0%| F|  |TAMS 0x0000000274000000| PB 0x0000000274000000| Untracked 
| 123|0x0000000274400000, 0x0000000274400000, 0x0000000274800000|  0%| F|  |TAMS 0x0000000274400000| PB 0x0000000274400000| Untracked 
| 124|0x0000000274800000, 0x0000000274800000, 0x0000000274c00000|  0%| F|  |TAMS 0x0000000274800000| PB 0x0000000274800000| Untracked 
| 125|0x0000000274c00000, 0x0000000274c7c530, 0x0000000275000000| 12%| E|  |TAMS 0x0000000274c00000| PB 0x0000000274c00000| Complete 
| 126|0x0000000275000000, 0x0000000275400000, 0x0000000275400000|100%| E|CS|TAMS 0x0000000275000000| PB 0x0000000275000000| Complete 
| 127|0x0000000275400000, 0x0000000275800000, 0x0000000275800000|100%| E|  |TAMS 0x0000000275400000| PB 0x0000000275400000| Complete 

Card table byte_map: [0x000001d33d0a0000,0x000001d33e0a0000] _byte_map_base: 0x000001d33bdf4000

Marking Bits: (CMBitMap*) 0x000001d329739da0
 Bits: [0x000001d33e0a0000, 0x000001d346040000)

Polling page: 0x000001d327420000

Metaspace:

Usage:
  Non-class:      6.89 MB used.
      Class:    689.59 KB used.
       Both:      7.57 MB used.

Virtual space:
  Non-class space:       64.00 MB reserved,       6.94 MB ( 11%) committed,  1 nodes.
      Class space:        1.00 GB reserved,     768.00 KB ( <1%) committed,  1 nodes.
             Both:        1.06 GB reserved,       7.69 MB ( <1%) committed. 

Chunk freelists:
   Non-Class:  8.89 MB
       Class:  15.23 MB
        Both:  24.11 MB

MaxMetaspaceSize: unlimited
CompressedClassSpaceSize: 1.00 GB
Initial GC threshold: 21.00 MB
Current GC threshold: 21.00 MB
CDS: off
 - commit_granule_bytes: 65536.
 - commit_granule_words: 8192.
 - virtual_space_node_default_size: 8388608.
 - enlarge_chunks_in_place: 1.
 - use_allocation_guard: 0.


Internal statistics:

num_allocs_failed_limit: 0.
num_arena_births: 26.
num_arena_deaths: 0.
num_vsnodes_births: 2.
num_vsnodes_deaths: 0.
num_space_committed: 123.
num_space_uncommitted: 0.
num_chunks_returned_to_freelist: 0.
num_chunks_taken_from_freelist: 57.
num_chunk_merges: 0.
num_chunk_splits: 27.
num_chunks_enlarged: 12.
num_inconsistent_stats: 0.

CodeHeap 'non-profiled nmethods': size=119168Kb used=149Kb max_used=149Kb free=119018Kb
 bounds [0x000001d3343b0000, 0x000001d334620000, 0x000001d33b810000]
CodeHeap 'profiled nmethods': size=119104Kb used=762Kb max_used=762Kb free=118341Kb
 bounds [0x000001d32c810000, 0x000001d32ca80000, 0x000001d333c60000]
CodeHeap 'non-nmethods': size=7488Kb used=2411Kb max_used=2428Kb free=5077Kb
 bounds [0x000001d333c60000, 0x000001d333ed0000, 0x000001d3343b0000]
 total_blobs=872 nmethods=452 adapters=323
 compilation: enabled
              stopped_count=0, restarted_count=0
 full_count=0

Compilation events (20 events):
Event: 0.223 Thread 0x000001d3492ee000 nmethod 426 0x000001d3343d2990 code [0x000001d3343d2b40, 0x000001d3343d3120]
Event: 0.223 Thread 0x000001d3492eeaa0 nmethod 439 0x000001d32c8b6910 code [0x000001d32c8b6c60, 0x000001d32c8b7dd8]
Event: 0.223 Thread 0x000001d3492eeaa0  443       3       jdk.internal.misc.Unsafe::putReferenceRelease (9 bytes)
Event: 0.223 Thread 0x000001d3494c5370  444       3       java.util.concurrent.ConcurrentHashMap::setTabAt (20 bytes)
Event: 0.223 Thread 0x000001d3492eeaa0 nmethod 443 0x000001d32c8b8690 code [0x000001d32c8b8820, 0x000001d32c8b8988]
Event: 0.223 Thread 0x000001d3494c5370 nmethod 444 0x000001d32c8b8a10 code [0x000001d32c8b8bc0, 0x000001d32c8b8dc8]
Event: 0.223 Thread 0x000001d3492ee000  445       4       java.lang.StringLatin1::inflate (34 bytes)
Event: 0.224 Thread 0x000001d3495fe330 nmethod 436% 0x000001d3343d3810 code [0x000001d3343d39c0, 0x000001d3343d3db8]
Event: 0.224 Thread 0x000001d3495fe330  446 %     4       java.lang.StringLatin1::replace @ 13 (198 bytes)
Event: 0.225 Thread 0x000001d3494c5370  447       3       java.lang.Class::getPackageName (81 bytes)
Event: 0.225 Thread 0x000001d3494c5370 nmethod 447 0x000001d32c8b8e90 code [0x000001d32c8b9140, 0x000001d32c8b9bd8]
Event: 0.226 Thread 0x000001d3492ee000 nmethod 445 0x000001d3343d3f90 code [0x000001d3343d4120, 0x000001d3343d4398]
Event: 0.226 Thread 0x000001d3492eeaa0  448       3       sun.invoke.util.VerifyAccess::isTypeVisible (118 bytes)
Event: 0.226 Thread 0x000001d3494c5370  449       1       java.lang.invoke.MethodHandles$Lookup::lookupClass (5 bytes)
Event: 0.226 Thread 0x000001d3494c5370 nmethod 449 0x000001d3343d4490 code [0x000001d3343d4620, 0x000001d3343d46f0]
Event: 0.226 Thread 0x000001d3494c5370  451       3       java.lang.invoke.LambdaForm::argument (27 bytes)
Event: 0.227 Thread 0x000001d3494c5370 nmethod 451 0x000001d32c8b9f90 code [0x000001d32c8ba160, 0x000001d32c8ba3d0]
Event: 0.227 Thread 0x000001d3494c5370  452       3       java.lang.invoke.LambdaForm$Name::initIndex (26 bytes)
Event: 0.227 Thread 0x000001d3494c5370 nmethod 452 0x000001d32c8ba510 code [0x000001d32c8ba6c0, 0x000001d32c8ba878]
Event: 0.227 Thread 0x000001d3492eeaa0 nmethod 448 0x000001d32c8ba910 code [0x000001d32c8bac20, 0x000001d32c8bbbc8]

GC Heap History (0 events):
No events

Dll operation events (2 events):
Event: 0.005 Loaded shared library C:\Program Files\Android\Android Studio\jre\bin\java.dll
Event: 0.009 Loaded shared library C:\Program Files\Android\Android Studio\jre\bin\zip.dll

Deoptimization events (20 events):
Event: 0.194 Thread 0x000001d3296d37c0 Uncommon trap: trap_request=0xffffff45 fr.pc=0x000001d3343cc3f0 relative=0x00000000000001b0
Event: 0.194 Thread 0x000001d3296d37c0 Uncommon trap: reason=unstable_if action=reinterpret pc=0x000001d3343cc3f0 method=java.util.zip.ZipFile$Source.isMetaName([BII)Z @ 57 c2
Event: 0.194 Thread 0x000001d3296d37c0 DEOPT PACKING pc=0x000001d3343cc3f0 sp=0x0000000604ffe110
Event: 0.194 Thread 0x000001d3296d37c0 DEOPT UNPACKING pc=0x000001d333cb46a2 sp=0x0000000604ffe0b8 mode 2
Event: 0.206 Thread 0x000001d3296d37c0 Uncommon trap: trap_request=0xffffff45 fr.pc=0x000001d3343b16ec relative=0x00000000000000cc
Event: 0.206 Thread 0x000001d3296d37c0 Uncommon trap: reason=unstable_if action=reinterpret pc=0x000001d3343b16ec method=java.lang.String.isLatin1()Z @ 10 c2
Event: 0.206 Thread 0x000001d3296d37c0 DEOPT PACKING pc=0x000001d3343b16ec sp=0x0000000604fff020
Event: 0.206 Thread 0x000001d3296d37c0 DEOPT UNPACKING pc=0x000001d333cb46a2 sp=0x0000000604ffef60 mode 2
Event: 0.218 Thread 0x000001d3296d37c0 DEOPT PACKING pc=0x000001d32c85a7f7 sp=0x0000000604ff9980
Event: 0.218 Thread 0x000001d3296d37c0 DEOPT UNPACKING pc=0x000001d333cb4e42 sp=0x0000000604ff8dd0 mode 0
Event: 0.219 Thread 0x000001d3296d37c0 DEOPT PACKING pc=0x000001d32c85a7f7 sp=0x0000000604ffd830
Event: 0.219 Thread 0x000001d3296d37c0 DEOPT UNPACKING pc=0x000001d333cb4e42 sp=0x0000000604ffcc80 mode 0
Event: 0.221 Thread 0x000001d3296d37c0 DEOPT PACKING pc=0x000001d32c85a7f7 sp=0x0000000604ffbab0
Event: 0.221 Thread 0x000001d3296d37c0 DEOPT UNPACKING pc=0x000001d333cb4e42 sp=0x0000000604ffaf00 mode 0
Event: 0.222 Thread 0x000001d3296d37c0 DEOPT PACKING pc=0x000001d32c85a7f7 sp=0x0000000604ff9f50
Event: 0.222 Thread 0x000001d3296d37c0 DEOPT UNPACKING pc=0x000001d333cb4e42 sp=0x0000000604ff93a0 mode 0
Event: 0.223 Thread 0x000001d3296d37c0 DEOPT PACKING pc=0x000001d32c8219c9 sp=0x0000000604ffbd00
Event: 0.223 Thread 0x000001d3296d37c0 DEOPT UNPACKING pc=0x000001d333cb4e42 sp=0x0000000604ffb178 mode 0
Event: 0.225 Thread 0x000001d3296d37c0 DEOPT PACKING pc=0x000001d32c8219c9 sp=0x0000000604ffcb50
Event: 0.225 Thread 0x000001d3296d37c0 DEOPT UNPACKING pc=0x000001d333cb4e42 sp=0x0000000604ffbfc8 mode 0

Classes loaded (20 events):
Event: 0.217 Loading class sun/nio/cs/StreamDecoder
Event: 0.217 Loading class sun/nio/cs/StreamDecoder done
Event: 0.217 Loading class sun/nio/cs/US_ASCII$Decoder
Event: 0.217 Loading class sun/nio/cs/US_ASCII$Decoder done
Event: 0.217 Loading class sun/nio/ch/Util
Event: 0.217 Loading class sun/nio/ch/Util done
Event: 0.217 Loading class sun/nio/ch/Util$1
Event: 0.217 Loading class sun/nio/ch/Util$1 done
Event: 0.217 Loading class sun/nio/ch/Util$BufferCache
Event: 0.217 Loading class sun/nio/ch/Util$BufferCache done
Event: 0.217 Loading class java/nio/DirectByteBuffer$Deallocator
Event: 0.217 Loading class java/nio/DirectByteBuffer$Deallocator done
Event: 0.218 Loading class java/lang/UnsupportedOperationException
Event: 0.218 Loading class java/lang/UnsupportedOperationException done
Event: 0.218 Loading class java/lang/AssertionError
Event: 0.218 Loading class java/lang/AssertionError done
Event: 0.226 Loading class java/lang/IndexOutOfBoundsException
Event: 0.226 Loading class java/lang/IndexOutOfBoundsException done
Event: 0.226 Loading class java/lang/invoke/MethodHandleImpl$AsVarargsCollector
Event: 0.226 Loading class java/lang/invoke/MethodHandleImpl$AsVarargsCollector done

Classes unloaded (0 events):
No events

Classes redefined (0 events):
No events

Internal exceptions (4 events):
Event: 0.198 Thread 0x000001d3296d37c0 Exception <a 'java/lang/NoSuchMethodError'{0x00000002752f9518}: 'void java.lang.invoke.DirectMethodHandle$Holder.invokeStatic(java.lang.Object, java.lang.Object, java.lang.Object)'> (0x00000002752f9518) 
thrown [s\src\hotspot\share\interpreter\linkResolver.cpp, line 784]
Event: 0.200 Thread 0x000001d3296d37c0 Exception <a 'java/lang/NoSuchMethodError'{0x0000000275310908}: 'java.lang.Object java.lang.invoke.Invokers$Holder.invokeExact_MT(java.lang.Object, java.lang.Object, java.lang.Object, java.lang.Object, java.lang.Object)'> (0x0000000275310908) 
thrown [s\src\hotspot\share\interpreter\linkResolver.cpp, line 784]
Event: 0.214 Thread 0x000001d3493e9190 Exception <a 'java/lang/NoSuchMethodError'{0x0000000275331c80}: 'void java.lang.invoke.DirectMethodHandle$Holder.invokeStatic(java.lang.Object, java.lang.Object)'> (0x0000000275331c80) 
thrown [s\src\hotspot\share\interpreter\linkResolver.cpp, line 784]
Event: 0.227 Thread 0x000001d3296d37c0 Exception <a 'java/lang/NoSuchMethodError'{0x0000000274c1ad78}: Lcom/minerkid08/dynamicopmodeloader/TestObj;.getSimpleName()Ljava/lang/String;> (0x0000000274c1ad78) 
thrown [s\src\hotspot\share\prims\jni.cpp, line 1126]

ZGC Phase Switch (0 events):
No events

VM Operations (2 events):
Event: 0.134 Executing VM operation: HandshakeAllThreads (Deoptimize)
Event: 0.134 Executing VM operation: HandshakeAllThreads (Deoptimize) done

Events (20 events):
Event: 0.044 Thread 0x000001d349305b40 Thread added: 0x000001d349305b40
Event: 0.045 Thread 0x000001d34930e930 Thread added: 0x000001d34930e930
Event: 0.045 Thread 0x000001d3492e35c0 Thread added: 0x000001d3492e35c0
Event: 0.045 Thread 0x000001d3492e6030 Thread added: 0x000001d3492e6030
Event: 0.045 Thread 0x000001d3492e8aa0 Thread added: 0x000001d3492e8aa0
Event: 0.045 Thread 0x000001d3492ee000 Thread added: 0x000001d3492ee000
Event: 0.046 Thread 0x000001d3492eeaa0 Thread added: 0x000001d3492eeaa0
Event: 0.124 Thread 0x000001d3493e9820 Thread added: 0x000001d3493e9820
Event: 0.134 Thread 0x000001d3494c5370 Thread added: 0x000001d3494c5370
Event: 0.135 Thread 0x000001d3494c5bc0 Thread added: 0x000001d3494c5bc0
Event: 0.142 Loaded shared library C:\Program Files\Android\Android Studio\jre\bin\instrument.dll
Event: 0.151 Loaded shared library C:\Program Files\Android\Android Studio\jre\bin\net.dll
Event: 0.152 Loaded shared library C:\Program Files\Android\Android Studio\jre\bin\nio.dll
Event: 0.158 Thread 0x000001d3495fe330 Thread added: 0x000001d3495fe330
Event: 0.190 Loaded shared library C:\Program Files\Android\Android Studio\jre\bin\zip.dll
Event: 0.205 Loaded shared library C:\Program Files\Android\Android Studio\bin\breakgen64.dll
Event: 0.205 Thread 0x000001d3493e9190 Thread added: 0x000001d3493e9190
Event: 0.205 Thread 0x000001d3493e8470 Thread added: 0x000001d3493e8470
Event: 0.210 Loaded shared library C:\Users\colbykids\ftc\DynamicOpmodeLoader\dynamicopmodeloader.dll
Event: 0.213 Loaded shared library C:\Program Files\Android\Android Studio\jre\bin\extnet.dll


Dynamic libraries:
0x00007ff70d520000 - 0x00007ff70d52a000 	C:\Program Files\Android\Android Studio\jre\bin\java.exe
0x00007ffa14a10000 - 0x00007ffa14c08000 	C:\Windows\SYSTEM32\ntdll.dll
0x00007ffa13610000 - 0x00007ffa136d2000 	C:\Windows\System32\KERNEL32.DLL
0x00007ffa122b0000 - 0x00007ffa125ae000 	C:\Windows\System32\KERNELBASE.dll
0x00007ffa126b0000 - 0x00007ffa127b0000 	C:\Windows\System32\ucrtbase.dll
0x00007ffa10880000 - 0x00007ffa10898000 	C:\Program Files\Android\Android Studio\jre\bin\jli.dll
0x00007ff9e8500000 - 0x00007ff9e851b000 	C:\Program Files\Android\Android Studio\jre\bin\VCRUNTIME140.dll
0x00007ffa13350000 - 0x00007ffa134ed000 	C:\Windows\System32\USER32.dll
0x00007ffa120b0000 - 0x00007ffa120d2000 	C:\Windows\System32\win32u.dll
0x00007ff9f08d0000 - 0x00007ff9f0b6a000 	C:\Windows\WinSxS\amd64_microsoft.windows.common-controls_6595b64144ccf1df_6.0.19041.4355_none_60b8b9eb71f62e16\COMCTL32.dll
0x00007ffa14910000 - 0x00007ffa149ae000 	C:\Windows\System32\msvcrt.dll
0x00007ffa14880000 - 0x00007ffa148ab000 	C:\Windows\System32\GDI32.dll
0x00007ffa127b0000 - 0x00007ffa128c7000 	C:\Windows\System32\gdi32full.dll
0x00007ffa121e0000 - 0x00007ffa1227d000 	C:\Windows\System32\msvcp_win.dll
0x00007ffa143e0000 - 0x00007ffa1440f000 	C:\Windows\System32\IMM32.DLL
0x00007ff9ee410000 - 0x00007ff9ee41c000 	C:\Program Files\Android\Android Studio\jre\bin\vcruntime140_1.dll
0x00007ff9daa00000 - 0x00007ff9daa8d000 	C:\Program Files\Android\Android Studio\jre\bin\msvcp140.dll
0x00007ff9a0b10000 - 0x00007ff9a178d000 	C:\Program Files\Android\Android Studio\jre\bin\server\jvm.dll
0x00007ffa13ba0000 - 0x00007ffa13c51000 	C:\Windows\System32\ADVAPI32.dll
0x00007ffa12e40000 - 0x00007ffa12edf000 	C:\Windows\System32\sechost.dll
0x00007ffa13220000 - 0x00007ffa13343000 	C:\Windows\System32\RPCRT4.dll
0x00007ffa12280000 - 0x00007ffa122a7000 	C:\Windows\System32\bcrypt.dll
0x00007ffa13b30000 - 0x00007ffa13b9b000 	C:\Windows\System32\WS2_32.dll
0x00007ffa11640000 - 0x00007ffa1168b000 	C:\Windows\SYSTEM32\POWRPROF.dll
0x00007ffa0b8f0000 - 0x00007ffa0b8fa000 	C:\Windows\SYSTEM32\VERSION.dll
0x00007ffa07270000 - 0x00007ffa07297000 	C:\Windows\SYSTEM32\WINMM.dll
0x00007ffa114b0000 - 0x00007ffa114c2000 	C:\Windows\SYSTEM32\UMPDC.dll
0x00007ffa108f0000 - 0x00007ffa10902000 	C:\Windows\SYSTEM32\kernel.appcore.dll
0x00007ff9ee260000 - 0x00007ff9ee26a000 	C:\Program Files\Android\Android Studio\jre\bin\jimage.dll
0x00007ffa0fdb0000 - 0x00007ffa0ff94000 	C:\Windows\SYSTEM32\DBGHELP.DLL
0x00007ffa09560000 - 0x00007ffa09594000 	C:\Windows\SYSTEM32\dbgcore.DLL
0x00007ffa125b0000 - 0x00007ffa12632000 	C:\Windows\System32\bcryptPrimitives.dll
0x00007ff9eb6b0000 - 0x00007ff9eb6be000 	C:\Program Files\Android\Android Studio\jre\bin\instrument.dll
0x00007ff9e84e0000 - 0x00007ff9e84ff000 	C:\Program Files\Android\Android Studio\jre\bin\java.dll
0x00007ff9da9e0000 - 0x00007ff9da9f8000 	C:\Program Files\Android\Android Studio\jre\bin\zip.dll
0x00007ffa13c60000 - 0x00007ffa143cd000 	C:\Windows\System32\SHELL32.dll
0x00007ffa0ffa0000 - 0x00007ffa10744000 	C:\Windows\SYSTEM32\windows.storage.dll
0x00007ffa12a30000 - 0x00007ffa12d83000 	C:\Windows\System32\combase.dll
0x00007ffa11ae0000 - 0x00007ffa11b0e000 	C:\Windows\SYSTEM32\Wldp.dll
0x00007ffa13150000 - 0x00007ffa1321d000 	C:\Windows\System32\OLEAUT32.dll
0x00007ffa12d90000 - 0x00007ffa12e3d000 	C:\Windows\System32\SHCORE.dll
0x00007ffa148b0000 - 0x00007ffa14905000 	C:\Windows\System32\shlwapi.dll
0x00007ffa11fe0000 - 0x00007ffa12004000 	C:\Windows\SYSTEM32\profapi.dll
0x00007ff9e99d0000 - 0x00007ff9e99e0000 	C:\Program Files\Android\Android Studio\jre\bin\net.dll
0x00007ffa0e6b0000 - 0x00007ffa0e7bd000 	C:\Windows\SYSTEM32\WINHTTP.dll
0x00007ffa11840000 - 0x00007ffa118aa000 	C:\Windows\system32\mswsock.dll
0x00007ff9da910000 - 0x00007ff9da926000 	C:\Program Files\Android\Android Studio\jre\bin\nio.dll
0x00007ff9d9a40000 - 0x00007ff9d9a5a000 	C:\Program Files\Android\Android Studio\bin\breakgen64.dll
0x00007ff9d89f0000 - 0x00007ff9d8a61000 	C:\Users\colbykids\ftc\DynamicOpmodeLoader\dynamicopmodeloader.dll
0x00007ff9e9440000 - 0x00007ff9e9449000 	C:\Program Files\Android\Android Studio\jre\bin\extnet.dll

dbghelp: loaded successfully - version: 4.0.5 - missing functions: none
symbol engine: initialized successfully - sym options: 0x614 - pdb path: .;C:\Program Files\Android\Android Studio\jre\bin;C:\Windows\SYSTEM32;C:\Windows\WinSxS\amd64_microsoft.windows.common-controls_6595b64144ccf1df_6.0.19041.4355_none_60b8b9eb71f62e16;C:\Program Files\Android\Android Studio\jre\bin\server;C:\Program Files\Android\Android Studio\bin;C:\Users\colbykids\ftc\DynamicOpmodeLoader

VM Arguments:
jvm_args: -javaagent:C:\Program Files\Android\Android Studio\lib\idea_rt.jar=52991:C:\Program Files\Android\Android Studio\bin -Dfile.encoding=UTF-8 
java_command: com.minerkid08.dynamicopmodeloader.MainKt
java_class_path (initial): C:\Users\colbykids\AppData\Local\Android\Sdk\platforms\android-34\android.jar;C:\Users\colbykids\AppData\Local\Android\Sdk\platforms\android-34\data\res;C:\Users\colbykids\ftc\DynamicOpmodeLoader\DynamicOpmodeLoader\build\tmp\kotlin-classes\debug;C:\Users\colbykids\ftc\DynamicOpmodeLoader\DynamicOpmodeLoader\build\intermediates\compile_r_class_jar\debug\generateDebugRFile\R.jar;C:\Users\colbykids\ftc\DynamicOpmodeLoader\DynamicOpmodeLoader\build\generated\res\resValues\debug;C:\Users\colbykids\.gradle\caches\8.9\transforms\f3c1f645dbaea118ca5c5f649fada647\transformed\core-ktx-1.15.0\res;C:\Users\colbykids\.gradle\caches\8.9\transforms\f3c1f645dbaea118ca5c5f649fada647\transformed\core-ktx-1.15.0\AndroidManifest.xml;C:\Users\colbykids\.gradle\caches\8.9\transforms\f3c1f645dbaea118ca5c5f649fada647\transformed\core-ktx-1.15.0\jars\classes.jar;C:\Users\colbykids\.gradle\caches\8.9\transforms\06e6d91d646d26e6c02c125c7752fd7e\transformed\core-1.15.0\AndroidManifest.xml;C:\Users\colbykids\.gradle\caches\8.9\transforms\06e6d91d646d26e6c02c125c7752fd7e\transformed\core-1.15.0\jars\classes.jar;C:\Users\colbykids\.gradle\caches\8.9\transforms\06e6d91d646d26e6c02c125c7752fd7e\transformed\core-1.15.0\res;C:\Users\colbykids\.gradle\caches\8.9\transforms\c3cda8aedbbfedd093af0cc5a947b929\transformed\annotation-experimental-1.4.1\res;C:\Users\colbykids\.gradle\caches\8.9\transforms\c3cda8aedbbfedd093af0cc5a947b929\transformed\annotation-experimental-1.4.1\jars\classes.jar;C:\Users\colbykids\.gradle\caches\8.9\transforms\c3cda8aedbbfedd093af0cc5a947b929\transformed\annotation-experimental-1.4.1\AndroidManifest.xml;C:\Users\colbykids\.gradle\caches\8.9\transforms\d1f5ededaa61b1222fd80b355cd7aad1\transformed\lifecycle-runtime-2.6.2\res;C:\Users\colbykids\.gradle\caches\8.9\transforms\d1f5ededaa61b1222fd80b355cd7aad1\transformed\lifecycle-runtime-2.6.2\AndroidManifest.xml;C:\Users\colbykids\.gradle\caches\8.9\transforms\d1f5ededaa61b1222fd80b355cd7aad1\transformed\lifecycle-runtime-2.6.2\jars\classes.jar;C:\Users\colbykids\.gradle\caches\8.9\transforms\ac95a3d9e887e8128faa5699fc4610b5\transformed\versionedparcelable-1.1.1\jars\classes.jar;C:\Users\colbykids\.gradle\caches\8.9\transforms\ac95a3d9e887e8128faa5699fc4610b5\transformed\versionedparcelable-1.1.1\AndroidManifest.xml;C:\Users\colbykids\.gradle\caches\8.9\transforms\bd02bdb83b3a11d52d1fa69c53c2c74c\transformed\appcompat-1.7.0\jars\classes.jar;C:\Users\colbykids\.gradle\caches\8.9\transforms\bd02bdb83b3a11d52d1fa69c53c2c74c\transformed\appcompat-1.7.0\AndroidManifest.xml;C:\Users\colbykids\.gradle\caches\8.9\transforms\bd02bdb83b3a11d52d1fa69c53c2c74c\transformed\appcompat-1.7.0\res;C:\Users\colbykids\.gradle\caches\8.9\transforms\c2d7ed148d02172b1dfa33ba9bcb45fe\transformed\activity-1.8.0\jars\classes.jar;C:\Users\colbykids\.gradle\caches\8.9\transforms\c2d7ed148d02172b1dfa33ba9bcb45fe\transformed\activity-1.8.0\res;C:\Users\colbykids\.gradle\caches\8.9\transforms\c2d7ed148d02172b1dfa33ba9bcb45fe\transformed\activity-1.8.0\AndroidManifest.xml;C:\Users\colbykids\.gradle\caches\8.9\transforms\f27c885f5e352f8b134758bc4de780ae\transformed\lifecycle-viewmodel-2.6.2\res;C:\Users\colbykids\.gradle\caches\8.9\transforms\f27c885f5e352f8b134758bc4de780ae\transformed\lifecycle-viewmodel-2.6.2\jars\classes.jar;C:\Users\colbykids\.gradle\caches\8.9\transforms\f27c885f5e352f8b134758bc4de780ae\transformed\lifecycle-viewmodel-2.6.2\AndroidManifest.xml;C:\Users\colbykids\.gradle\caches\8.9\transforms\c796d668170c271b3e4e1e22cd91bab8\transformed\lifecycle-viewmodel-savedstate-2.6.2\AndroidManifest.xml;C:\Users\colbykids\.gradle\caches\8.9\transforms\c796d668170c271b3e4e1e22cd91bab8\transformed\lifecycle-viewmodel-savedstate-2.6.2\jars\classes.jar;C:\Users\colbykids\.gradle\caches\8.9\transforms\c796d668170c271b3e4e1e22cd91bab8\transformed\lifecycle-viewmodel-savedstate-2.6.2\res;C:\Users\colbykids\.gradle\caches\8.9\transforms\28d45214613a565421a6777e89c65139\transformed\lifecycle-livedata-core-2.6.2\AndroidManifest.xml;C:\Users\colbykids\.gradle\caches\8.9\transforms\28d45214613a565421a6777e89c65139\transformed\lifecycle-livedata-core-2.6.2\res;C:\Users\colbykids\.gradle\caches\8.9\transforms\28d45214613a565421a6777e89c65139\transformed\lifecycle-livedata-core-2.6.2\jars\classes.jar;C:\Users\colbykids\.gradle\caches\8.9\transforms\701aca6e4afa7a311e3d23ff8e71e338\transformed\savedstate-1.2.1\res;C:\Users\colbykids\.gradle\caches\8.9\transforms\701aca6e4afa7a311e3d23ff8e71e338\transformed\savedstate-1.2.1\AndroidManifest.xml;C:\Users\colbykids\.gradle\caches\8.9\transforms\701aca6e4afa7a311e3d23ff8e71e338\transformed\savedstate-1.2.1\jars\classes.jar;C:\Users\colbykids\.gradle\caches\8.9\transforms\b3adf670adf29e3f4847b453f3e187d5\transformed\appcompat-resources-1.7.0\res;C:\Users\colbykids\.gradle\caches\8.9\transforms\b3adf670adf29e3f4847b453f3e187d5\transformed\appcompat-resources-1.7.0\jars\classes.jar;C:\Users\colbykids\.gradle\caches\8.9\transforms\b3adf670adf29e3f4847b453f3e187d5\transformed\appcompat-resources-1.7.0\AndroidManifest.xml;C:\Users\colbykids\.gradle\caches\8.9\transforms\8632a97798a2ea1f4cd4a66b14f7cfc4\transformed\vectordrawable-1.1.0\jars\classes.jar;C:\Users\colbykids\.gradle\caches\8.9\transforms\8632a97798a2ea1f4cd4a66b14f7cfc4\transformed\vectordrawable-1.1.0\AndroidManifest.xml;C:\Users\colbykids\.gradle\caches\8.9\transforms\2cf8dd60e57bad7e988f1dfdcd3ed772\transformed\vectordrawable-animated-1.1.0\jars\classes.jar;C:\Users\colbykids\.gradle\caches\8.9\transforms\2cf8dd60e57bad7e988f1dfdcd3ed772\transformed\vectordrawable-animated-1.1.0\AndroidManifest.xml;C:\Users\colbykids\.gradle\caches\8.9\transforms\cc48503f716dfc745c7f0be4ce064baf\transformed\interpolator-1.0.0\AndroidManifest.xml;C:\Users\colbykids\.gradle\caches\8.9\transforms\cc48503f716dfc745c7f0be4ce064baf\transformed\interpolator-1.0.0\jars\classes.jar;C:\Users\colbykids\.gradle\caches\8.9\transforms\ccfc8ea5283021b24a21d84541603835\transformed\cursoradapter-1.0.0\jars\classes.jar;C:\Users\colbykids\.gradle\caches\8.9\transforms\ccfc8ea5283021b24a21d84541603835\transformed\cursoradapter-1.0.0\AndroidManifest.xml;C:\Users\colbykids\.gradle\caches\8.9\transforms\9a22d748a065e9ca363083e6a7a6ed78\transformed\drawerlayout-1.1.1\jars\classes.jar;C:\Users\colbykids\.gradle\caches\8.9\transforms\9a22d748a065e9ca363083e6a7a6ed78\transformed\drawerlayout-1.1.1\res;C:\Users\colbykids\.gradle\caches\8.9\transforms\9a22d748a065e9ca363083e6a7a6ed78\transformed\drawerlayout-1.1.1\AndroidManifest.xml;C:\Users\colbykids\.gradle\caches\8.9\transforms\662813ab57a911f930e1866d6588aadb\transformed\customview-1.1.0\jars\classes.jar;C:\Users\colbykids\.gradle\caches\8.9\transforms\662813ab57a911f930e1866d6588aadb\transformed\customview-1.1.0\AndroidManifest.xml;C:\Users\colbykids\.gradle\caches\8.9\transforms\9b1174063100de3658a0419c11efd618\transformed\fragment-1.5.4\res;C:\Users\colbykids\.gradle\caches\8.9\transforms\9b1174063100de3658a0419c11efd618\transformed\fragment-1.5.4\AndroidManifest.xml;C:\Users\colbykids\.gradle\caches\8.9\transforms\9b1174063100de3658a0419c11efd618\transformed\fragment-1.5.4\jars\classes.jar;C:\Users\colbykids\.gradle\caches\8.9\transforms\19cb8b6bc7447cc96b61f20dfdebf12d\transformed\loader-1.0.0\AndroidManifest.xml;C:\Users\colbykids\.gradle\caches\8.9\transforms\19cb8b6bc7447cc96b61f20dfdebf12d\transformed\loader-1.0.0\jars\classes.jar;C:\Users\colbykids\.gradle\caches\8.9\transforms\c0fca02a4f5d08d1c0555c01de596af3\transformed\lifecycle-livedata-2.6.2\res;C:\Users\colbykids\.gradle\caches\8.9\transforms\c0fca02a4f5d08d1c0555c01de596af3\transformed\lifecycle-livedata-2.6.2\AndroidManifest.xml;C:\Users\colbykids\.gradle\caches\8.9\transforms\c0fca02a4f5d08d1c0555c01de596af3\transformed\lifecycle-livedata-2.6.2\jars\classes.jar;C:\Users\colbykids\.gradle\caches\8.9\transforms\4bf157bdfdf8bc531cbfd974a5359aaf\transformed\core-runtime-2.2.0\jars\classes.jar;C:\Users\colbykids\.gradle\caches\8.9\transforms\4bf157bdfdf8bc531cbfd974a5359aaf\transformed\core-runtime-2.2.0\res;C:\Users\colbykids\.gradle\caches\8.9\transforms\4bf157bdfdf8bc531cbfd974a5359aaf\transformed\core-runtime-2.2.0\AndroidManifest.xml;C:\Users\colbykids\.gradle\caches\8.9\transforms\1bcaa2ede5ab6e4954659745cf72ec3e\transformed\viewpager-1.0.0\AndroidManifest.xml;C:\Users\colbykids\.gradle\caches\8.9\transforms\1bcaa2ede5ab6e4954659745cf72ec3e\transformed\viewpager-1.0.0\jars\classes.jar;C:\Users\colbykids\.gradle\caches\8.9\transforms\cca29247e5a6b55eaa6dff872922be0d\transformed\material-1.12.0\res;C:\Users\colbykids\.gradle\caches\8.9\transforms\cca29247e5a6b55eaa6dff872922be0d\transformed\material-1.12.0\AndroidManifest.xml;C:\Users\colbykids\.gradle\caches\8.9\transforms\cca29247e5a6b55eaa6dff872922be0d\transformed\material-1.12.0\jars\classes.jar;C:\Users\colbykids\.gradle\caches\8.9\transforms\4e57512d6d72e239863885c25450f9d8\transformed\cardview-1.0.0\jars\classes.jar;C:\Users\colbykids\.gradle\caches\8.9\transforms\4e57512d6d72e239863885c25450f9d8\transformed\cardview-1.0.0\AndroidManifest.xml;C:\Users\colbykids\.gradle\caches\8.9\transforms\4e57512d6d72e239863885c25450f9d8\transformed\cardview-1.0.0\res;C:\Users\colbykids\.gradle\caches\8.9\transforms\f1b08338f5c92069d7338dcc0e991b75\transformed\coordinatorlayout-1.1.0\jars\classes.jar;C:\Users\colbykids\.gradle\caches\8.9\transforms\f1b08338f5c92069d7338dcc0e991b75\transformed\coordinatorlayout-1.1.0\AndroidManifest.xml;C:\Users\colbykids\.gradle\caches\8.9\transforms\f1b08338f5c92069d7338dcc0e991b75\transformed\coordinatorlayout-1.1.0\res;C:\Users\colbykids\.gradle\caches\8.9\transforms\a05861292fbb5027f82a3c5c6752e7f6\transformed\constraintlayout-2.0.1\AndroidManifest.xml;C:\Users\colbykids\.gradle\caches\8.9\transforms\a05861292fbb5027f82a3c5c6752e7f6\transformed\constraintlayout-2.0.1\jars\classes.jar;C:\Users\colbykids\.gradle\caches\8.9\transforms\a05861292fbb5027f82a3c5c6752e7f6\transformed\constraintlayout-2.0.1\res;C:\Users\colbykids\.gradle\caches\8.9\transforms\aa78789e7578ca98167b9414149fcc88\transformed\dynamicanimation-1.0.0\jars\classes.jar;C:\Users\colbykids\.gradle\caches\8.9\transforms\aa78789e7578ca98167b9414149fcc88\transformed\dynamicanimation-1.0.0\AndroidManifest.xml;C:\Users\colbykids\.gradle\caches\8.9\transforms\8d8d1cbf8c89f4917dfeabbc329fe734\transformed\legacy-support-core-utils-1.0.0\jars\classes.jar;C:\Users\colbykids\.gradle\caches\8.9\transforms\8d8d1cbf8c89f4917dfeabbc329fe734\transformed\legacy-support-core-utils-1.0.0\AndroidManifest.xml;C:\Users\colbykids\.gradle\caches\8.9\transforms\852b159b342ffb5f9e175ad41830cdc8\transformed\documentfile-1.0.0\jars\classes.jar;C:\Users\colbykids\.gradle\caches\8.9\transforms\852b159b342ffb5f9e175ad41830cdc8\transformed\documentfile-1.0.0\AndroidManifest.xml;C:\Users\colbykids\.gradle\caches\8.9\transforms\7916f4232e0b320af68b7fa820a6e606\transformed\localbroadcastmanager-1.0.0\AndroidManifest.xml;C:\Users\colbykids\.gradle\caches\8.9\transforms\7916f4232e0b320af68b7fa820a6e606\transformed\localbroadcastmanager-1.0.0\jars\classes.jar;C:\Users\colbykids\.gradle\caches\8.9\transforms\a86439336260d0ee7ac25717caa3613b\transformed\print-1.0.0\AndroidManifest.xml;C:\Users\colbykids\.gradle\caches\8.9\transforms\a86439336260d0ee7ac25717caa3613b\transformed\print-1.0.0\jars\classes.jar;C:\Users\colbykids\.gradle\caches\8.9\transforms\4f74beb9f98bd6f74b7869a6918d7440\transformed\recyclerview-1.1.0\jars\classes.jar;C:\Users\colbykids\.gradle\caches\8.9\transforms\4f74beb9f98bd6f74b7869a6918d7440\transformed\recyclerview-1.1.0\AndroidManifest.xml;C:\Users\colbykids\.gradle\caches\8.9\transforms\4f74beb9f98bd6f74b7869a6918d7440\transformed\recyclerview-1.1.0\res;C:\Users\colbykids\.gradle\caches\8.9\transforms\bfe5d56a0b151afab481f2cc1ddc3007\transformed\transition-1.5.0\jars\classes.jar;C:\Users\colbykids\.gradle\caches\8.9\transforms\bfe5d56a0b151afab481f2cc1ddc3007\transformed\transition-1.5.0\AndroidManifest.xml;C:\Users\colbykids\.gradle\caches\8.9\transforms\bfe5d56a0b151afab481f2cc1ddc3007\transformed\transition-1.5.0\res;C:\Users\colbykids\.gradle\caches\8.9\transforms\44e405b99747bcdc48c35194a041a4d9\transformed\viewpager2-1.0.0\res;C:\Users\colbykids\.gradle\caches\8.9\transforms\44e405b99747bcdc48c35194a041a4d9\transformed\viewpager2-1.0.0\jars\classes.jar;C:\Users\colbykids\.gradle\caches\8.9\transforms\44e405b99747bcdc48c35194a041a4d9\transformed\viewpager2-1.0.0\AndroidManifest.xml;C:\Users\colbykids\.gradle\caches\modules-2\files-2.1\org.jetbrains.kotlin\kotlin-stdlib\1.9.24\9928532f12c66ad816a625b3f9984f8368ca6d2b\kotlin-stdlib-1.9.24.jar;C:\Users\colbykids\.gradle\caches\modules-2\files-2.1\org.jetbrains\annotations\13.0\919f0dfe192fb4e063e7dacadee7f8bb9a2672a9\annotations-13.0.jar;C:\Users\colbykids\.gradle\caches\modules-2\files-2.1\androidx.annotation\annotation-jvm\1.8.1\b8a16fe526014b7941c1debaccaf9c5153692dbb\annotation-jvm-1.8.1.jar;C:\Users\colbykids\.gradle\caches\modules-2\files-2.1\androidx.arch.core\core-common\2.2.0\5e1b8b81dfd5f52c56a8d53b18ca759c19a301f3\core-common-2.2.0.jar;C:\Users\colbykids\.gradle\caches\modules-2\files-2.1\androidx.lifecycle\lifecycle-common\2.6.2\10f354fdb64868baecd67128560c5a0d6312c495\lifecycle-common-2.6.2.jar;C:\Users\colbykids\.gradle\caches\modules-2\files-2.1\org.jetbrains.kotlinx\kotlinx-coroutines-android\1.6.4\f955fc8b2ad196e2f4429598440e15f7492eeb2b\kotlinx-coroutines-android-1.6.4.jar;C:\Users\colbykids\.gradle\caches\modules-2\files-2.1\org.jetbrains.kotlinx\kotlinx-coroutines-core-jvm\1.6.4\2c997cd1c0ef33f3e751d3831929aeff1390cb30\kotlinx-coroutines-core-jvm-1.6.4.jar;C:\Users\colbykids\.gradle\caches\modules-2\files-2.1\org.jetbrains.kotlin\kotlin-stdlib-jdk8\1.8.22\b25c86d47d6b962b9cf0f8c3f320c8a10eea3dd1\kotlin-stdlib-jdk8-1.8.22.jar;C:\Users\colbykids\.gradle\caches\modules-2\files-2.1\org.jetbrains.kotlin\kotlin-stdlib-jdk7\1.8.22\4dabb8248310d833bb6a8b516024a91fd3d275c\kotlin-stdlib-jdk7-1.8.22.jar;C:\Users\colbykids\.gradle\caches\modules-2\files-2.1\androidx.collection\collection-jvm\1.4.2\bc60b5568a66d765a9fe8e266fd0c6c727e0b50b\collection-jvm-1.4.2.jar;C:\Users\colbykids\.gradle\caches\modules-2\files-2.1\androidx.constraintlayout\constraintlayout-solver\2.0.1\30988fe2d77f3fe3bf7551bb8a8b795fad7e7226\constraintlayout-solver-2.0.1.jar;C:\Users\colbykids\.gradle\caches\modules-2\files-2.1\androidx.resourceinspection\resourceinspection-annotation\1.0.1\8c21f8ff5d96d5d52c948707f7e4d6ca6773feef\resourceinspection-annotation-1.0.1.jar
Launcher Type: SUN_STANDARD

[Global flags]
     intx CICompilerCount                          = 12                                        {product} {ergonomic}
     uint ConcGCThreads                            = 3                                         {product} {ergonomic}
     uint G1ConcRefinementThreads                  = 13                                        {product} {ergonomic}
   size_t G1HeapRegionSize                         = 4194304                                   {product} {ergonomic}
    uintx GCDrainStackTargetSize                   = 64                                        {product} {ergonomic}
   size_t InitialHeapSize                          = 536870912                                 {product} {ergonomic}
   size_t MarkStackSize                            = 4194304                                   {product} {ergonomic}
   size_t MaxHeapSize                              = 8564768768                                {product} {ergonomic}
   size_t MaxNewSize                               = 5138022400                                {product} {ergonomic}
   size_t MinHeapDeltaBytes                        = 4194304                                   {product} {ergonomic}
   size_t MinHeapSize                              = 8388608                                   {product} {ergonomic}
    uintx NonNMethodCodeHeapSize                   = 7602480                                {pd product} {ergonomic}
    uintx NonProfiledCodeHeapSize                  = 122027880                              {pd product} {ergonomic}
    uintx ProfiledCodeHeapSize                     = 122027880                              {pd product} {ergonomic}
    uintx ReservedCodeCacheSize                    = 251658240                              {pd product} {ergonomic}
     bool SegmentedCodeCache                       = true                                      {product} {ergonomic}
   size_t SoftMaxHeapSize                          = 8564768768                             {manageable} {ergonomic}
     bool UseCompressedOops                        = true                           {product lp64_product} {ergonomic}
     bool UseG1GC                                  = true                                      {product} {ergonomic}
     bool UseLargePagesIndividualAllocation        = false                                  {pd product} {ergonomic}

Logging:
Log output configuration:
 #0: stdout all=warning uptime,level,tags foldmultilines=false
 #1: stderr all=off uptime,level,tags foldmultilines=false

Environment Variables:
JAVA_HOME=C:\Users\colbykids\AppData\Local\Programs\Eclipse Adoptium\jdk-17.0.8.101-hotspot\
PATH=C:\Program Files (x86)\Common Files\Oracle\Java\javapath;C:\Windows\system32;C:\Windows;C:\Windows\System32\Wbem;C:\Windows\System32\WindowsPowerShell\v1.0\;C:\Windows\System32\OpenSSH\;C:\Program Files (x86)\IVI Foundation\VISA\WinNT\Bin;C:\Program Files\Git LFS;C:\Program Files (x86)\NVIDIA Corporation\PhysX\Common;C:\Program Files\NVIDIA Corporation\NVIDIA NvDLISR;C:\Program Files\spwn\;C:\Program Files\dotnet\;C:\Program Files\nodejs\;C:\Program Files\Git\cmd;C:\Program Files\CMake\bin;C:\Program Files\komorebi\bin\;C:\Program Files\whkd\bin\;C:\opencv\build\x64\vc16\bin;C:\opencv\build\x64\vc16\lib;C:\Program Files\Neovim\bin;C:\Users\colbykids\AppData\Local\Programs\Python\Python312\Scripts\;C:\Users\colbykids\AppData\Local\Programs\Python\Python312\;C:\Users\colbykids\AppData\Local\Programs\Python\Launcher\;C:\Users\colbykids\AppData\Local\Programs\Eclipse Adoptium\jdk-17.0.8.101-hotspot\bin;C:\Users\colbykids\AppData\Local\Microsoft\WindowsApps;C:\Users\colbykids\AppData\Local\GitHubDesktop\bin;C:\Users\colbykids\AppData\Local\Programs\Microsoft VS Code\bin;C:\Users\colbykids\.dotnet\tools;C:\Program Files\Neovim\bin;C:\raylib\w64devkit\bin;C:\Users\colbykids\AppData\Roaming\npm
USERNAME=colbykids
OS=Windows_NT
PROCESSOR_IDENTIFIER=Intel64 Family 6 Model 165 Stepping 5, GenuineIntel
TMP=C:\Users\COLBYK~1\AppData\Local\Temp
TEMP=C:\Users\COLBYK~1\AppData\Local\Temp




Periodic native trim disabled

JNI global refs:
JNI global refs: 23, weak refs: 0

JNI global refs memory usage: 835, weak refs: 201

Process memory usage:
Resident Set Size: 52272K (0% of 33442968K total physical memory with 5729608K free physical memory)

OOME stack traces (most recent first):
Classloader memory used:
Loader bootstrap                                                                       : 7645K
Loader jdk.internal.loader.ClassLoaders$AppClassLoader                                 : 102K

---------------  S Y S T E M  ---------------

OS:
 Windows 10 , 64 bit Build 19041 (10.0.19041.5198)
OS uptime: 12 days 21:40 hours

CPU: total 16 (initial active 16) (8 cores per cpu, 2 threads per core) family 6 model 165 stepping 5 microcode 0xc8, cx8, cmov, fxsr, ht, mmx, 3dnowpref, sse, sse2, sse3, ssse3, sse4.1, sse4.2, popcnt, lzcnt, tsc, tscinvbit, avx, avx2, aes, erms, clmul, bmi1, bmi2, adx, fma, vzeroupper, clflush, clflushopt, rdtscp, f16c, pku
Processor Information for all 16 processors :
  Max Mhz: 3792, Current Mhz: 3792, Mhz Limit: 3792

Memory: 4k page, system-wide physical 32659M (5595M free)
TotalPageFile size 60307M (AvailPageFile size 22109M)
current process WorkingSet (physical memory assigned to process): 51M, peak: 51M
current process commit charge ("private bytes"): 617M, peak: 617M

vm_info: OpenJDK 64-Bit Server VM (21.0.3+-12282718-b509.11) for windows-amd64 JRE (21.0.3+-12282718-b509.11), built on 2024-08-27T17:34:15Z by "builder" with MS VC++ 16.10 / 16.11 (VS2019)

END.
