#
# A fatal error has been detected by the Java Runtime Environment:
#
#  EXCEPTION_ACCESS_VIOLATION (0xc0000005) at pc=0x00007ff99ef4675a, pid=18624, tid=9920
#
# JRE version: OpenJDK Runtime Environment (21.0.3) (build 21.0.3+-12282718-b509.11)
# Java VM: OpenJDK 64-Bit Server VM (21.0.3+-12282718-b509.11, mixed mode, tiered, compressed oops, compressed class ptrs, g1 gc, windows-amd64)
# Problematic frame:
# V  [jvm.dll+0x43675a]
#
# No core dump will be written. Minidumps are not enabled by default on client versions of Windows
#
# If you would like to submit a bug report, please visit:
#   https://youtrack.jetbrains.com/issues/JBR
#

---------------  S U M M A R Y ------------

Command Line: -javaagent:C:\Program Files\Android\Android Studio\lib\idea_rt.jar=52835:C:\Program Files\Android\Android Studio\bin -Dfile.encoding=UTF-8 com.minerkid08.dynamicopmodeloader.MainKt

Host: Intel(R) Core(TM) i7-10700K CPU @ 3.80GHz, 16 cores, 31G,  Windows 10 , 64 bit Build 19041 (10.0.19041.5198)
Time: Fri Jan 17 21:09:29 2025 Eastern Standard Time elapsed time: 0.215710 seconds (0d 0h 0m 0s)

---------------  T H R E A D  ---------------

Current thread (0x0000021b88c76d00):  JavaThread "main"             [_thread_in_vm, id=9920, stack(0x000000e359600000,0x000000e359700000) (1024K)]

Stack: [0x000000e359600000,0x000000e359700000],  sp=0x000000e3596ff200,  free space=1020k
Native frames: (J=compiled Java code, j=interpreted, Vv=VM code, C=native code)
V  [jvm.dll+0x43675a]
C  [dynamicopmodeloader.dll+0x19dd]

Java frames: (J=compiled Java code, j=interpreted, Vv=VM code)
j  com.minerkid08.dynamicopmodeloader.FunctionBuilder.addFunctionc(Ljava/lang/Class;Ljava/lang/String;Ljava/lang/String;II)V+0
j  com.minerkid08.dynamicopmodeloader.FunctionBuilder.classAddFun(Ljava/lang/Class;Ljava/lang/String;Lcom/minerkid08/dynamicopmodeloader/LuaType;Ljava/util/List;)V+56
j  com.minerkid08.dynamicopmodeloader.FunctionBuilder.classAddFun$default(Lcom/minerkid08/dynamicopmodeloader/FunctionBuilder;Ljava/lang/Class;Ljava/lang/String;Lcom/minerkid08/dynamicopmodeloader/LuaType;Ljava/util/List;ILjava/lang/Object;)V+28
j  com.minerkid08.dynamicopmodeloader.MainKt.main()V+47
j  com.minerkid08.dynamicopmodeloader.MainKt.main([Ljava/lang/String;)V+0
v  ~StubRoutines::call_stub 0x0000021b9320100d

siginfo: EXCEPTION_ACCESS_VIOLATION (0xc0000005), reading address 0x0000000000000000


Registers:
RAX=0x0000000000000000, RBX=0x0000021b88c76d00, RCX=0x000000e3596ff278, RDX=0x0000000000000000
RSP=0x000000e3596ff200, RBP=0x000000e3596ff2f8, RSI=0x000000e3596ff468, RDI=0x0000021b88c770b8
R8 =0x0000000000000000, R9 =0x0000021b86b74910, R10=0x0000000000000035, R11=0x000000e3596ff1f8
R12=0x0000000000000000, R13=0x0000021ba970adb8, R14=0x000000e3596ff470, R15=0x0000021b88c76d00
RIP=0x00007ff99ef4675a, EFLAGS=0x0000000000010206


Register to memory mapping:

RAX=0x0 is null
RBX=0x0000021b88c76d00 is a thread
RCX=0x000000e3596ff278 is pointing into the stack for thread: 0x0000021b88c76d00
RDX=0x0 is null
RSP=0x000000e3596ff200 is pointing into the stack for thread: 0x0000021b88c76d00
RBP=0x000000e3596ff2f8 is pointing into the stack for thread: 0x0000021b88c76d00
RSI=0x000000e3596ff468 is pointing into the stack for thread: 0x0000021b88c76d00
RDI=0x0000021b88c770b8 points into unknown readable memory: 0x00007ff99f6384f0 | f0 84 63 9f f9 7f 00 00
R8 =0x0 is null
R9 =0x0000021b86b74910 points into unknown readable memory: 0x0000021b86b74902 | 02 49 b7 86 1b 02 00 00
R10=0x0000000000000035 is an unknown value
R11=0x000000e3596ff1f8 is pointing into the stack for thread: 0x0000021b88c76d00
R12=0x0 is null
R13=0x0000021ba970adb8 is pointing into metadata
R14=0x000000e3596ff470 is pointing into the stack for thread: 0x0000021b88c76d00
R15=0x0000021b88c76d00 is a thread

Top of Stack: (sp=0x000000e3596ff200)
0x000000e3596ff200:   0000021b88c76d00 00007ff99f1ccce1
0x000000e3596ff210:   00009b6f9048c195 00007ff99f1ae550
0x000000e3596ff220:   0000021b88c76d00 000000e3596ff468
0x000000e3596ff230:   00009b6f9048c1b5 0000000000000000
0x000000e3596ff240:   000000e3596ff2f8 000000e30000000c
0x000000e3596ff250:   0000021ba970adb8 0000021b88c76d00
0x000000e3596ff260:   0000021b86b83660 00007ff900000466
0x000000e3596ff270:   00007ff99f488c88 00007ff99ef45dfa
0x000000e3596ff280:   00007ff9d72b6035 00007ffa14929d40
0x000000e3596ff290:   0000000000000000 0000000000000000
0x000000e3596ff2a0:   000000e300000000 0000021b88c76d00
0x000000e3596ff2b0:   0000021b88c76d00 000000062139f470
0x000000e3596ff2c0:   00000000000076a4 000000e3596ff310
0x000000e3596ff2d0:   0000021ba970adc0 00007ff9d72719dd
0x000000e3596ff2e0:   0000021ba970adc0 000000e3596ff310
0x000000e3596ff2f0:   0000000000000000 00007ff99ef46690
0x000000e3596ff300:   0000021b86e1d080 0000000000000000
0x000000e3596ff310:   000000e3596ff380 00007ff9d7271e6f
0x000000e3596ff320:   000000e3596ff468 000000e3596ff468
0x000000e3596ff330:   0000021ba8a8cd60 0000021ba8a8cf20
0x000000e3596ff340:   0000021b00000000 0000021b00000000
0x000000e3596ff350:   000000062139f470 0000021b9320ccbc
0x000000e3596ff360:   0000021b86e1d08c 0000000000000000
0x000000e3596ff370:   0000021ba8a8cf20 0000021ba8a8cd60
0x000000e3596ff380:   000000e3596ff428 0000021b9320ce4b
0x000000e3596ff390:   0000021b88c770b8 000000e3596ff470
0x000000e3596ff3a0:   000000e3596ff468 000000e3596ff460
0x000000e3596ff3b0:   000000e3596ff458 0000000000000000
0x000000e3596ff3c0:   0000000600000000 0000021b9320bc30
0x000000e3596ff3d0:   0000021ba970c360 0000021b9320cadf
0x000000e3596ff3e0:   000000e3596ff3e0 0000021ba970adb8
0x000000e3596ff3f0:   0000000000000009 0000021ba970b3a8 

Instructions: (pc=0x00007ff99ef4675a)
0x00007ff99ef4665a:   8b 98 03 00 00 e8 4c b4 ed ff 90 0f b7 c6 c7 83
0x00007ff99ef4666a:   4c 04 00 00 04 00 00 00 48 81 c4 b8 00 00 00 41
0x00007ff99ef4667a:   5f 41 5e 5f 5e 5d 5b c3 cc cc cc cc cc cc cc cc
0x00007ff99ef4668a:   cc cc cc cc cc cc 4c 89 44 24 18 4c 89 4c 24 20
0x00007ff99ef4669a:   53 55 56 57 41 57 48 81 ec b0 00 00 00 8b 81 b8
0x00007ff99ef466aa:   00 00 00 48 8d 99 48 fc ff ff 05 53 21 ff ff 48
0x00007ff99ef466ba:   8b f2 48 8b f9 83 f8 01 77 08 48 8b cb e8 74 2d
0x00007ff99ef466ca:   fb ff 80 3d cd 2e 75 00 00 c7 83 4c 04 00 00 06
0x00007ff99ef466da:   00 00 00 75 06 e8 ec 51 28 00 90 48 8b 83 50 04
0x00007ff99ef466ea:   00 00 a8 01 74 0d 45 33 c0 b2 01 48 8b cb e8 13
0x00007ff99ef466fa:   63 2f 00 8b 83 48 04 00 00 a8 0c 74 08 48 8b cb
0x00007ff99ef4670a:   e8 71 42 fb ff c7 83 4c 04 00 00 06 00 00 00 48
0x00007ff99ef4671a:   83 7b 08 00 48 89 5c 24 58 48 c7 44 24 60 00 00
0x00007ff99ef4672a:   00 00 74 0a 48 8d 4c 24 58 e8 68 1b 2c 00 48 8b
0x00007ff99ef4673a:   94 24 f0 00 00 00 48 8d ac 24 f8 00 00 00 c7 44
0x00007ff99ef4674a:   24 48 0c 00 00 00 48 8d 4c 24 78 48 89 6c 24 40
0x00007ff99ef4675a:   48 8b 12 e8 3e 57 01 00 48 8d 44 24 78 48 89 5c
0x00007ff99ef4676a:   24 30 48 89 44 24 28 4c 8d 3d 98 25 54 00 48 8b
0x00007ff99ef4677a:   84 24 f0 00 00 00 48 8d 54 24 48 41 b9 01 00 00
0x00007ff99ef4678a:   00 48 89 44 24 20 4c 8b c6 4c 89 7c 24 78 48 8b
0x00007ff99ef4679a:   cf 48 89 ac 24 a0 00 00 00 e8 68 64 01 00 48 83
0x00007ff99ef467aa:   7b 08 00 74 04 33 f6 eb 0e 48 8b 74 24 50 48 c7
0x00007ff99ef467ba:   44 24 40 00 00 00 00 48 83 7c 24 60 00 4c 89 7c
0x00007ff99ef467ca:   24 78 48 c7 84 24 a0 00 00 00 00 00 00 00 74 0a
0x00007ff99ef467da:   48 8d 4c 24 58 e8 3c 1b 2c 00 48 8b bb 98 01 00
0x00007ff99ef467ea:   00 48 8b 47 10 48 83 38 00 74 0c 48 8b cf e8 23
0x00007ff99ef467fa:   48 f6 ff 48 8b 47 10 48 8b 4f 08 48 89 41 10 48
0x00007ff99ef4680a:   8b 57 08 48 8b 4f 18 48 89 4a 18 48 8b 4f 20 48
0x00007ff99ef4681a:   8b 57 08 48 89 4a 20 48 8d 8b 98 03 00 00 e8 83
0x00007ff99ef4682a:   b2 ed ff 90 48 8b c6 c7 83 4c 04 00 00 04 00 00
0x00007ff99ef4683a:   00 48 81 c4 b0 00 00 00 41 5f 5f 5e 5d 5b c3 cc
0x00007ff99ef4684a:   cc cc cc cc cc cc 4c 89 44 24 18 4c 89 4c 24 20 


Stack slot to memory mapping:

stack at sp + 0 slots: 0x0000021b88c76d00 is a thread
stack at sp + 1 slots: 0x00007ff99f1ccce1 jvm.dll
stack at sp + 2 slots: 0x00009b6f9048c195 is an unknown value
stack at sp + 3 slots: 0x00007ff99f1ae550 jvm.dll
stack at sp + 4 slots: 0x0000021b88c76d00 is a thread
stack at sp + 5 slots: 0x000000e3596ff468 is pointing into the stack for thread: 0x0000021b88c76d00
stack at sp + 6 slots: 0x00009b6f9048c1b5 is an unknown value
stack at sp + 7 slots: 0x0 is null


---------------  P R O C E S S  ---------------

Threads class SMR info:
_java_thread_list=0x0000021bad155a90, length=14, elements={
0x0000021b88c76d00, 0x0000021ba88a1830, 0x0000021ba88a2750, 0x0000021ba88ad0c0,
0x0000021ba888bb80, 0x0000021ba888c1f0, 0x0000021ba888cc50, 0x0000021ba88abe20,
0x0000021ba88c2340, 0x0000021ba8996bb0, 0x0000021ba88c0ed0, 0x0000021ba88c0800,
0x0000021ba8995800, 0x0000021ba8995170
}

Java Threads: ( => current thread )
=>0x0000021b88c76d00 JavaThread "main"                              [_thread_in_vm, id=9920, stack(0x000000e359600000,0x000000e359700000) (1024K)]
  0x0000021ba88a1830 JavaThread "Reference Handler"          daemon [_thread_blocked, id=28224, stack(0x000000e359e00000,0x000000e359f00000) (1024K)]
  0x0000021ba88a2750 JavaThread "Finalizer"                  daemon [_thread_blocked, id=3748, stack(0x000000e359f00000,0x000000e35a000000) (1024K)]
  0x0000021ba88ad0c0 JavaThread "Signal Dispatcher"          daemon [_thread_blocked, id=28520, stack(0x000000e35a000000,0x000000e35a100000) (1024K)]
  0x0000021ba888bb80 JavaThread "Attach Listener"            daemon [_thread_blocked, id=9092, stack(0x000000e35a100000,0x000000e35a200000) (1024K)]
  0x0000021ba888c1f0 JavaThread "Service Thread"             daemon [_thread_blocked, id=24284, stack(0x000000e35a200000,0x000000e35a300000) (1024K)]
  0x0000021ba888cc50 JavaThread "Monitor Deflation Thread"   daemon [_thread_blocked, id=23812, stack(0x000000e35a300000,0x000000e35a400000) (1024K)]
  0x0000021ba88abe20 JavaThread "C2 CompilerThread0"         daemon [_thread_blocked, id=24480, stack(0x000000e35a400000,0x000000e35a500000) (1024K)]
  0x0000021ba88c2340 JavaThread "C1 CompilerThread0"         daemon [_thread_blocked, id=19112, stack(0x000000e35a500000,0x000000e35a600000) (1024K)]
  0x0000021ba8996bb0 JavaThread "Common-Cleaner"             daemon [_thread_blocked, id=26076, stack(0x000000e35a600000,0x000000e35a700000) (1024K)]
  0x0000021ba88c0ed0 JavaThread "C1 CompilerThread1"         daemon [_thread_blocked, id=24352, stack(0x000000e35a700000,0x000000e35a800000) (1024K)]
  0x0000021ba88c0800 JavaThread "C2 CompilerThread1"         daemon [_thread_blocked, id=26072, stack(0x000000e35a800000,0x000000e35a900000) (1024K)]
  0x0000021ba8995800 JavaThread "Monitor Ctrl-Break"         daemon [_thread_in_native, id=2092, stack(0x000000e35a900000,0x000000e35aa00000) (1024K)]
  0x0000021ba8995170 JavaThread "Notification Thread"        daemon [_thread_blocked, id=28424, stack(0x000000e35aa00000,0x000000e35ab00000) (1024K)]
Total: 14

Other Threads:
  0x0000021ba87fd470 VMThread "VM Thread"                           [id=25592, stack(0x000000e359d00000,0x000000e359e00000) (1024K)]
  0x0000021ba58a68f0 WatcherThread "VM Periodic Task Thread"        [id=23740, stack(0x000000e359c00000,0x000000e359d00000) (1024K)]
  0x0000021b88cdc8b0 WorkerThread "GC Thread#0"                     [id=17768, stack(0x000000e359700000,0x000000e359800000) (1024K)]
  0x0000021b88cee060 ConcurrentGCThread "G1 Main Marker"            [id=12812, stack(0x000000e359800000,0x000000e359900000) (1024K)]
  0x0000021b88cef300 WorkerThread "G1 Conc#0"                       [id=28320, stack(0x000000e359900000,0x000000e359a00000) (1024K)]
  0x0000021ba5766570 ConcurrentGCThread "G1 Refine#0"               [id=23120, stack(0x000000e359a00000,0x000000e359b00000) (1024K)]
  0x0000021ba57670e0 ConcurrentGCThread "G1 Service"                [id=19332, stack(0x000000e359b00000,0x000000e359c00000) (1024K)]
Total: 7

Threads with active compile tasks:
Total: 0

VM state: not at safepoint (normal execution)

VM Mutex/Monitor currently owned by a thread: None

Heap address: 0x0000000601800000, size: 8168 MB, Compressed Oops mode: Zero based, Oop shift amount: 3

CDS archive(s) not mapped
Compressed class space mapped at: 0x0000000800000000-0x0000000840000000, reserved size: 1073741824
Narrow klass base: 0x0000000800000000, Narrow klass shift: 0, Narrow klass range: 0x40000000

GC Precious Log:
 CardTable entry size: 512
 Card Set container configuration: InlinePtr #cards 4 size 8 Array Of Cards #cards 32 size 80 Howl #buckets 8 coarsen threshold 7372 Howl Bitmap #cards 1024 size 144 coarsen threshold 921 Card regions per heap region 1 cards per card region 8192
 CPUs: 16 total, 16 available
 Memory: 32659M
 Large Page Support: Disabled
 NUMA Support: Disabled
 Compressed Oops: Enabled (Zero based)
 Heap Region Size: 4M
 Heap Min Capacity: 8M
 Heap Initial Capacity: 512M
 Heap Max Capacity: 8168M
 Pre-touch: Disabled
 Parallel Workers: 13
 Concurrent Workers: 3
 Concurrent Refinement Workers: 13
 Periodic GC: Disabled

Heap:
 garbage-first heap   total 524288K, used 0K [0x0000000601800000, 0x0000000800000000)
  region size 4096K, 2 young (8192K), 0 survivors (0K)
 Metaspace       used 7743K, committed 7872K, reserved 1114112K
  class space    used 689K, committed 768K, reserved 1048576K

Heap Regions: E=young(eden), S=young(survivor), O=old, HS=humongous(starts), HC=humongous(continues), CS=collection set, F=free, TAMS=top-at-mark-start, PB=parsable bottom
|   0|0x0000000601800000, 0x0000000601800000, 0x0000000601c00000|  0%| F|  |TAMS 0x0000000601800000| PB 0x0000000601800000| Untracked 
|   1|0x0000000601c00000, 0x0000000601c00000, 0x0000000602000000|  0%| F|  |TAMS 0x0000000601c00000| PB 0x0000000601c00000| Untracked 
|   2|0x0000000602000000, 0x0000000602000000, 0x0000000602400000|  0%| F|  |TAMS 0x0000000602000000| PB 0x0000000602000000| Untracked 
|   3|0x0000000602400000, 0x0000000602400000, 0x0000000602800000|  0%| F|  |TAMS 0x0000000602400000| PB 0x0000000602400000| Untracked 
|   4|0x0000000602800000, 0x0000000602800000, 0x0000000602c00000|  0%| F|  |TAMS 0x0000000602800000| PB 0x0000000602800000| Untracked 
|   5|0x0000000602c00000, 0x0000000602c00000, 0x0000000603000000|  0%| F|  |TAMS 0x0000000602c00000| PB 0x0000000602c00000| Untracked 
|   6|0x0000000603000000, 0x0000000603000000, 0x0000000603400000|  0%| F|  |TAMS 0x0000000603000000| PB 0x0000000603000000| Untracked 
|   7|0x0000000603400000, 0x0000000603400000, 0x0000000603800000|  0%| F|  |TAMS 0x0000000603400000| PB 0x0000000603400000| Untracked 
|   8|0x0000000603800000, 0x0000000603800000, 0x0000000603c00000|  0%| F|  |TAMS 0x0000000603800000| PB 0x0000000603800000| Untracked 
|   9|0x0000000603c00000, 0x0000000603c00000, 0x0000000604000000|  0%| F|  |TAMS 0x0000000603c00000| PB 0x0000000603c00000| Untracked 
|  10|0x0000000604000000, 0x0000000604000000, 0x0000000604400000|  0%| F|  |TAMS 0x0000000604000000| PB 0x0000000604000000| Untracked 
|  11|0x0000000604400000, 0x0000000604400000, 0x0000000604800000|  0%| F|  |TAMS 0x0000000604400000| PB 0x0000000604400000| Untracked 
|  12|0x0000000604800000, 0x0000000604800000, 0x0000000604c00000|  0%| F|  |TAMS 0x0000000604800000| PB 0x0000000604800000| Untracked 
|  13|0x0000000604c00000, 0x0000000604c00000, 0x0000000605000000|  0%| F|  |TAMS 0x0000000604c00000| PB 0x0000000604c00000| Untracked 
|  14|0x0000000605000000, 0x0000000605000000, 0x0000000605400000|  0%| F|  |TAMS 0x0000000605000000| PB 0x0000000605000000| Untracked 
|  15|0x0000000605400000, 0x0000000605400000, 0x0000000605800000|  0%| F|  |TAMS 0x0000000605400000| PB 0x0000000605400000| Untracked 
|  16|0x0000000605800000, 0x0000000605800000, 0x0000000605c00000|  0%| F|  |TAMS 0x0000000605800000| PB 0x0000000605800000| Untracked 
|  17|0x0000000605c00000, 0x0000000605c00000, 0x0000000606000000|  0%| F|  |TAMS 0x0000000605c00000| PB 0x0000000605c00000| Untracked 
|  18|0x0000000606000000, 0x0000000606000000, 0x0000000606400000|  0%| F|  |TAMS 0x0000000606000000| PB 0x0000000606000000| Untracked 
|  19|0x0000000606400000, 0x0000000606400000, 0x0000000606800000|  0%| F|  |TAMS 0x0000000606400000| PB 0x0000000606400000| Untracked 
|  20|0x0000000606800000, 0x0000000606800000, 0x0000000606c00000|  0%| F|  |TAMS 0x0000000606800000| PB 0x0000000606800000| Untracked 
|  21|0x0000000606c00000, 0x0000000606c00000, 0x0000000607000000|  0%| F|  |TAMS 0x0000000606c00000| PB 0x0000000606c00000| Untracked 
|  22|0x0000000607000000, 0x0000000607000000, 0x0000000607400000|  0%| F|  |TAMS 0x0000000607000000| PB 0x0000000607000000| Untracked 
|  23|0x0000000607400000, 0x0000000607400000, 0x0000000607800000|  0%| F|  |TAMS 0x0000000607400000| PB 0x0000000607400000| Untracked 
|  24|0x0000000607800000, 0x0000000607800000, 0x0000000607c00000|  0%| F|  |TAMS 0x0000000607800000| PB 0x0000000607800000| Untracked 
|  25|0x0000000607c00000, 0x0000000607c00000, 0x0000000608000000|  0%| F|  |TAMS 0x0000000607c00000| PB 0x0000000607c00000| Untracked 
|  26|0x0000000608000000, 0x0000000608000000, 0x0000000608400000|  0%| F|  |TAMS 0x0000000608000000| PB 0x0000000608000000| Untracked 
|  27|0x0000000608400000, 0x0000000608400000, 0x0000000608800000|  0%| F|  |TAMS 0x0000000608400000| PB 0x0000000608400000| Untracked 
|  28|0x0000000608800000, 0x0000000608800000, 0x0000000608c00000|  0%| F|  |TAMS 0x0000000608800000| PB 0x0000000608800000| Untracked 
|  29|0x0000000608c00000, 0x0000000608c00000, 0x0000000609000000|  0%| F|  |TAMS 0x0000000608c00000| PB 0x0000000608c00000| Untracked 
|  30|0x0000000609000000, 0x0000000609000000, 0x0000000609400000|  0%| F|  |TAMS 0x0000000609000000| PB 0x0000000609000000| Untracked 
|  31|0x0000000609400000, 0x0000000609400000, 0x0000000609800000|  0%| F|  |TAMS 0x0000000609400000| PB 0x0000000609400000| Untracked 
|  32|0x0000000609800000, 0x0000000609800000, 0x0000000609c00000|  0%| F|  |TAMS 0x0000000609800000| PB 0x0000000609800000| Untracked 
|  33|0x0000000609c00000, 0x0000000609c00000, 0x000000060a000000|  0%| F|  |TAMS 0x0000000609c00000| PB 0x0000000609c00000| Untracked 
|  34|0x000000060a000000, 0x000000060a000000, 0x000000060a400000|  0%| F|  |TAMS 0x000000060a000000| PB 0x000000060a000000| Untracked 
|  35|0x000000060a400000, 0x000000060a400000, 0x000000060a800000|  0%| F|  |TAMS 0x000000060a400000| PB 0x000000060a400000| Untracked 
|  36|0x000000060a800000, 0x000000060a800000, 0x000000060ac00000|  0%| F|  |TAMS 0x000000060a800000| PB 0x000000060a800000| Untracked 
|  37|0x000000060ac00000, 0x000000060ac00000, 0x000000060b000000|  0%| F|  |TAMS 0x000000060ac00000| PB 0x000000060ac00000| Untracked 
|  38|0x000000060b000000, 0x000000060b000000, 0x000000060b400000|  0%| F|  |TAMS 0x000000060b000000| PB 0x000000060b000000| Untracked 
|  39|0x000000060b400000, 0x000000060b400000, 0x000000060b800000|  0%| F|  |TAMS 0x000000060b400000| PB 0x000000060b400000| Untracked 
|  40|0x000000060b800000, 0x000000060b800000, 0x000000060bc00000|  0%| F|  |TAMS 0x000000060b800000| PB 0x000000060b800000| Untracked 
|  41|0x000000060bc00000, 0x000000060bc00000, 0x000000060c000000|  0%| F|  |TAMS 0x000000060bc00000| PB 0x000000060bc00000| Untracked 
|  42|0x000000060c000000, 0x000000060c000000, 0x000000060c400000|  0%| F|  |TAMS 0x000000060c000000| PB 0x000000060c000000| Untracked 
|  43|0x000000060c400000, 0x000000060c400000, 0x000000060c800000|  0%| F|  |TAMS 0x000000060c400000| PB 0x000000060c400000| Untracked 
|  44|0x000000060c800000, 0x000000060c800000, 0x000000060cc00000|  0%| F|  |TAMS 0x000000060c800000| PB 0x000000060c800000| Untracked 
|  45|0x000000060cc00000, 0x000000060cc00000, 0x000000060d000000|  0%| F|  |TAMS 0x000000060cc00000| PB 0x000000060cc00000| Untracked 
|  46|0x000000060d000000, 0x000000060d000000, 0x000000060d400000|  0%| F|  |TAMS 0x000000060d000000| PB 0x000000060d000000| Untracked 
|  47|0x000000060d400000, 0x000000060d400000, 0x000000060d800000|  0%| F|  |TAMS 0x000000060d400000| PB 0x000000060d400000| Untracked 
|  48|0x000000060d800000, 0x000000060d800000, 0x000000060dc00000|  0%| F|  |TAMS 0x000000060d800000| PB 0x000000060d800000| Untracked 
|  49|0x000000060dc00000, 0x000000060dc00000, 0x000000060e000000|  0%| F|  |TAMS 0x000000060dc00000| PB 0x000000060dc00000| Untracked 
|  50|0x000000060e000000, 0x000000060e000000, 0x000000060e400000|  0%| F|  |TAMS 0x000000060e000000| PB 0x000000060e000000| Untracked 
|  51|0x000000060e400000, 0x000000060e400000, 0x000000060e800000|  0%| F|  |TAMS 0x000000060e400000| PB 0x000000060e400000| Untracked 
|  52|0x000000060e800000, 0x000000060e800000, 0x000000060ec00000|  0%| F|  |TAMS 0x000000060e800000| PB 0x000000060e800000| Untracked 
|  53|0x000000060ec00000, 0x000000060ec00000, 0x000000060f000000|  0%| F|  |TAMS 0x000000060ec00000| PB 0x000000060ec00000| Untracked 
|  54|0x000000060f000000, 0x000000060f000000, 0x000000060f400000|  0%| F|  |TAMS 0x000000060f000000| PB 0x000000060f000000| Untracked 
|  55|0x000000060f400000, 0x000000060f400000, 0x000000060f800000|  0%| F|  |TAMS 0x000000060f400000| PB 0x000000060f400000| Untracked 
|  56|0x000000060f800000, 0x000000060f800000, 0x000000060fc00000|  0%| F|  |TAMS 0x000000060f800000| PB 0x000000060f800000| Untracked 
|  57|0x000000060fc00000, 0x000000060fc00000, 0x0000000610000000|  0%| F|  |TAMS 0x000000060fc00000| PB 0x000000060fc00000| Untracked 
|  58|0x0000000610000000, 0x0000000610000000, 0x0000000610400000|  0%| F|  |TAMS 0x0000000610000000| PB 0x0000000610000000| Untracked 
|  59|0x0000000610400000, 0x0000000610400000, 0x0000000610800000|  0%| F|  |TAMS 0x0000000610400000| PB 0x0000000610400000| Untracked 
|  60|0x0000000610800000, 0x0000000610800000, 0x0000000610c00000|  0%| F|  |TAMS 0x0000000610800000| PB 0x0000000610800000| Untracked 
|  61|0x0000000610c00000, 0x0000000610c00000, 0x0000000611000000|  0%| F|  |TAMS 0x0000000610c00000| PB 0x0000000610c00000| Untracked 
|  62|0x0000000611000000, 0x0000000611000000, 0x0000000611400000|  0%| F|  |TAMS 0x0000000611000000| PB 0x0000000611000000| Untracked 
|  63|0x0000000611400000, 0x0000000611400000, 0x0000000611800000|  0%| F|  |TAMS 0x0000000611400000| PB 0x0000000611400000| Untracked 
|  64|0x0000000611800000, 0x0000000611800000, 0x0000000611c00000|  0%| F|  |TAMS 0x0000000611800000| PB 0x0000000611800000| Untracked 
|  65|0x0000000611c00000, 0x0000000611c00000, 0x0000000612000000|  0%| F|  |TAMS 0x0000000611c00000| PB 0x0000000611c00000| Untracked 
|  66|0x0000000612000000, 0x0000000612000000, 0x0000000612400000|  0%| F|  |TAMS 0x0000000612000000| PB 0x0000000612000000| Untracked 
|  67|0x0000000612400000, 0x0000000612400000, 0x0000000612800000|  0%| F|  |TAMS 0x0000000612400000| PB 0x0000000612400000| Untracked 
|  68|0x0000000612800000, 0x0000000612800000, 0x0000000612c00000|  0%| F|  |TAMS 0x0000000612800000| PB 0x0000000612800000| Untracked 
|  69|0x0000000612c00000, 0x0000000612c00000, 0x0000000613000000|  0%| F|  |TAMS 0x0000000612c00000| PB 0x0000000612c00000| Untracked 
|  70|0x0000000613000000, 0x0000000613000000, 0x0000000613400000|  0%| F|  |TAMS 0x0000000613000000| PB 0x0000000613000000| Untracked 
|  71|0x0000000613400000, 0x0000000613400000, 0x0000000613800000|  0%| F|  |TAMS 0x0000000613400000| PB 0x0000000613400000| Untracked 
|  72|0x0000000613800000, 0x0000000613800000, 0x0000000613c00000|  0%| F|  |TAMS 0x0000000613800000| PB 0x0000000613800000| Untracked 
|  73|0x0000000613c00000, 0x0000000613c00000, 0x0000000614000000|  0%| F|  |TAMS 0x0000000613c00000| PB 0x0000000613c00000| Untracked 
|  74|0x0000000614000000, 0x0000000614000000, 0x0000000614400000|  0%| F|  |TAMS 0x0000000614000000| PB 0x0000000614000000| Untracked 
|  75|0x0000000614400000, 0x0000000614400000, 0x0000000614800000|  0%| F|  |TAMS 0x0000000614400000| PB 0x0000000614400000| Untracked 
|  76|0x0000000614800000, 0x0000000614800000, 0x0000000614c00000|  0%| F|  |TAMS 0x0000000614800000| PB 0x0000000614800000| Untracked 
|  77|0x0000000614c00000, 0x0000000614c00000, 0x0000000615000000|  0%| F|  |TAMS 0x0000000614c00000| PB 0x0000000614c00000| Untracked 
|  78|0x0000000615000000, 0x0000000615000000, 0x0000000615400000|  0%| F|  |TAMS 0x0000000615000000| PB 0x0000000615000000| Untracked 
|  79|0x0000000615400000, 0x0000000615400000, 0x0000000615800000|  0%| F|  |TAMS 0x0000000615400000| PB 0x0000000615400000| Untracked 
|  80|0x0000000615800000, 0x0000000615800000, 0x0000000615c00000|  0%| F|  |TAMS 0x0000000615800000| PB 0x0000000615800000| Untracked 
|  81|0x0000000615c00000, 0x0000000615c00000, 0x0000000616000000|  0%| F|  |TAMS 0x0000000615c00000| PB 0x0000000615c00000| Untracked 
|  82|0x0000000616000000, 0x0000000616000000, 0x0000000616400000|  0%| F|  |TAMS 0x0000000616000000| PB 0x0000000616000000| Untracked 
|  83|0x0000000616400000, 0x0000000616400000, 0x0000000616800000|  0%| F|  |TAMS 0x0000000616400000| PB 0x0000000616400000| Untracked 
|  84|0x0000000616800000, 0x0000000616800000, 0x0000000616c00000|  0%| F|  |TAMS 0x0000000616800000| PB 0x0000000616800000| Untracked 
|  85|0x0000000616c00000, 0x0000000616c00000, 0x0000000617000000|  0%| F|  |TAMS 0x0000000616c00000| PB 0x0000000616c00000| Untracked 
|  86|0x0000000617000000, 0x0000000617000000, 0x0000000617400000|  0%| F|  |TAMS 0x0000000617000000| PB 0x0000000617000000| Untracked 
|  87|0x0000000617400000, 0x0000000617400000, 0x0000000617800000|  0%| F|  |TAMS 0x0000000617400000| PB 0x0000000617400000| Untracked 
|  88|0x0000000617800000, 0x0000000617800000, 0x0000000617c00000|  0%| F|  |TAMS 0x0000000617800000| PB 0x0000000617800000| Untracked 
|  89|0x0000000617c00000, 0x0000000617c00000, 0x0000000618000000|  0%| F|  |TAMS 0x0000000617c00000| PB 0x0000000617c00000| Untracked 
|  90|0x0000000618000000, 0x0000000618000000, 0x0000000618400000|  0%| F|  |TAMS 0x0000000618000000| PB 0x0000000618000000| Untracked 
|  91|0x0000000618400000, 0x0000000618400000, 0x0000000618800000|  0%| F|  |TAMS 0x0000000618400000| PB 0x0000000618400000| Untracked 
|  92|0x0000000618800000, 0x0000000618800000, 0x0000000618c00000|  0%| F|  |TAMS 0x0000000618800000| PB 0x0000000618800000| Untracked 
|  93|0x0000000618c00000, 0x0000000618c00000, 0x0000000619000000|  0%| F|  |TAMS 0x0000000618c00000| PB 0x0000000618c00000| Untracked 
|  94|0x0000000619000000, 0x0000000619000000, 0x0000000619400000|  0%| F|  |TAMS 0x0000000619000000| PB 0x0000000619000000| Untracked 
|  95|0x0000000619400000, 0x0000000619400000, 0x0000000619800000|  0%| F|  |TAMS 0x0000000619400000| PB 0x0000000619400000| Untracked 
|  96|0x0000000619800000, 0x0000000619800000, 0x0000000619c00000|  0%| F|  |TAMS 0x0000000619800000| PB 0x0000000619800000| Untracked 
|  97|0x0000000619c00000, 0x0000000619c00000, 0x000000061a000000|  0%| F|  |TAMS 0x0000000619c00000| PB 0x0000000619c00000| Untracked 
|  98|0x000000061a000000, 0x000000061a000000, 0x000000061a400000|  0%| F|  |TAMS 0x000000061a000000| PB 0x000000061a000000| Untracked 
|  99|0x000000061a400000, 0x000000061a400000, 0x000000061a800000|  0%| F|  |TAMS 0x000000061a400000| PB 0x000000061a400000| Untracked 
| 100|0x000000061a800000, 0x000000061a800000, 0x000000061ac00000|  0%| F|  |TAMS 0x000000061a800000| PB 0x000000061a800000| Untracked 
| 101|0x000000061ac00000, 0x000000061ac00000, 0x000000061b000000|  0%| F|  |TAMS 0x000000061ac00000| PB 0x000000061ac00000| Untracked 
| 102|0x000000061b000000, 0x000000061b000000, 0x000000061b400000|  0%| F|  |TAMS 0x000000061b000000| PB 0x000000061b000000| Untracked 
| 103|0x000000061b400000, 0x000000061b400000, 0x000000061b800000|  0%| F|  |TAMS 0x000000061b400000| PB 0x000000061b400000| Untracked 
| 104|0x000000061b800000, 0x000000061b800000, 0x000000061bc00000|  0%| F|  |TAMS 0x000000061b800000| PB 0x000000061b800000| Untracked 
| 105|0x000000061bc00000, 0x000000061bc00000, 0x000000061c000000|  0%| F|  |TAMS 0x000000061bc00000| PB 0x000000061bc00000| Untracked 
| 106|0x000000061c000000, 0x000000061c000000, 0x000000061c400000|  0%| F|  |TAMS 0x000000061c000000| PB 0x000000061c000000| Untracked 
| 107|0x000000061c400000, 0x000000061c400000, 0x000000061c800000|  0%| F|  |TAMS 0x000000061c400000| PB 0x000000061c400000| Untracked 
| 108|0x000000061c800000, 0x000000061c800000, 0x000000061cc00000|  0%| F|  |TAMS 0x000000061c800000| PB 0x000000061c800000| Untracked 
| 109|0x000000061cc00000, 0x000000061cc00000, 0x000000061d000000|  0%| F|  |TAMS 0x000000061cc00000| PB 0x000000061cc00000| Untracked 
| 110|0x000000061d000000, 0x000000061d000000, 0x000000061d400000|  0%| F|  |TAMS 0x000000061d000000| PB 0x000000061d000000| Untracked 
| 111|0x000000061d400000, 0x000000061d400000, 0x000000061d800000|  0%| F|  |TAMS 0x000000061d400000| PB 0x000000061d400000| Untracked 
| 112|0x000000061d800000, 0x000000061d800000, 0x000000061dc00000|  0%| F|  |TAMS 0x000000061d800000| PB 0x000000061d800000| Untracked 
| 113|0x000000061dc00000, 0x000000061dc00000, 0x000000061e000000|  0%| F|  |TAMS 0x000000061dc00000| PB 0x000000061dc00000| Untracked 
| 114|0x000000061e000000, 0x000000061e000000, 0x000000061e400000|  0%| F|  |TAMS 0x000000061e000000| PB 0x000000061e000000| Untracked 
| 115|0x000000061e400000, 0x000000061e400000, 0x000000061e800000|  0%| F|  |TAMS 0x000000061e400000| PB 0x000000061e400000| Untracked 
| 116|0x000000061e800000, 0x000000061e800000, 0x000000061ec00000|  0%| F|  |TAMS 0x000000061e800000| PB 0x000000061e800000| Untracked 
| 117|0x000000061ec00000, 0x000000061ec00000, 0x000000061f000000|  0%| F|  |TAMS 0x000000061ec00000| PB 0x000000061ec00000| Untracked 
| 118|0x000000061f000000, 0x000000061f000000, 0x000000061f400000|  0%| F|  |TAMS 0x000000061f000000| PB 0x000000061f000000| Untracked 
| 119|0x000000061f400000, 0x000000061f400000, 0x000000061f800000|  0%| F|  |TAMS 0x000000061f400000| PB 0x000000061f400000| Untracked 
| 120|0x000000061f800000, 0x000000061f800000, 0x000000061fc00000|  0%| F|  |TAMS 0x000000061f800000| PB 0x000000061f800000| Untracked 
| 121|0x000000061fc00000, 0x000000061fc00000, 0x0000000620000000|  0%| F|  |TAMS 0x000000061fc00000| PB 0x000000061fc00000| Untracked 
| 122|0x0000000620000000, 0x0000000620000000, 0x0000000620400000|  0%| F|  |TAMS 0x0000000620000000| PB 0x0000000620000000| Untracked 
| 123|0x0000000620400000, 0x0000000620400000, 0x0000000620800000|  0%| F|  |TAMS 0x0000000620400000| PB 0x0000000620400000| Untracked 
| 124|0x0000000620800000, 0x0000000620800000, 0x0000000620c00000|  0%| F|  |TAMS 0x0000000620800000| PB 0x0000000620800000| Untracked 
| 125|0x0000000620c00000, 0x0000000620c00000, 0x0000000621000000|  0%| F|  |TAMS 0x0000000620c00000| PB 0x0000000620c00000| Untracked 
| 126|0x0000000621000000, 0x00000006213a4228, 0x0000000621400000| 91%| E|  |TAMS 0x0000000621000000| PB 0x0000000621000000| Complete 
| 127|0x0000000621400000, 0x0000000621800000, 0x0000000621800000|100%| E|  |TAMS 0x0000000621400000| PB 0x0000000621400000| Complete 

Card table byte_map: [0x0000021b9c650000,0x0000021b9d650000] _byte_map_base: 0x0000021b99644000

Marking Bits: (CMBitMap*) 0x0000021b88cdcec0
 Bits: [0x0000021b9d650000, 0x0000021ba55f0000)

Polling page: 0x0000021b86df0000

Metaspace:

Usage:
  Non-class:      6.89 MB used.
      Class:    689.59 KB used.
       Both:      7.56 MB used.

Virtual space:
  Non-class space:       64.00 MB reserved,       6.94 MB ( 11%) committed,  1 nodes.
      Class space:        1.00 GB reserved,     768.00 KB ( <1%) committed,  1 nodes.
             Both:        1.06 GB reserved,       7.69 MB ( <1%) committed. 

Chunk freelists:
   Non-Class:  8.89 MB
       Class:  15.23 MB
        Both:  24.11 MB

MaxMetaspaceSize: unlimited
CompressedClassSpaceSize: 1.00 GB
Initial GC threshold: 21.00 MB
Current GC threshold: 21.00 MB
CDS: off
 - commit_granule_bytes: 65536.
 - commit_granule_words: 8192.
 - virtual_space_node_default_size: 8388608.
 - enlarge_chunks_in_place: 1.
 - use_allocation_guard: 0.


Internal statistics:

num_allocs_failed_limit: 0.
num_arena_births: 26.
num_arena_deaths: 0.
num_vsnodes_births: 2.
num_vsnodes_deaths: 0.
num_space_committed: 123.
num_space_uncommitted: 0.
num_chunks_returned_to_freelist: 0.
num_chunks_taken_from_freelist: 57.
num_chunk_merges: 0.
num_chunk_splits: 27.
num_chunks_enlarged: 12.
num_inconsistent_stats: 0.

CodeHeap 'non-profiled nmethods': size=119168Kb used=148Kb max_used=148Kb free=119019Kb
 bounds [0x0000021b93950000, 0x0000021b93bc0000, 0x0000021b9adb0000]
CodeHeap 'profiled nmethods': size=119104Kb used=749Kb max_used=749Kb free=118354Kb
 bounds [0x0000021b8bdb0000, 0x0000021b8c020000, 0x0000021b93200000]
CodeHeap 'non-nmethods': size=7488Kb used=1847Kb max_used=1864Kb free=5640Kb
 bounds [0x0000021b93200000, 0x0000021b93470000, 0x0000021b93950000]
 total_blobs=865 nmethods=446 adapters=323
 compilation: enabled
              stopped_count=0, restarted_count=0
 full_count=0

Compilation events (20 events):
Event: 0.208 Thread 0x0000021ba88c2340 nmethod 434 0x0000021b8be54010 code [0x0000021b8be542c0, 0x0000021b8be54e30]
Event: 0.208 Thread 0x0000021ba88c2340  437       3       jdk.internal.misc.Unsafe::putReferenceRelease (9 bytes)
Event: 0.208 Thread 0x0000021ba88c2340 nmethod 437 0x0000021b8be55290 code [0x0000021b8be55420, 0x0000021b8be55588]
Event: 0.208 Thread 0x0000021ba88c2340  438       3       java.util.concurrent.ConcurrentHashMap::setTabAt (20 bytes)
Event: 0.208 Thread 0x0000021ba88c0800  439       4       java.lang.StringLatin1::inflate (34 bytes)
Event: 0.208 Thread 0x0000021ba88c2340 nmethod 438 0x0000021b8be55610 code [0x0000021b8be557c0, 0x0000021b8be559e0]
Event: 0.208 Thread 0x0000021ba88c2340  435       1       java.net.URLStreamHandler::getDefaultPort (2 bytes)
Event: 0.208 Thread 0x0000021ba88c2340 nmethod 435 0x0000021b93973090 code [0x0000021b93973220, 0x0000021b939732e8]
Event: 0.210 Thread 0x0000021ba88abe20 nmethod 432% 0x0000021b93973390 code [0x0000021b93973540, 0x0000021b93973938]
Event: 0.210 Thread 0x0000021ba88abe20  440 %     4       java.lang.StringLatin1::replace @ 13 (198 bytes)
Event: 0.210 Thread 0x0000021ba88c2340  441       3       java.lang.Class::getPackageName (81 bytes)
Event: 0.210 Thread 0x0000021ba88c2340 nmethod 441 0x0000021b8be55a90 code [0x0000021b8be55d40, 0x0000021b8be567d8]
Event: 0.211 Thread 0x0000021ba88c0800 nmethod 439 0x0000021b93973b10 code [0x0000021b93973ca0, 0x0000021b93973f18]
Event: 0.211 Thread 0x0000021ba88c2340  442       3       sun.invoke.util.VerifyAccess::isTypeVisible (118 bytes)
Event: 0.212 Thread 0x0000021ba88c2340 nmethod 442 0x0000021b8be56b90 code [0x0000021b8be56ea0, 0x0000021b8be57e68]
Event: 0.212 Thread 0x0000021ba88c2340  443       1       java.lang.invoke.MethodHandles$Lookup::lookupClass (5 bytes)
Event: 0.212 Thread 0x0000021ba88c2340 nmethod 443 0x0000021b93974310 code [0x0000021b939744a0, 0x0000021b93974570]
Event: 0.212 Thread 0x0000021ba88c2340  445       3       java.lang.invoke.LambdaForm::argument (27 bytes)
Event: 0.212 Thread 0x0000021ba88c2340 nmethod 445 0x0000021b8be58390 code [0x0000021b8be58560, 0x0000021b8be587d8]
Event: 0.212 Thread 0x0000021ba88c2340  446       3       java.lang.invoke.LambdaForm$Name::initIndex (26 bytes)

GC Heap History (0 events):
No events

Dll operation events (2 events):
Event: 0.004 Loaded shared library C:\Program Files\Android\Android Studio\jre\bin\java.dll
Event: 0.008 Loaded shared library C:\Program Files\Android\Android Studio\jre\bin\zip.dll

Deoptimization events (20 events):
Event: 0.183 Thread 0x0000021b88c76d00 DEOPT PACKING pc=0x0000021b9396c470 sp=0x000000e3596fe250
Event: 0.183 Thread 0x0000021b88c76d00 DEOPT UNPACKING pc=0x0000021b932546a2 sp=0x000000e3596fe1f8 mode 2
Event: 0.193 Thread 0x0000021b88c76d00 Uncommon trap: trap_request=0xffffff45 fr.pc=0x0000021b939516ec relative=0x00000000000000cc
Event: 0.193 Thread 0x0000021b88c76d00 Uncommon trap: reason=unstable_if action=reinterpret pc=0x0000021b939516ec method=java.lang.String.isLatin1()Z @ 10 c2
Event: 0.193 Thread 0x0000021b88c76d00 DEOPT PACKING pc=0x0000021b939516ec sp=0x000000e3596ff160
Event: 0.193 Thread 0x0000021b88c76d00 DEOPT UNPACKING pc=0x0000021b932546a2 sp=0x000000e3596ff0a0 mode 2
Event: 0.202 Thread 0x0000021b88c76d00 DEOPT PACKING pc=0x0000021b8bdc1cf7 sp=0x000000e3596f9ac0
Event: 0.202 Thread 0x0000021b88c76d00 DEOPT UNPACKING pc=0x0000021b93254e42 sp=0x000000e3596f8f10 mode 0
Event: 0.204 Thread 0x0000021b88c76d00 DEOPT PACKING pc=0x0000021b8bdc1cf7 sp=0x000000e3596f9ac0
Event: 0.204 Thread 0x0000021b88c76d00 DEOPT UNPACKING pc=0x0000021b93254e42 sp=0x000000e3596f8f10 mode 0
Event: 0.205 Thread 0x0000021b88c76d00 DEOPT PACKING pc=0x0000021b8bdc1cf7 sp=0x000000e3596fd6b0
Event: 0.205 Thread 0x0000021b88c76d00 DEOPT UNPACKING pc=0x0000021b93254e42 sp=0x000000e3596fcb00 mode 0
Event: 0.206 Thread 0x0000021b88c76d00 DEOPT PACKING pc=0x0000021b8bdc1cf7 sp=0x000000e3596fbc50
Event: 0.206 Thread 0x0000021b88c76d00 DEOPT UNPACKING pc=0x0000021b93254e42 sp=0x000000e3596fb0a0 mode 0
Event: 0.207 Thread 0x0000021b88c76d00 DEOPT PACKING pc=0x0000021b8bdc1cf7 sp=0x000000e3596fa110
Event: 0.207 Thread 0x0000021b88c76d00 DEOPT UNPACKING pc=0x0000021b93254e42 sp=0x000000e3596f9560 mode 0
Event: 0.208 Thread 0x0000021b88c76d00 DEOPT PACKING pc=0x0000021b8bdc2349 sp=0x000000e3596fbea0
Event: 0.208 Thread 0x0000021b88c76d00 DEOPT UNPACKING pc=0x0000021b93254e42 sp=0x000000e3596fb318 mode 0
Event: 0.210 Thread 0x0000021b88c76d00 DEOPT PACKING pc=0x0000021b8bdc2349 sp=0x000000e3596fccf0
Event: 0.210 Thread 0x0000021b88c76d00 DEOPT UNPACKING pc=0x0000021b93254e42 sp=0x000000e3596fc168 mode 0

Classes loaded (20 events):
Event: 0.203 Loading class sun/nio/ch/NioSocketImpl$1
Event: 0.203 Loading class sun/nio/ch/NioSocketImpl$1 done
Event: 0.204 Loading class sun/nio/cs/StreamDecoder
Event: 0.204 Loading class sun/nio/cs/StreamDecoder done
Event: 0.204 Loading class sun/nio/cs/US_ASCII$Decoder
Event: 0.204 Loading class sun/nio/cs/US_ASCII$Decoder done
Event: 0.204 Loading class sun/nio/ch/Util
Event: 0.204 Loading class sun/nio/ch/Util done
Event: 0.204 Loading class sun/nio/ch/Util$1
Event: 0.204 Loading class sun/nio/ch/Util$1 done
Event: 0.204 Loading class sun/nio/ch/Util$BufferCache
Event: 0.204 Loading class sun/nio/ch/Util$BufferCache done
Event: 0.204 Loading class java/nio/DirectByteBuffer$Deallocator
Event: 0.204 Loading class java/nio/DirectByteBuffer$Deallocator done
Event: 0.204 Loading class java/lang/AssertionError
Event: 0.204 Loading class java/lang/AssertionError done
Event: 0.211 Loading class java/lang/IndexOutOfBoundsException
Event: 0.211 Loading class java/lang/IndexOutOfBoundsException done
Event: 0.211 Loading class java/lang/invoke/MethodHandleImpl$AsVarargsCollector
Event: 0.212 Loading class java/lang/invoke/MethodHandleImpl$AsVarargsCollector done

Classes unloaded (0 events):
No events

Classes redefined (0 events):
No events

Internal exceptions (4 events):
Event: 0.185 Thread 0x0000021b88c76d00 Exception <a 'java/lang/NoSuchMethodError'{0x000000062127e6f0}: 'void java.lang.invoke.DirectMethodHandle$Holder.invokeStatic(java.lang.Object, java.lang.Object, java.lang.Object)'> (0x000000062127e6f0) 
thrown [s\src\hotspot\share\interpreter\linkResolver.cpp, line 784]
Event: 0.187 Thread 0x0000021b88c76d00 Exception <a 'java/lang/NoSuchMethodError'{0x0000000621295ae0}: 'java.lang.Object java.lang.invoke.Invokers$Holder.invokeExact_MT(java.lang.Object, java.lang.Object, java.lang.Object, java.lang.Object, java.lang.Object)'> (0x0000000621295ae0) 
thrown [s\src\hotspot\share\interpreter\linkResolver.cpp, line 784]
Event: 0.200 Thread 0x0000021ba8995800 Exception <a 'java/lang/NoSuchMethodError'{0x00000006212b6e58}: 'void java.lang.invoke.DirectMethodHandle$Holder.invokeStatic(java.lang.Object, java.lang.Object)'> (0x00000006212b6e58) 
thrown [s\src\hotspot\share\interpreter\linkResolver.cpp, line 784]
Event: 0.212 Thread 0x0000021b88c76d00 Exception <a 'java/lang/NoSuchMethodError'{0x000000062139f590}: Lcom/minerkid08/dynamicopmodeloader/TestObj;.getSimpleName()Ljava/lang/String;> (0x000000062139f590) 
thrown [s\src\hotspot\share\prims\jni.cpp, line 1126]

ZGC Phase Switch (0 events):
No events

VM Operations (2 events):
Event: 0.125 Executing VM operation: HandshakeAllThreads (Deoptimize)
Event: 0.125 Executing VM operation: HandshakeAllThreads (Deoptimize) done

Events (20 events):
Event: 0.041 Thread 0x0000021ba88a1830 Thread added: 0x0000021ba88a1830
Event: 0.041 Thread 0x0000021ba88a2750 Thread added: 0x0000021ba88a2750
Event: 0.041 Thread 0x0000021ba88ad0c0 Thread added: 0x0000021ba88ad0c0
Event: 0.042 Thread 0x0000021ba888bb80 Thread added: 0x0000021ba888bb80
Event: 0.042 Thread 0x0000021ba888c1f0 Thread added: 0x0000021ba888c1f0
Event: 0.042 Thread 0x0000021ba888cc50 Thread added: 0x0000021ba888cc50
Event: 0.042 Thread 0x0000021ba88abe20 Thread added: 0x0000021ba88abe20
Event: 0.042 Thread 0x0000021ba88c2340 Thread added: 0x0000021ba88c2340
Event: 0.118 Thread 0x0000021ba8996bb0 Thread added: 0x0000021ba8996bb0
Event: 0.125 Thread 0x0000021ba88c0ed0 Thread added: 0x0000021ba88c0ed0
Event: 0.135 Loaded shared library C:\Program Files\Android\Android Studio\jre\bin\instrument.dll
Event: 0.141 Loaded shared library C:\Program Files\Android\Android Studio\jre\bin\net.dll
Event: 0.142 Loaded shared library C:\Program Files\Android\Android Studio\jre\bin\nio.dll
Event: 0.148 Thread 0x0000021ba88c0800 Thread added: 0x0000021ba88c0800
Event: 0.179 Loaded shared library C:\Program Files\Android\Android Studio\jre\bin\zip.dll
Event: 0.192 Loaded shared library C:\Program Files\Android\Android Studio\bin\breakgen64.dll
Event: 0.192 Thread 0x0000021ba8995800 Thread added: 0x0000021ba8995800
Event: 0.192 Thread 0x0000021ba8995170 Thread added: 0x0000021ba8995170
Event: 0.195 Loaded shared library C:\Users\colbykids\ftc\DynamicOpmodeLoader\dynamicopmodeloader.dll
Event: 0.199 Loaded shared library C:\Program Files\Android\Android Studio\jre\bin\extnet.dll


Dynamic libraries:
0x00007ff70d520000 - 0x00007ff70d52a000 	C:\Program Files\Android\Android Studio\jre\bin\java.exe
0x00007ffa14a10000 - 0x00007ffa14c08000 	C:\Windows\SYSTEM32\ntdll.dll
0x00007ffa13610000 - 0x00007ffa136d2000 	C:\Windows\System32\KERNEL32.DLL
0x00007ffa122b0000 - 0x00007ffa125ae000 	C:\Windows\System32\KERNELBASE.dll
0x00007ffa126b0000 - 0x00007ffa127b0000 	C:\Windows\System32\ucrtbase.dll
0x00007ff9fdc80000 - 0x00007ff9fdc9b000 	C:\Program Files\Android\Android Studio\jre\bin\VCRUNTIME140.dll
0x00007ff9e8500000 - 0x00007ff9e8518000 	C:\Program Files\Android\Android Studio\jre\bin\jli.dll
0x00007ffa13350000 - 0x00007ffa134ed000 	C:\Windows\System32\USER32.dll
0x00007ffa120b0000 - 0x00007ffa120d2000 	C:\Windows\System32\win32u.dll
0x00007ff9f08d0000 - 0x00007ff9f0b6a000 	C:\Windows\WinSxS\amd64_microsoft.windows.common-controls_6595b64144ccf1df_6.0.19041.4355_none_60b8b9eb71f62e16\COMCTL32.dll
0x00007ffa14910000 - 0x00007ffa149ae000 	C:\Windows\System32\msvcrt.dll
0x00007ffa14880000 - 0x00007ffa148ab000 	C:\Windows\System32\GDI32.dll
0x00007ffa127b0000 - 0x00007ffa128c7000 	C:\Windows\System32\gdi32full.dll
0x00007ffa121e0000 - 0x00007ffa1227d000 	C:\Windows\System32\msvcp_win.dll
0x00007ffa143e0000 - 0x00007ffa1440f000 	C:\Windows\System32\IMM32.DLL
0x00007ffa108d0000 - 0x00007ffa108dc000 	C:\Program Files\Android\Android Studio\jre\bin\vcruntime140_1.dll
0x00007ff9d66a0000 - 0x00007ff9d672d000 	C:\Program Files\Android\Android Studio\jre\bin\msvcp140.dll
0x00007ff99eb10000 - 0x00007ff99f78d000 	C:\Program Files\Android\Android Studio\jre\bin\server\jvm.dll
0x00007ffa13ba0000 - 0x00007ffa13c51000 	C:\Windows\System32\ADVAPI32.dll
0x00007ffa12e40000 - 0x00007ffa12edf000 	C:\Windows\System32\sechost.dll
0x00007ffa13220000 - 0x00007ffa13343000 	C:\Windows\System32\RPCRT4.dll
0x00007ffa12280000 - 0x00007ffa122a7000 	C:\Windows\System32\bcrypt.dll
0x00007ffa13b30000 - 0x00007ffa13b9b000 	C:\Windows\System32\WS2_32.dll
0x00007ffa11640000 - 0x00007ffa1168b000 	C:\Windows\SYSTEM32\POWRPROF.dll
0x00007ffa07270000 - 0x00007ffa07297000 	C:\Windows\SYSTEM32\WINMM.dll
0x00007ffa0b8f0000 - 0x00007ffa0b8fa000 	C:\Windows\SYSTEM32\VERSION.dll
0x00007ffa114b0000 - 0x00007ffa114c2000 	C:\Windows\SYSTEM32\UMPDC.dll
0x00007ffa108f0000 - 0x00007ffa10902000 	C:\Windows\SYSTEM32\kernel.appcore.dll
0x00007ff9ee410000 - 0x00007ff9ee41a000 	C:\Program Files\Android\Android Studio\jre\bin\jimage.dll
0x00007ffa0fdb0000 - 0x00007ffa0ff94000 	C:\Windows\SYSTEM32\DBGHELP.DLL
0x00007ffa09560000 - 0x00007ffa09594000 	C:\Windows\SYSTEM32\dbgcore.DLL
0x00007ffa125b0000 - 0x00007ffa12632000 	C:\Windows\System32\bcryptPrimitives.dll
0x00007ff9ede10000 - 0x00007ff9ede1e000 	C:\Program Files\Android\Android Studio\jre\bin\instrument.dll
0x00007ff9e84e0000 - 0x00007ff9e84ff000 	C:\Program Files\Android\Android Studio\jre\bin\java.dll
0x00007ff9da9c0000 - 0x00007ff9da9d8000 	C:\Program Files\Android\Android Studio\jre\bin\zip.dll
0x00007ffa13c60000 - 0x00007ffa143cd000 	C:\Windows\System32\SHELL32.dll
0x00007ffa0ffa0000 - 0x00007ffa10744000 	C:\Windows\SYSTEM32\windows.storage.dll
0x00007ffa12a30000 - 0x00007ffa12d83000 	C:\Windows\System32\combase.dll
0x00007ffa11ae0000 - 0x00007ffa11b0e000 	C:\Windows\SYSTEM32\Wldp.dll
0x00007ffa13150000 - 0x00007ffa1321d000 	C:\Windows\System32\OLEAUT32.dll
0x00007ffa12d90000 - 0x00007ffa12e3d000 	C:\Windows\System32\SHCORE.dll
0x00007ffa148b0000 - 0x00007ffa14905000 	C:\Windows\System32\shlwapi.dll
0x00007ffa11fe0000 - 0x00007ffa12004000 	C:\Windows\SYSTEM32\profapi.dll
0x00007ff9edd80000 - 0x00007ff9edd90000 	C:\Program Files\Android\Android Studio\jre\bin\net.dll
0x00007ffa0e6b0000 - 0x00007ffa0e7bd000 	C:\Windows\SYSTEM32\WINHTTP.dll
0x00007ffa11840000 - 0x00007ffa118aa000 	C:\Windows\system32\mswsock.dll
0x00007ff9da930000 - 0x00007ff9da946000 	C:\Program Files\Android\Android Studio\jre\bin\nio.dll
0x00007ff9da910000 - 0x00007ff9da92a000 	C:\Program Files\Android\Android Studio\bin\breakgen64.dll
0x00007ff9d7270000 - 0x00007ff9d72e0000 	C:\Users\colbykids\ftc\DynamicOpmodeLoader\dynamicopmodeloader.dll
0x00007ff9eb6b0000 - 0x00007ff9eb6b9000 	C:\Program Files\Android\Android Studio\jre\bin\extnet.dll

dbghelp: loaded successfully - version: 4.0.5 - missing functions: none
symbol engine: initialized successfully - sym options: 0x614 - pdb path: .;C:\Program Files\Android\Android Studio\jre\bin;C:\Windows\SYSTEM32;C:\Windows\WinSxS\amd64_microsoft.windows.common-controls_6595b64144ccf1df_6.0.19041.4355_none_60b8b9eb71f62e16;C:\Program Files\Android\Android Studio\jre\bin\server;C:\Program Files\Android\Android Studio\bin;C:\Users\colbykids\ftc\DynamicOpmodeLoader

VM Arguments:
jvm_args: -javaagent:C:\Program Files\Android\Android Studio\lib\idea_rt.jar=52835:C:\Program Files\Android\Android Studio\bin -Dfile.encoding=UTF-8 
java_command: com.minerkid08.dynamicopmodeloader.MainKt
java_class_path (initial): C:\Users\colbykids\AppData\Local\Android\Sdk\platforms\android-34\android.jar;C:\Users\colbykids\AppData\Local\Android\Sdk\platforms\android-34\data\res;C:\Users\colbykids\ftc\DynamicOpmodeLoader\DynamicOpmodeLoader\build\tmp\kotlin-classes\debug;C:\Users\colbykids\ftc\DynamicOpmodeLoader\DynamicOpmodeLoader\build\intermediates\compile_r_class_jar\debug\generateDebugRFile\R.jar;C:\Users\colbykids\ftc\DynamicOpmodeLoader\DynamicOpmodeLoader\build\generated\res\resValues\debug;C:\Users\colbykids\.gradle\caches\8.9\transforms\f3c1f645dbaea118ca5c5f649fada647\transformed\core-ktx-1.15.0\res;C:\Users\colbykids\.gradle\caches\8.9\transforms\f3c1f645dbaea118ca5c5f649fada647\transformed\core-ktx-1.15.0\AndroidManifest.xml;C:\Users\colbykids\.gradle\caches\8.9\transforms\f3c1f645dbaea118ca5c5f649fada647\transformed\core-ktx-1.15.0\jars\classes.jar;C:\Users\colbykids\.gradle\caches\8.9\transforms\06e6d91d646d26e6c02c125c7752fd7e\transformed\core-1.15.0\AndroidManifest.xml;C:\Users\colbykids\.gradle\caches\8.9\transforms\06e6d91d646d26e6c02c125c7752fd7e\transformed\core-1.15.0\jars\classes.jar;C:\Users\colbykids\.gradle\caches\8.9\transforms\06e6d91d646d26e6c02c125c7752fd7e\transformed\core-1.15.0\res;C:\Users\colbykids\.gradle\caches\8.9\transforms\c3cda8aedbbfedd093af0cc5a947b929\transformed\annotation-experimental-1.4.1\res;C:\Users\colbykids\.gradle\caches\8.9\transforms\c3cda8aedbbfedd093af0cc5a947b929\transformed\annotation-experimental-1.4.1\jars\classes.jar;C:\Users\colbykids\.gradle\caches\8.9\transforms\c3cda8aedbbfedd093af0cc5a947b929\transformed\annotation-experimental-1.4.1\AndroidManifest.xml;C:\Users\colbykids\.gradle\caches\8.9\transforms\d1f5ededaa61b1222fd80b355cd7aad1\transformed\lifecycle-runtime-2.6.2\res;C:\Users\colbykids\.gradle\caches\8.9\transforms\d1f5ededaa61b1222fd80b355cd7aad1\transformed\lifecycle-runtime-2.6.2\AndroidManifest.xml;C:\Users\colbykids\.gradle\caches\8.9\transforms\d1f5ededaa61b1222fd80b355cd7aad1\transformed\lifecycle-runtime-2.6.2\jars\classes.jar;C:\Users\colbykids\.gradle\caches\8.9\transforms\ac95a3d9e887e8128faa5699fc4610b5\transformed\versionedparcelable-1.1.1\jars\classes.jar;C:\Users\colbykids\.gradle\caches\8.9\transforms\ac95a3d9e887e8128faa5699fc4610b5\transformed\versionedparcelable-1.1.1\AndroidManifest.xml;C:\Users\colbykids\.gradle\caches\8.9\transforms\bd02bdb83b3a11d52d1fa69c53c2c74c\transformed\appcompat-1.7.0\jars\classes.jar;C:\Users\colbykids\.gradle\caches\8.9\transforms\bd02bdb83b3a11d52d1fa69c53c2c74c\transformed\appcompat-1.7.0\AndroidManifest.xml;C:\Users\colbykids\.gradle\caches\8.9\transforms\bd02bdb83b3a11d52d1fa69c53c2c74c\transformed\appcompat-1.7.0\res;C:\Users\colbykids\.gradle\caches\8.9\transforms\c2d7ed148d02172b1dfa33ba9bcb45fe\transformed\activity-1.8.0\jars\classes.jar;C:\Users\colbykids\.gradle\caches\8.9\transforms\c2d7ed148d02172b1dfa33ba9bcb45fe\transformed\activity-1.8.0\res;C:\Users\colbykids\.gradle\caches\8.9\transforms\c2d7ed148d02172b1dfa33ba9bcb45fe\transformed\activity-1.8.0\AndroidManifest.xml;C:\Users\colbykids\.gradle\caches\8.9\transforms\f27c885f5e352f8b134758bc4de780ae\transformed\lifecycle-viewmodel-2.6.2\res;C:\Users\colbykids\.gradle\caches\8.9\transforms\f27c885f5e352f8b134758bc4de780ae\transformed\lifecycle-viewmodel-2.6.2\jars\classes.jar;C:\Users\colbykids\.gradle\caches\8.9\transforms\f27c885f5e352f8b134758bc4de780ae\transformed\lifecycle-viewmodel-2.6.2\AndroidManifest.xml;C:\Users\colbykids\.gradle\caches\8.9\transforms\c796d668170c271b3e4e1e22cd91bab8\transformed\lifecycle-viewmodel-savedstate-2.6.2\AndroidManifest.xml;C:\Users\colbykids\.gradle\caches\8.9\transforms\c796d668170c271b3e4e1e22cd91bab8\transformed\lifecycle-viewmodel-savedstate-2.6.2\jars\classes.jar;C:\Users\colbykids\.gradle\caches\8.9\transforms\c796d668170c271b3e4e1e22cd91bab8\transformed\lifecycle-viewmodel-savedstate-2.6.2\res;C:\Users\colbykids\.gradle\caches\8.9\transforms\28d45214613a565421a6777e89c65139\transformed\lifecycle-livedata-core-2.6.2\AndroidManifest.xml;C:\Users\colbykids\.gradle\caches\8.9\transforms\28d45214613a565421a6777e89c65139\transformed\lifecycle-livedata-core-2.6.2\res;C:\Users\colbykids\.gradle\caches\8.9\transforms\28d45214613a565421a6777e89c65139\transformed\lifecycle-livedata-core-2.6.2\jars\classes.jar;C:\Users\colbykids\.gradle\caches\8.9\transforms\701aca6e4afa7a311e3d23ff8e71e338\transformed\savedstate-1.2.1\res;C:\Users\colbykids\.gradle\caches\8.9\transforms\701aca6e4afa7a311e3d23ff8e71e338\transformed\savedstate-1.2.1\AndroidManifest.xml;C:\Users\colbykids\.gradle\caches\8.9\transforms\701aca6e4afa7a311e3d23ff8e71e338\transformed\savedstate-1.2.1\jars\classes.jar;C:\Users\colbykids\.gradle\caches\8.9\transforms\b3adf670adf29e3f4847b453f3e187d5\transformed\appcompat-resources-1.7.0\res;C:\Users\colbykids\.gradle\caches\8.9\transforms\b3adf670adf29e3f4847b453f3e187d5\transformed\appcompat-resources-1.7.0\jars\classes.jar;C:\Users\colbykids\.gradle\caches\8.9\transforms\b3adf670adf29e3f4847b453f3e187d5\transformed\appcompat-resources-1.7.0\AndroidManifest.xml;C:\Users\colbykids\.gradle\caches\8.9\transforms\8632a97798a2ea1f4cd4a66b14f7cfc4\transformed\vectordrawable-1.1.0\jars\classes.jar;C:\Users\colbykids\.gradle\caches\8.9\transforms\8632a97798a2ea1f4cd4a66b14f7cfc4\transformed\vectordrawable-1.1.0\AndroidManifest.xml;C:\Users\colbykids\.gradle\caches\8.9\transforms\2cf8dd60e57bad7e988f1dfdcd3ed772\transformed\vectordrawable-animated-1.1.0\jars\classes.jar;C:\Users\colbykids\.gradle\caches\8.9\transforms\2cf8dd60e57bad7e988f1dfdcd3ed772\transformed\vectordrawable-animated-1.1.0\AndroidManifest.xml;C:\Users\colbykids\.gradle\caches\8.9\transforms\cc48503f716dfc745c7f0be4ce064baf\transformed\interpolator-1.0.0\AndroidManifest.xml;C:\Users\colbykids\.gradle\caches\8.9\transforms\cc48503f716dfc745c7f0be4ce064baf\transformed\interpolator-1.0.0\jars\classes.jar;C:\Users\colbykids\.gradle\caches\8.9\transforms\ccfc8ea5283021b24a21d84541603835\transformed\cursoradapter-1.0.0\jars\classes.jar;C:\Users\colbykids\.gradle\caches\8.9\transforms\ccfc8ea5283021b24a21d84541603835\transformed\cursoradapter-1.0.0\AndroidManifest.xml;C:\Users\colbykids\.gradle\caches\8.9\transforms\9a22d748a065e9ca363083e6a7a6ed78\transformed\drawerlayout-1.1.1\jars\classes.jar;C:\Users\colbykids\.gradle\caches\8.9\transforms\9a22d748a065e9ca363083e6a7a6ed78\transformed\drawerlayout-1.1.1\res;C:\Users\colbykids\.gradle\caches\8.9\transforms\9a22d748a065e9ca363083e6a7a6ed78\transformed\drawerlayout-1.1.1\AndroidManifest.xml;C:\Users\colbykids\.gradle\caches\8.9\transforms\662813ab57a911f930e1866d6588aadb\transformed\customview-1.1.0\jars\classes.jar;C:\Users\colbykids\.gradle\caches\8.9\transforms\662813ab57a911f930e1866d6588aadb\transformed\customview-1.1.0\AndroidManifest.xml;C:\Users\colbykids\.gradle\caches\8.9\transforms\9b1174063100de3658a0419c11efd618\transformed\fragment-1.5.4\res;C:\Users\colbykids\.gradle\caches\8.9\transforms\9b1174063100de3658a0419c11efd618\transformed\fragment-1.5.4\AndroidManifest.xml;C:\Users\colbykids\.gradle\caches\8.9\transforms\9b1174063100de3658a0419c11efd618\transformed\fragment-1.5.4\jars\classes.jar;C:\Users\colbykids\.gradle\caches\8.9\transforms\19cb8b6bc7447cc96b61f20dfdebf12d\transformed\loader-1.0.0\AndroidManifest.xml;C:\Users\colbykids\.gradle\caches\8.9\transforms\19cb8b6bc7447cc96b61f20dfdebf12d\transformed\loader-1.0.0\jars\classes.jar;C:\Users\colbykids\.gradle\caches\8.9\transforms\c0fca02a4f5d08d1c0555c01de596af3\transformed\lifecycle-livedata-2.6.2\res;C:\Users\colbykids\.gradle\caches\8.9\transforms\c0fca02a4f5d08d1c0555c01de596af3\transformed\lifecycle-livedata-2.6.2\AndroidManifest.xml;C:\Users\colbykids\.gradle\caches\8.9\transforms\c0fca02a4f5d08d1c0555c01de596af3\transformed\lifecycle-livedata-2.6.2\jars\classes.jar;C:\Users\colbykids\.gradle\caches\8.9\transforms\4bf157bdfdf8bc531cbfd974a5359aaf\transformed\core-runtime-2.2.0\jars\classes.jar;C:\Users\colbykids\.gradle\caches\8.9\transforms\4bf157bdfdf8bc531cbfd974a5359aaf\transformed\core-runtime-2.2.0\res;C:\Users\colbykids\.gradle\caches\8.9\transforms\4bf157bdfdf8bc531cbfd974a5359aaf\transformed\core-runtime-2.2.0\AndroidManifest.xml;C:\Users\colbykids\.gradle\caches\8.9\transforms\1bcaa2ede5ab6e4954659745cf72ec3e\transformed\viewpager-1.0.0\AndroidManifest.xml;C:\Users\colbykids\.gradle\caches\8.9\transforms\1bcaa2ede5ab6e4954659745cf72ec3e\transformed\viewpager-1.0.0\jars\classes.jar;C:\Users\colbykids\.gradle\caches\8.9\transforms\cca29247e5a6b55eaa6dff872922be0d\transformed\material-1.12.0\res;C:\Users\colbykids\.gradle\caches\8.9\transforms\cca29247e5a6b55eaa6dff872922be0d\transformed\material-1.12.0\AndroidManifest.xml;C:\Users\colbykids\.gradle\caches\8.9\transforms\cca29247e5a6b55eaa6dff872922be0d\transformed\material-1.12.0\jars\classes.jar;C:\Users\colbykids\.gradle\caches\8.9\transforms\4e57512d6d72e239863885c25450f9d8\transformed\cardview-1.0.0\jars\classes.jar;C:\Users\colbykids\.gradle\caches\8.9\transforms\4e57512d6d72e239863885c25450f9d8\transformed\cardview-1.0.0\AndroidManifest.xml;C:\Users\colbykids\.gradle\caches\8.9\transforms\4e57512d6d72e239863885c25450f9d8\transformed\cardview-1.0.0\res;C:\Users\colbykids\.gradle\caches\8.9\transforms\f1b08338f5c92069d7338dcc0e991b75\transformed\coordinatorlayout-1.1.0\jars\classes.jar;C:\Users\colbykids\.gradle\caches\8.9\transforms\f1b08338f5c92069d7338dcc0e991b75\transformed\coordinatorlayout-1.1.0\AndroidManifest.xml;C:\Users\colbykids\.gradle\caches\8.9\transforms\f1b08338f5c92069d7338dcc0e991b75\transformed\coordinatorlayout-1.1.0\res;C:\Users\colbykids\.gradle\caches\8.9\transforms\a05861292fbb5027f82a3c5c6752e7f6\transformed\constraintlayout-2.0.1\AndroidManifest.xml;C:\Users\colbykids\.gradle\caches\8.9\transforms\a05861292fbb5027f82a3c5c6752e7f6\transformed\constraintlayout-2.0.1\jars\classes.jar;C:\Users\colbykids\.gradle\caches\8.9\transforms\a05861292fbb5027f82a3c5c6752e7f6\transformed\constraintlayout-2.0.1\res;C:\Users\colbykids\.gradle\caches\8.9\transforms\aa78789e7578ca98167b9414149fcc88\transformed\dynamicanimation-1.0.0\jars\classes.jar;C:\Users\colbykids\.gradle\caches\8.9\transforms\aa78789e7578ca98167b9414149fcc88\transformed\dynamicanimation-1.0.0\AndroidManifest.xml;C:\Users\colbykids\.gradle\caches\8.9\transforms\8d8d1cbf8c89f4917dfeabbc329fe734\transformed\legacy-support-core-utils-1.0.0\jars\classes.jar;C:\Users\colbykids\.gradle\caches\8.9\transforms\8d8d1cbf8c89f4917dfeabbc329fe734\transformed\legacy-support-core-utils-1.0.0\AndroidManifest.xml;C:\Users\colbykids\.gradle\caches\8.9\transforms\852b159b342ffb5f9e175ad41830cdc8\transformed\documentfile-1.0.0\jars\classes.jar;C:\Users\colbykids\.gradle\caches\8.9\transforms\852b159b342ffb5f9e175ad41830cdc8\transformed\documentfile-1.0.0\AndroidManifest.xml;C:\Users\colbykids\.gradle\caches\8.9\transforms\7916f4232e0b320af68b7fa820a6e606\transformed\localbroadcastmanager-1.0.0\AndroidManifest.xml;C:\Users\colbykids\.gradle\caches\8.9\transforms\7916f4232e0b320af68b7fa820a6e606\transformed\localbroadcastmanager-1.0.0\jars\classes.jar;C:\Users\colbykids\.gradle\caches\8.9\transforms\a86439336260d0ee7ac25717caa3613b\transformed\print-1.0.0\AndroidManifest.xml;C:\Users\colbykids\.gradle\caches\8.9\transforms\a86439336260d0ee7ac25717caa3613b\transformed\print-1.0.0\jars\classes.jar;C:\Users\colbykids\.gradle\caches\8.9\transforms\4f74beb9f98bd6f74b7869a6918d7440\transformed\recyclerview-1.1.0\jars\classes.jar;C:\Users\colbykids\.gradle\caches\8.9\transforms\4f74beb9f98bd6f74b7869a6918d7440\transformed\recyclerview-1.1.0\AndroidManifest.xml;C:\Users\colbykids\.gradle\caches\8.9\transforms\4f74beb9f98bd6f74b7869a6918d7440\transformed\recyclerview-1.1.0\res;C:\Users\colbykids\.gradle\caches\8.9\transforms\bfe5d56a0b151afab481f2cc1ddc3007\transformed\transition-1.5.0\jars\classes.jar;C:\Users\colbykids\.gradle\caches\8.9\transforms\bfe5d56a0b151afab481f2cc1ddc3007\transformed\transition-1.5.0\AndroidManifest.xml;C:\Users\colbykids\.gradle\caches\8.9\transforms\bfe5d56a0b151afab481f2cc1ddc3007\transformed\transition-1.5.0\res;C:\Users\colbykids\.gradle\caches\8.9\transforms\44e405b99747bcdc48c35194a041a4d9\transformed\viewpager2-1.0.0\res;C:\Users\colbykids\.gradle\caches\8.9\transforms\44e405b99747bcdc48c35194a041a4d9\transformed\viewpager2-1.0.0\jars\classes.jar;C:\Users\colbykids\.gradle\caches\8.9\transforms\44e405b99747bcdc48c35194a041a4d9\transformed\viewpager2-1.0.0\AndroidManifest.xml;C:\Users\colbykids\.gradle\caches\modules-2\files-2.1\org.jetbrains.kotlin\kotlin-stdlib\1.9.24\9928532f12c66ad816a625b3f9984f8368ca6d2b\kotlin-stdlib-1.9.24.jar;C:\Users\colbykids\.gradle\caches\modules-2\files-2.1\org.jetbrains\annotations\13.0\919f0dfe192fb4e063e7dacadee7f8bb9a2672a9\annotations-13.0.jar;C:\Users\colbykids\.gradle\caches\modules-2\files-2.1\androidx.annotation\annotation-jvm\1.8.1\b8a16fe526014b7941c1debaccaf9c5153692dbb\annotation-jvm-1.8.1.jar;C:\Users\colbykids\.gradle\caches\modules-2\files-2.1\androidx.arch.core\core-common\2.2.0\5e1b8b81dfd5f52c56a8d53b18ca759c19a301f3\core-common-2.2.0.jar;C:\Users\colbykids\.gradle\caches\modules-2\files-2.1\androidx.lifecycle\lifecycle-common\2.6.2\10f354fdb64868baecd67128560c5a0d6312c495\lifecycle-common-2.6.2.jar;C:\Users\colbykids\.gradle\caches\modules-2\files-2.1\org.jetbrains.kotlinx\kotlinx-coroutines-android\1.6.4\f955fc8b2ad196e2f4429598440e15f7492eeb2b\kotlinx-coroutines-android-1.6.4.jar;C:\Users\colbykids\.gradle\caches\modules-2\files-2.1\org.jetbrains.kotlinx\kotlinx-coroutines-core-jvm\1.6.4\2c997cd1c0ef33f3e751d3831929aeff1390cb30\kotlinx-coroutines-core-jvm-1.6.4.jar;C:\Users\colbykids\.gradle\caches\modules-2\files-2.1\org.jetbrains.kotlin\kotlin-stdlib-jdk8\1.8.22\b25c86d47d6b962b9cf0f8c3f320c8a10eea3dd1\kotlin-stdlib-jdk8-1.8.22.jar;C:\Users\colbykids\.gradle\caches\modules-2\files-2.1\org.jetbrains.kotlin\kotlin-stdlib-jdk7\1.8.22\4dabb8248310d833bb6a8b516024a91fd3d275c\kotlin-stdlib-jdk7-1.8.22.jar;C:\Users\colbykids\.gradle\caches\modules-2\files-2.1\androidx.collection\collection-jvm\1.4.2\bc60b5568a66d765a9fe8e266fd0c6c727e0b50b\collection-jvm-1.4.2.jar;C:\Users\colbykids\.gradle\caches\modules-2\files-2.1\androidx.constraintlayout\constraintlayout-solver\2.0.1\30988fe2d77f3fe3bf7551bb8a8b795fad7e7226\constraintlayout-solver-2.0.1.jar;C:\Users\colbykids\.gradle\caches\modules-2\files-2.1\androidx.resourceinspection\resourceinspection-annotation\1.0.1\8c21f8ff5d96d5d52c948707f7e4d6ca6773feef\resourceinspection-annotation-1.0.1.jar
Launcher Type: SUN_STANDARD

[Global flags]
     intx CICompilerCount                          = 12                                        {product} {ergonomic}
     uint ConcGCThreads                            = 3                                         {product} {ergonomic}
     uint G1ConcRefinementThreads                  = 13                                        {product} {ergonomic}
   size_t G1HeapRegionSize                         = 4194304                                   {product} {ergonomic}
    uintx GCDrainStackTargetSize                   = 64                                        {product} {ergonomic}
   size_t InitialHeapSize                          = 536870912                                 {product} {ergonomic}
   size_t MarkStackSize                            = 4194304                                   {product} {ergonomic}
   size_t MaxHeapSize                              = 8564768768                                {product} {ergonomic}
   size_t MaxNewSize                               = 5138022400                                {product} {ergonomic}
   size_t MinHeapDeltaBytes                        = 4194304                                   {product} {ergonomic}
   size_t MinHeapSize                              = 8388608                                   {product} {ergonomic}
    uintx NonNMethodCodeHeapSize                   = 7602480                                {pd product} {ergonomic}
    uintx NonProfiledCodeHeapSize                  = 122027880                              {pd product} {ergonomic}
    uintx ProfiledCodeHeapSize                     = 122027880                              {pd product} {ergonomic}
    uintx ReservedCodeCacheSize                    = 251658240                              {pd product} {ergonomic}
     bool SegmentedCodeCache                       = true                                      {product} {ergonomic}
   size_t SoftMaxHeapSize                          = 8564768768                             {manageable} {ergonomic}
     bool UseCompressedOops                        = true                           {product lp64_product} {ergonomic}
     bool UseG1GC                                  = true                                      {product} {ergonomic}
     bool UseLargePagesIndividualAllocation        = false                                  {pd product} {ergonomic}

Logging:
Log output configuration:
 #0: stdout all=warning uptime,level,tags foldmultilines=false
 #1: stderr all=off uptime,level,tags foldmultilines=false

Environment Variables:
JAVA_HOME=C:\Users\colbykids\AppData\Local\Programs\Eclipse Adoptium\jdk-17.0.8.101-hotspot\
PATH=C:\Program Files (x86)\Common Files\Oracle\Java\javapath;C:\Windows\system32;C:\Windows;C:\Windows\System32\Wbem;C:\Windows\System32\WindowsPowerShell\v1.0\;C:\Windows\System32\OpenSSH\;C:\Program Files (x86)\IVI Foundation\VISA\WinNT\Bin;C:\Program Files\Git LFS;C:\Program Files (x86)\NVIDIA Corporation\PhysX\Common;C:\Program Files\NVIDIA Corporation\NVIDIA NvDLISR;C:\Program Files\spwn\;C:\Program Files\dotnet\;C:\Program Files\nodejs\;C:\Program Files\Git\cmd;C:\Program Files\CMake\bin;C:\Program Files\komorebi\bin\;C:\Program Files\whkd\bin\;C:\opencv\build\x64\vc16\bin;C:\opencv\build\x64\vc16\lib;C:\Program Files\Neovim\bin;C:\Users\colbykids\AppData\Local\Programs\Python\Python312\Scripts\;C:\Users\colbykids\AppData\Local\Programs\Python\Python312\;C:\Users\colbykids\AppData\Local\Programs\Python\Launcher\;C:\Users\colbykids\AppData\Local\Programs\Eclipse Adoptium\jdk-17.0.8.101-hotspot\bin;C:\Users\colbykids\AppData\Local\Microsoft\WindowsApps;C:\Users\colbykids\AppData\Local\GitHubDesktop\bin;C:\Users\colbykids\AppData\Local\Programs\Microsoft VS Code\bin;C:\Users\colbykids\.dotnet\tools;C:\Program Files\Neovim\bin;C:\raylib\w64devkit\bin;C:\Users\colbykids\AppData\Roaming\npm
USERNAME=colbykids
OS=Windows_NT
PROCESSOR_IDENTIFIER=Intel64 Family 6 Model 165 Stepping 5, GenuineIntel
TMP=C:\Users\COLBYK~1\AppData\Local\Temp
TEMP=C:\Users\COLBYK~1\AppData\Local\Temp




Periodic native trim disabled

JNI global refs:
JNI global refs: 23, weak refs: 0

JNI global refs memory usage: 835, weak refs: 201

Process memory usage:
Resident Set Size: 52708K (0% of 33442968K total physical memory with 5412596K free physical memory)

OOME stack traces (most recent first):
Classloader memory used:
Loader bootstrap                                                                       : 7641K
Loader jdk.internal.loader.ClassLoaders$AppClassLoader                                 : 102K

---------------  S Y S T E M  ---------------

OS:
 Windows 10 , 64 bit Build 19041 (10.0.19041.5198)
OS uptime: 12 days 21:32 hours

CPU: total 16 (initial active 16) (8 cores per cpu, 2 threads per core) family 6 model 165 stepping 5 microcode 0xc8, cx8, cmov, fxsr, ht, mmx, 3dnowpref, sse, sse2, sse3, ssse3, sse4.1, sse4.2, popcnt, lzcnt, tsc, tscinvbit, avx, avx2, aes, erms, clmul, bmi1, bmi2, adx, fma, vzeroupper, clflush, clflushopt, rdtscp, f16c, pku
Processor Information for all 16 processors :
  Max Mhz: 3792, Current Mhz: 3792, Mhz Limit: 3792

Memory: 4k page, system-wide physical 32659M (5285M free)
TotalPageFile size 60307M (AvailPageFile size 21983M)
current process WorkingSet (physical memory assigned to process): 51M, peak: 51M
current process commit charge ("private bytes"): 617M, peak: 617M

vm_info: OpenJDK 64-Bit Server VM (21.0.3+-12282718-b509.11) for windows-amd64 JRE (21.0.3+-12282718-b509.11), built on 2024-08-27T17:34:15Z by "builder" with MS VC++ 16.10 / 16.11 (VS2019)

END.
