#
# A fatal error has been detected by the Java Runtime Environment:
#
#  EXCEPTION_ACCESS_VIOLATION (0xc0000005) at pc=0x00007ff9d27669d2, pid=19060, tid=21812
#
# JRE version: OpenJDK Runtime Environment (21.0.3) (build 21.0.3+-12282718-b509.11)
# Java VM: OpenJDK 64-Bit Server VM (21.0.3+-12282718-b509.11, mixed mode, tiered, compressed oops, compressed class ptrs, g1 gc, windows-amd64)
# Problematic frame:
# C  [dynamicopmodeloader.dll+0x469d2]
#
# No core dump will be written. Minidumps are not enabled by default on client versions of Windows
#
# If you would like to submit a bug report, please visit:
#   https://youtrack.jetbrains.com/issues/JBR
# The crash happened outside the Java Virtual Machine in native code.
# See problematic frame for where to report the bug.
#

---------------  S U M M A R Y ------------

Command Line: -javaagent:C:\Program Files\Android\Android Studio\lib\idea_rt.jar=55963:C:\Program Files\Android\Android Studio\bin -Dfile.encoding=UTF-8 com.minerkid08.dynamicopmodeloader.MainKt

Host: Intel(R) Core(TM) i7-10700K CPU @ 3.80GHz, 16 cores, 31G,  Windows 10 , 64 bit Build 19041 (10.0.19041.5198)
Time: Sun Jan 12 19:24:54 2025 Eastern Standard Time elapsed time: 0.180499 seconds (0d 0h 0m 0s)

---------------  T H R E A D  ---------------

Current thread (0x000001a0ad993530):  JavaThread "main"             [_thread_in_native, id=21812, stack(0x0000004b07d00000,0x0000004b07e00000) (1024K)]

Stack: [0x0000004b07d00000,0x0000004b07e00000],  sp=0x0000004b07dfe040,  free space=1016k
Native frames: (J=compiled Java code, j=interpreted, Vv=VM code, C=native code)
C  [dynamicopmodeloader.dll+0x469d2]

Java frames: (J=compiled Java code, j=interpreted, Vv=VM code)
j  com.minerkid08.dynamicopmodeloader.OpmodeLoader.internalInit(Lcom/minerkid08/dynamicopmodeloader/LuaStdlib;)[Ljava/lang/String;+0
j  com.minerkid08.dynamicopmodeloader.OpmodeLoader.init()[Ljava/lang/String;+5
j  com.minerkid08.dynamicopmodeloader.MainKt.main()V+14
j  com.minerkid08.dynamicopmodeloader.MainKt.main([Ljava/lang/String;)V+0
v  ~StubRoutines::call_stub 0x000001a0ba25100d

siginfo: EXCEPTION_ACCESS_VIOLATION (0xc0000005), reading address 0x0000000000000000


Registers:
RAX=0x0000004b07dfe0b0, RBX=0x0000004b07dfe1e8, RCX=0x0000000000000000, RDX=0x0000000000000000
RSP=0x0000004b07dfe040, RBP=0x00007ffa1499fa30, RSI=0x0000000000000000, RDI=0x0000000000006000
R8 =0x0000000000000000, R9 =0x0000000000000000, R10=0x0000000000000011, R11=0xfffc0000000003ff
R12=0x0000000000000000, R13=0x00007ff9d27725d0, R14=0x0000004b07dff3d8, R15=0x000001a0ad993530
RIP=0x00007ff9d27669d2, EFLAGS=0x0000000000010246


Register to memory mapping:

RAX=0x0000004b07dfe0b0 is pointing into the stack for thread: 0x000001a0ad993530
RBX=0x0000004b07dfe1e8 is pointing into the stack for thread: 0x000001a0ad993530
RCX=0x0 is null
RDX=0x0 is null
RSP=0x0000004b07dfe040 is pointing into the stack for thread: 0x000001a0ad993530
RBP=0x00007ffa1499fa30 msvcrt.dll
RSI=0x0 is null
RDI=0x0000000000006000 is an unknown value
R8 =0x0 is null
R9 =0x0 is null
R10=0x0000000000000011 is an unknown value
R11=0xfffc0000000003ff is an unknown value
R12=0x0 is null
R13=0x00007ff9d27725d0 dynamicopmodeloader.dll
R14=0x0000004b07dff3d8 is pointing into the stack for thread: 0x000001a0ad993530
R15=0x000001a0ad993530 is a thread

Top of Stack: (sp=0x0000004b07dfe040)
0x0000004b07dfe040:   000001a0adcdddc0 000000000000000d
0x0000004b07dfe050:   0000000000000080 000001a0adcddee0
0x0000004b07dfe060:   0000000000000000 0000000000000101
0x0000004b07dfe070:   0000000000000101 0000004b07dfe0b0
0x0000004b07dfe080:   000001a0ad993530 0000004b07dff3d8
0x0000004b07dfe090:   000001a0d0708160 0000000000000000
0x0000004b07dfe0a0:   0000000000000040 000000000000000c
0x0000004b07dfe0b0:   00007ffa1499fa30 ffffffff00006000
0x0000004b07dfe0c0:   fffffffdffffffff 00000000d2760000
0x0000004b07dfe0d0:   0000000000000000 ffffffff00000000
0x0000004b07dfe0e0:   0000000000000000 00007ffa1499fa30
0x0000004b07dfe0f0:   0000004b07dfe1e8 000001a0d0371340
0x0000004b07dfe100:   0000004b07dfe1c0 0000000000000000
0x0000004b07dfe110:   000001a0d0708160 0000004b07dff3d8
0x0000004b07dfe120:   000001a0ad993530 00007ff9d2762d50
0x0000004b07dfe130:   0000000000000010 0000000000000010
0x0000004b07dfe140:   0000004b07dfe180 0000000000000000
0x0000004b07dfe150:   0000004b07dfe1e8 00007ff9d2769acc
0x0000004b07dfe160:   0000000000000000 0000000000000040
0x0000004b07dfe170:   000001a0adcdb2a0 0000004b07dfe1e8
0x0000004b07dfe180:   000000000000000c 00007ff9d2721487
0x0000004b07dfe190:   0000004b07dfe1d0 0000000000000000
0x0000004b07dfe1a0:   000001a0adcdb1d8 00000000ffffffff
0x0000004b07dfe1b0:   0000004b07dfe1e8 000001a0adcde730
0x0000004b07dfe1c0:   0000004b07dfe200 000001a0d0708160
0x0000004b07dfe1d0:   0000004b07dfe200 00007ff9d27214bf
0x0000004b07dfe1e0:   0000000000000000 fffffffffffffff0
0x0000004b07dfe1f0:   0000000000000000 0000000000000018
0x0000004b07dfe200:   0000004b07dfe260 00007ff9d27325d6
0x0000004b07dfe210:   000001a0adcdb1d8 000001a0adcd92f0
0x0000004b07dfe220:   0000000000000000 0000000000000002
0x0000004b07dfe230:   000001a0adcd9450 000001a0adcdddc0 

Instructions: (pc=0x00007ff9d27669d2)
0x00007ff9d27668d2:   89 da b9 20 00 00 00 e8 59 f1 ff ff eb e4 85 c0
0x00007ff9d27668e2:   74 07 8b 43 10 ff c8 eb 14 48 89 f1 44 89 44 24
0x00007ff9d27668f2:   3c e8 90 39 00 00 44 8b 44 24 3c ff c8 89 43 10
0x00007ff9d2766902:   49 89 d9 48 89 f2 89 f9 e8 cb fd ff ff 48 89 f1
0x00007ff9d2766912:   e8 70 09 00 00 90 48 83 c4 60 5b 5e 5f c3 41 57
0x00007ff9d2766922:   41 56 41 55 41 54 55 57 56 53 48 81 ec a8 00 00
0x00007ff9d2766932:   00 4c 8d 2d 96 bc 00 00 48 8b 9c 24 10 01 00 00
0x00007ff9d2766942:   89 cf 44 89 c6 4c 89 8c 24 08 01 00 00 48 89 d5
0x00007ff9d2766952:   e8 29 37 00 00 81 e7 00 60 00 00 31 c9 45 31 c0
0x00007ff9d2766962:   8b 00 48 89 6c 24 70 89 7c 24 78 4c 8b 8c 24 08
0x00007ff9d2766972:   01 00 00 89 44 24 34 48 b8 ff ff ff ff fd ff ff
0x00007ff9d2766982:   ff 48 89 84 24 80 00 00 00 48 8d 44 24 70 c7 44
0x00007ff9d2766992:   24 7c ff ff ff ff 66 c7 84 24 88 00 00 00 00 00
0x00007ff9d27669a2:   89 8c 24 8c 00 00 00 66 c7 84 24 90 00 00 00 00
0x00007ff9d27669b2:   00 44 89 84 24 94 00 00 00 89 b4 24 98 00 00 00
0x00007ff9d27669c2:   c7 84 24 9c 00 00 00 ff ff ff ff 48 89 44 24 38
0x00007ff9d27669d2:   41 0f be 09 4d 8d 61 01 85 c9 0f 84 d5 06 00 00
0x00007ff9d27669e2:   83 f9 25 0f 85 ba 06 00 00 89 7c 24 78 4d 89 e1
0x00007ff9d27669f2:   4c 8d 7c 24 7c 45 31 f6 48 c7 44 24 7c ff ff ff
0x00007ff9d2766a02:   ff 31 f6 41 0f be 09 49 8d 69 01 89 c8 84 c9 74
0x00007ff9d2766a12:   bf 8d 50 e0 80 fa 5a 0f 87 01 06 00 00 0f b6 d2
0x00007ff9d2766a22:   49 63 54 95 00 4c 01 ea ff e2 48 8d 54 24 70 b9
0x00007ff9d2766a32:   25 00 00 00 e8 fc ef ff ff e9 5d 06 00 00 41 be
0x00007ff9d2766a42:   02 00 00 00 45 8d 56 fe 8b 03 4c 8d 44 24 70 c7
0x00007ff9d2766a52:   84 24 80 00 00 00 ff ff ff ff 41 83 fa 01 48 8d
0x00007ff9d2766a62:   4c 24 60 77 0c 66 89 44 24 60 ba 01 00 00 00 eb
0x00007ff9d2766a72:   61 ba 01 00 00 00 88 44 24 60 e8 cd f0 ff ff e9
0x00007ff9d2766a82:   13 06 00 00 41 be 02 00 00 00 45 8d 56 fe 4c 8d
0x00007ff9d2766a92:   44 24 70 41 83 fa 01 77 43 48 8b 33 48 85 f6 75
0x00007ff9d2766aa2:   07 48 8d 35 0e bb 00 00 48 63 94 24 80 00 00 00
0x00007ff9d2766ab2:   4c 89 44 24 20 48 89 f1 85 d2 78 07 e8 6d 2e 00
0x00007ff9d2766ac2:   00 eb 05 e8 2e 38 00 00 4c 8b 44 24 20 89 c2 48 


Stack slot to memory mapping:

stack at sp + 0 slots: 0x000001a0adcdddc0 points into unknown readable memory: 0x0000000000000000 | 00 00 00 00 00 00 00 00
stack at sp + 1 slots: 0x000000000000000d is an unknown value
stack at sp + 2 slots: 0x0000000000000080 is an unknown value
stack at sp + 3 slots: 0x000001a0adcddee0 points into unknown readable memory: 0x0302010e0302010d | 0d 01 02 03 0e 01 02 03
stack at sp + 4 slots: 0x0 is null
stack at sp + 5 slots: 0x0000000000000101 is an unknown value
stack at sp + 6 slots: 0x0000000000000101 is an unknown value
stack at sp + 7 slots: 0x0000004b07dfe0b0 is pointing into the stack for thread: 0x000001a0ad993530


---------------  P R O C E S S  ---------------

Threads class SMR info:
_java_thread_list=0x000001a0d41bd230, length=17, elements={
0x000001a0ad993530, 0x000001a0cf8dc850, 0x000001a0cf8dd380, 0x000001a0cf9004e0,
0x000001a0cf8e0dd0, 0x000001a0cf8fe130, 0x000001a0cf908b60, 0x000001a0cf9091d0,
0x000001a0cf909880, 0x000001a0cfa75e30, 0x000001a0cfac7310, 0x000001a0cfac79c0,
0x000001a0cfac8680, 0x000001a0cfbd8ef0, 0x000001a0cfbdccf0, 0x000001a0d41bbda0,
0x000001a0d41bca20
}

Java Threads: ( => current thread )
=>0x000001a0ad993530 JavaThread "main"                              [_thread_in_native, id=21812, stack(0x0000004b07d00000,0x0000004b07e00000) (1024K)]
  0x000001a0cf8dc850 JavaThread "Reference Handler"          daemon [_thread_blocked, id=17784, stack(0x0000004b08500000,0x0000004b08600000) (1024K)]
  0x000001a0cf8dd380 JavaThread "Finalizer"                  daemon [_thread_blocked, id=12120, stack(0x0000004b08600000,0x0000004b08700000) (1024K)]
  0x000001a0cf9004e0 JavaThread "Signal Dispatcher"          daemon [_thread_blocked, id=18804, stack(0x0000004b08700000,0x0000004b08800000) (1024K)]
  0x000001a0cf8e0dd0 JavaThread "Attach Listener"            daemon [_thread_blocked, id=20424, stack(0x0000004b08800000,0x0000004b08900000) (1024K)]
  0x000001a0cf8fe130 JavaThread "Service Thread"             daemon [_thread_blocked, id=9884, stack(0x0000004b08900000,0x0000004b08a00000) (1024K)]
  0x000001a0cf908b60 JavaThread "Monitor Deflation Thread"   daemon [_thread_blocked, id=1224, stack(0x0000004b08a00000,0x0000004b08b00000) (1024K)]
  0x000001a0cf9091d0 JavaThread "C2 CompilerThread0"         daemon [_thread_blocked, id=22092, stack(0x0000004b08b00000,0x0000004b08c00000) (1024K)]
  0x000001a0cf909880 JavaThread "C1 CompilerThread0"         daemon [_thread_blocked, id=22348, stack(0x0000004b08c00000,0x0000004b08d00000) (1024K)]
  0x000001a0cfa75e30 JavaThread "Common-Cleaner"             daemon [_thread_blocked, id=21492, stack(0x0000004b08d00000,0x0000004b08e00000) (1024K)]
  0x000001a0cfac7310 JavaThread "C1 CompilerThread1"         daemon [_thread_blocked, id=16784, stack(0x0000004b08e00000,0x0000004b08f00000) (1024K)]
  0x000001a0cfac79c0 JavaThread "C1 CompilerThread2"         daemon [_thread_blocked, id=19076, stack(0x0000004b08f00000,0x0000004b09000000) (1024K)]
  0x000001a0cfac8680 JavaThread "C1 CompilerThread3"         daemon [_thread_blocked, id=16328, stack(0x0000004b09000000,0x0000004b09100000) (1024K)]
  0x000001a0cfbd8ef0 JavaThread "C2 CompilerThread1"         daemon [_thread_blocked, id=12836, stack(0x0000004b09100000,0x0000004b09200000) (1024K)]
  0x000001a0cfbdccf0 JavaThread "C2 CompilerThread2"         daemon [_thread_blocked, id=5824, stack(0x0000004b09200000,0x0000004b09300000) (1024K)]
  0x000001a0d41bbda0 JavaThread "Monitor Ctrl-Break"         daemon [_thread_in_native, id=22228, stack(0x0000004b09300000,0x0000004b09400000) (1024K)]
  0x000001a0d41bca20 JavaThread "Notification Thread"        daemon [_thread_blocked, id=20092, stack(0x0000004b09400000,0x0000004b09500000) (1024K)]
Total: 17

Other Threads:
  0x000001a0cf839ce0 VMThread "VM Thread"                           [id=22740, stack(0x0000004b08400000,0x0000004b08500000) (1024K)]
  0x000001a0cc8f8650 WatcherThread "VM Periodic Task Thread"        [id=22184, stack(0x0000004b08300000,0x0000004b08400000) (1024K)]
  0x000001a0afd2c1e0 WorkerThread "GC Thread#0"                     [id=21192, stack(0x0000004b07e00000,0x0000004b07f00000) (1024K)]
  0x000001a0afd3d180 ConcurrentGCThread "G1 Main Marker"            [id=4564, stack(0x0000004b07f00000,0x0000004b08000000) (1024K)]
  0x000001a0afd3dc80 WorkerThread "G1 Conc#0"                       [id=20284, stack(0x0000004b08000000,0x0000004b08100000) (1024K)]
  0x000001a0cc7b86a0 ConcurrentGCThread "G1 Refine#0"               [id=23424, stack(0x0000004b08100000,0x0000004b08200000) (1024K)]
  0x000001a0cc7bae30 ConcurrentGCThread "G1 Service"                [id=21756, stack(0x0000004b08200000,0x0000004b08300000) (1024K)]
Total: 7

Threads with active compile tasks:
Total: 0

VM state: not at safepoint (normal execution)

VM Mutex/Monitor currently owned by a thread: None

Heap address: 0x0000000601800000, size: 8168 MB, Compressed Oops mode: Zero based, Oop shift amount: 3

CDS archive(s) not mapped
Compressed class space mapped at: 0x0000000800000000-0x0000000840000000, reserved size: 1073741824
Narrow klass base: 0x0000000800000000, Narrow klass shift: 0, Narrow klass range: 0x40000000

GC Precious Log:
 CardTable entry size: 512
 Card Set container configuration: InlinePtr #cards 4 size 8 Array Of Cards #cards 32 size 80 Howl #buckets 8 coarsen threshold 7372 Howl Bitmap #cards 1024 size 144 coarsen threshold 921 Card regions per heap region 1 cards per card region 8192
 CPUs: 16 total, 16 available
 Memory: 32659M
 Large Page Support: Disabled
 NUMA Support: Disabled
 Compressed Oops: Enabled (Zero based)
 Heap Region Size: 4M
 Heap Min Capacity: 8M
 Heap Initial Capacity: 512M
 Heap Max Capacity: 8168M
 Pre-touch: Disabled
 Parallel Workers: 13
 Concurrent Workers: 3
 Concurrent Refinement Workers: 13
 Periodic GC: Disabled

Heap:
 garbage-first heap   total 524288K, used 4096K [0x0000000601800000, 0x0000000800000000)
  region size 4096K, 3 young (12288K), 0 survivors (0K)
 Metaspace       used 7588K, committed 7744K, reserved 1114112K
  class space    used 674K, committed 768K, reserved 1048576K

Heap Regions: E=young(eden), S=young(survivor), O=old, HS=humongous(starts), HC=humongous(continues), CS=collection set, F=free, TAMS=top-at-mark-start, PB=parsable bottom
|   0|0x0000000601800000, 0x0000000601800000, 0x0000000601c00000|  0%| F|  |TAMS 0x0000000601800000| PB 0x0000000601800000| Untracked 
|   1|0x0000000601c00000, 0x0000000601c00000, 0x0000000602000000|  0%| F|  |TAMS 0x0000000601c00000| PB 0x0000000601c00000| Untracked 
|   2|0x0000000602000000, 0x0000000602000000, 0x0000000602400000|  0%| F|  |TAMS 0x0000000602000000| PB 0x0000000602000000| Untracked 
|   3|0x0000000602400000, 0x0000000602400000, 0x0000000602800000|  0%| F|  |TAMS 0x0000000602400000| PB 0x0000000602400000| Untracked 
|   4|0x0000000602800000, 0x0000000602800000, 0x0000000602c00000|  0%| F|  |TAMS 0x0000000602800000| PB 0x0000000602800000| Untracked 
|   5|0x0000000602c00000, 0x0000000602c00000, 0x0000000603000000|  0%| F|  |TAMS 0x0000000602c00000| PB 0x0000000602c00000| Untracked 
|   6|0x0000000603000000, 0x0000000603000000, 0x0000000603400000|  0%| F|  |TAMS 0x0000000603000000| PB 0x0000000603000000| Untracked 
|   7|0x0000000603400000, 0x0000000603400000, 0x0000000603800000|  0%| F|  |TAMS 0x0000000603400000| PB 0x0000000603400000| Untracked 
|   8|0x0000000603800000, 0x0000000603800000, 0x0000000603c00000|  0%| F|  |TAMS 0x0000000603800000| PB 0x0000000603800000| Untracked 
|   9|0x0000000603c00000, 0x0000000603c00000, 0x0000000604000000|  0%| F|  |TAMS 0x0000000603c00000| PB 0x0000000603c00000| Untracked 
|  10|0x0000000604000000, 0x0000000604000000, 0x0000000604400000|  0%| F|  |TAMS 0x0000000604000000| PB 0x0000000604000000| Untracked 
|  11|0x0000000604400000, 0x0000000604400000, 0x0000000604800000|  0%| F|  |TAMS 0x0000000604400000| PB 0x0000000604400000| Untracked 
|  12|0x0000000604800000, 0x0000000604800000, 0x0000000604c00000|  0%| F|  |TAMS 0x0000000604800000| PB 0x0000000604800000| Untracked 
|  13|0x0000000604c00000, 0x0000000604c00000, 0x0000000605000000|  0%| F|  |TAMS 0x0000000604c00000| PB 0x0000000604c00000| Untracked 
|  14|0x0000000605000000, 0x0000000605000000, 0x0000000605400000|  0%| F|  |TAMS 0x0000000605000000| PB 0x0000000605000000| Untracked 
|  15|0x0000000605400000, 0x0000000605400000, 0x0000000605800000|  0%| F|  |TAMS 0x0000000605400000| PB 0x0000000605400000| Untracked 
|  16|0x0000000605800000, 0x0000000605800000, 0x0000000605c00000|  0%| F|  |TAMS 0x0000000605800000| PB 0x0000000605800000| Untracked 
|  17|0x0000000605c00000, 0x0000000605c00000, 0x0000000606000000|  0%| F|  |TAMS 0x0000000605c00000| PB 0x0000000605c00000| Untracked 
|  18|0x0000000606000000, 0x0000000606000000, 0x0000000606400000|  0%| F|  |TAMS 0x0000000606000000| PB 0x0000000606000000| Untracked 
|  19|0x0000000606400000, 0x0000000606400000, 0x0000000606800000|  0%| F|  |TAMS 0x0000000606400000| PB 0x0000000606400000| Untracked 
|  20|0x0000000606800000, 0x0000000606800000, 0x0000000606c00000|  0%| F|  |TAMS 0x0000000606800000| PB 0x0000000606800000| Untracked 
|  21|0x0000000606c00000, 0x0000000606c00000, 0x0000000607000000|  0%| F|  |TAMS 0x0000000606c00000| PB 0x0000000606c00000| Untracked 
|  22|0x0000000607000000, 0x0000000607000000, 0x0000000607400000|  0%| F|  |TAMS 0x0000000607000000| PB 0x0000000607000000| Untracked 
|  23|0x0000000607400000, 0x0000000607400000, 0x0000000607800000|  0%| F|  |TAMS 0x0000000607400000| PB 0x0000000607400000| Untracked 
|  24|0x0000000607800000, 0x0000000607800000, 0x0000000607c00000|  0%| F|  |TAMS 0x0000000607800000| PB 0x0000000607800000| Untracked 
|  25|0x0000000607c00000, 0x0000000607c00000, 0x0000000608000000|  0%| F|  |TAMS 0x0000000607c00000| PB 0x0000000607c00000| Untracked 
|  26|0x0000000608000000, 0x0000000608000000, 0x0000000608400000|  0%| F|  |TAMS 0x0000000608000000| PB 0x0000000608000000| Untracked 
|  27|0x0000000608400000, 0x0000000608400000, 0x0000000608800000|  0%| F|  |TAMS 0x0000000608400000| PB 0x0000000608400000| Untracked 
|  28|0x0000000608800000, 0x0000000608800000, 0x0000000608c00000|  0%| F|  |TAMS 0x0000000608800000| PB 0x0000000608800000| Untracked 
|  29|0x0000000608c00000, 0x0000000608c00000, 0x0000000609000000|  0%| F|  |TAMS 0x0000000608c00000| PB 0x0000000608c00000| Untracked 
|  30|0x0000000609000000, 0x0000000609000000, 0x0000000609400000|  0%| F|  |TAMS 0x0000000609000000| PB 0x0000000609000000| Untracked 
|  31|0x0000000609400000, 0x0000000609400000, 0x0000000609800000|  0%| F|  |TAMS 0x0000000609400000| PB 0x0000000609400000| Untracked 
|  32|0x0000000609800000, 0x0000000609800000, 0x0000000609c00000|  0%| F|  |TAMS 0x0000000609800000| PB 0x0000000609800000| Untracked 
|  33|0x0000000609c00000, 0x0000000609c00000, 0x000000060a000000|  0%| F|  |TAMS 0x0000000609c00000| PB 0x0000000609c00000| Untracked 
|  34|0x000000060a000000, 0x000000060a000000, 0x000000060a400000|  0%| F|  |TAMS 0x000000060a000000| PB 0x000000060a000000| Untracked 
|  35|0x000000060a400000, 0x000000060a400000, 0x000000060a800000|  0%| F|  |TAMS 0x000000060a400000| PB 0x000000060a400000| Untracked 
|  36|0x000000060a800000, 0x000000060a800000, 0x000000060ac00000|  0%| F|  |TAMS 0x000000060a800000| PB 0x000000060a800000| Untracked 
|  37|0x000000060ac00000, 0x000000060ac00000, 0x000000060b000000|  0%| F|  |TAMS 0x000000060ac00000| PB 0x000000060ac00000| Untracked 
|  38|0x000000060b000000, 0x000000060b000000, 0x000000060b400000|  0%| F|  |TAMS 0x000000060b000000| PB 0x000000060b000000| Untracked 
|  39|0x000000060b400000, 0x000000060b400000, 0x000000060b800000|  0%| F|  |TAMS 0x000000060b400000| PB 0x000000060b400000| Untracked 
|  40|0x000000060b800000, 0x000000060b800000, 0x000000060bc00000|  0%| F|  |TAMS 0x000000060b800000| PB 0x000000060b800000| Untracked 
|  41|0x000000060bc00000, 0x000000060bc00000, 0x000000060c000000|  0%| F|  |TAMS 0x000000060bc00000| PB 0x000000060bc00000| Untracked 
|  42|0x000000060c000000, 0x000000060c000000, 0x000000060c400000|  0%| F|  |TAMS 0x000000060c000000| PB 0x000000060c000000| Untracked 
|  43|0x000000060c400000, 0x000000060c400000, 0x000000060c800000|  0%| F|  |TAMS 0x000000060c400000| PB 0x000000060c400000| Untracked 
|  44|0x000000060c800000, 0x000000060c800000, 0x000000060cc00000|  0%| F|  |TAMS 0x000000060c800000| PB 0x000000060c800000| Untracked 
|  45|0x000000060cc00000, 0x000000060cc00000, 0x000000060d000000|  0%| F|  |TAMS 0x000000060cc00000| PB 0x000000060cc00000| Untracked 
|  46|0x000000060d000000, 0x000000060d000000, 0x000000060d400000|  0%| F|  |TAMS 0x000000060d000000| PB 0x000000060d000000| Untracked 
|  47|0x000000060d400000, 0x000000060d400000, 0x000000060d800000|  0%| F|  |TAMS 0x000000060d400000| PB 0x000000060d400000| Untracked 
|  48|0x000000060d800000, 0x000000060d800000, 0x000000060dc00000|  0%| F|  |TAMS 0x000000060d800000| PB 0x000000060d800000| Untracked 
|  49|0x000000060dc00000, 0x000000060dc00000, 0x000000060e000000|  0%| F|  |TAMS 0x000000060dc00000| PB 0x000000060dc00000| Untracked 
|  50|0x000000060e000000, 0x000000060e000000, 0x000000060e400000|  0%| F|  |TAMS 0x000000060e000000| PB 0x000000060e000000| Untracked 
|  51|0x000000060e400000, 0x000000060e400000, 0x000000060e800000|  0%| F|  |TAMS 0x000000060e400000| PB 0x000000060e400000| Untracked 
|  52|0x000000060e800000, 0x000000060e800000, 0x000000060ec00000|  0%| F|  |TAMS 0x000000060e800000| PB 0x000000060e800000| Untracked 
|  53|0x000000060ec00000, 0x000000060ec00000, 0x000000060f000000|  0%| F|  |TAMS 0x000000060ec00000| PB 0x000000060ec00000| Untracked 
|  54|0x000000060f000000, 0x000000060f000000, 0x000000060f400000|  0%| F|  |TAMS 0x000000060f000000| PB 0x000000060f000000| Untracked 
|  55|0x000000060f400000, 0x000000060f400000, 0x000000060f800000|  0%| F|  |TAMS 0x000000060f400000| PB 0x000000060f400000| Untracked 
|  56|0x000000060f800000, 0x000000060f800000, 0x000000060fc00000|  0%| F|  |TAMS 0x000000060f800000| PB 0x000000060f800000| Untracked 
|  57|0x000000060fc00000, 0x000000060fc00000, 0x0000000610000000|  0%| F|  |TAMS 0x000000060fc00000| PB 0x000000060fc00000| Untracked 
|  58|0x0000000610000000, 0x0000000610000000, 0x0000000610400000|  0%| F|  |TAMS 0x0000000610000000| PB 0x0000000610000000| Untracked 
|  59|0x0000000610400000, 0x0000000610400000, 0x0000000610800000|  0%| F|  |TAMS 0x0000000610400000| PB 0x0000000610400000| Untracked 
|  60|0x0000000610800000, 0x0000000610800000, 0x0000000610c00000|  0%| F|  |TAMS 0x0000000610800000| PB 0x0000000610800000| Untracked 
|  61|0x0000000610c00000, 0x0000000610c00000, 0x0000000611000000|  0%| F|  |TAMS 0x0000000610c00000| PB 0x0000000610c00000| Untracked 
|  62|0x0000000611000000, 0x0000000611000000, 0x0000000611400000|  0%| F|  |TAMS 0x0000000611000000| PB 0x0000000611000000| Untracked 
|  63|0x0000000611400000, 0x0000000611400000, 0x0000000611800000|  0%| F|  |TAMS 0x0000000611400000| PB 0x0000000611400000| Untracked 
|  64|0x0000000611800000, 0x0000000611800000, 0x0000000611c00000|  0%| F|  |TAMS 0x0000000611800000| PB 0x0000000611800000| Untracked 
|  65|0x0000000611c00000, 0x0000000611c00000, 0x0000000612000000|  0%| F|  |TAMS 0x0000000611c00000| PB 0x0000000611c00000| Untracked 
|  66|0x0000000612000000, 0x0000000612000000, 0x0000000612400000|  0%| F|  |TAMS 0x0000000612000000| PB 0x0000000612000000| Untracked 
|  67|0x0000000612400000, 0x0000000612400000, 0x0000000612800000|  0%| F|  |TAMS 0x0000000612400000| PB 0x0000000612400000| Untracked 
|  68|0x0000000612800000, 0x0000000612800000, 0x0000000612c00000|  0%| F|  |TAMS 0x0000000612800000| PB 0x0000000612800000| Untracked 
|  69|0x0000000612c00000, 0x0000000612c00000, 0x0000000613000000|  0%| F|  |TAMS 0x0000000612c00000| PB 0x0000000612c00000| Untracked 
|  70|0x0000000613000000, 0x0000000613000000, 0x0000000613400000|  0%| F|  |TAMS 0x0000000613000000| PB 0x0000000613000000| Untracked 
|  71|0x0000000613400000, 0x0000000613400000, 0x0000000613800000|  0%| F|  |TAMS 0x0000000613400000| PB 0x0000000613400000| Untracked 
|  72|0x0000000613800000, 0x0000000613800000, 0x0000000613c00000|  0%| F|  |TAMS 0x0000000613800000| PB 0x0000000613800000| Untracked 
|  73|0x0000000613c00000, 0x0000000613c00000, 0x0000000614000000|  0%| F|  |TAMS 0x0000000613c00000| PB 0x0000000613c00000| Untracked 
|  74|0x0000000614000000, 0x0000000614000000, 0x0000000614400000|  0%| F|  |TAMS 0x0000000614000000| PB 0x0000000614000000| Untracked 
|  75|0x0000000614400000, 0x0000000614400000, 0x0000000614800000|  0%| F|  |TAMS 0x0000000614400000| PB 0x0000000614400000| Untracked 
|  76|0x0000000614800000, 0x0000000614800000, 0x0000000614c00000|  0%| F|  |TAMS 0x0000000614800000| PB 0x0000000614800000| Untracked 
|  77|0x0000000614c00000, 0x0000000614c00000, 0x0000000615000000|  0%| F|  |TAMS 0x0000000614c00000| PB 0x0000000614c00000| Untracked 
|  78|0x0000000615000000, 0x0000000615000000, 0x0000000615400000|  0%| F|  |TAMS 0x0000000615000000| PB 0x0000000615000000| Untracked 
|  79|0x0000000615400000, 0x0000000615400000, 0x0000000615800000|  0%| F|  |TAMS 0x0000000615400000| PB 0x0000000615400000| Untracked 
|  80|0x0000000615800000, 0x0000000615800000, 0x0000000615c00000|  0%| F|  |TAMS 0x0000000615800000| PB 0x0000000615800000| Untracked 
|  81|0x0000000615c00000, 0x0000000615c00000, 0x0000000616000000|  0%| F|  |TAMS 0x0000000615c00000| PB 0x0000000615c00000| Untracked 
|  82|0x0000000616000000, 0x0000000616000000, 0x0000000616400000|  0%| F|  |TAMS 0x0000000616000000| PB 0x0000000616000000| Untracked 
|  83|0x0000000616400000, 0x0000000616400000, 0x0000000616800000|  0%| F|  |TAMS 0x0000000616400000| PB 0x0000000616400000| Untracked 
|  84|0x0000000616800000, 0x0000000616800000, 0x0000000616c00000|  0%| F|  |TAMS 0x0000000616800000| PB 0x0000000616800000| Untracked 
|  85|0x0000000616c00000, 0x0000000616c00000, 0x0000000617000000|  0%| F|  |TAMS 0x0000000616c00000| PB 0x0000000616c00000| Untracked 
|  86|0x0000000617000000, 0x0000000617000000, 0x0000000617400000|  0%| F|  |TAMS 0x0000000617000000| PB 0x0000000617000000| Untracked 
|  87|0x0000000617400000, 0x0000000617400000, 0x0000000617800000|  0%| F|  |TAMS 0x0000000617400000| PB 0x0000000617400000| Untracked 
|  88|0x0000000617800000, 0x0000000617800000, 0x0000000617c00000|  0%| F|  |TAMS 0x0000000617800000| PB 0x0000000617800000| Untracked 
|  89|0x0000000617c00000, 0x0000000617c00000, 0x0000000618000000|  0%| F|  |TAMS 0x0000000617c00000| PB 0x0000000617c00000| Untracked 
|  90|0x0000000618000000, 0x0000000618000000, 0x0000000618400000|  0%| F|  |TAMS 0x0000000618000000| PB 0x0000000618000000| Untracked 
|  91|0x0000000618400000, 0x0000000618400000, 0x0000000618800000|  0%| F|  |TAMS 0x0000000618400000| PB 0x0000000618400000| Untracked 
|  92|0x0000000618800000, 0x0000000618800000, 0x0000000618c00000|  0%| F|  |TAMS 0x0000000618800000| PB 0x0000000618800000| Untracked 
|  93|0x0000000618c00000, 0x0000000618c00000, 0x0000000619000000|  0%| F|  |TAMS 0x0000000618c00000| PB 0x0000000618c00000| Untracked 
|  94|0x0000000619000000, 0x0000000619000000, 0x0000000619400000|  0%| F|  |TAMS 0x0000000619000000| PB 0x0000000619000000| Untracked 
|  95|0x0000000619400000, 0x0000000619400000, 0x0000000619800000|  0%| F|  |TAMS 0x0000000619400000| PB 0x0000000619400000| Untracked 
|  96|0x0000000619800000, 0x0000000619800000, 0x0000000619c00000|  0%| F|  |TAMS 0x0000000619800000| PB 0x0000000619800000| Untracked 
|  97|0x0000000619c00000, 0x0000000619c00000, 0x000000061a000000|  0%| F|  |TAMS 0x0000000619c00000| PB 0x0000000619c00000| Untracked 
|  98|0x000000061a000000, 0x000000061a000000, 0x000000061a400000|  0%| F|  |TAMS 0x000000061a000000| PB 0x000000061a000000| Untracked 
|  99|0x000000061a400000, 0x000000061a400000, 0x000000061a800000|  0%| F|  |TAMS 0x000000061a400000| PB 0x000000061a400000| Untracked 
| 100|0x000000061a800000, 0x000000061a800000, 0x000000061ac00000|  0%| F|  |TAMS 0x000000061a800000| PB 0x000000061a800000| Untracked 
| 101|0x000000061ac00000, 0x000000061ac00000, 0x000000061b000000|  0%| F|  |TAMS 0x000000061ac00000| PB 0x000000061ac00000| Untracked 
| 102|0x000000061b000000, 0x000000061b000000, 0x000000061b400000|  0%| F|  |TAMS 0x000000061b000000| PB 0x000000061b000000| Untracked 
| 103|0x000000061b400000, 0x000000061b400000, 0x000000061b800000|  0%| F|  |TAMS 0x000000061b400000| PB 0x000000061b400000| Untracked 
| 104|0x000000061b800000, 0x000000061b800000, 0x000000061bc00000|  0%| F|  |TAMS 0x000000061b800000| PB 0x000000061b800000| Untracked 
| 105|0x000000061bc00000, 0x000000061bc00000, 0x000000061c000000|  0%| F|  |TAMS 0x000000061bc00000| PB 0x000000061bc00000| Untracked 
| 106|0x000000061c000000, 0x000000061c000000, 0x000000061c400000|  0%| F|  |TAMS 0x000000061c000000| PB 0x000000061c000000| Untracked 
| 107|0x000000061c400000, 0x000000061c400000, 0x000000061c800000|  0%| F|  |TAMS 0x000000061c400000| PB 0x000000061c400000| Untracked 
| 108|0x000000061c800000, 0x000000061c800000, 0x000000061cc00000|  0%| F|  |TAMS 0x000000061c800000| PB 0x000000061c800000| Untracked 
| 109|0x000000061cc00000, 0x000000061cc00000, 0x000000061d000000|  0%| F|  |TAMS 0x000000061cc00000| PB 0x000000061cc00000| Untracked 
| 110|0x000000061d000000, 0x000000061d000000, 0x000000061d400000|  0%| F|  |TAMS 0x000000061d000000| PB 0x000000061d000000| Untracked 
| 111|0x000000061d400000, 0x000000061d400000, 0x000000061d800000|  0%| F|  |TAMS 0x000000061d400000| PB 0x000000061d400000| Untracked 
| 112|0x000000061d800000, 0x000000061d800000, 0x000000061dc00000|  0%| F|  |TAMS 0x000000061d800000| PB 0x000000061d800000| Untracked 
| 113|0x000000061dc00000, 0x000000061dc00000, 0x000000061e000000|  0%| F|  |TAMS 0x000000061dc00000| PB 0x000000061dc00000| Untracked 
| 114|0x000000061e000000, 0x000000061e000000, 0x000000061e400000|  0%| F|  |TAMS 0x000000061e000000| PB 0x000000061e000000| Untracked 
| 115|0x000000061e400000, 0x000000061e400000, 0x000000061e800000|  0%| F|  |TAMS 0x000000061e400000| PB 0x000000061e400000| Untracked 
| 116|0x000000061e800000, 0x000000061e800000, 0x000000061ec00000|  0%| F|  |TAMS 0x000000061e800000| PB 0x000000061e800000| Untracked 
| 117|0x000000061ec00000, 0x000000061ec00000, 0x000000061f000000|  0%| F|  |TAMS 0x000000061ec00000| PB 0x000000061ec00000| Untracked 
| 118|0x000000061f000000, 0x000000061f000000, 0x000000061f400000|  0%| F|  |TAMS 0x000000061f000000| PB 0x000000061f000000| Untracked 
| 119|0x000000061f400000, 0x000000061f400000, 0x000000061f800000|  0%| F|  |TAMS 0x000000061f400000| PB 0x000000061f400000| Untracked 
| 120|0x000000061f800000, 0x000000061f800000, 0x000000061fc00000|  0%| F|  |TAMS 0x000000061f800000| PB 0x000000061f800000| Untracked 
| 121|0x000000061fc00000, 0x000000061fc00000, 0x0000000620000000|  0%| F|  |TAMS 0x000000061fc00000| PB 0x000000061fc00000| Untracked 
| 122|0x0000000620000000, 0x0000000620000000, 0x0000000620400000|  0%| F|  |TAMS 0x0000000620000000| PB 0x0000000620000000| Untracked 
| 123|0x0000000620400000, 0x0000000620400000, 0x0000000620800000|  0%| F|  |TAMS 0x0000000620400000| PB 0x0000000620400000| Untracked 
| 124|0x0000000620800000, 0x0000000620800000, 0x0000000620c00000|  0%| F|  |TAMS 0x0000000620800000| PB 0x0000000620800000| Untracked 
| 125|0x0000000620c00000, 0x0000000620c00800, 0x0000000621000000|  0%| E|  |TAMS 0x0000000620c00000| PB 0x0000000620c00000| Complete 
| 126|0x0000000621000000, 0x0000000621400000, 0x0000000621400000|100%| E|CS|TAMS 0x0000000621000000| PB 0x0000000621000000| Complete 
| 127|0x0000000621400000, 0x0000000621800000, 0x0000000621800000|100%| E|  |TAMS 0x0000000621400000| PB 0x0000000621400000| Complete 

Card table byte_map: [0x000001a0c36a0000,0x000001a0c46a0000] _byte_map_base: 0x000001a0c0694000

Marking Bits: (CMBitMap*) 0x000001a0afd2c7f0
 Bits: [0x000001a0c46a0000, 0x000001a0cc640000)

Polling page: 0x000001a0adc00000

Metaspace:

Usage:
  Non-class:      6.75 MB used.
      Class:    674.81 KB used.
       Both:      7.41 MB used.

Virtual space:
  Non-class space:       64.00 MB reserved,       6.81 MB ( 11%) committed,  1 nodes.
      Class space:        1.00 GB reserved,     768.00 KB ( <1%) committed,  1 nodes.
             Both:        1.06 GB reserved,       7.56 MB ( <1%) committed. 

Chunk freelists:
   Non-Class:  8.95 MB
       Class:  15.23 MB
        Both:  24.19 MB

MaxMetaspaceSize: unlimited
CompressedClassSpaceSize: 1.00 GB
Initial GC threshold: 21.00 MB
Current GC threshold: 21.00 MB
CDS: off
 - commit_granule_bytes: 65536.
 - commit_granule_words: 8192.
 - virtual_space_node_default_size: 8388608.
 - enlarge_chunks_in_place: 1.
 - use_allocation_guard: 0.


Internal statistics:

num_allocs_failed_limit: 0.
num_arena_births: 24.
num_arena_deaths: 0.
num_vsnodes_births: 2.
num_vsnodes_deaths: 0.
num_space_committed: 121.
num_space_uncommitted: 0.
num_chunks_returned_to_freelist: 0.
num_chunks_taken_from_freelist: 49.
num_chunk_merges: 0.
num_chunk_splits: 23.
num_chunks_enlarged: 10.
num_inconsistent_stats: 0.

CodeHeap 'non-profiled nmethods': size=119168Kb used=132Kb max_used=132Kb free=119035Kb
 bounds [0x000001a0ba9a0000, 0x000001a0bac10000, 0x000001a0c1e00000]
CodeHeap 'profiled nmethods': size=119104Kb used=527Kb max_used=527Kb free=118576Kb
 bounds [0x000001a0b2e00000, 0x000001a0b3070000, 0x000001a0ba250000]
CodeHeap 'non-nmethods': size=7488Kb used=2971Kb max_used=2983Kb free=4516Kb
 bounds [0x000001a0ba250000, 0x000001a0ba540000, 0x000001a0ba9a0000]
 total_blobs=813 nmethods=394 adapters=321
 compilation: enabled
              stopped_count=0, restarted_count=0
 full_count=0

Compilation events (20 events):
Event: 0.171 Thread 0x000001a0cfac7310 nmethod 375 0x000001a0b2e78b90 code [0x000001a0b2e78d60, 0x000001a0b2e78f78]
Event: 0.171 Thread 0x000001a0cfac8680  377       3       java.util.zip.ZipFile$Source::getEntryHash (7 bytes)
Event: 0.171 Thread 0x000001a0cfac8680 nmethod 377 0x000001a0b2e79090 code [0x000001a0b2e79240, 0x000001a0b2e79380]
Event: 0.171 Thread 0x000001a0cfac7310  378   !   3       jdk.internal.loader.URLClassPath$JarLoader::ensureOpen (36 bytes)
Event: 0.171 Thread 0x000001a0cf909880  379       3       java.util.zip.ZipFile$Source::getEntryNext (9 bytes)
Event: 0.171 Thread 0x000001a0cf909880 nmethod 379 0x000001a0b2e79490 code [0x000001a0b2e79640, 0x000001a0b2e79780]
Event: 0.171 Thread 0x000001a0cfac7310 nmethod 378 0x000001a0b2e79890 code [0x000001a0b2e79a80, 0x000001a0b2e7a1b0]
Event: 0.174 Thread 0x000001a0cfac8680  380       3       java.lang.String::charAt (25 bytes)
Event: 0.174 Thread 0x000001a0cfac8680 nmethod 380 0x000001a0b2e7a390 code [0x000001a0b2e7a580, 0x000001a0b2e7aad0]
Event: 0.176 Thread 0x000001a0cfac8680  382       3       java.lang.String::getChars (55 bytes)
Event: 0.176 Thread 0x000001a0cfac7310  383       3       java.lang.StringLatin1::getChars (12 bytes)
Event: 0.176 Thread 0x000001a0cfac7310 nmethod 383 0x000001a0b2e7ad90 code [0x000001a0b2e7af40, 0x000001a0b2e7b068]
Event: 0.177 Thread 0x000001a0cfac8680 nmethod 382 0x000001a0b2e7b110 code [0x000001a0b2e7b340, 0x000001a0b2e7ba78]
Event: 0.177 Thread 0x000001a0cfac8680  384       3       java.lang.String::<init> (74 bytes)
Event: 0.177 Thread 0x000001a0cf909880  385       3       java.lang.StringUTF16::compress (20 bytes)
Event: 0.177 Thread 0x000001a0cf909880 nmethod 385 0x000001a0b2e7bd90 code [0x000001a0b2e7bf40, 0x000001a0b2e7c180]
Event: 0.177 Thread 0x000001a0cfac8680 nmethod 384 0x000001a0b2e7c290 code [0x000001a0b2e7c480, 0x000001a0b2e7c898]
Event: 0.177 Thread 0x000001a0cf909880  386   !   3       java.io.WinNTFileSystem::resolve (362 bytes)
Event: 0.178 Thread 0x000001a0cfac79c0  387       3       java.util.zip.ZipFile::ensureOpen (40 bytes)
Event: 0.178 Thread 0x000001a0cfac79c0 nmethod 387 0x000001a0b2e7c990 code [0x000001a0b2e7cb60, 0x000001a0b2e7ce00]

GC Heap History (0 events):
No events

Dll operation events (2 events):
Event: 0.004 Loaded shared library C:\Program Files\Android\Android Studio\jre\bin\java.dll
Event: 0.008 Loaded shared library C:\Program Files\Android\Android Studio\jre\bin\zip.dll

Deoptimization events (20 events):
Event: 0.135 Thread 0x000001a0ad993530 Uncommon trap: trap_request=0xffffff45 fr.pc=0x000001a0ba9b1a6c relative=0x00000000000000cc
Event: 0.135 Thread 0x000001a0ad993530 Uncommon trap: reason=unstable_if action=reinterpret pc=0x000001a0ba9b1a6c method=java.util.zip.ZipFile$Source.isMetaName([BII)Z @ 29 c2
Event: 0.135 Thread 0x000001a0ad993530 DEOPT PACKING pc=0x000001a0ba9b1a6c sp=0x0000004b07dfe0f0
Event: 0.135 Thread 0x000001a0ad993530 DEOPT UNPACKING pc=0x000001a0ba2a46a2 sp=0x0000004b07dfe098 mode 2
Event: 0.137 Thread 0x000001a0ad993530 DEOPT PACKING pc=0x000001a0b2e0ccf8 sp=0x0000004b07dfdeb0
Event: 0.137 Thread 0x000001a0ad993530 DEOPT UNPACKING pc=0x000001a0ba2a4e42 sp=0x0000004b07dfd2d0 mode 0
Event: 0.138 Thread 0x000001a0ad993530 Uncommon trap: trap_request=0xffffff45 fr.pc=0x000001a0ba9b2754 relative=0x0000000000000934
Event: 0.138 Thread 0x000001a0ad993530 Uncommon trap: reason=unstable_if action=reinterpret pc=0x000001a0ba9b2754 method=java.util.zip.ZipFile$Source.checkAndAddEntry(II)I @ 128 c2
Event: 0.138 Thread 0x000001a0ad993530 DEOPT PACKING pc=0x000001a0ba9b2754 sp=0x0000004b07dfe0d0
Event: 0.138 Thread 0x000001a0ad993530 DEOPT UNPACKING pc=0x000001a0ba2a46a2 sp=0x0000004b07dfe040 mode 2
Event: 0.138 Thread 0x000001a0ad993530 DEOPT PACKING pc=0x000001a0b2e0a2d8 sp=0x0000004b07dfde80
Event: 0.138 Thread 0x000001a0ad993530 DEOPT UNPACKING pc=0x000001a0ba2a4e42 sp=0x0000004b07dfd2e8 mode 0
Event: 0.164 Thread 0x000001a0ad993530 Uncommon trap: trap_request=0xffffff45 fr.pc=0x000001a0ba9bcdf0 relative=0x00000000000001b0
Event: 0.164 Thread 0x000001a0ad993530 Uncommon trap: reason=unstable_if action=reinterpret pc=0x000001a0ba9bcdf0 method=java.util.zip.ZipFile$Source.isMetaName([BII)Z @ 57 c2
Event: 0.164 Thread 0x000001a0ad993530 DEOPT PACKING pc=0x000001a0ba9bcdf0 sp=0x0000004b07dfe0f0
Event: 0.164 Thread 0x000001a0ad993530 DEOPT UNPACKING pc=0x000001a0ba2a46a2 sp=0x0000004b07dfe098 mode 2
Event: 0.173 Thread 0x000001a0ad993530 Uncommon trap: trap_request=0xffffff45 fr.pc=0x000001a0ba9a16ec relative=0x00000000000000cc
Event: 0.173 Thread 0x000001a0ad993530 Uncommon trap: reason=unstable_if action=reinterpret pc=0x000001a0ba9a16ec method=java.lang.String.isLatin1()Z @ 10 c2
Event: 0.173 Thread 0x000001a0ad993530 DEOPT PACKING pc=0x000001a0ba9a16ec sp=0x0000004b07dff000
Event: 0.173 Thread 0x000001a0ad993530 DEOPT UNPACKING pc=0x000001a0ba2a46a2 sp=0x0000004b07dfef40 mode 2

Classes loaded (20 events):
Event: 0.177 Loading class sun/nio/ch/SocketDispatcher
Event: 0.177 Loading class sun/nio/ch/NativeDispatcher
Event: 0.177 Loading class sun/nio/ch/NativeDispatcher done
Event: 0.177 Loading class sun/nio/ch/SocketDispatcher done
Event: 0.177 Loading class sun/nio/ch/IOUtil
Event: 0.177 Loading class sun/nio/ch/IOUtil done
Event: 0.178 Loading class java/net/SocksSocketImpl
Event: 0.178 Loading class java/net/SocksConsts
Event: 0.178 Loading class java/net/SocksConsts done
Event: 0.178 Loading class java/net/DelegatingSocketImpl
Event: 0.178 Loading class java/net/DelegatingSocketImpl done
Event: 0.178 Loading class java/net/SocksSocketImpl done
Event: 0.178 Loading class sun/nio/ch/Net
Event: 0.178 Loading class sun/nio/ch/Net done
Event: 0.178 Loading class sun/nio/ch/Net$1
Event: 0.178 Loading class java/net/ProtocolFamily
Event: 0.178 Loading class java/net/ProtocolFamily done
Event: 0.178 Loading class sun/nio/ch/Net$1 done
Event: 0.178 Loading class java/net/Inet6Address
Event: 0.178 Loading class java/net/Inet6Address done

Classes unloaded (0 events):
No events

Classes redefined (0 events):
No events

Internal exceptions (2 events):
Event: 0.166 Thread 0x000001a0ad993530 Exception <a 'java/lang/NoSuchMethodError'{0x00000006212f9518}: 'void java.lang.invoke.DirectMethodHandle$Holder.invokeStatic(java.lang.Object, java.lang.Object, java.lang.Object)'> (0x00000006212f9518) 
thrown [s\src\hotspot\share\interpreter\linkResolver.cpp, line 784]
Event: 0.168 Thread 0x000001a0ad993530 Exception <a 'java/lang/NoSuchMethodError'{0x0000000621310908}: 'java.lang.Object java.lang.invoke.Invokers$Holder.invokeExact_MT(java.lang.Object, java.lang.Object, java.lang.Object, java.lang.Object, java.lang.Object)'> (0x0000000621310908) 
thrown [s\src\hotspot\share\interpreter\linkResolver.cpp, line 784]

ZGC Phase Switch (0 events):
No events

VM Operations (2 events):
Event: 0.109 Executing VM operation: HandshakeAllThreads (Deoptimize)
Event: 0.109 Executing VM operation: HandshakeAllThreads (Deoptimize) done

Events (20 events):
Event: 0.037 Thread 0x000001a0cf9004e0 Thread added: 0x000001a0cf9004e0
Event: 0.037 Thread 0x000001a0cf8e0dd0 Thread added: 0x000001a0cf8e0dd0
Event: 0.037 Thread 0x000001a0cf8fe130 Thread added: 0x000001a0cf8fe130
Event: 0.037 Thread 0x000001a0cf908b60 Thread added: 0x000001a0cf908b60
Event: 0.037 Thread 0x000001a0cf9091d0 Thread added: 0x000001a0cf9091d0
Event: 0.037 Thread 0x000001a0cf909880 Thread added: 0x000001a0cf909880
Event: 0.102 Thread 0x000001a0cfa75e30 Thread added: 0x000001a0cfa75e30
Event: 0.110 Thread 0x000001a0cfac7310 Thread added: 0x000001a0cfac7310
Event: 0.110 Thread 0x000001a0cfac79c0 Thread added: 0x000001a0cfac79c0
Event: 0.110 Thread 0x000001a0cfac8680 Thread added: 0x000001a0cfac8680
Event: 0.117 Loaded shared library C:\Program Files\Android\Android Studio\jre\bin\instrument.dll
Event: 0.122 Loaded shared library C:\Program Files\Android\Android Studio\jre\bin\net.dll
Event: 0.123 Loaded shared library C:\Program Files\Android\Android Studio\jre\bin\nio.dll
Event: 0.128 Thread 0x000001a0cfbd8ef0 Thread added: 0x000001a0cfbd8ef0
Event: 0.128 Thread 0x000001a0cfbdccf0 Thread added: 0x000001a0cfbdccf0
Event: 0.160 Loaded shared library C:\Program Files\Android\Android Studio\jre\bin\zip.dll
Event: 0.173 Loaded shared library C:\Program Files\Android\Android Studio\bin\breakgen64.dll
Event: 0.173 Thread 0x000001a0d41bbda0 Thread added: 0x000001a0d41bbda0
Event: 0.173 Thread 0x000001a0d41bca20 Thread added: 0x000001a0d41bca20
Event: 0.176 Loaded shared library C:\Users\colbykids\ftc\DynamicOpmodeLoader\dynamicopmodeloader.dll


Dynamic libraries:
0x00007ff60c6a0000 - 0x00007ff60c6aa000 	C:\Program Files\Android\Android Studio\jre\bin\java.exe
0x00007ffa14a10000 - 0x00007ffa14c08000 	C:\Windows\SYSTEM32\ntdll.dll
0x00007ffa13610000 - 0x00007ffa136d2000 	C:\Windows\System32\KERNEL32.DLL
0x00007ffa122b0000 - 0x00007ffa125ae000 	C:\Windows\System32\KERNELBASE.dll
0x00007ffa126b0000 - 0x00007ffa127b0000 	C:\Windows\System32\ucrtbase.dll
0x00007ff9ee0a0000 - 0x00007ff9ee0bb000 	C:\Program Files\Android\Android Studio\jre\bin\VCRUNTIME140.dll
0x00007ff9eddf0000 - 0x00007ff9ede08000 	C:\Program Files\Android\Android Studio\jre\bin\jli.dll
0x00007ffa13350000 - 0x00007ffa134ed000 	C:\Windows\System32\USER32.dll
0x00007ffa120b0000 - 0x00007ffa120d2000 	C:\Windows\System32\win32u.dll
0x00007ff9f08d0000 - 0x00007ff9f0b6a000 	C:\Windows\WinSxS\amd64_microsoft.windows.common-controls_6595b64144ccf1df_6.0.19041.4355_none_60b8b9eb71f62e16\COMCTL32.dll
0x00007ffa14880000 - 0x00007ffa148ab000 	C:\Windows\System32\GDI32.dll
0x00007ffa14910000 - 0x00007ffa149ae000 	C:\Windows\System32\msvcrt.dll
0x00007ffa127b0000 - 0x00007ffa128c7000 	C:\Windows\System32\gdi32full.dll
0x00007ffa121e0000 - 0x00007ffa1227d000 	C:\Windows\System32\msvcp_win.dll
0x00007ffa143e0000 - 0x00007ffa1440f000 	C:\Windows\System32\IMM32.DLL
0x00007ffa0e2d0000 - 0x00007ffa0e2dc000 	C:\Program Files\Android\Android Studio\jre\bin\vcruntime140_1.dll
0x00007ff9db5a0000 - 0x00007ff9db62d000 	C:\Program Files\Android\Android Studio\jre\bin\msvcp140.dll
0x00007ff9ae570000 - 0x00007ff9af1ed000 	C:\Program Files\Android\Android Studio\jre\bin\server\jvm.dll
0x00007ffa13ba0000 - 0x00007ffa13c51000 	C:\Windows\System32\ADVAPI32.dll
0x00007ffa12e40000 - 0x00007ffa12edf000 	C:\Windows\System32\sechost.dll
0x00007ffa13220000 - 0x00007ffa13343000 	C:\Windows\System32\RPCRT4.dll
0x00007ffa12280000 - 0x00007ffa122a7000 	C:\Windows\System32\bcrypt.dll
0x00007ffa13b30000 - 0x00007ffa13b9b000 	C:\Windows\System32\WS2_32.dll
0x00007ffa11640000 - 0x00007ffa1168b000 	C:\Windows\SYSTEM32\POWRPROF.dll
0x00007ffa0b8f0000 - 0x00007ffa0b8fa000 	C:\Windows\SYSTEM32\VERSION.dll
0x00007ffa07270000 - 0x00007ffa07297000 	C:\Windows\SYSTEM32\WINMM.dll
0x00007ffa114b0000 - 0x00007ffa114c2000 	C:\Windows\SYSTEM32\UMPDC.dll
0x00007ffa108f0000 - 0x00007ffa10902000 	C:\Windows\SYSTEM32\kernel.appcore.dll
0x00007ff9f6d90000 - 0x00007ff9f6d9a000 	C:\Program Files\Android\Android Studio\jre\bin\jimage.dll
0x00007ffa0fdb0000 - 0x00007ffa0ff94000 	C:\Windows\SYSTEM32\DBGHELP.DLL
0x00007ffa09560000 - 0x00007ffa09594000 	C:\Windows\SYSTEM32\dbgcore.DLL
0x00007ffa125b0000 - 0x00007ffa12632000 	C:\Windows\System32\bcryptPrimitives.dll
0x00007ff9f6240000 - 0x00007ff9f624e000 	C:\Program Files\Android\Android Studio\jre\bin\instrument.dll
0x00007ff9edca0000 - 0x00007ff9edcbf000 	C:\Program Files\Android\Android Studio\jre\bin\java.dll
0x00007ff9eb6d0000 - 0x00007ff9eb6e8000 	C:\Program Files\Android\Android Studio\jre\bin\zip.dll
0x00007ffa13c60000 - 0x00007ffa143cd000 	C:\Windows\System32\SHELL32.dll
0x00007ffa0ffa0000 - 0x00007ffa10744000 	C:\Windows\SYSTEM32\windows.storage.dll
0x00007ffa12a30000 - 0x00007ffa12d83000 	C:\Windows\System32\combase.dll
0x00007ffa11ae0000 - 0x00007ffa11b0e000 	C:\Windows\SYSTEM32\Wldp.dll
0x00007ffa13150000 - 0x00007ffa1321d000 	C:\Windows\System32\OLEAUT32.dll
0x00007ffa12d90000 - 0x00007ffa12e3d000 	C:\Windows\System32\SHCORE.dll
0x00007ffa148b0000 - 0x00007ffa14905000 	C:\Windows\System32\shlwapi.dll
0x00007ffa11fe0000 - 0x00007ffa12004000 	C:\Windows\SYSTEM32\profapi.dll
0x00007ff9ee610000 - 0x00007ff9ee620000 	C:\Program Files\Android\Android Studio\jre\bin\net.dll
0x00007ffa0e6b0000 - 0x00007ffa0e7bd000 	C:\Windows\SYSTEM32\WINHTTP.dll
0x00007ffa11840000 - 0x00007ffa118aa000 	C:\Windows\system32\mswsock.dll
0x00007ff9e8170000 - 0x00007ff9e8186000 	C:\Program Files\Android\Android Studio\jre\bin\nio.dll
0x00007ff9e76f0000 - 0x00007ff9e770a000 	C:\Program Files\Android\Android Studio\bin\breakgen64.dll
0x00007ff9d2720000 - 0x00007ff9d2804000 	C:\Users\colbykids\ftc\DynamicOpmodeLoader\dynamicopmodeloader.dll
0x00007ff9ee410000 - 0x00007ff9ee419000 	C:\Program Files\Android\Android Studio\jre\bin\extnet.dll

dbghelp: loaded successfully - version: 4.0.5 - missing functions: none
symbol engine: initialized successfully - sym options: 0x614 - pdb path: .;C:\Program Files\Android\Android Studio\jre\bin;C:\Windows\SYSTEM32;C:\Windows\WinSxS\amd64_microsoft.windows.common-controls_6595b64144ccf1df_6.0.19041.4355_none_60b8b9eb71f62e16;C:\Program Files\Android\Android Studio\jre\bin\server;C:\Program Files\Android\Android Studio\bin;C:\Users\colbykids\ftc\DynamicOpmodeLoader

VM Arguments:
jvm_args: -javaagent:C:\Program Files\Android\Android Studio\lib\idea_rt.jar=55963:C:\Program Files\Android\Android Studio\bin -Dfile.encoding=UTF-8 
java_command: com.minerkid08.dynamicopmodeloader.MainKt
java_class_path (initial): C:\Users\colbykids\AppData\Local\Android\Sdk\platforms\android-34\android.jar;C:\Users\colbykids\AppData\Local\Android\Sdk\platforms\android-34\data\res;C:\Users\colbykids\ftc\DynamicOpmodeLoader\DynamicOpmodeLoader\build\tmp\kotlin-classes\debug;C:\Users\colbykids\ftc\DynamicOpmodeLoader\DynamicOpmodeLoader\build\intermediates\compile_r_class_jar\debug\generateDebugRFile\R.jar;C:\Users\colbykids\ftc\DynamicOpmodeLoader\DynamicOpmodeLoader\build\generated\res\resValues\debug;C:\Users\colbykids\.gradle\caches\8.9\transforms\f3c1f645dbaea118ca5c5f649fada647\transformed\core-ktx-1.15.0\res;C:\Users\colbykids\.gradle\caches\8.9\transforms\f3c1f645dbaea118ca5c5f649fada647\transformed\core-ktx-1.15.0\AndroidManifest.xml;C:\Users\colbykids\.gradle\caches\8.9\transforms\f3c1f645dbaea118ca5c5f649fada647\transformed\core-ktx-1.15.0\jars\classes.jar;C:\Users\colbykids\.gradle\caches\8.9\transforms\06e6d91d646d26e6c02c125c7752fd7e\transformed\core-1.15.0\AndroidManifest.xml;C:\Users\colbykids\.gradle\caches\8.9\transforms\06e6d91d646d26e6c02c125c7752fd7e\transformed\core-1.15.0\jars\classes.jar;C:\Users\colbykids\.gradle\caches\8.9\transforms\06e6d91d646d26e6c02c125c7752fd7e\transformed\core-1.15.0\res;C:\Users\colbykids\.gradle\caches\8.9\transforms\c3cda8aedbbfedd093af0cc5a947b929\transformed\annotation-experimental-1.4.1\res;C:\Users\colbykids\.gradle\caches\8.9\transforms\c3cda8aedbbfedd093af0cc5a947b929\transformed\annotation-experimental-1.4.1\jars\classes.jar;C:\Users\colbykids\.gradle\caches\8.9\transforms\c3cda8aedbbfedd093af0cc5a947b929\transformed\annotation-experimental-1.4.1\AndroidManifest.xml;C:\Users\colbykids\.gradle\caches\8.9\transforms\d1f5ededaa61b1222fd80b355cd7aad1\transformed\lifecycle-runtime-2.6.2\res;C:\Users\colbykids\.gradle\caches\8.9\transforms\d1f5ededaa61b1222fd80b355cd7aad1\transformed\lifecycle-runtime-2.6.2\AndroidManifest.xml;C:\Users\colbykids\.gradle\caches\8.9\transforms\d1f5ededaa61b1222fd80b355cd7aad1\transformed\lifecycle-runtime-2.6.2\jars\classes.jar;C:\Users\colbykids\.gradle\caches\8.9\transforms\ac95a3d9e887e8128faa5699fc4610b5\transformed\versionedparcelable-1.1.1\jars\classes.jar;C:\Users\colbykids\.gradle\caches\8.9\transforms\ac95a3d9e887e8128faa5699fc4610b5\transformed\versionedparcelable-1.1.1\AndroidManifest.xml;C:\Users\colbykids\.gradle\caches\8.9\transforms\bd02bdb83b3a11d52d1fa69c53c2c74c\transformed\appcompat-1.7.0\jars\classes.jar;C:\Users\colbykids\.gradle\caches\8.9\transforms\bd02bdb83b3a11d52d1fa69c53c2c74c\transformed\appcompat-1.7.0\AndroidManifest.xml;C:\Users\colbykids\.gradle\caches\8.9\transforms\bd02bdb83b3a11d52d1fa69c53c2c74c\transformed\appcompat-1.7.0\res;C:\Users\colbykids\.gradle\caches\8.9\transforms\c2d7ed148d02172b1dfa33ba9bcb45fe\transformed\activity-1.8.0\jars\classes.jar;C:\Users\colbykids\.gradle\caches\8.9\transforms\c2d7ed148d02172b1dfa33ba9bcb45fe\transformed\activity-1.8.0\res;C:\Users\colbykids\.gradle\caches\8.9\transforms\c2d7ed148d02172b1dfa33ba9bcb45fe\transformed\activity-1.8.0\AndroidManifest.xml;C:\Users\colbykids\.gradle\caches\8.9\transforms\f27c885f5e352f8b134758bc4de780ae\transformed\lifecycle-viewmodel-2.6.2\res;C:\Users\colbykids\.gradle\caches\8.9\transforms\f27c885f5e352f8b134758bc4de780ae\transformed\lifecycle-viewmodel-2.6.2\jars\classes.jar;C:\Users\colbykids\.gradle\caches\8.9\transforms\f27c885f5e352f8b134758bc4de780ae\transformed\lifecycle-viewmodel-2.6.2\AndroidManifest.xml;C:\Users\colbykids\.gradle\caches\8.9\transforms\c796d668170c271b3e4e1e22cd91bab8\transformed\lifecycle-viewmodel-savedstate-2.6.2\AndroidManifest.xml;C:\Users\colbykids\.gradle\caches\8.9\transforms\c796d668170c271b3e4e1e22cd91bab8\transformed\lifecycle-viewmodel-savedstate-2.6.2\jars\classes.jar;C:\Users\colbykids\.gradle\caches\8.9\transforms\c796d668170c271b3e4e1e22cd91bab8\transformed\lifecycle-viewmodel-savedstate-2.6.2\res;C:\Users\colbykids\.gradle\caches\8.9\transforms\28d45214613a565421a6777e89c65139\transformed\lifecycle-livedata-core-2.6.2\AndroidManifest.xml;C:\Users\colbykids\.gradle\caches\8.9\transforms\28d45214613a565421a6777e89c65139\transformed\lifecycle-livedata-core-2.6.2\res;C:\Users\colbykids\.gradle\caches\8.9\transforms\28d45214613a565421a6777e89c65139\transformed\lifecycle-livedata-core-2.6.2\jars\classes.jar;C:\Users\colbykids\.gradle\caches\8.9\transforms\701aca6e4afa7a311e3d23ff8e71e338\transformed\savedstate-1.2.1\res;C:\Users\colbykids\.gradle\caches\8.9\transforms\701aca6e4afa7a311e3d23ff8e71e338\transformed\savedstate-1.2.1\AndroidManifest.xml;C:\Users\colbykids\.gradle\caches\8.9\transforms\701aca6e4afa7a311e3d23ff8e71e338\transformed\savedstate-1.2.1\jars\classes.jar;C:\Users\colbykids\.gradle\caches\8.9\transforms\b3adf670adf29e3f4847b453f3e187d5\transformed\appcompat-resources-1.7.0\res;C:\Users\colbykids\.gradle\caches\8.9\transforms\b3adf670adf29e3f4847b453f3e187d5\transformed\appcompat-resources-1.7.0\jars\classes.jar;C:\Users\colbykids\.gradle\caches\8.9\transforms\b3adf670adf29e3f4847b453f3e187d5\transformed\appcompat-resources-1.7.0\AndroidManifest.xml;C:\Users\colbykids\.gradle\caches\8.9\transforms\8632a97798a2ea1f4cd4a66b14f7cfc4\transformed\vectordrawable-1.1.0\jars\classes.jar;C:\Users\colbykids\.gradle\caches\8.9\transforms\8632a97798a2ea1f4cd4a66b14f7cfc4\transformed\vectordrawable-1.1.0\AndroidManifest.xml;C:\Users\colbykids\.gradle\caches\8.9\transforms\2cf8dd60e57bad7e988f1dfdcd3ed772\transformed\vectordrawable-animated-1.1.0\jars\classes.jar;C:\Users\colbykids\.gradle\caches\8.9\transforms\2cf8dd60e57bad7e988f1dfdcd3ed772\transformed\vectordrawable-animated-1.1.0\AndroidManifest.xml;C:\Users\colbykids\.gradle\caches\8.9\transforms\cc48503f716dfc745c7f0be4ce064baf\transformed\interpolator-1.0.0\AndroidManifest.xml;C:\Users\colbykids\.gradle\caches\8.9\transforms\cc48503f716dfc745c7f0be4ce064baf\transformed\interpolator-1.0.0\jars\classes.jar;C:\Users\colbykids\.gradle\caches\8.9\transforms\ccfc8ea5283021b24a21d84541603835\transformed\cursoradapter-1.0.0\jars\classes.jar;C:\Users\colbykids\.gradle\caches\8.9\transforms\ccfc8ea5283021b24a21d84541603835\transformed\cursoradapter-1.0.0\AndroidManifest.xml;C:\Users\colbykids\.gradle\caches\8.9\transforms\9a22d748a065e9ca363083e6a7a6ed78\transformed\drawerlayout-1.1.1\jars\classes.jar;C:\Users\colbykids\.gradle\caches\8.9\transforms\9a22d748a065e9ca363083e6a7a6ed78\transformed\drawerlayout-1.1.1\res;C:\Users\colbykids\.gradle\caches\8.9\transforms\9a22d748a065e9ca363083e6a7a6ed78\transformed\drawerlayout-1.1.1\AndroidManifest.xml;C:\Users\colbykids\.gradle\caches\8.9\transforms\662813ab57a911f930e1866d6588aadb\transformed\customview-1.1.0\jars\classes.jar;C:\Users\colbykids\.gradle\caches\8.9\transforms\662813ab57a911f930e1866d6588aadb\transformed\customview-1.1.0\AndroidManifest.xml;C:\Users\colbykids\.gradle\caches\8.9\transforms\9b1174063100de3658a0419c11efd618\transformed\fragment-1.5.4\res;C:\Users\colbykids\.gradle\caches\8.9\transforms\9b1174063100de3658a0419c11efd618\transformed\fragment-1.5.4\AndroidManifest.xml;C:\Users\colbykids\.gradle\caches\8.9\transforms\9b1174063100de3658a0419c11efd618\transformed\fragment-1.5.4\jars\classes.jar;C:\Users\colbykids\.gradle\caches\8.9\transforms\19cb8b6bc7447cc96b61f20dfdebf12d\transformed\loader-1.0.0\AndroidManifest.xml;C:\Users\colbykids\.gradle\caches\8.9\transforms\19cb8b6bc7447cc96b61f20dfdebf12d\transformed\loader-1.0.0\jars\classes.jar;C:\Users\colbykids\.gradle\caches\8.9\transforms\c0fca02a4f5d08d1c0555c01de596af3\transformed\lifecycle-livedata-2.6.2\res;C:\Users\colbykids\.gradle\caches\8.9\transforms\c0fca02a4f5d08d1c0555c01de596af3\transformed\lifecycle-livedata-2.6.2\AndroidManifest.xml;C:\Users\colbykids\.gradle\caches\8.9\transforms\c0fca02a4f5d08d1c0555c01de596af3\transformed\lifecycle-livedata-2.6.2\jars\classes.jar;C:\Users\colbykids\.gradle\caches\8.9\transforms\4bf157bdfdf8bc531cbfd974a5359aaf\transformed\core-runtime-2.2.0\jars\classes.jar;C:\Users\colbykids\.gradle\caches\8.9\transforms\4bf157bdfdf8bc531cbfd974a5359aaf\transformed\core-runtime-2.2.0\res;C:\Users\colbykids\.gradle\caches\8.9\transforms\4bf157bdfdf8bc531cbfd974a5359aaf\transformed\core-runtime-2.2.0\AndroidManifest.xml;C:\Users\colbykids\.gradle\caches\8.9\transforms\1bcaa2ede5ab6e4954659745cf72ec3e\transformed\viewpager-1.0.0\AndroidManifest.xml;C:\Users\colbykids\.gradle\caches\8.9\transforms\1bcaa2ede5ab6e4954659745cf72ec3e\transformed\viewpager-1.0.0\jars\classes.jar;C:\Users\colbykids\.gradle\caches\8.9\transforms\cca29247e5a6b55eaa6dff872922be0d\transformed\material-1.12.0\res;C:\Users\colbykids\.gradle\caches\8.9\transforms\cca29247e5a6b55eaa6dff872922be0d\transformed\material-1.12.0\AndroidManifest.xml;C:\Users\colbykids\.gradle\caches\8.9\transforms\cca29247e5a6b55eaa6dff872922be0d\transformed\material-1.12.0\jars\classes.jar;C:\Users\colbykids\.gradle\caches\8.9\transforms\4e57512d6d72e239863885c25450f9d8\transformed\cardview-1.0.0\jars\classes.jar;C:\Users\colbykids\.gradle\caches\8.9\transforms\4e57512d6d72e239863885c25450f9d8\transformed\cardview-1.0.0\AndroidManifest.xml;C:\Users\colbykids\.gradle\caches\8.9\transforms\4e57512d6d72e239863885c25450f9d8\transformed\cardview-1.0.0\res;C:\Users\colbykids\.gradle\caches\8.9\transforms\f1b08338f5c92069d7338dcc0e991b75\transformed\coordinatorlayout-1.1.0\jars\classes.jar;C:\Users\colbykids\.gradle\caches\8.9\transforms\f1b08338f5c92069d7338dcc0e991b75\transformed\coordinatorlayout-1.1.0\AndroidManifest.xml;C:\Users\colbykids\.gradle\caches\8.9\transforms\f1b08338f5c92069d7338dcc0e991b75\transformed\coordinatorlayout-1.1.0\res;C:\Users\colbykids\.gradle\caches\8.9\transforms\a05861292fbb5027f82a3c5c6752e7f6\transformed\constraintlayout-2.0.1\AndroidManifest.xml;C:\Users\colbykids\.gradle\caches\8.9\transforms\a05861292fbb5027f82a3c5c6752e7f6\transformed\constraintlayout-2.0.1\jars\classes.jar;C:\Users\colbykids\.gradle\caches\8.9\transforms\a05861292fbb5027f82a3c5c6752e7f6\transformed\constraintlayout-2.0.1\res;C:\Users\colbykids\.gradle\caches\8.9\transforms\aa78789e7578ca98167b9414149fcc88\transformed\dynamicanimation-1.0.0\jars\classes.jar;C:\Users\colbykids\.gradle\caches\8.9\transforms\aa78789e7578ca98167b9414149fcc88\transformed\dynamicanimation-1.0.0\AndroidManifest.xml;C:\Users\colbykids\.gradle\caches\8.9\transforms\8d8d1cbf8c89f4917dfeabbc329fe734\transformed\legacy-support-core-utils-1.0.0\jars\classes.jar;C:\Users\colbykids\.gradle\caches\8.9\transforms\8d8d1cbf8c89f4917dfeabbc329fe734\transformed\legacy-support-core-utils-1.0.0\AndroidManifest.xml;C:\Users\colbykids\.gradle\caches\8.9\transforms\852b159b342ffb5f9e175ad41830cdc8\transformed\documentfile-1.0.0\jars\classes.jar;C:\Users\colbykids\.gradle\caches\8.9\transforms\852b159b342ffb5f9e175ad41830cdc8\transformed\documentfile-1.0.0\AndroidManifest.xml;C:\Users\colbykids\.gradle\caches\8.9\transforms\7916f4232e0b320af68b7fa820a6e606\transformed\localbroadcastmanager-1.0.0\AndroidManifest.xml;C:\Users\colbykids\.gradle\caches\8.9\transforms\7916f4232e0b320af68b7fa820a6e606\transformed\localbroadcastmanager-1.0.0\jars\classes.jar;C:\Users\colbykids\.gradle\caches\8.9\transforms\a86439336260d0ee7ac25717caa3613b\transformed\print-1.0.0\AndroidManifest.xml;C:\Users\colbykids\.gradle\caches\8.9\transforms\a86439336260d0ee7ac25717caa3613b\transformed\print-1.0.0\jars\classes.jar;C:\Users\colbykids\.gradle\caches\8.9\transforms\4f74beb9f98bd6f74b7869a6918d7440\transformed\recyclerview-1.1.0\jars\classes.jar;C:\Users\colbykids\.gradle\caches\8.9\transforms\4f74beb9f98bd6f74b7869a6918d7440\transformed\recyclerview-1.1.0\AndroidManifest.xml;C:\Users\colbykids\.gradle\caches\8.9\transforms\4f74beb9f98bd6f74b7869a6918d7440\transformed\recyclerview-1.1.0\res;C:\Users\colbykids\.gradle\caches\8.9\transforms\bfe5d56a0b151afab481f2cc1ddc3007\transformed\transition-1.5.0\jars\classes.jar;C:\Users\colbykids\.gradle\caches\8.9\transforms\bfe5d56a0b151afab481f2cc1ddc3007\transformed\transition-1.5.0\AndroidManifest.xml;C:\Users\colbykids\.gradle\caches\8.9\transforms\bfe5d56a0b151afab481f2cc1ddc3007\transformed\transition-1.5.0\res;C:\Users\colbykids\.gradle\caches\8.9\transforms\44e405b99747bcdc48c35194a041a4d9\transformed\viewpager2-1.0.0\res;C:\Users\colbykids\.gradle\caches\8.9\transforms\44e405b99747bcdc48c35194a041a4d9\transformed\viewpager2-1.0.0\jars\classes.jar;C:\Users\colbykids\.gradle\caches\8.9\transforms\44e405b99747bcdc48c35194a041a4d9\transformed\viewpager2-1.0.0\AndroidManifest.xml;C:\Users\colbykids\.gradle\caches\modules-2\files-2.1\org.jetbrains.kotlin\kotlin-stdlib\1.9.24\9928532f12c66ad816a625b3f9984f8368ca6d2b\kotlin-stdlib-1.9.24.jar;C:\Users\colbykids\.gradle\caches\modules-2\files-2.1\org.jetbrains\annotations\13.0\919f0dfe192fb4e063e7dacadee7f8bb9a2672a9\annotations-13.0.jar;C:\Users\colbykids\.gradle\caches\modules-2\files-2.1\androidx.annotation\annotation-jvm\1.8.1\b8a16fe526014b7941c1debaccaf9c5153692dbb\annotation-jvm-1.8.1.jar;C:\Users\colbykids\.gradle\caches\modules-2\files-2.1\androidx.arch.core\core-common\2.2.0\5e1b8b81dfd5f52c56a8d53b18ca759c19a301f3\core-common-2.2.0.jar;C:\Users\colbykids\.gradle\caches\modules-2\files-2.1\androidx.lifecycle\lifecycle-common\2.6.2\10f354fdb64868baecd67128560c5a0d6312c495\lifecycle-common-2.6.2.jar;C:\Users\colbykids\.gradle\caches\modules-2\files-2.1\org.jetbrains.kotlinx\kotlinx-coroutines-android\1.6.4\f955fc8b2ad196e2f4429598440e15f7492eeb2b\kotlinx-coroutines-android-1.6.4.jar;C:\Users\colbykids\.gradle\caches\modules-2\files-2.1\org.jetbrains.kotlinx\kotlinx-coroutines-core-jvm\1.6.4\2c997cd1c0ef33f3e751d3831929aeff1390cb30\kotlinx-coroutines-core-jvm-1.6.4.jar;C:\Users\colbykids\.gradle\caches\modules-2\files-2.1\org.jetbrains.kotlin\kotlin-stdlib-jdk8\1.8.22\b25c86d47d6b962b9cf0f8c3f320c8a10eea3dd1\kotlin-stdlib-jdk8-1.8.22.jar;C:\Users\colbykids\.gradle\caches\modules-2\files-2.1\org.jetbrains.kotlin\kotlin-stdlib-jdk7\1.8.22\4dabb8248310d833bb6a8b516024a91fd3d275c\kotlin-stdlib-jdk7-1.8.22.jar;C:\Users\colbykids\.gradle\caches\modules-2\files-2.1\androidx.collection\collection-jvm\1.4.2\bc60b5568a66d765a9fe8e266fd0c6c727e0b50b\collection-jvm-1.4.2.jar;C:\Users\colbykids\.gradle\caches\modules-2\files-2.1\androidx.constraintlayout\constraintlayout-solver\2.0.1\30988fe2d77f3fe3bf7551bb8a8b795fad7e7226\constraintlayout-solver-2.0.1.jar;C:\Users\colbykids\.gradle\caches\modules-2\files-2.1\androidx.resourceinspection\resourceinspection-annotation\1.0.1\8c21f8ff5d96d5d52c948707f7e4d6ca6773feef\resourceinspection-annotation-1.0.1.jar
Launcher Type: SUN_STANDARD

[Global flags]
     intx CICompilerCount                          = 12                                        {product} {ergonomic}
     uint ConcGCThreads                            = 3                                         {product} {ergonomic}
     uint G1ConcRefinementThreads                  = 13                                        {product} {ergonomic}
   size_t G1HeapRegionSize                         = 4194304                                   {product} {ergonomic}
    uintx GCDrainStackTargetSize                   = 64                                        {product} {ergonomic}
   size_t InitialHeapSize                          = 536870912                                 {product} {ergonomic}
   size_t MarkStackSize                            = 4194304                                   {product} {ergonomic}
   size_t MaxHeapSize                              = 8564768768                                {product} {ergonomic}
   size_t MaxNewSize                               = 5138022400                                {product} {ergonomic}
   size_t MinHeapDeltaBytes                        = 4194304                                   {product} {ergonomic}
   size_t MinHeapSize                              = 8388608                                   {product} {ergonomic}
    uintx NonNMethodCodeHeapSize                   = 7602480                                {pd product} {ergonomic}
    uintx NonProfiledCodeHeapSize                  = 122027880                              {pd product} {ergonomic}
    uintx ProfiledCodeHeapSize                     = 122027880                              {pd product} {ergonomic}
    uintx ReservedCodeCacheSize                    = 251658240                              {pd product} {ergonomic}
     bool SegmentedCodeCache                       = true                                      {product} {ergonomic}
   size_t SoftMaxHeapSize                          = 8564768768                             {manageable} {ergonomic}
     bool UseCompressedOops                        = true                           {product lp64_product} {ergonomic}
     bool UseG1GC                                  = true                                      {product} {ergonomic}
     bool UseLargePagesIndividualAllocation        = false                                  {pd product} {ergonomic}

Logging:
Log output configuration:
 #0: stdout all=warning uptime,level,tags foldmultilines=false
 #1: stderr all=off uptime,level,tags foldmultilines=false

Environment Variables:
JAVA_HOME=C:\Users\colbykids\AppData\Local\Programs\Eclipse Adoptium\jdk-17.0.8.101-hotspot\
PATH=C:\Program Files (x86)\Common Files\Oracle\Java\javapath;C:\Windows\system32;C:\Windows;C:\Windows\System32\Wbem;C:\Windows\System32\WindowsPowerShell\v1.0\;C:\Windows\System32\OpenSSH\;C:\Program Files (x86)\IVI Foundation\VISA\WinNT\Bin;C:\Program Files\Git LFS;C:\Program Files (x86)\NVIDIA Corporation\PhysX\Common;C:\Program Files\NVIDIA Corporation\NVIDIA NvDLISR;C:\Program Files\spwn\;C:\Program Files\dotnet\;C:\Program Files\nodejs\;C:\Program Files\Git\cmd;C:\Program Files\CMake\bin;C:\Program Files\komorebi\bin\;C:\Program Files\whkd\bin\;C:\opencv\build\x64\vc16\bin;C:\opencv\build\x64\vc16\lib;C:\Program Files\Neovim\bin;C:\Users\colbykids\AppData\Local\Programs\Python\Python312\Scripts\;C:\Users\colbykids\AppData\Local\Programs\Python\Python312\;C:\Users\colbykids\AppData\Local\Programs\Python\Launcher\;C:\Users\colbykids\AppData\Local\Programs\Eclipse Adoptium\jdk-17.0.8.101-hotspot\bin;C:\Users\colbykids\AppData\Local\Microsoft\WindowsApps;C:\Users\colbykids\AppData\Local\GitHubDesktop\bin;C:\Users\colbykids\AppData\Local\Programs\Microsoft VS Code\bin;C:\Users\colbykids\.dotnet\tools;C:\Program Files\Neovim\bin;C:\raylib\w64devkit\bin;C:\Users\colbykids\AppData\Roaming\npm
USERNAME=colbykids
OS=Windows_NT
PROCESSOR_IDENTIFIER=Intel64 Family 6 Model 165 Stepping 5, GenuineIntel
TMP=C:\Users\COLBYK~1\AppData\Local\Temp
TEMP=C:\Users\COLBYK~1\AppData\Local\Temp




Periodic native trim disabled

JNI global refs:
JNI global refs: 22, weak refs: 0

JNI global refs memory usage: 835, weak refs: 201

Process memory usage:
Resident Set Size: 45156K (0% of 33442968K total physical memory with 13029136K free physical memory)

OOME stack traces (most recent first):
Classloader memory used:
Loader bootstrap                                                                       : 7555K
Loader jdk.internal.loader.ClassLoaders$AppClassLoader                                 : 33624B

---------------  S Y S T E M  ---------------

OS:
 Windows 10 , 64 bit Build 19041 (10.0.19041.5198)
OS uptime: 7 days 19:47 hours

CPU: total 16 (initial active 16) (8 cores per cpu, 2 threads per core) family 6 model 165 stepping 5 microcode 0xc8, cx8, cmov, fxsr, ht, mmx, 3dnowpref, sse, sse2, sse3, ssse3, sse4.1, sse4.2, popcnt, lzcnt, tsc, tscinvbit, avx, avx2, aes, erms, clmul, bmi1, bmi2, adx, fma, vzeroupper, clflush, clflushopt, rdtscp, f16c, pku
Processor Information for all 16 processors :
  Max Mhz: 3792, Current Mhz: 3792, Mhz Limit: 3792

Memory: 4k page, system-wide physical 32659M (12723M free)
TotalPageFile size 60307M (AvailPageFile size 32801M)
current process WorkingSet (physical memory assigned to process): 44M, peak: 44M
current process commit charge ("private bytes"): 611M, peak: 612M

vm_info: OpenJDK 64-Bit Server VM (21.0.3+-12282718-b509.11) for windows-amd64 JRE (21.0.3+-12282718-b509.11), built on 2024-08-27T17:34:15Z by "builder" with MS VC++ 16.10 / 16.11 (VS2019)

END.
