#
# A fatal error has been detected by the Java Runtime Environment:
#
#  EXCEPTION_ACCESS_VIOLATION (0xc0000005) at pc=0x00007ff99ecf7806, pid=10888, tid=19632
#
# JRE version: OpenJDK Runtime Environment (21.0.3) (build 21.0.3+-12282718-b509.11)
# Java VM: OpenJDK 64-Bit Server VM (21.0.3+-12282718-b509.11, mixed mode, tiered, compressed oops, compressed class ptrs, g1 gc, windows-amd64)
# Problematic frame:
# V  [jvm.dll+0x1e7806]
#
# No core dump will be written. Minidumps are not enabled by default on client versions of Windows
#
# If you would like to submit a bug report, please visit:
#   https://youtrack.jetbrains.com/issues/JBR
#

---------------  S U M M A R Y ------------

Command Line: -javaagent:C:\Program Files\Android\Android Studio\lib\idea_rt.jar=57761:C:\Program Files\Android\Android Studio\bin -Dfile.encoding=UTF-8 com.minerkid08.dynamicopmodeloader.MainKt

Host: Intel(R) Core(TM) i7-10700K CPU @ 3.80GHz, 16 cores, 31G,  Windows 10 , 64 bit Build 19041 (10.0.19041.5198)
Time: Wed Jan 15 21:27:50 2025 Eastern Standard Time elapsed time: 0.222147 seconds (0d 0h 0m 0s)

---------------  T H R E A D  ---------------

Current thread (0x00000251ca7936f0):  JavaThread "main"             [_thread_in_vm, id=19632, stack(0x000000db9cd00000,0x000000db9ce00000) (1024K)]

Stack: [0x000000db9cd00000,0x000000db9ce00000],  sp=0x000000db9cdfe140,  free space=1016k
Native frames: (J=compiled Java code, j=interpreted, Vv=VM code, C=native code)
V  [jvm.dll+0x1e7806]
V  [jvm.dll+0x44cc69]
V  [jvm.dll+0x4391d7]
C  [dynamicopmodeloader.dll+0x1624]

Java frames: (J=compiled Java code, j=interpreted, Vv=VM code)
j  com.minerkid08.dynamicopmodeloader.OpmodeLoader.loadOpmode(Ljava/lang/String;)V+0
j  com.minerkid08.dynamicopmodeloader.MainKt.main()V+92
j  com.minerkid08.dynamicopmodeloader.MainKt.main([Ljava/lang/String;)V+0
v  ~StubRoutines::call_stub 0x00000251d4d2100d

siginfo: EXCEPTION_ACCESS_VIOLATION (0xc0000005), reading address 0x0000441600007ff8


Registers:
RAX=0x0000000000000001, RBX=0x00000251ca7936f0, RCX=0x0000441600007ff8, RDX=0x000000db9cdfe2e0
RSP=0x000000db9cdfe140, RBP=0x000000db9cdfe251, RSI=0x00000251ca7936f0, RDI=0x0000000000000001
R8 =0x0000441600007ff9, R9 =0x0000000000000001, R10=0x00000251c85aacc0, R11=0x000000db9cdfe290
R12=0x0000000000000000, R13=0x00000251eb7082b0, R14=0x00000251ea820718, R15=0x00000251ca7936f0
RIP=0x00007ff99ecf7806, EFLAGS=0x0000000000010202


Register to memory mapping:

RAX=0x0000000000000001 is an unknown value
RBX=0x00000251ca7936f0 is a thread
RCX=0x0000441600007ff8 is an unknown value
RDX=0x000000db9cdfe2e0 is pointing into the stack for thread: 0x00000251ca7936f0
RSP=0x000000db9cdfe140 is pointing into the stack for thread: 0x00000251ca7936f0
RBP=0x000000db9cdfe251 is pointing into the stack for thread: 0x00000251ca7936f0
RSI=0x00000251ca7936f0 is a thread
RDI=0x0000000000000001 is an unknown value
R8 =0x0000441600007ff9 is an unknown value
R9 =0x0000000000000001 is an unknown value
R10=0x00000251c85aacc0 points into unknown readable memory: 0x0000001e00000001 | 01 00 00 00 1e 00 00 00
R11=0x000000db9cdfe290 is pointing into the stack for thread: 0x00000251ca7936f0
R12=0x0 is null
R13={method} {0x00000251eb7082b8} 'loadOpmode' '(Ljava/lang/String;)V' in 'com/minerkid08/dynamicopmodeloader/OpmodeLoader'
R14=0x00000251ea820718 points into unknown readable memory: 0x00000251eb70ae50 | 50 ae 70 eb 51 02 00 00
R15=0x00000251ca7936f0 is a thread

Top of Stack: (sp=0x000000db9cdfe140)
0x000000db9cdfe140:   00007ffa1499fa30 00007ffa1231045b
0x000000db9cdfe150:   000000db9cdfe180 00007ff9d7880ac4
0x000000db9cdfe160:   00000251ca7936f0 00007ff99ef5cc69
0x000000db9cdfe170:   0000000000000017 00007ff9d7880956
0x000000db9cdfe180:   00007ffa1499fa30 000000000000000a
0x000000db9cdfe190:   0000000000000000 00007ff99edf6502
0x000000db9cdfe1a0:   0000000000006000 000000db9cdfe310
0x000000db9cdfe1b0:   000000db9cdfe2e0 00007ffa1499fa30
0x000000db9cdfe1c0:   000000db9cdfe390 00007ff9d788afb0
0x000000db9cdfe1d0:   000000db9cdfe390 00007ff9d788179f
0x000000db9cdfe1e0:   00000251c858cc10 00007ff99eb1850e
0x000000db9cdfe1f0:   000000db9cdfe240 00000251eb70ae50
0x000000db9cdfe200:   00000251ca7936f0 0000441600007ff9
0x000000db9cdfe210:   0000000000000000 00007ff99ef5bf67
0x000000db9cdfe220:   000000db9cdfe310 00000251eb70ae50
0x000000db9cdfe230:   0000000000000000 00007ffa149a5940
0x000000db9cdfe240:   00000251eb70ae50 00000251ca7936f0
0x000000db9cdfe250:   00000251e721c648 000000000000000e
0x000000db9cdfe260:   0000bf515230de13 0000000000000038
0x000000db9cdfe270:   0000441600007ff9 00000251ca793aa8
0x000000db9cdfe280:   00000251ea820718 00000251ca7936f0
0x000000db9cdfe290:   0000000000000000 00007ff99ef491d7
0x000000db9cdfe2a0:   00000251ca7936f0 00000251ea820718
0x000000db9cdfe2b0:   00000251eb7082b0 000000db9cdff5c8
0x000000db9cdfe2c0:   00000251ea820718 000000db9cdfe310
0x000000db9cdfe2d0:   00000251ca7936f0 0000000000000000
0x000000db9cdfe2e0:   000000000000000e 00007ffa1495725e
0x000000db9cdfe2f0:   00000251ca7936f0 0000000000000000
0x000000db9cdfe300:   0000000000000000 0000000ed7848275
0x000000db9cdfe310:   00007ff99f488d20 00000251e721c648
0x000000db9cdfe320:   00007ffa0000000e 000000000000001c
0x000000db9cdfe330:   0000000000000000 0000000000000000 

Instructions: (pc=0x00007ff99ecf7806)
0x00007ff99ecf7706:   cc cc cc cc cc cc cc cc cc cc 48 89 5c 24 08 57
0x00007ff99ecf7716:   48 83 ec 30 48 63 81 90 00 00 00 48 8b d9 48 63
0x00007ff99ecf7726:   fa 3b c7 0f 8d 85 00 00 00 48 8b 91 88 00 00 00
0x00007ff99ecf7736:   4c 8b cf 48 8b 09 48 85 d2 75 4b 48 8b 51 18 49
0x00007ff99ecf7746:   83 c1 07 48 8b 41 20 49 83 e1 f8 48 2b c2 49 3b
0x00007ff99ecf7756:   c1 72 0a 4a 8d 04 0a 48 89 41 18 eb 0e 45 33 c0
0x00007ff99ecf7766:   49 8b d1 e8 02 86 ed ff 48 8b d0 48 89 93 88 00
0x00007ff99ecf7776:   00 00 48 8b c2 89 bb 90 00 00 00 48 8b 5c 24 40
0x00007ff99ecf7786:   48 83 c4 30 5f c3 4c 8b c0 c7 44 24 20 00 00 00
0x00007ff99ecf7796:   00 e8 f4 81 ed ff 48 89 83 88 00 00 00 89 bb 90
0x00007ff99ecf77a6:   00 00 00 48 8b 5c 24 40 48 83 c4 30 5f c3 48 8b
0x00007ff99ecf77b6:   81 88 00 00 00 48 8b 5c 24 40 48 83 c4 30 5f c3
0x00007ff99ecf77c6:   cc cc cc cc cc cc cc cc cc cc 40 53 48 83 ec 20
0x00007ff99ecf77d6:   48 8b d9 48 8b ca e8 6f 88 00 00 01 43 6c 48 83
0x00007ff99ecf77e6:   c4 20 5b c3 cc cc cc cc cc cc 8b 41 6c c3 cc cc
0x00007ff99ecf77f6:   cc cc cc cc cc cc cc cc cc cc 40 53 48 83 ec 20
0x00007ff99ecf7806:   48 8b 19 48 85 db 74 7a 48 89 7c 24 38 48 8b 3d
0x00007ff99ecf7816:   36 2c 99 00 80 bf 18 06 00 00 00 74 57 65 48 8b
0x00007ff99ecf7826:   04 25 58 00 00 00 8b 15 a6 58 9f 00 48 89 74 24
0x00007ff99ecf7836:   30 48 8b 34 d0 b8 34 00 00 00 80 3c 30 00 75 05
0x00007ff99ecf7846:   e8 55 03 6a 00 ba 20 00 00 00 48 8d 8f f0 04 00
0x00007ff99ecf7856:   00 4c 8b c3 48 8b 14 32 48 83 c2 28 e8 e9 60 54
0x00007ff99ecf7866:   00 48 8b 74 24 30 48 8b c3 48 8b 7c 24 38 48 83
0x00007ff99ecf7876:   c4 20 5b c3 48 8b 7c 24 38 48 8b c3 48 83 c4 20
0x00007ff99ecf7886:   5b c3 48 8b c3 48 83 c4 20 5b c3 cc cc cc cc cc
0x00007ff99ecf7896:   cc cc cc cc cc cc cc cc cc cc 48 89 4c 24 08 48
0x00007ff99ecf78a6:   89 54 24 10 4c 89 44 24 18 4c 89 4c 24 20 48 83
0x00007ff99ecf78b6:   ec 28 4c 8b c1 4c 8d 4c 24 38 48 8d 0d 49 40 99
0x00007ff99ecf78c6:   00 ba 03 00 00 00 e8 df 94 3f 00 48 83 c4 28 c3
0x00007ff99ecf78d6:   cc cc cc cc cc cc cc cc cc cc 4c 8b dc 49 89 5b
0x00007ff99ecf78e6:   18 55 56 57 41 54 41 57 48 81 ec d0 00 00 00 48
0x00007ff99ecf78f6:   8b 02 41 8b e8 f7 d5 49 8b f1 48 63 dd 4c 8b fa 


Stack slot to memory mapping:

stack at sp + 0 slots: 0x00007ffa1499fa30 msvcrt.dll
stack at sp + 1 slots: 0x00007ffa1231045b KERNELBASE.dll
stack at sp + 2 slots: 0x000000db9cdfe180 is pointing into the stack for thread: 0x00000251ca7936f0
stack at sp + 3 slots: 0x00007ff9d7880ac4 dynamicopmodeloader.dll
stack at sp + 4 slots: 0x00000251ca7936f0 is a thread
stack at sp + 5 slots: 0x00007ff99ef5cc69 jvm.dll
stack at sp + 6 slots: 0x0000000000000017 is an unknown value
stack at sp + 7 slots: 0x00007ff9d7880956 dynamicopmodeloader.dll


---------------  P R O C E S S  ---------------

Threads class SMR info:
_java_thread_list=0x00000251ea830bd0, length=14, elements={
0x00000251ca7936f0, 0x00000251ea2f6630, 0x00000251ea2d2250, 0x00000251ea2f72a0,
0x00000251ea2f8110, 0x00000251ea3012f0, 0x00000251ea2dfe50, 0x00000251ea309270,
0x00000251ea309920, 0x00000251ea4985a0, 0x00000251ea4d60e0, 0x00000251ea5ee8a0,
0x00000251ea7306d0, 0x00000251ea730d40
}

Java Threads: ( => current thread )
=>0x00000251ca7936f0 JavaThread "main"                              [_thread_in_vm, id=19632, stack(0x000000db9cd00000,0x000000db9ce00000) (1024K)]
  0x00000251ea2f6630 JavaThread "Reference Handler"          daemon [_thread_blocked, id=25608, stack(0x000000db9d500000,0x000000db9d600000) (1024K)]
  0x00000251ea2d2250 JavaThread "Finalizer"                  daemon [_thread_blocked, id=28492, stack(0x000000db9d600000,0x000000db9d700000) (1024K)]
  0x00000251ea2f72a0 JavaThread "Signal Dispatcher"          daemon [_thread_blocked, id=27972, stack(0x000000db9d700000,0x000000db9d800000) (1024K)]
  0x00000251ea2f8110 JavaThread "Attach Listener"            daemon [_thread_blocked, id=1888, stack(0x000000db9d800000,0x000000db9d900000) (1024K)]
  0x00000251ea3012f0 JavaThread "Service Thread"             daemon [_thread_blocked, id=27004, stack(0x000000db9d900000,0x000000db9da00000) (1024K)]
  0x00000251ea2dfe50 JavaThread "Monitor Deflation Thread"   daemon [_thread_blocked, id=10020, stack(0x000000db9da00000,0x000000db9db00000) (1024K)]
  0x00000251ea309270 JavaThread "C2 CompilerThread0"         daemon [_thread_blocked, id=21324, stack(0x000000db9db00000,0x000000db9dc00000) (1024K)]
  0x00000251ea309920 JavaThread "C1 CompilerThread0"         daemon [_thread_blocked, id=20352, stack(0x000000db9dc00000,0x000000db9dd00000) (1024K)]
  0x00000251ea4985a0 JavaThread "Common-Cleaner"             daemon [_thread_blocked, id=26824, stack(0x000000db9dd00000,0x000000db9de00000) (1024K)]
  0x00000251ea4d60e0 JavaThread "C1 CompilerThread1"         daemon [_thread_blocked, id=8352, stack(0x000000db9de00000,0x000000db9df00000) (1024K)]
  0x00000251ea5ee8a0 JavaThread "C2 CompilerThread1"         daemon [_thread_blocked, id=18736, stack(0x000000db9df00000,0x000000db9e000000) (1024K)]
  0x00000251ea7306d0 JavaThread "Monitor Ctrl-Break"         daemon [_thread_in_native, id=23924, stack(0x000000db9e000000,0x000000db9e100000) (1024K)]
  0x00000251ea730d40 JavaThread "Notification Thread"        daemon [_thread_blocked, id=14808, stack(0x000000db9e100000,0x000000db9e200000) (1024K)]
Total: 14

Other Threads:
  0x00000251ea280ca0 VMThread "VM Thread"                           [id=19380, stack(0x000000db9d400000,0x000000db9d500000) (1024K)]
  0x00000251e72ecc50 WatcherThread "VM Periodic Task Thread"        [id=25744, stack(0x000000db9d300000,0x000000db9d400000) (1024K)]
  0x00000251ca7f8eb0 WorkerThread "GC Thread#0"                     [id=9232, stack(0x000000db9ce00000,0x000000db9cf00000) (1024K)]
  0x00000251ca80a660 ConcurrentGCThread "G1 Main Marker"            [id=20608, stack(0x000000db9cf00000,0x000000db9d000000) (1024K)]
  0x00000251ca80b160 WorkerThread "G1 Conc#0"                       [id=21896, stack(0x000000db9d000000,0x000000db9d100000) (1024K)]
  0x00000251e71b0080 ConcurrentGCThread "G1 Refine#0"               [id=23668, stack(0x000000db9d100000,0x000000db9d200000) (1024K)]
  0x00000251e71b0a00 ConcurrentGCThread "G1 Service"                [id=19728, stack(0x000000db9d200000,0x000000db9d300000) (1024K)]
Total: 7

Threads with active compile tasks:
Total: 0

VM state: not at safepoint (normal execution)

VM Mutex/Monitor currently owned by a thread: None

Heap address: 0x0000000601800000, size: 8168 MB, Compressed Oops mode: Zero based, Oop shift amount: 3

CDS archive(s) not mapped
Compressed class space mapped at: 0x0000000800000000-0x0000000840000000, reserved size: 1073741824
Narrow klass base: 0x0000000800000000, Narrow klass shift: 0, Narrow klass range: 0x40000000

GC Precious Log:
 CardTable entry size: 512
 Card Set container configuration: InlinePtr #cards 4 size 8 Array Of Cards #cards 32 size 80 Howl #buckets 8 coarsen threshold 7372 Howl Bitmap #cards 1024 size 144 coarsen threshold 921 Card regions per heap region 1 cards per card region 8192
 CPUs: 16 total, 16 available
 Memory: 32659M
 Large Page Support: Disabled
 NUMA Support: Disabled
 Compressed Oops: Enabled (Zero based)
 Heap Region Size: 4M
 Heap Min Capacity: 8M
 Heap Initial Capacity: 512M
 Heap Max Capacity: 8168M
 Pre-touch: Disabled
 Parallel Workers: 13
 Concurrent Workers: 3
 Concurrent Refinement Workers: 13
 Periodic GC: Disabled

Heap:
 garbage-first heap   total 524288K, used 0K [0x0000000601800000, 0x0000000800000000)
  region size 4096K, 2 young (8192K), 0 survivors (0K)
 Metaspace       used 7747K, committed 7872K, reserved 1114112K
  class space    used 689K, committed 768K, reserved 1048576K

Heap Regions: E=young(eden), S=young(survivor), O=old, HS=humongous(starts), HC=humongous(continues), CS=collection set, F=free, TAMS=top-at-mark-start, PB=parsable bottom
|   0|0x0000000601800000, 0x0000000601800000, 0x0000000601c00000|  0%| F|  |TAMS 0x0000000601800000| PB 0x0000000601800000| Untracked 
|   1|0x0000000601c00000, 0x0000000601c00000, 0x0000000602000000|  0%| F|  |TAMS 0x0000000601c00000| PB 0x0000000601c00000| Untracked 
|   2|0x0000000602000000, 0x0000000602000000, 0x0000000602400000|  0%| F|  |TAMS 0x0000000602000000| PB 0x0000000602000000| Untracked 
|   3|0x0000000602400000, 0x0000000602400000, 0x0000000602800000|  0%| F|  |TAMS 0x0000000602400000| PB 0x0000000602400000| Untracked 
|   4|0x0000000602800000, 0x0000000602800000, 0x0000000602c00000|  0%| F|  |TAMS 0x0000000602800000| PB 0x0000000602800000| Untracked 
|   5|0x0000000602c00000, 0x0000000602c00000, 0x0000000603000000|  0%| F|  |TAMS 0x0000000602c00000| PB 0x0000000602c00000| Untracked 
|   6|0x0000000603000000, 0x0000000603000000, 0x0000000603400000|  0%| F|  |TAMS 0x0000000603000000| PB 0x0000000603000000| Untracked 
|   7|0x0000000603400000, 0x0000000603400000, 0x0000000603800000|  0%| F|  |TAMS 0x0000000603400000| PB 0x0000000603400000| Untracked 
|   8|0x0000000603800000, 0x0000000603800000, 0x0000000603c00000|  0%| F|  |TAMS 0x0000000603800000| PB 0x0000000603800000| Untracked 
|   9|0x0000000603c00000, 0x0000000603c00000, 0x0000000604000000|  0%| F|  |TAMS 0x0000000603c00000| PB 0x0000000603c00000| Untracked 
|  10|0x0000000604000000, 0x0000000604000000, 0x0000000604400000|  0%| F|  |TAMS 0x0000000604000000| PB 0x0000000604000000| Untracked 
|  11|0x0000000604400000, 0x0000000604400000, 0x0000000604800000|  0%| F|  |TAMS 0x0000000604400000| PB 0x0000000604400000| Untracked 
|  12|0x0000000604800000, 0x0000000604800000, 0x0000000604c00000|  0%| F|  |TAMS 0x0000000604800000| PB 0x0000000604800000| Untracked 
|  13|0x0000000604c00000, 0x0000000604c00000, 0x0000000605000000|  0%| F|  |TAMS 0x0000000604c00000| PB 0x0000000604c00000| Untracked 
|  14|0x0000000605000000, 0x0000000605000000, 0x0000000605400000|  0%| F|  |TAMS 0x0000000605000000| PB 0x0000000605000000| Untracked 
|  15|0x0000000605400000, 0x0000000605400000, 0x0000000605800000|  0%| F|  |TAMS 0x0000000605400000| PB 0x0000000605400000| Untracked 
|  16|0x0000000605800000, 0x0000000605800000, 0x0000000605c00000|  0%| F|  |TAMS 0x0000000605800000| PB 0x0000000605800000| Untracked 
|  17|0x0000000605c00000, 0x0000000605c00000, 0x0000000606000000|  0%| F|  |TAMS 0x0000000605c00000| PB 0x0000000605c00000| Untracked 
|  18|0x0000000606000000, 0x0000000606000000, 0x0000000606400000|  0%| F|  |TAMS 0x0000000606000000| PB 0x0000000606000000| Untracked 
|  19|0x0000000606400000, 0x0000000606400000, 0x0000000606800000|  0%| F|  |TAMS 0x0000000606400000| PB 0x0000000606400000| Untracked 
|  20|0x0000000606800000, 0x0000000606800000, 0x0000000606c00000|  0%| F|  |TAMS 0x0000000606800000| PB 0x0000000606800000| Untracked 
|  21|0x0000000606c00000, 0x0000000606c00000, 0x0000000607000000|  0%| F|  |TAMS 0x0000000606c00000| PB 0x0000000606c00000| Untracked 
|  22|0x0000000607000000, 0x0000000607000000, 0x0000000607400000|  0%| F|  |TAMS 0x0000000607000000| PB 0x0000000607000000| Untracked 
|  23|0x0000000607400000, 0x0000000607400000, 0x0000000607800000|  0%| F|  |TAMS 0x0000000607400000| PB 0x0000000607400000| Untracked 
|  24|0x0000000607800000, 0x0000000607800000, 0x0000000607c00000|  0%| F|  |TAMS 0x0000000607800000| PB 0x0000000607800000| Untracked 
|  25|0x0000000607c00000, 0x0000000607c00000, 0x0000000608000000|  0%| F|  |TAMS 0x0000000607c00000| PB 0x0000000607c00000| Untracked 
|  26|0x0000000608000000, 0x0000000608000000, 0x0000000608400000|  0%| F|  |TAMS 0x0000000608000000| PB 0x0000000608000000| Untracked 
|  27|0x0000000608400000, 0x0000000608400000, 0x0000000608800000|  0%| F|  |TAMS 0x0000000608400000| PB 0x0000000608400000| Untracked 
|  28|0x0000000608800000, 0x0000000608800000, 0x0000000608c00000|  0%| F|  |TAMS 0x0000000608800000| PB 0x0000000608800000| Untracked 
|  29|0x0000000608c00000, 0x0000000608c00000, 0x0000000609000000|  0%| F|  |TAMS 0x0000000608c00000| PB 0x0000000608c00000| Untracked 
|  30|0x0000000609000000, 0x0000000609000000, 0x0000000609400000|  0%| F|  |TAMS 0x0000000609000000| PB 0x0000000609000000| Untracked 
|  31|0x0000000609400000, 0x0000000609400000, 0x0000000609800000|  0%| F|  |TAMS 0x0000000609400000| PB 0x0000000609400000| Untracked 
|  32|0x0000000609800000, 0x0000000609800000, 0x0000000609c00000|  0%| F|  |TAMS 0x0000000609800000| PB 0x0000000609800000| Untracked 
|  33|0x0000000609c00000, 0x0000000609c00000, 0x000000060a000000|  0%| F|  |TAMS 0x0000000609c00000| PB 0x0000000609c00000| Untracked 
|  34|0x000000060a000000, 0x000000060a000000, 0x000000060a400000|  0%| F|  |TAMS 0x000000060a000000| PB 0x000000060a000000| Untracked 
|  35|0x000000060a400000, 0x000000060a400000, 0x000000060a800000|  0%| F|  |TAMS 0x000000060a400000| PB 0x000000060a400000| Untracked 
|  36|0x000000060a800000, 0x000000060a800000, 0x000000060ac00000|  0%| F|  |TAMS 0x000000060a800000| PB 0x000000060a800000| Untracked 
|  37|0x000000060ac00000, 0x000000060ac00000, 0x000000060b000000|  0%| F|  |TAMS 0x000000060ac00000| PB 0x000000060ac00000| Untracked 
|  38|0x000000060b000000, 0x000000060b000000, 0x000000060b400000|  0%| F|  |TAMS 0x000000060b000000| PB 0x000000060b000000| Untracked 
|  39|0x000000060b400000, 0x000000060b400000, 0x000000060b800000|  0%| F|  |TAMS 0x000000060b400000| PB 0x000000060b400000| Untracked 
|  40|0x000000060b800000, 0x000000060b800000, 0x000000060bc00000|  0%| F|  |TAMS 0x000000060b800000| PB 0x000000060b800000| Untracked 
|  41|0x000000060bc00000, 0x000000060bc00000, 0x000000060c000000|  0%| F|  |TAMS 0x000000060bc00000| PB 0x000000060bc00000| Untracked 
|  42|0x000000060c000000, 0x000000060c000000, 0x000000060c400000|  0%| F|  |TAMS 0x000000060c000000| PB 0x000000060c000000| Untracked 
|  43|0x000000060c400000, 0x000000060c400000, 0x000000060c800000|  0%| F|  |TAMS 0x000000060c400000| PB 0x000000060c400000| Untracked 
|  44|0x000000060c800000, 0x000000060c800000, 0x000000060cc00000|  0%| F|  |TAMS 0x000000060c800000| PB 0x000000060c800000| Untracked 
|  45|0x000000060cc00000, 0x000000060cc00000, 0x000000060d000000|  0%| F|  |TAMS 0x000000060cc00000| PB 0x000000060cc00000| Untracked 
|  46|0x000000060d000000, 0x000000060d000000, 0x000000060d400000|  0%| F|  |TAMS 0x000000060d000000| PB 0x000000060d000000| Untracked 
|  47|0x000000060d400000, 0x000000060d400000, 0x000000060d800000|  0%| F|  |TAMS 0x000000060d400000| PB 0x000000060d400000| Untracked 
|  48|0x000000060d800000, 0x000000060d800000, 0x000000060dc00000|  0%| F|  |TAMS 0x000000060d800000| PB 0x000000060d800000| Untracked 
|  49|0x000000060dc00000, 0x000000060dc00000, 0x000000060e000000|  0%| F|  |TAMS 0x000000060dc00000| PB 0x000000060dc00000| Untracked 
|  50|0x000000060e000000, 0x000000060e000000, 0x000000060e400000|  0%| F|  |TAMS 0x000000060e000000| PB 0x000000060e000000| Untracked 
|  51|0x000000060e400000, 0x000000060e400000, 0x000000060e800000|  0%| F|  |TAMS 0x000000060e400000| PB 0x000000060e400000| Untracked 
|  52|0x000000060e800000, 0x000000060e800000, 0x000000060ec00000|  0%| F|  |TAMS 0x000000060e800000| PB 0x000000060e800000| Untracked 
|  53|0x000000060ec00000, 0x000000060ec00000, 0x000000060f000000|  0%| F|  |TAMS 0x000000060ec00000| PB 0x000000060ec00000| Untracked 
|  54|0x000000060f000000, 0x000000060f000000, 0x000000060f400000|  0%| F|  |TAMS 0x000000060f000000| PB 0x000000060f000000| Untracked 
|  55|0x000000060f400000, 0x000000060f400000, 0x000000060f800000|  0%| F|  |TAMS 0x000000060f400000| PB 0x000000060f400000| Untracked 
|  56|0x000000060f800000, 0x000000060f800000, 0x000000060fc00000|  0%| F|  |TAMS 0x000000060f800000| PB 0x000000060f800000| Untracked 
|  57|0x000000060fc00000, 0x000000060fc00000, 0x0000000610000000|  0%| F|  |TAMS 0x000000060fc00000| PB 0x000000060fc00000| Untracked 
|  58|0x0000000610000000, 0x0000000610000000, 0x0000000610400000|  0%| F|  |TAMS 0x0000000610000000| PB 0x0000000610000000| Untracked 
|  59|0x0000000610400000, 0x0000000610400000, 0x0000000610800000|  0%| F|  |TAMS 0x0000000610400000| PB 0x0000000610400000| Untracked 
|  60|0x0000000610800000, 0x0000000610800000, 0x0000000610c00000|  0%| F|  |TAMS 0x0000000610800000| PB 0x0000000610800000| Untracked 
|  61|0x0000000610c00000, 0x0000000610c00000, 0x0000000611000000|  0%| F|  |TAMS 0x0000000610c00000| PB 0x0000000610c00000| Untracked 
|  62|0x0000000611000000, 0x0000000611000000, 0x0000000611400000|  0%| F|  |TAMS 0x0000000611000000| PB 0x0000000611000000| Untracked 
|  63|0x0000000611400000, 0x0000000611400000, 0x0000000611800000|  0%| F|  |TAMS 0x0000000611400000| PB 0x0000000611400000| Untracked 
|  64|0x0000000611800000, 0x0000000611800000, 0x0000000611c00000|  0%| F|  |TAMS 0x0000000611800000| PB 0x0000000611800000| Untracked 
|  65|0x0000000611c00000, 0x0000000611c00000, 0x0000000612000000|  0%| F|  |TAMS 0x0000000611c00000| PB 0x0000000611c00000| Untracked 
|  66|0x0000000612000000, 0x0000000612000000, 0x0000000612400000|  0%| F|  |TAMS 0x0000000612000000| PB 0x0000000612000000| Untracked 
|  67|0x0000000612400000, 0x0000000612400000, 0x0000000612800000|  0%| F|  |TAMS 0x0000000612400000| PB 0x0000000612400000| Untracked 
|  68|0x0000000612800000, 0x0000000612800000, 0x0000000612c00000|  0%| F|  |TAMS 0x0000000612800000| PB 0x0000000612800000| Untracked 
|  69|0x0000000612c00000, 0x0000000612c00000, 0x0000000613000000|  0%| F|  |TAMS 0x0000000612c00000| PB 0x0000000612c00000| Untracked 
|  70|0x0000000613000000, 0x0000000613000000, 0x0000000613400000|  0%| F|  |TAMS 0x0000000613000000| PB 0x0000000613000000| Untracked 
|  71|0x0000000613400000, 0x0000000613400000, 0x0000000613800000|  0%| F|  |TAMS 0x0000000613400000| PB 0x0000000613400000| Untracked 
|  72|0x0000000613800000, 0x0000000613800000, 0x0000000613c00000|  0%| F|  |TAMS 0x0000000613800000| PB 0x0000000613800000| Untracked 
|  73|0x0000000613c00000, 0x0000000613c00000, 0x0000000614000000|  0%| F|  |TAMS 0x0000000613c00000| PB 0x0000000613c00000| Untracked 
|  74|0x0000000614000000, 0x0000000614000000, 0x0000000614400000|  0%| F|  |TAMS 0x0000000614000000| PB 0x0000000614000000| Untracked 
|  75|0x0000000614400000, 0x0000000614400000, 0x0000000614800000|  0%| F|  |TAMS 0x0000000614400000| PB 0x0000000614400000| Untracked 
|  76|0x0000000614800000, 0x0000000614800000, 0x0000000614c00000|  0%| F|  |TAMS 0x0000000614800000| PB 0x0000000614800000| Untracked 
|  77|0x0000000614c00000, 0x0000000614c00000, 0x0000000615000000|  0%| F|  |TAMS 0x0000000614c00000| PB 0x0000000614c00000| Untracked 
|  78|0x0000000615000000, 0x0000000615000000, 0x0000000615400000|  0%| F|  |TAMS 0x0000000615000000| PB 0x0000000615000000| Untracked 
|  79|0x0000000615400000, 0x0000000615400000, 0x0000000615800000|  0%| F|  |TAMS 0x0000000615400000| PB 0x0000000615400000| Untracked 
|  80|0x0000000615800000, 0x0000000615800000, 0x0000000615c00000|  0%| F|  |TAMS 0x0000000615800000| PB 0x0000000615800000| Untracked 
|  81|0x0000000615c00000, 0x0000000615c00000, 0x0000000616000000|  0%| F|  |TAMS 0x0000000615c00000| PB 0x0000000615c00000| Untracked 
|  82|0x0000000616000000, 0x0000000616000000, 0x0000000616400000|  0%| F|  |TAMS 0x0000000616000000| PB 0x0000000616000000| Untracked 
|  83|0x0000000616400000, 0x0000000616400000, 0x0000000616800000|  0%| F|  |TAMS 0x0000000616400000| PB 0x0000000616400000| Untracked 
|  84|0x0000000616800000, 0x0000000616800000, 0x0000000616c00000|  0%| F|  |TAMS 0x0000000616800000| PB 0x0000000616800000| Untracked 
|  85|0x0000000616c00000, 0x0000000616c00000, 0x0000000617000000|  0%| F|  |TAMS 0x0000000616c00000| PB 0x0000000616c00000| Untracked 
|  86|0x0000000617000000, 0x0000000617000000, 0x0000000617400000|  0%| F|  |TAMS 0x0000000617000000| PB 0x0000000617000000| Untracked 
|  87|0x0000000617400000, 0x0000000617400000, 0x0000000617800000|  0%| F|  |TAMS 0x0000000617400000| PB 0x0000000617400000| Untracked 
|  88|0x0000000617800000, 0x0000000617800000, 0x0000000617c00000|  0%| F|  |TAMS 0x0000000617800000| PB 0x0000000617800000| Untracked 
|  89|0x0000000617c00000, 0x0000000617c00000, 0x0000000618000000|  0%| F|  |TAMS 0x0000000617c00000| PB 0x0000000617c00000| Untracked 
|  90|0x0000000618000000, 0x0000000618000000, 0x0000000618400000|  0%| F|  |TAMS 0x0000000618000000| PB 0x0000000618000000| Untracked 
|  91|0x0000000618400000, 0x0000000618400000, 0x0000000618800000|  0%| F|  |TAMS 0x0000000618400000| PB 0x0000000618400000| Untracked 
|  92|0x0000000618800000, 0x0000000618800000, 0x0000000618c00000|  0%| F|  |TAMS 0x0000000618800000| PB 0x0000000618800000| Untracked 
|  93|0x0000000618c00000, 0x0000000618c00000, 0x0000000619000000|  0%| F|  |TAMS 0x0000000618c00000| PB 0x0000000618c00000| Untracked 
|  94|0x0000000619000000, 0x0000000619000000, 0x0000000619400000|  0%| F|  |TAMS 0x0000000619000000| PB 0x0000000619000000| Untracked 
|  95|0x0000000619400000, 0x0000000619400000, 0x0000000619800000|  0%| F|  |TAMS 0x0000000619400000| PB 0x0000000619400000| Untracked 
|  96|0x0000000619800000, 0x0000000619800000, 0x0000000619c00000|  0%| F|  |TAMS 0x0000000619800000| PB 0x0000000619800000| Untracked 
|  97|0x0000000619c00000, 0x0000000619c00000, 0x000000061a000000|  0%| F|  |TAMS 0x0000000619c00000| PB 0x0000000619c00000| Untracked 
|  98|0x000000061a000000, 0x000000061a000000, 0x000000061a400000|  0%| F|  |TAMS 0x000000061a000000| PB 0x000000061a000000| Untracked 
|  99|0x000000061a400000, 0x000000061a400000, 0x000000061a800000|  0%| F|  |TAMS 0x000000061a400000| PB 0x000000061a400000| Untracked 
| 100|0x000000061a800000, 0x000000061a800000, 0x000000061ac00000|  0%| F|  |TAMS 0x000000061a800000| PB 0x000000061a800000| Untracked 
| 101|0x000000061ac00000, 0x000000061ac00000, 0x000000061b000000|  0%| F|  |TAMS 0x000000061ac00000| PB 0x000000061ac00000| Untracked 
| 102|0x000000061b000000, 0x000000061b000000, 0x000000061b400000|  0%| F|  |TAMS 0x000000061b000000| PB 0x000000061b000000| Untracked 
| 103|0x000000061b400000, 0x000000061b400000, 0x000000061b800000|  0%| F|  |TAMS 0x000000061b400000| PB 0x000000061b400000| Untracked 
| 104|0x000000061b800000, 0x000000061b800000, 0x000000061bc00000|  0%| F|  |TAMS 0x000000061b800000| PB 0x000000061b800000| Untracked 
| 105|0x000000061bc00000, 0x000000061bc00000, 0x000000061c000000|  0%| F|  |TAMS 0x000000061bc00000| PB 0x000000061bc00000| Untracked 
| 106|0x000000061c000000, 0x000000061c000000, 0x000000061c400000|  0%| F|  |TAMS 0x000000061c000000| PB 0x000000061c000000| Untracked 
| 107|0x000000061c400000, 0x000000061c400000, 0x000000061c800000|  0%| F|  |TAMS 0x000000061c400000| PB 0x000000061c400000| Untracked 
| 108|0x000000061c800000, 0x000000061c800000, 0x000000061cc00000|  0%| F|  |TAMS 0x000000061c800000| PB 0x000000061c800000| Untracked 
| 109|0x000000061cc00000, 0x000000061cc00000, 0x000000061d000000|  0%| F|  |TAMS 0x000000061cc00000| PB 0x000000061cc00000| Untracked 
| 110|0x000000061d000000, 0x000000061d000000, 0x000000061d400000|  0%| F|  |TAMS 0x000000061d000000| PB 0x000000061d000000| Untracked 
| 111|0x000000061d400000, 0x000000061d400000, 0x000000061d800000|  0%| F|  |TAMS 0x000000061d400000| PB 0x000000061d400000| Untracked 
| 112|0x000000061d800000, 0x000000061d800000, 0x000000061dc00000|  0%| F|  |TAMS 0x000000061d800000| PB 0x000000061d800000| Untracked 
| 113|0x000000061dc00000, 0x000000061dc00000, 0x000000061e000000|  0%| F|  |TAMS 0x000000061dc00000| PB 0x000000061dc00000| Untracked 
| 114|0x000000061e000000, 0x000000061e000000, 0x000000061e400000|  0%| F|  |TAMS 0x000000061e000000| PB 0x000000061e000000| Untracked 
| 115|0x000000061e400000, 0x000000061e400000, 0x000000061e800000|  0%| F|  |TAMS 0x000000061e400000| PB 0x000000061e400000| Untracked 
| 116|0x000000061e800000, 0x000000061e800000, 0x000000061ec00000|  0%| F|  |TAMS 0x000000061e800000| PB 0x000000061e800000| Untracked 
| 117|0x000000061ec00000, 0x000000061ec00000, 0x000000061f000000|  0%| F|  |TAMS 0x000000061ec00000| PB 0x000000061ec00000| Untracked 
| 118|0x000000061f000000, 0x000000061f000000, 0x000000061f400000|  0%| F|  |TAMS 0x000000061f000000| PB 0x000000061f000000| Untracked 
| 119|0x000000061f400000, 0x000000061f400000, 0x000000061f800000|  0%| F|  |TAMS 0x000000061f400000| PB 0x000000061f400000| Untracked 
| 120|0x000000061f800000, 0x000000061f800000, 0x000000061fc00000|  0%| F|  |TAMS 0x000000061f800000| PB 0x000000061f800000| Untracked 
| 121|0x000000061fc00000, 0x000000061fc00000, 0x0000000620000000|  0%| F|  |TAMS 0x000000061fc00000| PB 0x000000061fc00000| Untracked 
| 122|0x0000000620000000, 0x0000000620000000, 0x0000000620400000|  0%| F|  |TAMS 0x0000000620000000| PB 0x0000000620000000| Untracked 
| 123|0x0000000620400000, 0x0000000620400000, 0x0000000620800000|  0%| F|  |TAMS 0x0000000620400000| PB 0x0000000620400000| Untracked 
| 124|0x0000000620800000, 0x0000000620800000, 0x0000000620c00000|  0%| F|  |TAMS 0x0000000620800000| PB 0x0000000620800000| Untracked 
| 125|0x0000000620c00000, 0x0000000620c00000, 0x0000000621000000|  0%| F|  |TAMS 0x0000000620c00000| PB 0x0000000620c00000| Untracked 
| 126|0x0000000621000000, 0x00000006213a4228, 0x0000000621400000| 91%| E|  |TAMS 0x0000000621000000| PB 0x0000000621000000| Complete 
| 127|0x0000000621400000, 0x0000000621800000, 0x0000000621800000|100%| E|  |TAMS 0x0000000621400000| PB 0x0000000621400000| Complete 

Card table byte_map: [0x00000251de150000,0x00000251df150000] _byte_map_base: 0x00000251db144000

Marking Bits: (CMBitMap*) 0x00000251ca7f94c0
 Bits: [0x00000251df150000, 0x00000251e70f0000)

Polling page: 0x00000251c86d0000

Metaspace:

Usage:
  Non-class:      6.89 MB used.
      Class:    689.59 KB used.
       Both:      7.57 MB used.

Virtual space:
  Non-class space:       64.00 MB reserved,       6.94 MB ( 11%) committed,  1 nodes.
      Class space:        1.00 GB reserved,     768.00 KB ( <1%) committed,  1 nodes.
             Both:        1.06 GB reserved,       7.69 MB ( <1%) committed. 

Chunk freelists:
   Non-Class:  8.89 MB
       Class:  15.23 MB
        Both:  24.11 MB

MaxMetaspaceSize: unlimited
CompressedClassSpaceSize: 1.00 GB
Initial GC threshold: 21.00 MB
Current GC threshold: 21.00 MB
CDS: off
 - commit_granule_bytes: 65536.
 - commit_granule_words: 8192.
 - virtual_space_node_default_size: 8388608.
 - enlarge_chunks_in_place: 1.
 - use_allocation_guard: 0.


Internal statistics:

num_allocs_failed_limit: 0.
num_arena_births: 26.
num_arena_deaths: 0.
num_vsnodes_births: 2.
num_vsnodes_deaths: 0.
num_space_committed: 123.
num_space_uncommitted: 0.
num_chunks_returned_to_freelist: 0.
num_chunks_taken_from_freelist: 57.
num_chunk_merges: 0.
num_chunk_splits: 27.
num_chunks_enlarged: 12.
num_inconsistent_stats: 0.

CodeHeap 'non-profiled nmethods': size=119168Kb used=149Kb max_used=149Kb free=119018Kb
 bounds [0x00000251d5470000, 0x00000251d56e0000, 0x00000251dc8d0000]
CodeHeap 'profiled nmethods': size=119104Kb used=759Kb max_used=759Kb free=118344Kb
 bounds [0x00000251cd8d0000, 0x00000251cdb40000, 0x00000251d4d20000]
CodeHeap 'non-nmethods': size=7488Kb used=1846Kb max_used=1877Kb free=5641Kb
 bounds [0x00000251d4d20000, 0x00000251d4f90000, 0x00000251d5470000]
 total_blobs=868 nmethods=450 adapters=322
 compilation: enabled
              stopped_count=0, restarted_count=0
 full_count=0

Compilation events (20 events):
Event: 0.214 Thread 0x00000251ea4d60e0 nmethod 440 0x00000251cd977c10 code [0x00000251cd977da0, 0x00000251cd977f08]
Event: 0.214 Thread 0x00000251ea4d60e0  441       3       java.util.concurrent.ConcurrentHashMap::setTabAt (20 bytes)
Event: 0.214 Thread 0x00000251ea4d60e0 nmethod 441 0x00000251cd977f90 code [0x00000251cd978140, 0x00000251cd978360]
Event: 0.214 Thread 0x00000251ea4d60e0  438       1       java.net.URLStreamHandler::getDefaultPort (2 bytes)
Event: 0.214 Thread 0x00000251ea4d60e0 nmethod 438 0x00000251d5493090 code [0x00000251d5493220, 0x00000251d54932e8]
Event: 0.215 Thread 0x00000251ea309270 nmethod 433% 0x00000251d5493390 code [0x00000251d5493540, 0x00000251d5493938]
Event: 0.215 Thread 0x00000251ea309270  443 %     4       java.lang.StringLatin1::replace @ 13 (198 bytes)
Event: 0.215 Thread 0x00000251ea4d60e0  444       3       java.lang.Class::getPackageName (81 bytes)
Event: 0.216 Thread 0x00000251ea4d60e0 nmethod 444 0x00000251cd978410 code [0x00000251cd9786c0, 0x00000251cd979158]
Event: 0.216 Thread 0x00000251ea5ee8a0 nmethod 442 0x00000251d5493b10 code [0x00000251d5493ca0, 0x00000251d5493f18]
Event: 0.217 Thread 0x00000251ea4d60e0  445       3       sun.invoke.util.VerifyAccess::isTypeVisible (118 bytes)
Event: 0.217 Thread 0x00000251ea4d60e0 nmethod 445 0x00000251cd979510 code [0x00000251cd979820, 0x00000251cd97a7e8]
Event: 0.217 Thread 0x00000251ea4d60e0  448       3       java.lang.invoke.LambdaForm::argument (27 bytes)
Event: 0.217 Thread 0x00000251ea4d60e0 nmethod 448 0x00000251cd97ad10 code [0x00000251cd97aee0, 0x00000251cd97b158]
Event: 0.217 Thread 0x00000251ea4d60e0  449       3       java.lang.invoke.LambdaForm$Name::initIndex (26 bytes)
Event: 0.217 Thread 0x00000251ea4d60e0 nmethod 449 0x00000251cd97b290 code [0x00000251cd97b440, 0x00000251cd97b5f8]
Event: 0.217 Thread 0x00000251ea4d60e0  446       1       java.lang.invoke.MethodHandles$Lookup::lookupClass (5 bytes)
Event: 0.218 Thread 0x00000251ea4d60e0 nmethod 446 0x00000251d5494310 code [0x00000251d54944a0, 0x00000251d5494570]
Event: 0.218 Thread 0x00000251ea4d60e0  450       1       java.lang.Class::getModule (5 bytes)
Event: 0.218 Thread 0x00000251ea4d60e0 nmethod 450 0x00000251d5494610 code [0x00000251d54947a0, 0x00000251d5494870]

GC Heap History (0 events):
No events

Dll operation events (2 events):
Event: 0.004 Loaded shared library C:\Program Files\Android\Android Studio\jre\bin\java.dll
Event: 0.007 Loaded shared library C:\Program Files\Android\Android Studio\jre\bin\zip.dll

Deoptimization events (20 events):
Event: 0.189 Thread 0x00000251ca7936f0 Uncommon trap: trap_request=0xffffff45 fr.pc=0x00000251d548c470 relative=0x00000000000001b0
Event: 0.189 Thread 0x00000251ca7936f0 Uncommon trap: reason=unstable_if action=reinterpret pc=0x00000251d548c470 method=java.util.zip.ZipFile$Source.isMetaName([BII)Z @ 57 c2
Event: 0.189 Thread 0x00000251ca7936f0 DEOPT PACKING pc=0x00000251d548c470 sp=0x000000db9cdfe2c0
Event: 0.189 Thread 0x00000251ca7936f0 DEOPT UNPACKING pc=0x00000251d4d746a2 sp=0x000000db9cdfe268 mode 2
Event: 0.199 Thread 0x00000251ca7936f0 Uncommon trap: trap_request=0xffffff45 fr.pc=0x00000251d54719ec relative=0x00000000000000cc
Event: 0.199 Thread 0x00000251ca7936f0 Uncommon trap: reason=unstable_if action=reinterpret pc=0x00000251d54719ec method=java.lang.String.isLatin1()Z @ 10 c2
Event: 0.199 Thread 0x00000251ca7936f0 DEOPT PACKING pc=0x00000251d54719ec sp=0x000000db9cdff1d0
Event: 0.199 Thread 0x00000251ca7936f0 DEOPT UNPACKING pc=0x00000251d4d746a2 sp=0x000000db9cdff110 mode 2
Event: 0.208 Thread 0x00000251ca7936f0 DEOPT PACKING pc=0x00000251cd8e1cf7 sp=0x000000db9cdf9b00
Event: 0.208 Thread 0x00000251ca7936f0 DEOPT UNPACKING pc=0x00000251d4d74e42 sp=0x000000db9cdf8f50 mode 0
Event: 0.209 Thread 0x00000251ca7936f0 DEOPT PACKING pc=0x00000251cd8e1cf7 sp=0x000000db9cdf9b00
Event: 0.209 Thread 0x00000251ca7936f0 DEOPT UNPACKING pc=0x00000251d4d74e42 sp=0x000000db9cdf8f50 mode 0
Event: 0.211 Thread 0x00000251ca7936f0 DEOPT PACKING pc=0x00000251cd8e1cf7 sp=0x000000db9cdfd6f0
Event: 0.211 Thread 0x00000251ca7936f0 DEOPT UNPACKING pc=0x00000251d4d74e42 sp=0x000000db9cdfcb40 mode 0
Event: 0.212 Thread 0x00000251ca7936f0 DEOPT PACKING pc=0x00000251cd8e1cf7 sp=0x000000db9cdfbc90
Event: 0.212 Thread 0x00000251ca7936f0 DEOPT UNPACKING pc=0x00000251d4d74e42 sp=0x000000db9cdfb0e0 mode 0
Event: 0.214 Thread 0x00000251ca7936f0 DEOPT PACKING pc=0x00000251cd8e2349 sp=0x000000db9cdfbee0
Event: 0.214 Thread 0x00000251ca7936f0 DEOPT UNPACKING pc=0x00000251d4d74e42 sp=0x000000db9cdfb358 mode 0
Event: 0.216 Thread 0x00000251ca7936f0 DEOPT PACKING pc=0x00000251cd8e2349 sp=0x000000db9cdfccd0
Event: 0.216 Thread 0x00000251ca7936f0 DEOPT UNPACKING pc=0x00000251d4d74e42 sp=0x000000db9cdfc148 mode 0

Classes loaded (20 events):
Event: 0.208 Loading class sun/nio/ch/NioSocketImpl$1
Event: 0.208 Loading class sun/nio/ch/NioSocketImpl$1 done
Event: 0.208 Loading class sun/nio/cs/StreamDecoder
Event: 0.208 Loading class sun/nio/cs/StreamDecoder done
Event: 0.208 Loading class sun/nio/cs/US_ASCII$Decoder
Event: 0.209 Loading class sun/nio/cs/US_ASCII$Decoder done
Event: 0.209 Loading class sun/nio/ch/Util
Event: 0.209 Loading class sun/nio/ch/Util done
Event: 0.209 Loading class sun/nio/ch/Util$1
Event: 0.209 Loading class sun/nio/ch/Util$1 done
Event: 0.209 Loading class sun/nio/ch/Util$BufferCache
Event: 0.209 Loading class sun/nio/ch/Util$BufferCache done
Event: 0.209 Loading class java/nio/DirectByteBuffer$Deallocator
Event: 0.209 Loading class java/lang/UnsupportedOperationException
Event: 0.209 Loading class java/nio/DirectByteBuffer$Deallocator done
Event: 0.209 Loading class java/lang/UnsupportedOperationException done
Event: 0.217 Loading class java/lang/IndexOutOfBoundsException
Event: 0.217 Loading class java/lang/IndexOutOfBoundsException done
Event: 0.217 Loading class java/lang/invoke/MethodHandleImpl$AsVarargsCollector
Event: 0.217 Loading class java/lang/invoke/MethodHandleImpl$AsVarargsCollector done

Classes unloaded (0 events):
No events

Classes redefined (0 events):
No events

Internal exceptions (3 events):
Event: 0.191 Thread 0x00000251ca7936f0 Exception <a 'java/lang/NoSuchMethodError'{0x000000062127e6f0}: 'void java.lang.invoke.DirectMethodHandle$Holder.invokeStatic(java.lang.Object, java.lang.Object, java.lang.Object)'> (0x000000062127e6f0) 
thrown [s\src\hotspot\share\interpreter\linkResolver.cpp, line 784]
Event: 0.193 Thread 0x00000251ca7936f0 Exception <a 'java/lang/NoSuchMethodError'{0x0000000621295ae0}: 'java.lang.Object java.lang.invoke.Invokers$Holder.invokeExact_MT(java.lang.Object, java.lang.Object, java.lang.Object, java.lang.Object, java.lang.Object)'> (0x0000000621295ae0) 
thrown [s\src\hotspot\share\interpreter\linkResolver.cpp, line 784]
Event: 0.206 Thread 0x00000251ea7306d0 Exception <a 'java/lang/NoSuchMethodError'{0x00000006212b6e58}: 'void java.lang.invoke.DirectMethodHandle$Holder.invokeStatic(java.lang.Object, java.lang.Object)'> (0x00000006212b6e58) 
thrown [s\src\hotspot\share\interpreter\linkResolver.cpp, line 784]

ZGC Phase Switch (0 events):
No events

VM Operations (2 events):
Event: 0.129 Executing VM operation: HandshakeAllThreads (Deoptimize)
Event: 0.129 Executing VM operation: HandshakeAllThreads (Deoptimize) done

Events (20 events):
Event: 0.041 Thread 0x00000251ea2f6630 Thread added: 0x00000251ea2f6630
Event: 0.041 Thread 0x00000251ea2d2250 Thread added: 0x00000251ea2d2250
Event: 0.042 Thread 0x00000251ea2f72a0 Thread added: 0x00000251ea2f72a0
Event: 0.042 Thread 0x00000251ea2f8110 Thread added: 0x00000251ea2f8110
Event: 0.042 Thread 0x00000251ea3012f0 Thread added: 0x00000251ea3012f0
Event: 0.042 Thread 0x00000251ea2dfe50 Thread added: 0x00000251ea2dfe50
Event: 0.042 Thread 0x00000251ea309270 Thread added: 0x00000251ea309270
Event: 0.042 Thread 0x00000251ea309920 Thread added: 0x00000251ea309920
Event: 0.119 Thread 0x00000251ea4985a0 Thread added: 0x00000251ea4985a0
Event: 0.130 Thread 0x00000251ea4d60e0 Thread added: 0x00000251ea4d60e0
Event: 0.138 Loaded shared library C:\Program Files\Android\Android Studio\jre\bin\instrument.dll
Event: 0.144 Loaded shared library C:\Program Files\Android\Android Studio\jre\bin\net.dll
Event: 0.145 Loaded shared library C:\Program Files\Android\Android Studio\jre\bin\nio.dll
Event: 0.152 Thread 0x00000251ea5ee8a0 Thread added: 0x00000251ea5ee8a0
Event: 0.184 Loaded shared library C:\Program Files\Android\Android Studio\jre\bin\zip.dll
Event: 0.198 Loaded shared library C:\Program Files\Android\Android Studio\bin\breakgen64.dll
Event: 0.198 Thread 0x00000251ea7306d0 Thread added: 0x00000251ea7306d0
Event: 0.198 Thread 0x00000251ea730d40 Thread added: 0x00000251ea730d40
Event: 0.202 Loaded shared library C:\Users\colbykids\ftc\DynamicOpmodeLoader\dynamicopmodeloader.dll
Event: 0.205 Loaded shared library C:\Program Files\Android\Android Studio\jre\bin\extnet.dll


Dynamic libraries:
0x00007ff72a6f0000 - 0x00007ff72a6fa000 	C:\Program Files\Android\Android Studio\jre\bin\java.exe
0x00007ffa14a10000 - 0x00007ffa14c08000 	C:\Windows\SYSTEM32\ntdll.dll
0x00007ffa13610000 - 0x00007ffa136d2000 	C:\Windows\System32\KERNEL32.DLL
0x00007ffa122b0000 - 0x00007ffa125ae000 	C:\Windows\System32\KERNELBASE.dll
0x00007ffa126b0000 - 0x00007ffa127b0000 	C:\Windows\System32\ucrtbase.dll
0x00007ffa10880000 - 0x00007ffa10898000 	C:\Program Files\Android\Android Studio\jre\bin\jli.dll
0x00007ff9f6df0000 - 0x00007ff9f6e0b000 	C:\Program Files\Android\Android Studio\jre\bin\VCRUNTIME140.dll
0x00007ffa13350000 - 0x00007ffa134ed000 	C:\Windows\System32\USER32.dll
0x00007ff9f08d0000 - 0x00007ff9f0b6a000 	C:\Windows\WinSxS\amd64_microsoft.windows.common-controls_6595b64144ccf1df_6.0.19041.4355_none_60b8b9eb71f62e16\COMCTL32.dll
0x00007ffa120b0000 - 0x00007ffa120d2000 	C:\Windows\System32\win32u.dll
0x00007ffa14910000 - 0x00007ffa149ae000 	C:\Windows\System32\msvcrt.dll
0x00007ffa14880000 - 0x00007ffa148ab000 	C:\Windows\System32\GDI32.dll
0x00007ffa127b0000 - 0x00007ffa128c7000 	C:\Windows\System32\gdi32full.dll
0x00007ffa121e0000 - 0x00007ffa1227d000 	C:\Windows\System32\msvcp_win.dll
0x00007ffa143e0000 - 0x00007ffa1440f000 	C:\Windows\System32\IMM32.DLL
0x00007ff9fe7a0000 - 0x00007ff9fe7ac000 	C:\Program Files\Android\Android Studio\jre\bin\vcruntime140_1.dll
0x00007ff9d99d0000 - 0x00007ff9d9a5d000 	C:\Program Files\Android\Android Studio\jre\bin\msvcp140.dll
0x00007ff99eb10000 - 0x00007ff99f78d000 	C:\Program Files\Android\Android Studio\jre\bin\server\jvm.dll
0x00007ffa13ba0000 - 0x00007ffa13c51000 	C:\Windows\System32\ADVAPI32.dll
0x00007ffa12e40000 - 0x00007ffa12edf000 	C:\Windows\System32\sechost.dll
0x00007ffa13220000 - 0x00007ffa13343000 	C:\Windows\System32\RPCRT4.dll
0x00007ffa12280000 - 0x00007ffa122a7000 	C:\Windows\System32\bcrypt.dll
0x00007ffa13b30000 - 0x00007ffa13b9b000 	C:\Windows\System32\WS2_32.dll
0x00007ffa11640000 - 0x00007ffa1168b000 	C:\Windows\SYSTEM32\POWRPROF.dll
0x00007ffa07270000 - 0x00007ffa07297000 	C:\Windows\SYSTEM32\WINMM.dll
0x00007ffa0b8f0000 - 0x00007ffa0b8fa000 	C:\Windows\SYSTEM32\VERSION.dll
0x00007ffa114b0000 - 0x00007ffa114c2000 	C:\Windows\SYSTEM32\UMPDC.dll
0x00007ffa108f0000 - 0x00007ffa10902000 	C:\Windows\SYSTEM32\kernel.appcore.dll
0x00007ff9f6240000 - 0x00007ff9f624a000 	C:\Program Files\Android\Android Studio\jre\bin\jimage.dll
0x00007ffa0fdb0000 - 0x00007ffa0ff94000 	C:\Windows\SYSTEM32\DBGHELP.DLL
0x00007ffa09560000 - 0x00007ffa09594000 	C:\Windows\SYSTEM32\dbgcore.DLL
0x00007ffa125b0000 - 0x00007ffa12632000 	C:\Windows\System32\bcryptPrimitives.dll
0x00007ff9f10e0000 - 0x00007ff9f10ee000 	C:\Program Files\Android\Android Studio\jre\bin\instrument.dll
0x00007ff9ee0a0000 - 0x00007ff9ee0bf000 	C:\Program Files\Android\Android Studio\jre\bin\java.dll
0x00007ff9eaf50000 - 0x00007ff9eaf68000 	C:\Program Files\Android\Android Studio\jre\bin\zip.dll
0x00007ffa13c60000 - 0x00007ffa143cd000 	C:\Windows\System32\SHELL32.dll
0x00007ffa0ffa0000 - 0x00007ffa10744000 	C:\Windows\SYSTEM32\windows.storage.dll
0x00007ffa12a30000 - 0x00007ffa12d83000 	C:\Windows\System32\combase.dll
0x00007ffa11ae0000 - 0x00007ffa11b0e000 	C:\Windows\SYSTEM32\Wldp.dll
0x00007ffa13150000 - 0x00007ffa1321d000 	C:\Windows\System32\OLEAUT32.dll
0x00007ffa12d90000 - 0x00007ffa12e3d000 	C:\Windows\System32\SHCORE.dll
0x00007ffa148b0000 - 0x00007ffa14905000 	C:\Windows\System32\shlwapi.dll
0x00007ffa11fe0000 - 0x00007ffa12004000 	C:\Windows\SYSTEM32\profapi.dll
0x00007ff9ee410000 - 0x00007ff9ee420000 	C:\Program Files\Android\Android Studio\jre\bin\net.dll
0x00007ffa0e6b0000 - 0x00007ffa0e7bd000 	C:\Windows\SYSTEM32\WINHTTP.dll
0x00007ffa11840000 - 0x00007ffa118aa000 	C:\Windows\system32\mswsock.dll
0x00007ff9e8400000 - 0x00007ff9e8416000 	C:\Program Files\Android\Android Studio\jre\bin\nio.dll
0x00007ff9e7660000 - 0x00007ff9e767a000 	C:\Program Files\Android\Android Studio\bin\breakgen64.dll
0x00007ff9d7840000 - 0x00007ff9d78b0000 	C:\Users\colbykids\ftc\DynamicOpmodeLoader\dynamicopmodeloader.dll
0x00007ff9eddb0000 - 0x00007ff9eddb9000 	C:\Program Files\Android\Android Studio\jre\bin\extnet.dll

dbghelp: loaded successfully - version: 4.0.5 - missing functions: none
symbol engine: initialized successfully - sym options: 0x614 - pdb path: .;C:\Program Files\Android\Android Studio\jre\bin;C:\Windows\SYSTEM32;C:\Windows\WinSxS\amd64_microsoft.windows.common-controls_6595b64144ccf1df_6.0.19041.4355_none_60b8b9eb71f62e16;C:\Program Files\Android\Android Studio\jre\bin\server;C:\Program Files\Android\Android Studio\bin;C:\Users\colbykids\ftc\DynamicOpmodeLoader

VM Arguments:
jvm_args: -javaagent:C:\Program Files\Android\Android Studio\lib\idea_rt.jar=57761:C:\Program Files\Android\Android Studio\bin -Dfile.encoding=UTF-8 
java_command: com.minerkid08.dynamicopmodeloader.MainKt
java_class_path (initial): C:\Users\colbykids\AppData\Local\Android\Sdk\platforms\android-34\android.jar;C:\Users\colbykids\AppData\Local\Android\Sdk\platforms\android-34\data\res;C:\Users\colbykids\ftc\DynamicOpmodeLoader\DynamicOpmodeLoader\build\tmp\kotlin-classes\debug;C:\Users\colbykids\ftc\DynamicOpmodeLoader\DynamicOpmodeLoader\build\intermediates\compile_r_class_jar\debug\generateDebugRFile\R.jar;C:\Users\colbykids\ftc\DynamicOpmodeLoader\DynamicOpmodeLoader\build\generated\res\resValues\debug;C:\Users\colbykids\.gradle\caches\8.9\transforms\f3c1f645dbaea118ca5c5f649fada647\transformed\core-ktx-1.15.0\res;C:\Users\colbykids\.gradle\caches\8.9\transforms\f3c1f645dbaea118ca5c5f649fada647\transformed\core-ktx-1.15.0\AndroidManifest.xml;C:\Users\colbykids\.gradle\caches\8.9\transforms\f3c1f645dbaea118ca5c5f649fada647\transformed\core-ktx-1.15.0\jars\classes.jar;C:\Users\colbykids\.gradle\caches\8.9\transforms\06e6d91d646d26e6c02c125c7752fd7e\transformed\core-1.15.0\AndroidManifest.xml;C:\Users\colbykids\.gradle\caches\8.9\transforms\06e6d91d646d26e6c02c125c7752fd7e\transformed\core-1.15.0\jars\classes.jar;C:\Users\colbykids\.gradle\caches\8.9\transforms\06e6d91d646d26e6c02c125c7752fd7e\transformed\core-1.15.0\res;C:\Users\colbykids\.gradle\caches\8.9\transforms\c3cda8aedbbfedd093af0cc5a947b929\transformed\annotation-experimental-1.4.1\res;C:\Users\colbykids\.gradle\caches\8.9\transforms\c3cda8aedbbfedd093af0cc5a947b929\transformed\annotation-experimental-1.4.1\jars\classes.jar;C:\Users\colbykids\.gradle\caches\8.9\transforms\c3cda8aedbbfedd093af0cc5a947b929\transformed\annotation-experimental-1.4.1\AndroidManifest.xml;C:\Users\colbykids\.gradle\caches\8.9\transforms\d1f5ededaa61b1222fd80b355cd7aad1\transformed\lifecycle-runtime-2.6.2\res;C:\Users\colbykids\.gradle\caches\8.9\transforms\d1f5ededaa61b1222fd80b355cd7aad1\transformed\lifecycle-runtime-2.6.2\AndroidManifest.xml;C:\Users\colbykids\.gradle\caches\8.9\transforms\d1f5ededaa61b1222fd80b355cd7aad1\transformed\lifecycle-runtime-2.6.2\jars\classes.jar;C:\Users\colbykids\.gradle\caches\8.9\transforms\ac95a3d9e887e8128faa5699fc4610b5\transformed\versionedparcelable-1.1.1\jars\classes.jar;C:\Users\colbykids\.gradle\caches\8.9\transforms\ac95a3d9e887e8128faa5699fc4610b5\transformed\versionedparcelable-1.1.1\AndroidManifest.xml;C:\Users\colbykids\.gradle\caches\8.9\transforms\bd02bdb83b3a11d52d1fa69c53c2c74c\transformed\appcompat-1.7.0\jars\classes.jar;C:\Users\colbykids\.gradle\caches\8.9\transforms\bd02bdb83b3a11d52d1fa69c53c2c74c\transformed\appcompat-1.7.0\AndroidManifest.xml;C:\Users\colbykids\.gradle\caches\8.9\transforms\bd02bdb83b3a11d52d1fa69c53c2c74c\transformed\appcompat-1.7.0\res;C:\Users\colbykids\.gradle\caches\8.9\transforms\c2d7ed148d02172b1dfa33ba9bcb45fe\transformed\activity-1.8.0\jars\classes.jar;C:\Users\colbykids\.gradle\caches\8.9\transforms\c2d7ed148d02172b1dfa33ba9bcb45fe\transformed\activity-1.8.0\res;C:\Users\colbykids\.gradle\caches\8.9\transforms\c2d7ed148d02172b1dfa33ba9bcb45fe\transformed\activity-1.8.0\AndroidManifest.xml;C:\Users\colbykids\.gradle\caches\8.9\transforms\f27c885f5e352f8b134758bc4de780ae\transformed\lifecycle-viewmodel-2.6.2\res;C:\Users\colbykids\.gradle\caches\8.9\transforms\f27c885f5e352f8b134758bc4de780ae\transformed\lifecycle-viewmodel-2.6.2\jars\classes.jar;C:\Users\colbykids\.gradle\caches\8.9\transforms\f27c885f5e352f8b134758bc4de780ae\transformed\lifecycle-viewmodel-2.6.2\AndroidManifest.xml;C:\Users\colbykids\.gradle\caches\8.9\transforms\c796d668170c271b3e4e1e22cd91bab8\transformed\lifecycle-viewmodel-savedstate-2.6.2\AndroidManifest.xml;C:\Users\colbykids\.gradle\caches\8.9\transforms\c796d668170c271b3e4e1e22cd91bab8\transformed\lifecycle-viewmodel-savedstate-2.6.2\jars\classes.jar;C:\Users\colbykids\.gradle\caches\8.9\transforms\c796d668170c271b3e4e1e22cd91bab8\transformed\lifecycle-viewmodel-savedstate-2.6.2\res;C:\Users\colbykids\.gradle\caches\8.9\transforms\28d45214613a565421a6777e89c65139\transformed\lifecycle-livedata-core-2.6.2\AndroidManifest.xml;C:\Users\colbykids\.gradle\caches\8.9\transforms\28d45214613a565421a6777e89c65139\transformed\lifecycle-livedata-core-2.6.2\res;C:\Users\colbykids\.gradle\caches\8.9\transforms\28d45214613a565421a6777e89c65139\transformed\lifecycle-livedata-core-2.6.2\jars\classes.jar;C:\Users\colbykids\.gradle\caches\8.9\transforms\701aca6e4afa7a311e3d23ff8e71e338\transformed\savedstate-1.2.1\res;C:\Users\colbykids\.gradle\caches\8.9\transforms\701aca6e4afa7a311e3d23ff8e71e338\transformed\savedstate-1.2.1\AndroidManifest.xml;C:\Users\colbykids\.gradle\caches\8.9\transforms\701aca6e4afa7a311e3d23ff8e71e338\transformed\savedstate-1.2.1\jars\classes.jar;C:\Users\colbykids\.gradle\caches\8.9\transforms\b3adf670adf29e3f4847b453f3e187d5\transformed\appcompat-resources-1.7.0\res;C:\Users\colbykids\.gradle\caches\8.9\transforms\b3adf670adf29e3f4847b453f3e187d5\transformed\appcompat-resources-1.7.0\jars\classes.jar;C:\Users\colbykids\.gradle\caches\8.9\transforms\b3adf670adf29e3f4847b453f3e187d5\transformed\appcompat-resources-1.7.0\AndroidManifest.xml;C:\Users\colbykids\.gradle\caches\8.9\transforms\8632a97798a2ea1f4cd4a66b14f7cfc4\transformed\vectordrawable-1.1.0\jars\classes.jar;C:\Users\colbykids\.gradle\caches\8.9\transforms\8632a97798a2ea1f4cd4a66b14f7cfc4\transformed\vectordrawable-1.1.0\AndroidManifest.xml;C:\Users\colbykids\.gradle\caches\8.9\transforms\2cf8dd60e57bad7e988f1dfdcd3ed772\transformed\vectordrawable-animated-1.1.0\jars\classes.jar;C:\Users\colbykids\.gradle\caches\8.9\transforms\2cf8dd60e57bad7e988f1dfdcd3ed772\transformed\vectordrawable-animated-1.1.0\AndroidManifest.xml;C:\Users\colbykids\.gradle\caches\8.9\transforms\cc48503f716dfc745c7f0be4ce064baf\transformed\interpolator-1.0.0\AndroidManifest.xml;C:\Users\colbykids\.gradle\caches\8.9\transforms\cc48503f716dfc745c7f0be4ce064baf\transformed\interpolator-1.0.0\jars\classes.jar;C:\Users\colbykids\.gradle\caches\8.9\transforms\ccfc8ea5283021b24a21d84541603835\transformed\cursoradapter-1.0.0\jars\classes.jar;C:\Users\colbykids\.gradle\caches\8.9\transforms\ccfc8ea5283021b24a21d84541603835\transformed\cursoradapter-1.0.0\AndroidManifest.xml;C:\Users\colbykids\.gradle\caches\8.9\transforms\9a22d748a065e9ca363083e6a7a6ed78\transformed\drawerlayout-1.1.1\jars\classes.jar;C:\Users\colbykids\.gradle\caches\8.9\transforms\9a22d748a065e9ca363083e6a7a6ed78\transformed\drawerlayout-1.1.1\res;C:\Users\colbykids\.gradle\caches\8.9\transforms\9a22d748a065e9ca363083e6a7a6ed78\transformed\drawerlayout-1.1.1\AndroidManifest.xml;C:\Users\colbykids\.gradle\caches\8.9\transforms\662813ab57a911f930e1866d6588aadb\transformed\customview-1.1.0\jars\classes.jar;C:\Users\colbykids\.gradle\caches\8.9\transforms\662813ab57a911f930e1866d6588aadb\transformed\customview-1.1.0\AndroidManifest.xml;C:\Users\colbykids\.gradle\caches\8.9\transforms\9b1174063100de3658a0419c11efd618\transformed\fragment-1.5.4\res;C:\Users\colbykids\.gradle\caches\8.9\transforms\9b1174063100de3658a0419c11efd618\transformed\fragment-1.5.4\AndroidManifest.xml;C:\Users\colbykids\.gradle\caches\8.9\transforms\9b1174063100de3658a0419c11efd618\transformed\fragment-1.5.4\jars\classes.jar;C:\Users\colbykids\.gradle\caches\8.9\transforms\19cb8b6bc7447cc96b61f20dfdebf12d\transformed\loader-1.0.0\AndroidManifest.xml;C:\Users\colbykids\.gradle\caches\8.9\transforms\19cb8b6bc7447cc96b61f20dfdebf12d\transformed\loader-1.0.0\jars\classes.jar;C:\Users\colbykids\.gradle\caches\8.9\transforms\c0fca02a4f5d08d1c0555c01de596af3\transformed\lifecycle-livedata-2.6.2\res;C:\Users\colbykids\.gradle\caches\8.9\transforms\c0fca02a4f5d08d1c0555c01de596af3\transformed\lifecycle-livedata-2.6.2\AndroidManifest.xml;C:\Users\colbykids\.gradle\caches\8.9\transforms\c0fca02a4f5d08d1c0555c01de596af3\transformed\lifecycle-livedata-2.6.2\jars\classes.jar;C:\Users\colbykids\.gradle\caches\8.9\transforms\4bf157bdfdf8bc531cbfd974a5359aaf\transformed\core-runtime-2.2.0\jars\classes.jar;C:\Users\colbykids\.gradle\caches\8.9\transforms\4bf157bdfdf8bc531cbfd974a5359aaf\transformed\core-runtime-2.2.0\res;C:\Users\colbykids\.gradle\caches\8.9\transforms\4bf157bdfdf8bc531cbfd974a5359aaf\transformed\core-runtime-2.2.0\AndroidManifest.xml;C:\Users\colbykids\.gradle\caches\8.9\transforms\1bcaa2ede5ab6e4954659745cf72ec3e\transformed\viewpager-1.0.0\AndroidManifest.xml;C:\Users\colbykids\.gradle\caches\8.9\transforms\1bcaa2ede5ab6e4954659745cf72ec3e\transformed\viewpager-1.0.0\jars\classes.jar;C:\Users\colbykids\.gradle\caches\8.9\transforms\cca29247e5a6b55eaa6dff872922be0d\transformed\material-1.12.0\res;C:\Users\colbykids\.gradle\caches\8.9\transforms\cca29247e5a6b55eaa6dff872922be0d\transformed\material-1.12.0\AndroidManifest.xml;C:\Users\colbykids\.gradle\caches\8.9\transforms\cca29247e5a6b55eaa6dff872922be0d\transformed\material-1.12.0\jars\classes.jar;C:\Users\colbykids\.gradle\caches\8.9\transforms\4e57512d6d72e239863885c25450f9d8\transformed\cardview-1.0.0\jars\classes.jar;C:\Users\colbykids\.gradle\caches\8.9\transforms\4e57512d6d72e239863885c25450f9d8\transformed\cardview-1.0.0\AndroidManifest.xml;C:\Users\colbykids\.gradle\caches\8.9\transforms\4e57512d6d72e239863885c25450f9d8\transformed\cardview-1.0.0\res;C:\Users\colbykids\.gradle\caches\8.9\transforms\f1b08338f5c92069d7338dcc0e991b75\transformed\coordinatorlayout-1.1.0\jars\classes.jar;C:\Users\colbykids\.gradle\caches\8.9\transforms\f1b08338f5c92069d7338dcc0e991b75\transformed\coordinatorlayout-1.1.0\AndroidManifest.xml;C:\Users\colbykids\.gradle\caches\8.9\transforms\f1b08338f5c92069d7338dcc0e991b75\transformed\coordinatorlayout-1.1.0\res;C:\Users\colbykids\.gradle\caches\8.9\transforms\a05861292fbb5027f82a3c5c6752e7f6\transformed\constraintlayout-2.0.1\AndroidManifest.xml;C:\Users\colbykids\.gradle\caches\8.9\transforms\a05861292fbb5027f82a3c5c6752e7f6\transformed\constraintlayout-2.0.1\jars\classes.jar;C:\Users\colbykids\.gradle\caches\8.9\transforms\a05861292fbb5027f82a3c5c6752e7f6\transformed\constraintlayout-2.0.1\res;C:\Users\colbykids\.gradle\caches\8.9\transforms\aa78789e7578ca98167b9414149fcc88\transformed\dynamicanimation-1.0.0\jars\classes.jar;C:\Users\colbykids\.gradle\caches\8.9\transforms\aa78789e7578ca98167b9414149fcc88\transformed\dynamicanimation-1.0.0\AndroidManifest.xml;C:\Users\colbykids\.gradle\caches\8.9\transforms\8d8d1cbf8c89f4917dfeabbc329fe734\transformed\legacy-support-core-utils-1.0.0\jars\classes.jar;C:\Users\colbykids\.gradle\caches\8.9\transforms\8d8d1cbf8c89f4917dfeabbc329fe734\transformed\legacy-support-core-utils-1.0.0\AndroidManifest.xml;C:\Users\colbykids\.gradle\caches\8.9\transforms\852b159b342ffb5f9e175ad41830cdc8\transformed\documentfile-1.0.0\jars\classes.jar;C:\Users\colbykids\.gradle\caches\8.9\transforms\852b159b342ffb5f9e175ad41830cdc8\transformed\documentfile-1.0.0\AndroidManifest.xml;C:\Users\colbykids\.gradle\caches\8.9\transforms\7916f4232e0b320af68b7fa820a6e606\transformed\localbroadcastmanager-1.0.0\AndroidManifest.xml;C:\Users\colbykids\.gradle\caches\8.9\transforms\7916f4232e0b320af68b7fa820a6e606\transformed\localbroadcastmanager-1.0.0\jars\classes.jar;C:\Users\colbykids\.gradle\caches\8.9\transforms\a86439336260d0ee7ac25717caa3613b\transformed\print-1.0.0\AndroidManifest.xml;C:\Users\colbykids\.gradle\caches\8.9\transforms\a86439336260d0ee7ac25717caa3613b\transformed\print-1.0.0\jars\classes.jar;C:\Users\colbykids\.gradle\caches\8.9\transforms\4f74beb9f98bd6f74b7869a6918d7440\transformed\recyclerview-1.1.0\jars\classes.jar;C:\Users\colbykids\.gradle\caches\8.9\transforms\4f74beb9f98bd6f74b7869a6918d7440\transformed\recyclerview-1.1.0\AndroidManifest.xml;C:\Users\colbykids\.gradle\caches\8.9\transforms\4f74beb9f98bd6f74b7869a6918d7440\transformed\recyclerview-1.1.0\res;C:\Users\colbykids\.gradle\caches\8.9\transforms\bfe5d56a0b151afab481f2cc1ddc3007\transformed\transition-1.5.0\jars\classes.jar;C:\Users\colbykids\.gradle\caches\8.9\transforms\bfe5d56a0b151afab481f2cc1ddc3007\transformed\transition-1.5.0\AndroidManifest.xml;C:\Users\colbykids\.gradle\caches\8.9\transforms\bfe5d56a0b151afab481f2cc1ddc3007\transformed\transition-1.5.0\res;C:\Users\colbykids\.gradle\caches\8.9\transforms\44e405b99747bcdc48c35194a041a4d9\transformed\viewpager2-1.0.0\res;C:\Users\colbykids\.gradle\caches\8.9\transforms\44e405b99747bcdc48c35194a041a4d9\transformed\viewpager2-1.0.0\jars\classes.jar;C:\Users\colbykids\.gradle\caches\8.9\transforms\44e405b99747bcdc48c35194a041a4d9\transformed\viewpager2-1.0.0\AndroidManifest.xml;C:\Users\colbykids\.gradle\caches\modules-2\files-2.1\org.jetbrains.kotlin\kotlin-stdlib\1.9.24\9928532f12c66ad816a625b3f9984f8368ca6d2b\kotlin-stdlib-1.9.24.jar;C:\Users\colbykids\.gradle\caches\modules-2\files-2.1\org.jetbrains\annotations\13.0\919f0dfe192fb4e063e7dacadee7f8bb9a2672a9\annotations-13.0.jar;C:\Users\colbykids\.gradle\caches\modules-2\files-2.1\androidx.annotation\annotation-jvm\1.8.1\b8a16fe526014b7941c1debaccaf9c5153692dbb\annotation-jvm-1.8.1.jar;C:\Users\colbykids\.gradle\caches\modules-2\files-2.1\androidx.arch.core\core-common\2.2.0\5e1b8b81dfd5f52c56a8d53b18ca759c19a301f3\core-common-2.2.0.jar;C:\Users\colbykids\.gradle\caches\modules-2\files-2.1\androidx.lifecycle\lifecycle-common\2.6.2\10f354fdb64868baecd67128560c5a0d6312c495\lifecycle-common-2.6.2.jar;C:\Users\colbykids\.gradle\caches\modules-2\files-2.1\org.jetbrains.kotlinx\kotlinx-coroutines-android\1.6.4\f955fc8b2ad196e2f4429598440e15f7492eeb2b\kotlinx-coroutines-android-1.6.4.jar;C:\Users\colbykids\.gradle\caches\modules-2\files-2.1\org.jetbrains.kotlinx\kotlinx-coroutines-core-jvm\1.6.4\2c997cd1c0ef33f3e751d3831929aeff1390cb30\kotlinx-coroutines-core-jvm-1.6.4.jar;C:\Users\colbykids\.gradle\caches\modules-2\files-2.1\org.jetbrains.kotlin\kotlin-stdlib-jdk8\1.8.22\b25c86d47d6b962b9cf0f8c3f320c8a10eea3dd1\kotlin-stdlib-jdk8-1.8.22.jar;C:\Users\colbykids\.gradle\caches\modules-2\files-2.1\org.jetbrains.kotlin\kotlin-stdlib-jdk7\1.8.22\4dabb8248310d833bb6a8b516024a91fd3d275c\kotlin-stdlib-jdk7-1.8.22.jar;C:\Users\colbykids\.gradle\caches\modules-2\files-2.1\androidx.collection\collection-jvm\1.4.2\bc60b5568a66d765a9fe8e266fd0c6c727e0b50b\collection-jvm-1.4.2.jar;C:\Users\colbykids\.gradle\caches\modules-2\files-2.1\androidx.constraintlayout\constraintlayout-solver\2.0.1\30988fe2d77f3fe3bf7551bb8a8b795fad7e7226\constraintlayout-solver-2.0.1.jar;C:\Users\colbykids\.gradle\caches\modules-2\files-2.1\androidx.resourceinspection\resourceinspection-annotation\1.0.1\8c21f8ff5d96d5d52c948707f7e4d6ca6773feef\resourceinspection-annotation-1.0.1.jar
Launcher Type: SUN_STANDARD

[Global flags]
     intx CICompilerCount                          = 12                                        {product} {ergonomic}
     uint ConcGCThreads                            = 3                                         {product} {ergonomic}
     uint G1ConcRefinementThreads                  = 13                                        {product} {ergonomic}
   size_t G1HeapRegionSize                         = 4194304                                   {product} {ergonomic}
    uintx GCDrainStackTargetSize                   = 64                                        {product} {ergonomic}
   size_t InitialHeapSize                          = 536870912                                 {product} {ergonomic}
   size_t MarkStackSize                            = 4194304                                   {product} {ergonomic}
   size_t MaxHeapSize                              = 8564768768                                {product} {ergonomic}
   size_t MaxNewSize                               = 5138022400                                {product} {ergonomic}
   size_t MinHeapDeltaBytes                        = 4194304                                   {product} {ergonomic}
   size_t MinHeapSize                              = 8388608                                   {product} {ergonomic}
    uintx NonNMethodCodeHeapSize                   = 7602480                                {pd product} {ergonomic}
    uintx NonProfiledCodeHeapSize                  = 122027880                              {pd product} {ergonomic}
    uintx ProfiledCodeHeapSize                     = 122027880                              {pd product} {ergonomic}
    uintx ReservedCodeCacheSize                    = 251658240                              {pd product} {ergonomic}
     bool SegmentedCodeCache                       = true                                      {product} {ergonomic}
   size_t SoftMaxHeapSize                          = 8564768768                             {manageable} {ergonomic}
     bool UseCompressedOops                        = true                           {product lp64_product} {ergonomic}
     bool UseG1GC                                  = true                                      {product} {ergonomic}
     bool UseLargePagesIndividualAllocation        = false                                  {pd product} {ergonomic}

Logging:
Log output configuration:
 #0: stdout all=warning uptime,level,tags foldmultilines=false
 #1: stderr all=off uptime,level,tags foldmultilines=false

Environment Variables:
JAVA_HOME=C:\Users\colbykids\AppData\Local\Programs\Eclipse Adoptium\jdk-17.0.8.101-hotspot\
PATH=C:\Program Files (x86)\Common Files\Oracle\Java\javapath;C:\Windows\system32;C:\Windows;C:\Windows\System32\Wbem;C:\Windows\System32\WindowsPowerShell\v1.0\;C:\Windows\System32\OpenSSH\;C:\Program Files (x86)\IVI Foundation\VISA\WinNT\Bin;C:\Program Files\Git LFS;C:\Program Files (x86)\NVIDIA Corporation\PhysX\Common;C:\Program Files\NVIDIA Corporation\NVIDIA NvDLISR;C:\Program Files\spwn\;C:\Program Files\dotnet\;C:\Program Files\nodejs\;C:\Program Files\Git\cmd;C:\Program Files\CMake\bin;C:\Program Files\komorebi\bin\;C:\Program Files\whkd\bin\;C:\opencv\build\x64\vc16\bin;C:\opencv\build\x64\vc16\lib;C:\Program Files\Neovim\bin;C:\Users\colbykids\AppData\Local\Programs\Python\Python312\Scripts\;C:\Users\colbykids\AppData\Local\Programs\Python\Python312\;C:\Users\colbykids\AppData\Local\Programs\Python\Launcher\;C:\Users\colbykids\AppData\Local\Programs\Eclipse Adoptium\jdk-17.0.8.101-hotspot\bin;C:\Users\colbykids\AppData\Local\Microsoft\WindowsApps;C:\Users\colbykids\AppData\Local\GitHubDesktop\bin;C:\Users\colbykids\AppData\Local\Programs\Microsoft VS Code\bin;C:\Users\colbykids\.dotnet\tools;C:\Program Files\Neovim\bin;C:\raylib\w64devkit\bin;C:\Users\colbykids\AppData\Roaming\npm
USERNAME=colbykids
OS=Windows_NT
PROCESSOR_IDENTIFIER=Intel64 Family 6 Model 165 Stepping 5, GenuineIntel
TMP=C:\Users\COLBYK~1\AppData\Local\Temp
TEMP=C:\Users\COLBYK~1\AppData\Local\Temp




Periodic native trim disabled

JNI global refs:
JNI global refs: 23, weak refs: 0

JNI global refs memory usage: 835, weak refs: 201

Process memory usage:
Resident Set Size: 52280K (0% of 33442968K total physical memory with 7729212K free physical memory)

OOME stack traces (most recent first):
Classloader memory used:
Loader bootstrap                                                                       : 7648K
Loader jdk.internal.loader.ClassLoaders$AppClassLoader                                 : 101824B

---------------  S Y S T E M  ---------------

OS:
 Windows 10 , 64 bit Build 19041 (10.0.19041.5198)
OS uptime: 10 days 21:50 hours

CPU: total 16 (initial active 16) (8 cores per cpu, 2 threads per core) family 6 model 165 stepping 5 microcode 0xc8, cx8, cmov, fxsr, ht, mmx, 3dnowpref, sse, sse2, sse3, ssse3, sse4.1, sse4.2, popcnt, lzcnt, tsc, tscinvbit, avx, avx2, aes, erms, clmul, bmi1, bmi2, adx, fma, vzeroupper, clflush, clflushopt, rdtscp, f16c, pku
Processor Information for all 16 processors :
  Max Mhz: 3792, Current Mhz: 3792, Mhz Limit: 3792

Memory: 4k page, system-wide physical 32659M (7548M free)
TotalPageFile size 60307M (AvailPageFile size 24121M)
current process WorkingSet (physical memory assigned to process): 51M, peak: 51M
current process commit charge ("private bytes"): 617M, peak: 617M

vm_info: OpenJDK 64-Bit Server VM (21.0.3+-12282718-b509.11) for windows-amd64 JRE (21.0.3+-12282718-b509.11), built on 2024-08-27T17:34:15Z by "builder" with MS VC++ 16.10 / 16.11 (VS2019)

END.
