#
# A fatal error has been detected by the Java Runtime Environment:
#
#  EXCEPTION_ACCESS_VIOLATION (0xc0000005) at pc=0x00007ff9d77b140e, pid=25564, tid=1408
#
# JRE version: OpenJDK Runtime Environment (21.0.3) (build 21.0.3+-12282718-b509.11)
# Java VM: OpenJDK 64-Bit Server VM (21.0.3+-12282718-b509.11, mixed mode, tiered, compressed oops, compressed class ptrs, g1 gc, windows-amd64)
# Problematic frame:
# C  [dynamicopmodeloader.dll+0x140e]
#
# No core dump will be written. Minidumps are not enabled by default on client versions of Windows
#
# If you would like to submit a bug report, please visit:
#   https://youtrack.jetbrains.com/issues/JBR
# The crash happened outside the Java Virtual Machine in native code.
# See problematic frame for where to report the bug.
#

---------------  S U M M A R Y ------------

Command Line: -javaagent:C:\Program Files\Android\Android Studio\lib\idea_rt.jar=56740:C:\Program Files\Android\Android Studio\bin -Dfile.encoding=UTF-8 com.minerkid08.dynamicopmodeloader.MainKt

Host: Intel(R) Core(TM) i7-10700K CPU @ 3.80GHz, 16 cores, 31G,  Windows 10 , 64 bit Build 19041 (10.0.19041.5198)
Time: Wed Jan 15 20:38:11 2025 Eastern Standard Time elapsed time: 0.229273 seconds (0d 0h 0m 0s)

---------------  T H R E A D  ---------------

Current thread (0x000001e5da791220):  JavaThread "main"             [_thread_in_native, id=1408, stack(0x000000560d400000,0x000000560d500000) (1024K)]

Stack: [0x000000560d400000,0x000000560d500000],  sp=0x000000560d4fee90,  free space=1019k
Native frames: (J=compiled Java code, j=interpreted, Vv=VM code, C=native code)
C  [dynamicopmodeloader.dll+0x140e]

Java frames: (J=compiled Java code, j=interpreted, Vv=VM code)
j  com.minerkid08.dynamicopmodeloader.FunctionBuilder.addFunction(Ljava/lang/String;Ljava/lang/String;II)V+0
j  com.minerkid08.dynamicopmodeloader.FunctionBuilder.addFun(Ljava/lang/String;Lcom/minerkid08/dynamicopmodeloader/LuaType;Ljava/util/List;)V+143
j  com.minerkid08.dynamicopmodeloader.OpmodeLoader.init()[Ljava/lang/String;+24
j  com.minerkid08.dynamicopmodeloader.MainKt.main()V+9
j  com.minerkid08.dynamicopmodeloader.MainKt.main([Ljava/lang/String;)V+0
v  ~StubRoutines::call_stub 0x000001e5e652100d

siginfo: EXCEPTION_ACCESS_VIOLATION (0xc0000005), reading address 0xfffffffffffffff4


Registers:
RAX=0xfffffffffffffff4, RBX=0x000001e58070a738, RCX=0x0000000000000000, RDX=0x000001e5da7915d8
RSP=0x000000560d4fee90, RBP=0x000000560d4feea0, RSI=0x000000000000826a, RDI=0x0000000620cf4b58
R8 =0x000001e5fd049d84, R9 =0x0000000000000001, R10=0x000001e5fd049d85, R11=0x000001e5fd049d70
R12=0x0000000000000000, R13=0x000001e58070a738, R14=0x000000560d4fefe8, R15=0x000001e5da791220
RIP=0x00007ff9d77b140e, EFLAGS=0x0000000000010293


Register to memory mapping:

RAX=0xfffffffffffffff4 is an unknown value
RBX={method} {0x000001e58070a740} 'addFunction' '(Ljava/lang/String;Ljava/lang/String;II)V' in 'com/minerkid08/dynamicopmodeloader/FunctionBuilder'
RCX=0x0 is null
RDX=0x000001e5da7915d8 points into unknown readable memory: 0x00007ff99d6b84f0 | f0 84 6b 9d f9 7f 00 00
RSP=0x000000560d4fee90 is pointing into the stack for thread: 0x000001e5da791220
RBP=0x000000560d4feea0 is pointing into the stack for thread: 0x000001e5da791220
RSI=0x000000000000826a is an unknown value
RDI=0x0000000620cf4b58 is an oop: java.lang.String 
{0x0000000620cf4b58} - klass: 'java/lang/String'
 - string: "Java_com_minerkid08_dynamicopmodeloader_FunctionBuilder_addFunction"
 - ---- fields (total size 3 words):
 - private 'hash' 'I' @12  0 (0x00000000)
 - private final 'coder' 'B' @16  0 (0x00)
 - private 'hashIsZero' 'Z' @17  false (0x00)
 - injected 'flags' 'B' @18  0 (0x00)
 - private final 'value' '[B' @20  [B{0x0000000620cf4b70} (0xc419e96e)
R8 =0x000001e5fd049d84 points into unknown readable memory: 56 00 75 72
R9 =0x0000000000000001 is an unknown value
R10=0x000001e5fd049d85 points into unknown readable memory: 00 75 72
R11=0x000001e5fd049d70 points into unknown readable memory: 0x6c2f6176616a4c28 | 28 4c 6a 61 76 61 2f 6c
R12=0x0 is null
R13={method} {0x000001e58070a740} 'addFunction' '(Ljava/lang/String;Ljava/lang/String;II)V' in 'com/minerkid08/dynamicopmodeloader/FunctionBuilder'
R14=0x000000560d4fefe8 is pointing into the stack for thread: 0x000001e5da791220
R15=0x000001e5da791220 is a thread

Top of Stack: (sp=0x000000560d4fee90)
0x000000560d4fee90:   0000000620cf4b58 fffffffffffffff4
0x000000560d4feea0:   000000560d4fef00 00007ff9d77b193d
0x000000560d4feeb0:   0000000000000000 000000560d4fefe8
0x000000560d4feec0:   000001e5da791220 000001e5da791220
0x000000560d4feed0:   0000000620cf4b58 000001e5e652ccbc
0x000000560d4feee0:   000001e58070a738 000001e58070a738
0x000000560d4feef0:   000001e5fd049d70 000001e5fc50b090
0x000000560d4fef00:   000000560d4fefa8 000001e5e652ce4b
0x000000560d4fef10:   000001e5da7915d8 000000560d4fefe8
0x000000560d4fef20:   000000560d4fefe0 000000560d4fefd8
0x000000560d4fef30:   000001e500000000 0000000000000001
0x000000560d4fef40:   0000000620cf4b58 000001e5e652bc30
0x000000560d4fef50:   000001e58070b2e8 000001e5e652cadf
0x000000560d4fef60:   000000560d4fef60 000001e58070a738
0x000000560d4fef70:   0000000000000008 000001e58070a9f0
0x000000560d4fef80:   0000000000000000 00000006213b48b8
0x000000560d4fef90:   000001e58070a738 0000000000000000
0x000000560d4fefa0:   000000560d4fefc8 000000560d4ff038
0x000000560d4fefb0:   000001e5e6528860 0000000000000000
0x000000560d4fefc0:   000001e5e652a3d7 0000000000000001
0x000000560d4fefd0:   0000000000000000 0000000620cf4b40
0x000000560d4fefe0:   00000006213b4ba8 00000006213b4a30
0x000000560d4feff0:   000000560d4feff0 000001e580707f5f
0x000000560d4ff000:   0000000000000009 000001e58070a9f0
0x000000560d4ff010:   0000000000000000 00000006213b48b8
0x000000560d4ff020:   000001e58070a5b8 000000560d4fefc8
0x000000560d4ff030:   000000560d4ff068 000000560d4ff0d0
0x000000560d4ff040:   000001e5e6528860 00000006213b6820
0x000000560d4ff050:   0000000620cefb60 0000000000000001
0x000000560d4ff060:   0000000620cf4b40 0000000620cefa38
0x000000560d4ff070:   00000006213b6870 00000006213b4ba8
0x000000560d4ff080:   00000006213b4a30 000000560d4ff088 

Instructions: (pc=0x00007ff9d77b140e)
0x00007ff9d77b130e:   30 5d c3 55 48 89 e5 48 83 ec 40 48 89 4d 10 89
0x00007ff9d77b131e:   55 18 48 8b 45 10 48 8b 00 48 89 45 f8 48 8b 45
0x00007ff9d77b132e:   f8 48 83 e8 0c 48 89 45 f0 48 8b 45 f0 8b 40 04
0x00007ff9d77b133e:   39 45 18 7f 0b 48 8b 45 f0 8b 55 18 89 10 eb 73
0x00007ff9d77b134e:   48 8b 45 f0 8b 40 08 0f af 45 18 83 c0 0c 89 45
0x00007ff9d77b135e:   ec 8b 45 ec 48 63 d0 48 8b 45 f0 48 89 c1 e8 cf
0x00007ff9d77b136e:   2e 04 00 48 89 45 e0 48 83 7d e0 00 75 23 41 b8
0x00007ff9d77b137e:   24 00 00 00 48 8d 05 77 4c 04 00 48 89 c2 48 8d
0x00007ff9d77b138e:   05 7e 4c 04 00 48 89 c1 48 8b 05 f3 4f 05 00 ff
0x00007ff9d77b139e:   d0 48 8b 45 e0 8b 55 18 89 50 04 48 8b 45 e0 8b
0x00007ff9d77b13ae:   55 18 89 10 48 8b 45 e0 48 8d 50 0c 48 8b 45 10
0x00007ff9d77b13be:   48 89 10 48 83 c4 40 5d c3 55 48 89 e5 48 83 ec
0x00007ff9d77b13ce:   30 48 89 4d 10 48 8b 45 10 48 83 e8 0c 48 89 45
0x00007ff9d77b13de:   f8 48 8b 45 f8 48 89 c1 e8 ad 2d 04 00 90 48 83
0x00007ff9d77b13ee:   c4 30 5d c3 55 48 89 e5 48 83 ec 10 48 89 4d 10
0x00007ff9d77b13fe:   48 8b 45 10 48 83 e8 0c 48 89 45 f8 48 8b 45 f8
0x00007ff9d77b140e:   8b 00 48 83 c4 10 5d c3 55 48 89 e5 48 83 ec 10
0x00007ff9d77b141e:   48 89 4d 10 48 8b 45 10 48 83 e8 0c 48 89 45 f8
0x00007ff9d77b142e:   48 8b 45 f8 8b 40 04 48 83 c4 10 5d c3 90 90 90
0x00007ff9d77b143e:   90 90 55 53 48 83 ec 58 48 8d 6c 24 50 48 89 4d
0x00007ff9d77b144e:   20 48 89 55 28 4c 89 45 30 44 89 ca 8b 45 40 88
0x00007ff9d77b145e:   55 38 88 45 dc 48 8b 05 56 9f 04 00 48 8b 40 10
0x00007ff9d77b146e:   48 8b 00 4c 8b 80 f8 00 00 00 48 8b 05 41 9f 04
0x00007ff9d77b147e:   00 48 8b 50 30 48 8b 05 36 9f 04 00 48 8b 40 10
0x00007ff9d77b148e:   48 89 c1 41 ff d0 48 89 45 f0 48 8b 05 21 9f 04
0x00007ff9d77b149e:   00 48 8b 40 10 48 8b 00 4c 8b 90 08 01 00 00 48
0x00007ff9d77b14ae:   8b 05 0c 9f 04 00 48 8b 40 10 4c 8b 45 30 48 8b
0x00007ff9d77b14be:   4d 28 48 8b 55 f0 4d 89 c1 49 89 c8 48 89 c1 41
0x00007ff9d77b14ce:   ff d2 48 8b 55 20 48 89 42 10 48 8b 45 20 0f b6
0x00007ff9d77b14de:   55 dc 88 10 48 8b 45 20 0f b6 55 38 88 50 01 48
0x00007ff9d77b14ee:   0f be 45 dc 48 89 c1 e8 26 2d 04 00 48 89 c2 48
0x00007ff9d77b14fe:   8b 45 20 48 89 50 08 c6 45 ff 00 c7 45 f8 00 00 


Stack slot to memory mapping:

stack at sp + 0 slots: 0x0000000620cf4b58 is an oop: java.lang.String 
{0x0000000620cf4b58} - klass: 'java/lang/String'
 - string: "Java_com_minerkid08_dynamicopmodeloader_FunctionBuilder_addFunction"
 - ---- fields (total size 3 words):
 - private 'hash' 'I' @12  0 (0x00000000)
 - private final 'coder' 'B' @16  0 (0x00)
 - private 'hashIsZero' 'Z' @17  false (0x00)
 - injected 'flags' 'B' @18  0 (0x00)
 - private final 'value' '[B' @20  [B{0x0000000620cf4b70} (0xc419e96e)
stack at sp + 1 slots: 0xfffffffffffffff4 is an unknown value
stack at sp + 2 slots: 0x000000560d4fef00 is pointing into the stack for thread: 0x000001e5da791220
stack at sp + 3 slots: 0x00007ff9d77b193d dynamicopmodeloader.dll
stack at sp + 4 slots: 0x0 is null
stack at sp + 5 slots: 0x000000560d4fefe8 is pointing into the stack for thread: 0x000001e5da791220
stack at sp + 6 slots: 0x000001e5da791220 is a thread
stack at sp + 7 slots: 0x000001e5da791220 is a thread


---------------  P R O C E S S  ---------------

Threads class SMR info:
_java_thread_list=0x000001e5fc5b4200, length=15, elements={
0x000001e5da791220, 0x000001e5fc30c210, 0x000001e5fc2f1110, 0x000001e5fc30cfd0,
0x000001e5fc316bc0, 0x000001e5fc317a20, 0x000001e5fc2f9e60, 0x000001e5fc31b980,
0x000001e5fc323840, 0x000001e5f92e3500, 0x000001e5fc320890, 0x000001e5fc321630,
0x000001e5fc323f10, 0x000001e5fc87e9d0, 0x000001e5fc87f040
}

Java Threads: ( => current thread )
=>0x000001e5da791220 JavaThread "main"                              [_thread_in_native, id=1408, stack(0x000000560d400000,0x000000560d500000) (1024K)]
  0x000001e5fc30c210 JavaThread "Reference Handler"          daemon [_thread_blocked, id=12168, stack(0x000000560dc00000,0x000000560dd00000) (1024K)]
  0x000001e5fc2f1110 JavaThread "Finalizer"                  daemon [_thread_blocked, id=11292, stack(0x000000560dd00000,0x000000560de00000) (1024K)]
  0x000001e5fc30cfd0 JavaThread "Signal Dispatcher"          daemon [_thread_blocked, id=21972, stack(0x000000560de00000,0x000000560df00000) (1024K)]
  0x000001e5fc316bc0 JavaThread "Attach Listener"            daemon [_thread_blocked, id=22408, stack(0x000000560df00000,0x000000560e000000) (1024K)]
  0x000001e5fc317a20 JavaThread "Service Thread"             daemon [_thread_blocked, id=26200, stack(0x000000560e000000,0x000000560e100000) (1024K)]
  0x000001e5fc2f9e60 JavaThread "Monitor Deflation Thread"   daemon [_thread_blocked, id=18604, stack(0x000000560e100000,0x000000560e200000) (1024K)]
  0x000001e5fc31b980 JavaThread "C2 CompilerThread0"         daemon [_thread_blocked, id=20104, stack(0x000000560e200000,0x000000560e300000) (1024K)]
  0x000001e5fc323840 JavaThread "C1 CompilerThread0"         daemon [_thread_blocked, id=19144, stack(0x000000560e300000,0x000000560e400000) (1024K)]
  0x000001e5f92e3500 JavaThread "Common-Cleaner"             daemon [_thread_blocked, id=27296, stack(0x000000560e400000,0x000000560e500000) (1024K)]
  0x000001e5fc320890 JavaThread "C1 CompilerThread1"         daemon [_thread_blocked, id=9648, stack(0x000000560e500000,0x000000560e600000) (1024K)]
  0x000001e5fc321630 JavaThread "C1 CompilerThread2"         daemon [_thread_blocked, id=25100, stack(0x000000560e600000,0x000000560e700000) (1024K)]
  0x000001e5fc323f10 JavaThread "C2 CompilerThread1"         daemon [_thread_blocked, id=4576, stack(0x000000560e700000,0x000000560e800000) (1024K)]
  0x000001e5fc87e9d0 JavaThread "Monitor Ctrl-Break"         daemon [_thread_in_native, id=26496, stack(0x000000560e800000,0x000000560e900000) (1024K)]
  0x000001e5fc87f040 JavaThread "Notification Thread"        daemon [_thread_blocked, id=28008, stack(0x000000560e900000,0x000000560ea00000) (1024K)]
Total: 15

Other Threads:
  0x000001e5fc26ca40 VMThread "VM Thread"                           [id=13092, stack(0x000000560db00000,0x000000560dc00000) (1024K)]
  0x000001e5f92e24c0 WatcherThread "VM Periodic Task Thread"        [id=24520, stack(0x000000560da00000,0x000000560db00000) (1024K)]
  0x000001e5da7f7220 WorkerThread "GC Thread#0"                     [id=28072, stack(0x000000560d500000,0x000000560d600000) (1024K)]
  0x000001e5da8081c0 ConcurrentGCThread "G1 Main Marker"            [id=21636, stack(0x000000560d600000,0x000000560d700000) (1024K)]
  0x000001e5da80b470 WorkerThread "G1 Conc#0"                       [id=26612, stack(0x000000560d700000,0x000000560d800000) (1024K)]
  0x000001e5f91a5400 ConcurrentGCThread "G1 Refine#0"               [id=22892, stack(0x000000560d800000,0x000000560d900000) (1024K)]
  0x000001e5f91a5d80 ConcurrentGCThread "G1 Service"                [id=23808, stack(0x000000560d900000,0x000000560da00000) (1024K)]
Total: 7

Threads with active compile tasks:
Total: 0

VM state: not at safepoint (normal execution)

VM Mutex/Monitor currently owned by a thread: None

Heap address: 0x0000000601800000, size: 8168 MB, Compressed Oops mode: Zero based, Oop shift amount: 3

CDS archive(s) not mapped
Compressed class space mapped at: 0x0000000800000000-0x0000000840000000, reserved size: 1073741824
Narrow klass base: 0x0000000800000000, Narrow klass shift: 0, Narrow klass range: 0x40000000

GC Precious Log:
 CardTable entry size: 512
 Card Set container configuration: InlinePtr #cards 4 size 8 Array Of Cards #cards 32 size 80 Howl #buckets 8 coarsen threshold 7372 Howl Bitmap #cards 1024 size 144 coarsen threshold 921 Card regions per heap region 1 cards per card region 8192
 CPUs: 16 total, 16 available
 Memory: 32659M
 Large Page Support: Disabled
 NUMA Support: Disabled
 Compressed Oops: Enabled (Zero based)
 Heap Region Size: 4M
 Heap Min Capacity: 8M
 Heap Initial Capacity: 512M
 Heap Max Capacity: 8168M
 Pre-touch: Disabled
 Parallel Workers: 13
 Concurrent Workers: 3
 Concurrent Refinement Workers: 13
 Periodic GC: Disabled

Heap:
 garbage-first heap   total 524288K, used 4096K [0x0000000601800000, 0x0000000800000000)
  region size 4096K, 3 young (12288K), 0 survivors (0K)
 Metaspace       used 7918K, committed 8064K, reserved 1114112K
  class space    used 697K, committed 768K, reserved 1048576K

Heap Regions: E=young(eden), S=young(survivor), O=old, HS=humongous(starts), HC=humongous(continues), CS=collection set, F=free, TAMS=top-at-mark-start, PB=parsable bottom
|   0|0x0000000601800000, 0x0000000601800000, 0x0000000601c00000|  0%| F|  |TAMS 0x0000000601800000| PB 0x0000000601800000| Untracked 
|   1|0x0000000601c00000, 0x0000000601c00000, 0x0000000602000000|  0%| F|  |TAMS 0x0000000601c00000| PB 0x0000000601c00000| Untracked 
|   2|0x0000000602000000, 0x0000000602000000, 0x0000000602400000|  0%| F|  |TAMS 0x0000000602000000| PB 0x0000000602000000| Untracked 
|   3|0x0000000602400000, 0x0000000602400000, 0x0000000602800000|  0%| F|  |TAMS 0x0000000602400000| PB 0x0000000602400000| Untracked 
|   4|0x0000000602800000, 0x0000000602800000, 0x0000000602c00000|  0%| F|  |TAMS 0x0000000602800000| PB 0x0000000602800000| Untracked 
|   5|0x0000000602c00000, 0x0000000602c00000, 0x0000000603000000|  0%| F|  |TAMS 0x0000000602c00000| PB 0x0000000602c00000| Untracked 
|   6|0x0000000603000000, 0x0000000603000000, 0x0000000603400000|  0%| F|  |TAMS 0x0000000603000000| PB 0x0000000603000000| Untracked 
|   7|0x0000000603400000, 0x0000000603400000, 0x0000000603800000|  0%| F|  |TAMS 0x0000000603400000| PB 0x0000000603400000| Untracked 
|   8|0x0000000603800000, 0x0000000603800000, 0x0000000603c00000|  0%| F|  |TAMS 0x0000000603800000| PB 0x0000000603800000| Untracked 
|   9|0x0000000603c00000, 0x0000000603c00000, 0x0000000604000000|  0%| F|  |TAMS 0x0000000603c00000| PB 0x0000000603c00000| Untracked 
|  10|0x0000000604000000, 0x0000000604000000, 0x0000000604400000|  0%| F|  |TAMS 0x0000000604000000| PB 0x0000000604000000| Untracked 
|  11|0x0000000604400000, 0x0000000604400000, 0x0000000604800000|  0%| F|  |TAMS 0x0000000604400000| PB 0x0000000604400000| Untracked 
|  12|0x0000000604800000, 0x0000000604800000, 0x0000000604c00000|  0%| F|  |TAMS 0x0000000604800000| PB 0x0000000604800000| Untracked 
|  13|0x0000000604c00000, 0x0000000604c00000, 0x0000000605000000|  0%| F|  |TAMS 0x0000000604c00000| PB 0x0000000604c00000| Untracked 
|  14|0x0000000605000000, 0x0000000605000000, 0x0000000605400000|  0%| F|  |TAMS 0x0000000605000000| PB 0x0000000605000000| Untracked 
|  15|0x0000000605400000, 0x0000000605400000, 0x0000000605800000|  0%| F|  |TAMS 0x0000000605400000| PB 0x0000000605400000| Untracked 
|  16|0x0000000605800000, 0x0000000605800000, 0x0000000605c00000|  0%| F|  |TAMS 0x0000000605800000| PB 0x0000000605800000| Untracked 
|  17|0x0000000605c00000, 0x0000000605c00000, 0x0000000606000000|  0%| F|  |TAMS 0x0000000605c00000| PB 0x0000000605c00000| Untracked 
|  18|0x0000000606000000, 0x0000000606000000, 0x0000000606400000|  0%| F|  |TAMS 0x0000000606000000| PB 0x0000000606000000| Untracked 
|  19|0x0000000606400000, 0x0000000606400000, 0x0000000606800000|  0%| F|  |TAMS 0x0000000606400000| PB 0x0000000606400000| Untracked 
|  20|0x0000000606800000, 0x0000000606800000, 0x0000000606c00000|  0%| F|  |TAMS 0x0000000606800000| PB 0x0000000606800000| Untracked 
|  21|0x0000000606c00000, 0x0000000606c00000, 0x0000000607000000|  0%| F|  |TAMS 0x0000000606c00000| PB 0x0000000606c00000| Untracked 
|  22|0x0000000607000000, 0x0000000607000000, 0x0000000607400000|  0%| F|  |TAMS 0x0000000607000000| PB 0x0000000607000000| Untracked 
|  23|0x0000000607400000, 0x0000000607400000, 0x0000000607800000|  0%| F|  |TAMS 0x0000000607400000| PB 0x0000000607400000| Untracked 
|  24|0x0000000607800000, 0x0000000607800000, 0x0000000607c00000|  0%| F|  |TAMS 0x0000000607800000| PB 0x0000000607800000| Untracked 
|  25|0x0000000607c00000, 0x0000000607c00000, 0x0000000608000000|  0%| F|  |TAMS 0x0000000607c00000| PB 0x0000000607c00000| Untracked 
|  26|0x0000000608000000, 0x0000000608000000, 0x0000000608400000|  0%| F|  |TAMS 0x0000000608000000| PB 0x0000000608000000| Untracked 
|  27|0x0000000608400000, 0x0000000608400000, 0x0000000608800000|  0%| F|  |TAMS 0x0000000608400000| PB 0x0000000608400000| Untracked 
|  28|0x0000000608800000, 0x0000000608800000, 0x0000000608c00000|  0%| F|  |TAMS 0x0000000608800000| PB 0x0000000608800000| Untracked 
|  29|0x0000000608c00000, 0x0000000608c00000, 0x0000000609000000|  0%| F|  |TAMS 0x0000000608c00000| PB 0x0000000608c00000| Untracked 
|  30|0x0000000609000000, 0x0000000609000000, 0x0000000609400000|  0%| F|  |TAMS 0x0000000609000000| PB 0x0000000609000000| Untracked 
|  31|0x0000000609400000, 0x0000000609400000, 0x0000000609800000|  0%| F|  |TAMS 0x0000000609400000| PB 0x0000000609400000| Untracked 
|  32|0x0000000609800000, 0x0000000609800000, 0x0000000609c00000|  0%| F|  |TAMS 0x0000000609800000| PB 0x0000000609800000| Untracked 
|  33|0x0000000609c00000, 0x0000000609c00000, 0x000000060a000000|  0%| F|  |TAMS 0x0000000609c00000| PB 0x0000000609c00000| Untracked 
|  34|0x000000060a000000, 0x000000060a000000, 0x000000060a400000|  0%| F|  |TAMS 0x000000060a000000| PB 0x000000060a000000| Untracked 
|  35|0x000000060a400000, 0x000000060a400000, 0x000000060a800000|  0%| F|  |TAMS 0x000000060a400000| PB 0x000000060a400000| Untracked 
|  36|0x000000060a800000, 0x000000060a800000, 0x000000060ac00000|  0%| F|  |TAMS 0x000000060a800000| PB 0x000000060a800000| Untracked 
|  37|0x000000060ac00000, 0x000000060ac00000, 0x000000060b000000|  0%| F|  |TAMS 0x000000060ac00000| PB 0x000000060ac00000| Untracked 
|  38|0x000000060b000000, 0x000000060b000000, 0x000000060b400000|  0%| F|  |TAMS 0x000000060b000000| PB 0x000000060b000000| Untracked 
|  39|0x000000060b400000, 0x000000060b400000, 0x000000060b800000|  0%| F|  |TAMS 0x000000060b400000| PB 0x000000060b400000| Untracked 
|  40|0x000000060b800000, 0x000000060b800000, 0x000000060bc00000|  0%| F|  |TAMS 0x000000060b800000| PB 0x000000060b800000| Untracked 
|  41|0x000000060bc00000, 0x000000060bc00000, 0x000000060c000000|  0%| F|  |TAMS 0x000000060bc00000| PB 0x000000060bc00000| Untracked 
|  42|0x000000060c000000, 0x000000060c000000, 0x000000060c400000|  0%| F|  |TAMS 0x000000060c000000| PB 0x000000060c000000| Untracked 
|  43|0x000000060c400000, 0x000000060c400000, 0x000000060c800000|  0%| F|  |TAMS 0x000000060c400000| PB 0x000000060c400000| Untracked 
|  44|0x000000060c800000, 0x000000060c800000, 0x000000060cc00000|  0%| F|  |TAMS 0x000000060c800000| PB 0x000000060c800000| Untracked 
|  45|0x000000060cc00000, 0x000000060cc00000, 0x000000060d000000|  0%| F|  |TAMS 0x000000060cc00000| PB 0x000000060cc00000| Untracked 
|  46|0x000000060d000000, 0x000000060d000000, 0x000000060d400000|  0%| F|  |TAMS 0x000000060d000000| PB 0x000000060d000000| Untracked 
|  47|0x000000060d400000, 0x000000060d400000, 0x000000060d800000|  0%| F|  |TAMS 0x000000060d400000| PB 0x000000060d400000| Untracked 
|  48|0x000000060d800000, 0x000000060d800000, 0x000000060dc00000|  0%| F|  |TAMS 0x000000060d800000| PB 0x000000060d800000| Untracked 
|  49|0x000000060dc00000, 0x000000060dc00000, 0x000000060e000000|  0%| F|  |TAMS 0x000000060dc00000| PB 0x000000060dc00000| Untracked 
|  50|0x000000060e000000, 0x000000060e000000, 0x000000060e400000|  0%| F|  |TAMS 0x000000060e000000| PB 0x000000060e000000| Untracked 
|  51|0x000000060e400000, 0x000000060e400000, 0x000000060e800000|  0%| F|  |TAMS 0x000000060e400000| PB 0x000000060e400000| Untracked 
|  52|0x000000060e800000, 0x000000060e800000, 0x000000060ec00000|  0%| F|  |TAMS 0x000000060e800000| PB 0x000000060e800000| Untracked 
|  53|0x000000060ec00000, 0x000000060ec00000, 0x000000060f000000|  0%| F|  |TAMS 0x000000060ec00000| PB 0x000000060ec00000| Untracked 
|  54|0x000000060f000000, 0x000000060f000000, 0x000000060f400000|  0%| F|  |TAMS 0x000000060f000000| PB 0x000000060f000000| Untracked 
|  55|0x000000060f400000, 0x000000060f400000, 0x000000060f800000|  0%| F|  |TAMS 0x000000060f400000| PB 0x000000060f400000| Untracked 
|  56|0x000000060f800000, 0x000000060f800000, 0x000000060fc00000|  0%| F|  |TAMS 0x000000060f800000| PB 0x000000060f800000| Untracked 
|  57|0x000000060fc00000, 0x000000060fc00000, 0x0000000610000000|  0%| F|  |TAMS 0x000000060fc00000| PB 0x000000060fc00000| Untracked 
|  58|0x0000000610000000, 0x0000000610000000, 0x0000000610400000|  0%| F|  |TAMS 0x0000000610000000| PB 0x0000000610000000| Untracked 
|  59|0x0000000610400000, 0x0000000610400000, 0x0000000610800000|  0%| F|  |TAMS 0x0000000610400000| PB 0x0000000610400000| Untracked 
|  60|0x0000000610800000, 0x0000000610800000, 0x0000000610c00000|  0%| F|  |TAMS 0x0000000610800000| PB 0x0000000610800000| Untracked 
|  61|0x0000000610c00000, 0x0000000610c00000, 0x0000000611000000|  0%| F|  |TAMS 0x0000000610c00000| PB 0x0000000610c00000| Untracked 
|  62|0x0000000611000000, 0x0000000611000000, 0x0000000611400000|  0%| F|  |TAMS 0x0000000611000000| PB 0x0000000611000000| Untracked 
|  63|0x0000000611400000, 0x0000000611400000, 0x0000000611800000|  0%| F|  |TAMS 0x0000000611400000| PB 0x0000000611400000| Untracked 
|  64|0x0000000611800000, 0x0000000611800000, 0x0000000611c00000|  0%| F|  |TAMS 0x0000000611800000| PB 0x0000000611800000| Untracked 
|  65|0x0000000611c00000, 0x0000000611c00000, 0x0000000612000000|  0%| F|  |TAMS 0x0000000611c00000| PB 0x0000000611c00000| Untracked 
|  66|0x0000000612000000, 0x0000000612000000, 0x0000000612400000|  0%| F|  |TAMS 0x0000000612000000| PB 0x0000000612000000| Untracked 
|  67|0x0000000612400000, 0x0000000612400000, 0x0000000612800000|  0%| F|  |TAMS 0x0000000612400000| PB 0x0000000612400000| Untracked 
|  68|0x0000000612800000, 0x0000000612800000, 0x0000000612c00000|  0%| F|  |TAMS 0x0000000612800000| PB 0x0000000612800000| Untracked 
|  69|0x0000000612c00000, 0x0000000612c00000, 0x0000000613000000|  0%| F|  |TAMS 0x0000000612c00000| PB 0x0000000612c00000| Untracked 
|  70|0x0000000613000000, 0x0000000613000000, 0x0000000613400000|  0%| F|  |TAMS 0x0000000613000000| PB 0x0000000613000000| Untracked 
|  71|0x0000000613400000, 0x0000000613400000, 0x0000000613800000|  0%| F|  |TAMS 0x0000000613400000| PB 0x0000000613400000| Untracked 
|  72|0x0000000613800000, 0x0000000613800000, 0x0000000613c00000|  0%| F|  |TAMS 0x0000000613800000| PB 0x0000000613800000| Untracked 
|  73|0x0000000613c00000, 0x0000000613c00000, 0x0000000614000000|  0%| F|  |TAMS 0x0000000613c00000| PB 0x0000000613c00000| Untracked 
|  74|0x0000000614000000, 0x0000000614000000, 0x0000000614400000|  0%| F|  |TAMS 0x0000000614000000| PB 0x0000000614000000| Untracked 
|  75|0x0000000614400000, 0x0000000614400000, 0x0000000614800000|  0%| F|  |TAMS 0x0000000614400000| PB 0x0000000614400000| Untracked 
|  76|0x0000000614800000, 0x0000000614800000, 0x0000000614c00000|  0%| F|  |TAMS 0x0000000614800000| PB 0x0000000614800000| Untracked 
|  77|0x0000000614c00000, 0x0000000614c00000, 0x0000000615000000|  0%| F|  |TAMS 0x0000000614c00000| PB 0x0000000614c00000| Untracked 
|  78|0x0000000615000000, 0x0000000615000000, 0x0000000615400000|  0%| F|  |TAMS 0x0000000615000000| PB 0x0000000615000000| Untracked 
|  79|0x0000000615400000, 0x0000000615400000, 0x0000000615800000|  0%| F|  |TAMS 0x0000000615400000| PB 0x0000000615400000| Untracked 
|  80|0x0000000615800000, 0x0000000615800000, 0x0000000615c00000|  0%| F|  |TAMS 0x0000000615800000| PB 0x0000000615800000| Untracked 
|  81|0x0000000615c00000, 0x0000000615c00000, 0x0000000616000000|  0%| F|  |TAMS 0x0000000615c00000| PB 0x0000000615c00000| Untracked 
|  82|0x0000000616000000, 0x0000000616000000, 0x0000000616400000|  0%| F|  |TAMS 0x0000000616000000| PB 0x0000000616000000| Untracked 
|  83|0x0000000616400000, 0x0000000616400000, 0x0000000616800000|  0%| F|  |TAMS 0x0000000616400000| PB 0x0000000616400000| Untracked 
|  84|0x0000000616800000, 0x0000000616800000, 0x0000000616c00000|  0%| F|  |TAMS 0x0000000616800000| PB 0x0000000616800000| Untracked 
|  85|0x0000000616c00000, 0x0000000616c00000, 0x0000000617000000|  0%| F|  |TAMS 0x0000000616c00000| PB 0x0000000616c00000| Untracked 
|  86|0x0000000617000000, 0x0000000617000000, 0x0000000617400000|  0%| F|  |TAMS 0x0000000617000000| PB 0x0000000617000000| Untracked 
|  87|0x0000000617400000, 0x0000000617400000, 0x0000000617800000|  0%| F|  |TAMS 0x0000000617400000| PB 0x0000000617400000| Untracked 
|  88|0x0000000617800000, 0x0000000617800000, 0x0000000617c00000|  0%| F|  |TAMS 0x0000000617800000| PB 0x0000000617800000| Untracked 
|  89|0x0000000617c00000, 0x0000000617c00000, 0x0000000618000000|  0%| F|  |TAMS 0x0000000617c00000| PB 0x0000000617c00000| Untracked 
|  90|0x0000000618000000, 0x0000000618000000, 0x0000000618400000|  0%| F|  |TAMS 0x0000000618000000| PB 0x0000000618000000| Untracked 
|  91|0x0000000618400000, 0x0000000618400000, 0x0000000618800000|  0%| F|  |TAMS 0x0000000618400000| PB 0x0000000618400000| Untracked 
|  92|0x0000000618800000, 0x0000000618800000, 0x0000000618c00000|  0%| F|  |TAMS 0x0000000618800000| PB 0x0000000618800000| Untracked 
|  93|0x0000000618c00000, 0x0000000618c00000, 0x0000000619000000|  0%| F|  |TAMS 0x0000000618c00000| PB 0x0000000618c00000| Untracked 
|  94|0x0000000619000000, 0x0000000619000000, 0x0000000619400000|  0%| F|  |TAMS 0x0000000619000000| PB 0x0000000619000000| Untracked 
|  95|0x0000000619400000, 0x0000000619400000, 0x0000000619800000|  0%| F|  |TAMS 0x0000000619400000| PB 0x0000000619400000| Untracked 
|  96|0x0000000619800000, 0x0000000619800000, 0x0000000619c00000|  0%| F|  |TAMS 0x0000000619800000| PB 0x0000000619800000| Untracked 
|  97|0x0000000619c00000, 0x0000000619c00000, 0x000000061a000000|  0%| F|  |TAMS 0x0000000619c00000| PB 0x0000000619c00000| Untracked 
|  98|0x000000061a000000, 0x000000061a000000, 0x000000061a400000|  0%| F|  |TAMS 0x000000061a000000| PB 0x000000061a000000| Untracked 
|  99|0x000000061a400000, 0x000000061a400000, 0x000000061a800000|  0%| F|  |TAMS 0x000000061a400000| PB 0x000000061a400000| Untracked 
| 100|0x000000061a800000, 0x000000061a800000, 0x000000061ac00000|  0%| F|  |TAMS 0x000000061a800000| PB 0x000000061a800000| Untracked 
| 101|0x000000061ac00000, 0x000000061ac00000, 0x000000061b000000|  0%| F|  |TAMS 0x000000061ac00000| PB 0x000000061ac00000| Untracked 
| 102|0x000000061b000000, 0x000000061b000000, 0x000000061b400000|  0%| F|  |TAMS 0x000000061b000000| PB 0x000000061b000000| Untracked 
| 103|0x000000061b400000, 0x000000061b400000, 0x000000061b800000|  0%| F|  |TAMS 0x000000061b400000| PB 0x000000061b400000| Untracked 
| 104|0x000000061b800000, 0x000000061b800000, 0x000000061bc00000|  0%| F|  |TAMS 0x000000061b800000| PB 0x000000061b800000| Untracked 
| 105|0x000000061bc00000, 0x000000061bc00000, 0x000000061c000000|  0%| F|  |TAMS 0x000000061bc00000| PB 0x000000061bc00000| Untracked 
| 106|0x000000061c000000, 0x000000061c000000, 0x000000061c400000|  0%| F|  |TAMS 0x000000061c000000| PB 0x000000061c000000| Untracked 
| 107|0x000000061c400000, 0x000000061c400000, 0x000000061c800000|  0%| F|  |TAMS 0x000000061c400000| PB 0x000000061c400000| Untracked 
| 108|0x000000061c800000, 0x000000061c800000, 0x000000061cc00000|  0%| F|  |TAMS 0x000000061c800000| PB 0x000000061c800000| Untracked 
| 109|0x000000061cc00000, 0x000000061cc00000, 0x000000061d000000|  0%| F|  |TAMS 0x000000061cc00000| PB 0x000000061cc00000| Untracked 
| 110|0x000000061d000000, 0x000000061d000000, 0x000000061d400000|  0%| F|  |TAMS 0x000000061d000000| PB 0x000000061d000000| Untracked 
| 111|0x000000061d400000, 0x000000061d400000, 0x000000061d800000|  0%| F|  |TAMS 0x000000061d400000| PB 0x000000061d400000| Untracked 
| 112|0x000000061d800000, 0x000000061d800000, 0x000000061dc00000|  0%| F|  |TAMS 0x000000061d800000| PB 0x000000061d800000| Untracked 
| 113|0x000000061dc00000, 0x000000061dc00000, 0x000000061e000000|  0%| F|  |TAMS 0x000000061dc00000| PB 0x000000061dc00000| Untracked 
| 114|0x000000061e000000, 0x000000061e000000, 0x000000061e400000|  0%| F|  |TAMS 0x000000061e000000| PB 0x000000061e000000| Untracked 
| 115|0x000000061e400000, 0x000000061e400000, 0x000000061e800000|  0%| F|  |TAMS 0x000000061e400000| PB 0x000000061e400000| Untracked 
| 116|0x000000061e800000, 0x000000061e800000, 0x000000061ec00000|  0%| F|  |TAMS 0x000000061e800000| PB 0x000000061e800000| Untracked 
| 117|0x000000061ec00000, 0x000000061ec00000, 0x000000061f000000|  0%| F|  |TAMS 0x000000061ec00000| PB 0x000000061ec00000| Untracked 
| 118|0x000000061f000000, 0x000000061f000000, 0x000000061f400000|  0%| F|  |TAMS 0x000000061f000000| PB 0x000000061f000000| Untracked 
| 119|0x000000061f400000, 0x000000061f400000, 0x000000061f800000|  0%| F|  |TAMS 0x000000061f400000| PB 0x000000061f400000| Untracked 
| 120|0x000000061f800000, 0x000000061f800000, 0x000000061fc00000|  0%| F|  |TAMS 0x000000061f800000| PB 0x000000061f800000| Untracked 
| 121|0x000000061fc00000, 0x000000061fc00000, 0x0000000620000000|  0%| F|  |TAMS 0x000000061fc00000| PB 0x000000061fc00000| Untracked 
| 122|0x0000000620000000, 0x0000000620000000, 0x0000000620400000|  0%| F|  |TAMS 0x0000000620000000| PB 0x0000000620000000| Untracked 
| 123|0x0000000620400000, 0x0000000620400000, 0x0000000620800000|  0%| F|  |TAMS 0x0000000620400000| PB 0x0000000620400000| Untracked 
| 124|0x0000000620800000, 0x0000000620800000, 0x0000000620c00000|  0%| F|  |TAMS 0x0000000620800000| PB 0x0000000620800000| Untracked 
| 125|0x0000000620c00000, 0x0000000620d16330, 0x0000000621000000| 27%| E|  |TAMS 0x0000000620c00000| PB 0x0000000620c00000| Complete 
| 126|0x0000000621000000, 0x0000000621400000, 0x0000000621400000|100%| E|CS|TAMS 0x0000000621000000| PB 0x0000000621000000| Complete 
| 127|0x0000000621400000, 0x0000000621800000, 0x0000000621800000|100%| E|  |TAMS 0x0000000621400000| PB 0x0000000621400000| Complete 

Card table byte_map: [0x000001e5f0090000,0x000001e5f1090000] _byte_map_base: 0x000001e5ed084000

Marking Bits: (CMBitMap*) 0x000001e5da7f7830
 Bits: [0x000001e5f1090000, 0x000001e5f9030000)

Polling page: 0x000001e5da850000

Metaspace:

Usage:
  Non-class:      7.05 MB used.
      Class:    697.05 KB used.
       Both:      7.73 MB used.

Virtual space:
  Non-class space:       64.00 MB reserved,       7.12 MB ( 11%) committed,  1 nodes.
      Class space:        1.00 GB reserved,     768.00 KB ( <1%) committed,  1 nodes.
             Both:        1.06 GB reserved,       7.88 MB ( <1%) committed. 

Chunk freelists:
   Non-Class:  8.73 MB
       Class:  15.22 MB
        Both:  23.95 MB

MaxMetaspaceSize: unlimited
CompressedClassSpaceSize: 1.00 GB
Initial GC threshold: 21.00 MB
Current GC threshold: 21.00 MB
CDS: off
 - commit_granule_bytes: 65536.
 - commit_granule_words: 8192.
 - virtual_space_node_default_size: 8388608.
 - enlarge_chunks_in_place: 1.
 - use_allocation_guard: 0.


Internal statistics:

num_allocs_failed_limit: 0.
num_arena_births: 26.
num_arena_deaths: 0.
num_vsnodes_births: 2.
num_vsnodes_deaths: 0.
num_space_committed: 126.
num_space_uncommitted: 0.
num_chunks_returned_to_freelist: 0.
num_chunks_taken_from_freelist: 62.
num_chunk_merges: 0.
num_chunk_splits: 32.
num_chunks_enlarged: 18.
num_inconsistent_stats: 0.

CodeHeap 'non-profiled nmethods': size=119168Kb used=159Kb max_used=159Kb free=119008Kb
 bounds [0x000001e5e6c70000, 0x000001e5e6ee0000, 0x000001e5ee0d0000]
CodeHeap 'profiled nmethods': size=119104Kb used=762Kb max_used=762Kb free=118341Kb
 bounds [0x000001e5df0d0000, 0x000001e5df340000, 0x000001e5e6520000]
CodeHeap 'non-nmethods': size=7488Kb used=2409Kb max_used=2440Kb free=5078Kb
 bounds [0x000001e5e6520000, 0x000001e5e6790000, 0x000001e5e6c70000]
 total_blobs=874 nmethods=455 adapters=322
 compilation: enabled
              stopped_count=0, restarted_count=0
 full_count=0

Compilation events (20 events):
Event: 0.218 Thread 0x000001e5fc31b980 nmethod 439% 0x000001e5e6c94490 code [0x000001e5e6c94660, 0x000001e5e6c94dc8]
Event: 0.218 Thread 0x000001e5fc31b980  445       4       java.lang.StringUTF16::compress (50 bytes)
Event: 0.218 Thread 0x000001e5fc323f10  446       4       java.io.WinNTFileSystem::normalize (143 bytes)
Event: 0.220 Thread 0x000001e5fc323f10 nmethod 446 0x000001e5e6c95190 code [0x000001e5e6c95360, 0x000001e5e6c95650]
Event: 0.220 Thread 0x000001e5fc323f10  447       4       java.lang.StringLatin1::replace (198 bytes)
Event: 0.220 Thread 0x000001e5fc31b980 nmethod 445 0x000001e5e6c95910 code [0x000001e5e6c95aa0, 0x000001e5e6c95d00]
Event: 0.224 Thread 0x000001e5fc31b980  448       4       java.lang.StringLatin1::lastIndexOf (40 bytes)
Event: 0.226 Thread 0x000001e5fc31b980 nmethod 448 0x000001e5e6c95e10 code [0x000001e5e6c95fa0, 0x000001e5e6c961a0]
Event: 0.226 Thread 0x000001e5fc323f10 nmethod 447 0x000001e5e6c96310 code [0x000001e5e6c964c0, 0x000001e5e6c96a98]
Event: 0.226 Thread 0x000001e5fc31b980  449       4       java.lang.String::startsWith (123 bytes)
Event: 0.226 Thread 0x000001e5fc320890  450       1       java.lang.Class::getModule (5 bytes)
Event: 0.226 Thread 0x000001e5fc320890 nmethod 450 0x000001e5e6c96d90 code [0x000001e5e6c96f20, 0x000001e5e6c96ff0]
Event: 0.226 Thread 0x000001e5fc320890  451       3       sun.invoke.util.VerifyAccess::isTypeVisible (118 bytes)
Event: 0.226 Thread 0x000001e5fc323840  452       1       java.lang.invoke.MethodHandles$Lookup::lookupClass (5 bytes)
Event: 0.226 Thread 0x000001e5fc323840 nmethod 452 0x000001e5e6c97090 code [0x000001e5e6c97220, 0x000001e5e6c972f0]
Event: 0.227 Thread 0x000001e5fc321630  454       3       java.lang.invoke.LambdaForm::argument (27 bytes)
Event: 0.227 Thread 0x000001e5fc323840  455       3       java.lang.invoke.LambdaForm$Name::initIndex (26 bytes)
Event: 0.227 Thread 0x000001e5fc321630 nmethod 454 0x000001e5df18c890 code [0x000001e5df18ca60, 0x000001e5df18ccd8]
Event: 0.227 Thread 0x000001e5fc323840 nmethod 455 0x000001e5df18ce10 code [0x000001e5df18cfc0, 0x000001e5df18d178]
Event: 0.227 Thread 0x000001e5fc320890 nmethod 451 0x000001e5df18d210 code [0x000001e5df18d520, 0x000001e5df18e4e8]

GC Heap History (0 events):
No events

Dll operation events (2 events):
Event: 0.005 Loaded shared library C:\Program Files\Android\Android Studio\jre\bin\java.dll
Event: 0.010 Loaded shared library C:\Program Files\Android\Android Studio\jre\bin\zip.dll

Deoptimization events (20 events):
Event: 0.184 Thread 0x000001e5da791220 DEOPT PACKING pc=0x000001e5e6c8c470 sp=0x000000560d4fdde0
Event: 0.184 Thread 0x000001e5da791220 DEOPT UNPACKING pc=0x000001e5e65746a2 sp=0x000000560d4fdd88 mode 2
Event: 0.195 Thread 0x000001e5da791220 Uncommon trap: trap_request=0xffffff45 fr.pc=0x000001e5e6c716ec relative=0x00000000000000cc
Event: 0.195 Thread 0x000001e5da791220 Uncommon trap: reason=unstable_if action=reinterpret pc=0x000001e5e6c716ec method=java.lang.String.isLatin1()Z @ 10 c2
Event: 0.195 Thread 0x000001e5da791220 DEOPT PACKING pc=0x000001e5e6c716ec sp=0x000000560d4fecf0
Event: 0.195 Thread 0x000001e5da791220 DEOPT UNPACKING pc=0x000001e5e65746a2 sp=0x000000560d4fec30 mode 2
Event: 0.204 Thread 0x000001e5da791220 DEOPT PACKING pc=0x000001e5df11a3f7 sp=0x000000560d4f98f0
Event: 0.204 Thread 0x000001e5da791220 DEOPT UNPACKING pc=0x000001e5e6574e42 sp=0x000000560d4f8d40 mode 0
Event: 0.206 Thread 0x000001e5da791220 DEOPT PACKING pc=0x000001e5df11a3f7 sp=0x000000560d4fd220
Event: 0.206 Thread 0x000001e5da791220 DEOPT UNPACKING pc=0x000001e5e6574e42 sp=0x000000560d4fc670 mode 0
Event: 0.209 Thread 0x000001e5da791220 DEOPT PACKING pc=0x000001e5df11a3f7 sp=0x000000560d4f9c70
Event: 0.209 Thread 0x000001e5da791220 DEOPT UNPACKING pc=0x000001e5e6574e42 sp=0x000000560d4f90c0 mode 0
Event: 0.210 Thread 0x000001e5da791220 DEOPT PACKING pc=0x000001e5df0e10c9 sp=0x000000560d4fb9b0
Event: 0.210 Thread 0x000001e5da791220 DEOPT UNPACKING pc=0x000001e5e6574e42 sp=0x000000560d4fae28 mode 0
Event: 0.213 Thread 0x000001e5da791220 DEOPT PACKING pc=0x000001e5df0e10c9 sp=0x000000560d4fc800
Event: 0.213 Thread 0x000001e5da791220 DEOPT UNPACKING pc=0x000001e5e6574e42 sp=0x000000560d4fbc78 mode 0
Event: 0.218 Thread 0x000001e5da791220 DEOPT PACKING pc=0x000001e5df0e4605 sp=0x000000560d4faa80
Event: 0.218 Thread 0x000001e5da791220 DEOPT UNPACKING pc=0x000001e5e6574e42 sp=0x000000560d4f9ef0 mode 0
Event: 0.220 Thread 0x000001e5da791220 DEOPT PACKING pc=0x000001e5df0e4605 sp=0x000000560d4f7940
Event: 0.220 Thread 0x000001e5da791220 DEOPT UNPACKING pc=0x000001e5e6574e42 sp=0x000000560d4f6db0 mode 0

Classes loaded (20 events):
Event: 0.204 Loading class sun/nio/cs/US_ASCII$Decoder
Event: 0.204 Loading class sun/nio/cs/US_ASCII$Decoder done
Event: 0.204 Loading class sun/nio/ch/Util
Event: 0.204 Loading class java/lang/UnsupportedOperationException
Event: 0.204 Loading class java/lang/UnsupportedOperationException done
Event: 0.205 Loading class sun/nio/ch/Util done
Event: 0.205 Loading class sun/nio/ch/Util$1
Event: 0.205 Loading class sun/nio/ch/Util$1 done
Event: 0.205 Loading class sun/nio/ch/Util$BufferCache
Event: 0.205 Loading class sun/nio/ch/Util$BufferCache done
Event: 0.205 Loading class java/nio/DirectByteBuffer$Deallocator
Event: 0.205 Loading class java/nio/DirectByteBuffer$Deallocator done
Event: 0.214 Loading class java/lang/IndexOutOfBoundsException
Event: 0.214 Loading class java/lang/IndexOutOfBoundsException done
Event: 0.226 Loading class java/util/Collections$SingletonList
Event: 0.226 Loading class java/util/Collections$SingletonList done
Event: 0.226 Loading class java/util/Collections$1
Event: 0.226 Loading class java/util/Collections$1 done
Event: 0.226 Loading class java/lang/invoke/MethodHandleImpl$AsVarargsCollector
Event: 0.226 Loading class java/lang/invoke/MethodHandleImpl$AsVarargsCollector done

Classes unloaded (0 events):
No events

Classes redefined (0 events):
No events

Internal exceptions (3 events):
Event: 0.186 Thread 0x000001e5da791220 Exception <a 'java/lang/NoSuchMethodError'{0x00000006212f9518}: 'void java.lang.invoke.DirectMethodHandle$Holder.invokeStatic(java.lang.Object, java.lang.Object, java.lang.Object)'> (0x00000006212f9518) 
thrown [s\src\hotspot\share\interpreter\linkResolver.cpp, line 784]
Event: 0.189 Thread 0x000001e5da791220 Exception <a 'java/lang/NoSuchMethodError'{0x0000000621310908}: 'java.lang.Object java.lang.invoke.Invokers$Holder.invokeExact_MT(java.lang.Object, java.lang.Object, java.lang.Object, java.lang.Object, java.lang.Object)'> (0x0000000621310908) 
thrown [s\src\hotspot\share\interpreter\linkResolver.cpp, line 784]
Event: 0.201 Thread 0x000001e5fc87e9d0 Exception <a 'java/lang/NoSuchMethodError'{0x0000000621331c80}: 'void java.lang.invoke.DirectMethodHandle$Holder.invokeStatic(java.lang.Object, java.lang.Object)'> (0x0000000621331c80) 
thrown [s\src\hotspot\share\interpreter\linkResolver.cpp, line 784]

ZGC Phase Switch (0 events):
No events

VM Operations (2 events):
Event: 0.127 Executing VM operation: HandshakeAllThreads (Deoptimize)
Event: 0.127 Executing VM operation: HandshakeAllThreads (Deoptimize) done

Events (20 events):
Event: 0.044 Thread 0x000001e5fc2f1110 Thread added: 0x000001e5fc2f1110
Event: 0.044 Thread 0x000001e5fc30cfd0 Thread added: 0x000001e5fc30cfd0
Event: 0.044 Thread 0x000001e5fc316bc0 Thread added: 0x000001e5fc316bc0
Event: 0.044 Thread 0x000001e5fc317a20 Thread added: 0x000001e5fc317a20
Event: 0.044 Thread 0x000001e5fc2f9e60 Thread added: 0x000001e5fc2f9e60
Event: 0.044 Thread 0x000001e5fc31b980 Thread added: 0x000001e5fc31b980
Event: 0.044 Thread 0x000001e5fc323840 Thread added: 0x000001e5fc323840
Event: 0.118 Thread 0x000001e5f92e3500 Thread added: 0x000001e5f92e3500
Event: 0.128 Thread 0x000001e5fc320890 Thread added: 0x000001e5fc320890
Event: 0.128 Thread 0x000001e5fc321630 Thread added: 0x000001e5fc321630
Event: 0.136 Loaded shared library C:\Program Files\Android\Android Studio\jre\bin\instrument.dll
Event: 0.141 Loaded shared library C:\Program Files\Android\Android Studio\jre\bin\net.dll
Event: 0.142 Loaded shared library C:\Program Files\Android\Android Studio\jre\bin\nio.dll
Event: 0.148 Thread 0x000001e5fc323f10 Thread added: 0x000001e5fc323f10
Event: 0.180 Loaded shared library C:\Program Files\Android\Android Studio\jre\bin\zip.dll
Event: 0.193 Loaded shared library C:\Program Files\Android\Android Studio\bin\breakgen64.dll
Event: 0.194 Thread 0x000001e5fc87e9d0 Thread added: 0x000001e5fc87e9d0
Event: 0.194 Thread 0x000001e5fc87f040 Thread added: 0x000001e5fc87f040
Event: 0.197 Loaded shared library C:\Users\colbykids\ftc\DynamicOpmodeLoader\dynamicopmodeloader.dll
Event: 0.201 Loaded shared library C:\Program Files\Android\Android Studio\jre\bin\extnet.dll


Dynamic libraries:
0x00007ff72a6f0000 - 0x00007ff72a6fa000 	C:\Program Files\Android\Android Studio\jre\bin\java.exe
0x00007ffa14a10000 - 0x00007ffa14c08000 	C:\Windows\SYSTEM32\ntdll.dll
0x00007ffa13610000 - 0x00007ffa136d2000 	C:\Windows\System32\KERNEL32.DLL
0x00007ffa122b0000 - 0x00007ffa125ae000 	C:\Windows\System32\KERNELBASE.dll
0x00007ffa126b0000 - 0x00007ffa127b0000 	C:\Windows\System32\ucrtbase.dll
0x00007ff9ee280000 - 0x00007ff9ee298000 	C:\Program Files\Android\Android Studio\jre\bin\jli.dll
0x00007ff9ee260000 - 0x00007ff9ee27b000 	C:\Program Files\Android\Android Studio\jre\bin\VCRUNTIME140.dll
0x00007ffa13350000 - 0x00007ffa134ed000 	C:\Windows\System32\USER32.dll
0x00007ffa120b0000 - 0x00007ffa120d2000 	C:\Windows\System32\win32u.dll
0x00007ff9f08d0000 - 0x00007ff9f0b6a000 	C:\Windows\WinSxS\amd64_microsoft.windows.common-controls_6595b64144ccf1df_6.0.19041.4355_none_60b8b9eb71f62e16\COMCTL32.dll
0x00007ffa14880000 - 0x00007ffa148ab000 	C:\Windows\System32\GDI32.dll
0x00007ffa14910000 - 0x00007ffa149ae000 	C:\Windows\System32\msvcrt.dll
0x00007ffa127b0000 - 0x00007ffa128c7000 	C:\Windows\System32\gdi32full.dll
0x00007ffa121e0000 - 0x00007ffa1227d000 	C:\Windows\System32\msvcp_win.dll
0x00007ffa143e0000 - 0x00007ffa1440f000 	C:\Windows\System32\IMM32.DLL
0x00007ffa10890000 - 0x00007ffa1089c000 	C:\Program Files\Android\Android Studio\jre\bin\vcruntime140_1.dll
0x00007ff9d99d0000 - 0x00007ff9d9a5d000 	C:\Program Files\Android\Android Studio\jre\bin\msvcp140.dll
0x00007ff99cb90000 - 0x00007ff99d80d000 	C:\Program Files\Android\Android Studio\jre\bin\server\jvm.dll
0x00007ffa13ba0000 - 0x00007ffa13c51000 	C:\Windows\System32\ADVAPI32.dll
0x00007ffa12e40000 - 0x00007ffa12edf000 	C:\Windows\System32\sechost.dll
0x00007ffa13220000 - 0x00007ffa13343000 	C:\Windows\System32\RPCRT4.dll
0x00007ffa12280000 - 0x00007ffa122a7000 	C:\Windows\System32\bcrypt.dll
0x00007ffa13b30000 - 0x00007ffa13b9b000 	C:\Windows\System32\WS2_32.dll
0x00007ffa11640000 - 0x00007ffa1168b000 	C:\Windows\SYSTEM32\POWRPROF.dll
0x00007ffa07270000 - 0x00007ffa07297000 	C:\Windows\SYSTEM32\WINMM.dll
0x00007ffa0b8f0000 - 0x00007ffa0b8fa000 	C:\Windows\SYSTEM32\VERSION.dll
0x00007ffa114b0000 - 0x00007ffa114c2000 	C:\Windows\SYSTEM32\UMPDC.dll
0x00007ffa108f0000 - 0x00007ffa10902000 	C:\Windows\SYSTEM32\kernel.appcore.dll
0x00007ffa0f310000 - 0x00007ffa0f31a000 	C:\Program Files\Android\Android Studio\jre\bin\jimage.dll
0x00007ffa0fdb0000 - 0x00007ffa0ff94000 	C:\Windows\SYSTEM32\DBGHELP.DLL
0x00007ffa09560000 - 0x00007ffa09594000 	C:\Windows\SYSTEM32\dbgcore.DLL
0x00007ffa125b0000 - 0x00007ffa12632000 	C:\Windows\System32\bcryptPrimitives.dll
0x00007ffa0bed0000 - 0x00007ffa0bede000 	C:\Program Files\Android\Android Studio\jre\bin\instrument.dll
0x00007ff9ee0a0000 - 0x00007ff9ee0bf000 	C:\Program Files\Android\Android Studio\jre\bin\java.dll
0x00007ff9edc70000 - 0x00007ff9edc88000 	C:\Program Files\Android\Android Studio\jre\bin\zip.dll
0x00007ffa13c60000 - 0x00007ffa143cd000 	C:\Windows\System32\SHELL32.dll
0x00007ffa0ffa0000 - 0x00007ffa10744000 	C:\Windows\SYSTEM32\windows.storage.dll
0x00007ffa12a30000 - 0x00007ffa12d83000 	C:\Windows\System32\combase.dll
0x00007ffa11ae0000 - 0x00007ffa11b0e000 	C:\Windows\SYSTEM32\Wldp.dll
0x00007ffa13150000 - 0x00007ffa1321d000 	C:\Windows\System32\OLEAUT32.dll
0x00007ffa12d90000 - 0x00007ffa12e3d000 	C:\Windows\System32\SHCORE.dll
0x00007ffa148b0000 - 0x00007ffa14905000 	C:\Windows\System32\shlwapi.dll
0x00007ffa11fe0000 - 0x00007ffa12004000 	C:\Windows\SYSTEM32\profapi.dll
0x00007ffa09f60000 - 0x00007ffa09f70000 	C:\Program Files\Android\Android Studio\jre\bin\net.dll
0x00007ffa0e6b0000 - 0x00007ffa0e7bd000 	C:\Windows\SYSTEM32\WINHTTP.dll
0x00007ffa11840000 - 0x00007ffa118aa000 	C:\Windows\system32\mswsock.dll
0x00007ff9eaf50000 - 0x00007ff9eaf66000 	C:\Program Files\Android\Android Studio\jre\bin\nio.dll
0x00007ff9e8400000 - 0x00007ff9e841a000 	C:\Program Files\Android\Android Studio\bin\breakgen64.dll
0x00007ff9d77b0000 - 0x00007ff9d781f000 	C:\Users\colbykids\ftc\DynamicOpmodeLoader\dynamicopmodeloader.dll
0x00007ff9fe810000 - 0x00007ff9fe819000 	C:\Program Files\Android\Android Studio\jre\bin\extnet.dll

dbghelp: loaded successfully - version: 4.0.5 - missing functions: none
symbol engine: initialized successfully - sym options: 0x614 - pdb path: .;C:\Program Files\Android\Android Studio\jre\bin;C:\Windows\SYSTEM32;C:\Windows\WinSxS\amd64_microsoft.windows.common-controls_6595b64144ccf1df_6.0.19041.4355_none_60b8b9eb71f62e16;C:\Program Files\Android\Android Studio\jre\bin\server;C:\Program Files\Android\Android Studio\bin;C:\Users\colbykids\ftc\DynamicOpmodeLoader

VM Arguments:
jvm_args: -javaagent:C:\Program Files\Android\Android Studio\lib\idea_rt.jar=56740:C:\Program Files\Android\Android Studio\bin -Dfile.encoding=UTF-8 
java_command: com.minerkid08.dynamicopmodeloader.MainKt
java_class_path (initial): C:\Users\colbykids\AppData\Local\Android\Sdk\platforms\android-34\android.jar;C:\Users\colbykids\AppData\Local\Android\Sdk\platforms\android-34\data\res;C:\Users\colbykids\ftc\DynamicOpmodeLoader\DynamicOpmodeLoader\build\tmp\kotlin-classes\debug;C:\Users\colbykids\ftc\DynamicOpmodeLoader\DynamicOpmodeLoader\build\intermediates\compile_r_class_jar\debug\generateDebugRFile\R.jar;C:\Users\colbykids\ftc\DynamicOpmodeLoader\DynamicOpmodeLoader\build\generated\res\resValues\debug;C:\Users\colbykids\.gradle\caches\8.9\transforms\f3c1f645dbaea118ca5c5f649fada647\transformed\core-ktx-1.15.0\res;C:\Users\colbykids\.gradle\caches\8.9\transforms\f3c1f645dbaea118ca5c5f649fada647\transformed\core-ktx-1.15.0\AndroidManifest.xml;C:\Users\colbykids\.gradle\caches\8.9\transforms\f3c1f645dbaea118ca5c5f649fada647\transformed\core-ktx-1.15.0\jars\classes.jar;C:\Users\colbykids\.gradle\caches\8.9\transforms\06e6d91d646d26e6c02c125c7752fd7e\transformed\core-1.15.0\AndroidManifest.xml;C:\Users\colbykids\.gradle\caches\8.9\transforms\06e6d91d646d26e6c02c125c7752fd7e\transformed\core-1.15.0\jars\classes.jar;C:\Users\colbykids\.gradle\caches\8.9\transforms\06e6d91d646d26e6c02c125c7752fd7e\transformed\core-1.15.0\res;C:\Users\colbykids\.gradle\caches\8.9\transforms\c3cda8aedbbfedd093af0cc5a947b929\transformed\annotation-experimental-1.4.1\res;C:\Users\colbykids\.gradle\caches\8.9\transforms\c3cda8aedbbfedd093af0cc5a947b929\transformed\annotation-experimental-1.4.1\jars\classes.jar;C:\Users\colbykids\.gradle\caches\8.9\transforms\c3cda8aedbbfedd093af0cc5a947b929\transformed\annotation-experimental-1.4.1\AndroidManifest.xml;C:\Users\colbykids\.gradle\caches\8.9\transforms\d1f5ededaa61b1222fd80b355cd7aad1\transformed\lifecycle-runtime-2.6.2\res;C:\Users\colbykids\.gradle\caches\8.9\transforms\d1f5ededaa61b1222fd80b355cd7aad1\transformed\lifecycle-runtime-2.6.2\AndroidManifest.xml;C:\Users\colbykids\.gradle\caches\8.9\transforms\d1f5ededaa61b1222fd80b355cd7aad1\transformed\lifecycle-runtime-2.6.2\jars\classes.jar;C:\Users\colbykids\.gradle\caches\8.9\transforms\ac95a3d9e887e8128faa5699fc4610b5\transformed\versionedparcelable-1.1.1\jars\classes.jar;C:\Users\colbykids\.gradle\caches\8.9\transforms\ac95a3d9e887e8128faa5699fc4610b5\transformed\versionedparcelable-1.1.1\AndroidManifest.xml;C:\Users\colbykids\.gradle\caches\8.9\transforms\bd02bdb83b3a11d52d1fa69c53c2c74c\transformed\appcompat-1.7.0\jars\classes.jar;C:\Users\colbykids\.gradle\caches\8.9\transforms\bd02bdb83b3a11d52d1fa69c53c2c74c\transformed\appcompat-1.7.0\AndroidManifest.xml;C:\Users\colbykids\.gradle\caches\8.9\transforms\bd02bdb83b3a11d52d1fa69c53c2c74c\transformed\appcompat-1.7.0\res;C:\Users\colbykids\.gradle\caches\8.9\transforms\c2d7ed148d02172b1dfa33ba9bcb45fe\transformed\activity-1.8.0\jars\classes.jar;C:\Users\colbykids\.gradle\caches\8.9\transforms\c2d7ed148d02172b1dfa33ba9bcb45fe\transformed\activity-1.8.0\res;C:\Users\colbykids\.gradle\caches\8.9\transforms\c2d7ed148d02172b1dfa33ba9bcb45fe\transformed\activity-1.8.0\AndroidManifest.xml;C:\Users\colbykids\.gradle\caches\8.9\transforms\f27c885f5e352f8b134758bc4de780ae\transformed\lifecycle-viewmodel-2.6.2\res;C:\Users\colbykids\.gradle\caches\8.9\transforms\f27c885f5e352f8b134758bc4de780ae\transformed\lifecycle-viewmodel-2.6.2\jars\classes.jar;C:\Users\colbykids\.gradle\caches\8.9\transforms\f27c885f5e352f8b134758bc4de780ae\transformed\lifecycle-viewmodel-2.6.2\AndroidManifest.xml;C:\Users\colbykids\.gradle\caches\8.9\transforms\c796d668170c271b3e4e1e22cd91bab8\transformed\lifecycle-viewmodel-savedstate-2.6.2\AndroidManifest.xml;C:\Users\colbykids\.gradle\caches\8.9\transforms\c796d668170c271b3e4e1e22cd91bab8\transformed\lifecycle-viewmodel-savedstate-2.6.2\jars\classes.jar;C:\Users\colbykids\.gradle\caches\8.9\transforms\c796d668170c271b3e4e1e22cd91bab8\transformed\lifecycle-viewmodel-savedstate-2.6.2\res;C:\Users\colbykids\.gradle\caches\8.9\transforms\28d45214613a565421a6777e89c65139\transformed\lifecycle-livedata-core-2.6.2\AndroidManifest.xml;C:\Users\colbykids\.gradle\caches\8.9\transforms\28d45214613a565421a6777e89c65139\transformed\lifecycle-livedata-core-2.6.2\res;C:\Users\colbykids\.gradle\caches\8.9\transforms\28d45214613a565421a6777e89c65139\transformed\lifecycle-livedata-core-2.6.2\jars\classes.jar;C:\Users\colbykids\.gradle\caches\8.9\transforms\701aca6e4afa7a311e3d23ff8e71e338\transformed\savedstate-1.2.1\res;C:\Users\colbykids\.gradle\caches\8.9\transforms\701aca6e4afa7a311e3d23ff8e71e338\transformed\savedstate-1.2.1\AndroidManifest.xml;C:\Users\colbykids\.gradle\caches\8.9\transforms\701aca6e4afa7a311e3d23ff8e71e338\transformed\savedstate-1.2.1\jars\classes.jar;C:\Users\colbykids\.gradle\caches\8.9\transforms\b3adf670adf29e3f4847b453f3e187d5\transformed\appcompat-resources-1.7.0\res;C:\Users\colbykids\.gradle\caches\8.9\transforms\b3adf670adf29e3f4847b453f3e187d5\transformed\appcompat-resources-1.7.0\jars\classes.jar;C:\Users\colbykids\.gradle\caches\8.9\transforms\b3adf670adf29e3f4847b453f3e187d5\transformed\appcompat-resources-1.7.0\AndroidManifest.xml;C:\Users\colbykids\.gradle\caches\8.9\transforms\8632a97798a2ea1f4cd4a66b14f7cfc4\transformed\vectordrawable-1.1.0\jars\classes.jar;C:\Users\colbykids\.gradle\caches\8.9\transforms\8632a97798a2ea1f4cd4a66b14f7cfc4\transformed\vectordrawable-1.1.0\AndroidManifest.xml;C:\Users\colbykids\.gradle\caches\8.9\transforms\2cf8dd60e57bad7e988f1dfdcd3ed772\transformed\vectordrawable-animated-1.1.0\jars\classes.jar;C:\Users\colbykids\.gradle\caches\8.9\transforms\2cf8dd60e57bad7e988f1dfdcd3ed772\transformed\vectordrawable-animated-1.1.0\AndroidManifest.xml;C:\Users\colbykids\.gradle\caches\8.9\transforms\cc48503f716dfc745c7f0be4ce064baf\transformed\interpolator-1.0.0\AndroidManifest.xml;C:\Users\colbykids\.gradle\caches\8.9\transforms\cc48503f716dfc745c7f0be4ce064baf\transformed\interpolator-1.0.0\jars\classes.jar;C:\Users\colbykids\.gradle\caches\8.9\transforms\ccfc8ea5283021b24a21d84541603835\transformed\cursoradapter-1.0.0\jars\classes.jar;C:\Users\colbykids\.gradle\caches\8.9\transforms\ccfc8ea5283021b24a21d84541603835\transformed\cursoradapter-1.0.0\AndroidManifest.xml;C:\Users\colbykids\.gradle\caches\8.9\transforms\9a22d748a065e9ca363083e6a7a6ed78\transformed\drawerlayout-1.1.1\jars\classes.jar;C:\Users\colbykids\.gradle\caches\8.9\transforms\9a22d748a065e9ca363083e6a7a6ed78\transformed\drawerlayout-1.1.1\res;C:\Users\colbykids\.gradle\caches\8.9\transforms\9a22d748a065e9ca363083e6a7a6ed78\transformed\drawerlayout-1.1.1\AndroidManifest.xml;C:\Users\colbykids\.gradle\caches\8.9\transforms\662813ab57a911f930e1866d6588aadb\transformed\customview-1.1.0\jars\classes.jar;C:\Users\colbykids\.gradle\caches\8.9\transforms\662813ab57a911f930e1866d6588aadb\transformed\customview-1.1.0\AndroidManifest.xml;C:\Users\colbykids\.gradle\caches\8.9\transforms\9b1174063100de3658a0419c11efd618\transformed\fragment-1.5.4\res;C:\Users\colbykids\.gradle\caches\8.9\transforms\9b1174063100de3658a0419c11efd618\transformed\fragment-1.5.4\AndroidManifest.xml;C:\Users\colbykids\.gradle\caches\8.9\transforms\9b1174063100de3658a0419c11efd618\transformed\fragment-1.5.4\jars\classes.jar;C:\Users\colbykids\.gradle\caches\8.9\transforms\19cb8b6bc7447cc96b61f20dfdebf12d\transformed\loader-1.0.0\AndroidManifest.xml;C:\Users\colbykids\.gradle\caches\8.9\transforms\19cb8b6bc7447cc96b61f20dfdebf12d\transformed\loader-1.0.0\jars\classes.jar;C:\Users\colbykids\.gradle\caches\8.9\transforms\c0fca02a4f5d08d1c0555c01de596af3\transformed\lifecycle-livedata-2.6.2\res;C:\Users\colbykids\.gradle\caches\8.9\transforms\c0fca02a4f5d08d1c0555c01de596af3\transformed\lifecycle-livedata-2.6.2\AndroidManifest.xml;C:\Users\colbykids\.gradle\caches\8.9\transforms\c0fca02a4f5d08d1c0555c01de596af3\transformed\lifecycle-livedata-2.6.2\jars\classes.jar;C:\Users\colbykids\.gradle\caches\8.9\transforms\4bf157bdfdf8bc531cbfd974a5359aaf\transformed\core-runtime-2.2.0\jars\classes.jar;C:\Users\colbykids\.gradle\caches\8.9\transforms\4bf157bdfdf8bc531cbfd974a5359aaf\transformed\core-runtime-2.2.0\res;C:\Users\colbykids\.gradle\caches\8.9\transforms\4bf157bdfdf8bc531cbfd974a5359aaf\transformed\core-runtime-2.2.0\AndroidManifest.xml;C:\Users\colbykids\.gradle\caches\8.9\transforms\1bcaa2ede5ab6e4954659745cf72ec3e\transformed\viewpager-1.0.0\AndroidManifest.xml;C:\Users\colbykids\.gradle\caches\8.9\transforms\1bcaa2ede5ab6e4954659745cf72ec3e\transformed\viewpager-1.0.0\jars\classes.jar;C:\Users\colbykids\.gradle\caches\8.9\transforms\cca29247e5a6b55eaa6dff872922be0d\transformed\material-1.12.0\res;C:\Users\colbykids\.gradle\caches\8.9\transforms\cca29247e5a6b55eaa6dff872922be0d\transformed\material-1.12.0\AndroidManifest.xml;C:\Users\colbykids\.gradle\caches\8.9\transforms\cca29247e5a6b55eaa6dff872922be0d\transformed\material-1.12.0\jars\classes.jar;C:\Users\colbykids\.gradle\caches\8.9\transforms\4e57512d6d72e239863885c25450f9d8\transformed\cardview-1.0.0\jars\classes.jar;C:\Users\colbykids\.gradle\caches\8.9\transforms\4e57512d6d72e239863885c25450f9d8\transformed\cardview-1.0.0\AndroidManifest.xml;C:\Users\colbykids\.gradle\caches\8.9\transforms\4e57512d6d72e239863885c25450f9d8\transformed\cardview-1.0.0\res;C:\Users\colbykids\.gradle\caches\8.9\transforms\f1b08338f5c92069d7338dcc0e991b75\transformed\coordinatorlayout-1.1.0\jars\classes.jar;C:\Users\colbykids\.gradle\caches\8.9\transforms\f1b08338f5c92069d7338dcc0e991b75\transformed\coordinatorlayout-1.1.0\AndroidManifest.xml;C:\Users\colbykids\.gradle\caches\8.9\transforms\f1b08338f5c92069d7338dcc0e991b75\transformed\coordinatorlayout-1.1.0\res;C:\Users\colbykids\.gradle\caches\8.9\transforms\a05861292fbb5027f82a3c5c6752e7f6\transformed\constraintlayout-2.0.1\AndroidManifest.xml;C:\Users\colbykids\.gradle\caches\8.9\transforms\a05861292fbb5027f82a3c5c6752e7f6\transformed\constraintlayout-2.0.1\jars\classes.jar;C:\Users\colbykids\.gradle\caches\8.9\transforms\a05861292fbb5027f82a3c5c6752e7f6\transformed\constraintlayout-2.0.1\res;C:\Users\colbykids\.gradle\caches\8.9\transforms\aa78789e7578ca98167b9414149fcc88\transformed\dynamicanimation-1.0.0\jars\classes.jar;C:\Users\colbykids\.gradle\caches\8.9\transforms\aa78789e7578ca98167b9414149fcc88\transformed\dynamicanimation-1.0.0\AndroidManifest.xml;C:\Users\colbykids\.gradle\caches\8.9\transforms\8d8d1cbf8c89f4917dfeabbc329fe734\transformed\legacy-support-core-utils-1.0.0\jars\classes.jar;C:\Users\colbykids\.gradle\caches\8.9\transforms\8d8d1cbf8c89f4917dfeabbc329fe734\transformed\legacy-support-core-utils-1.0.0\AndroidManifest.xml;C:\Users\colbykids\.gradle\caches\8.9\transforms\852b159b342ffb5f9e175ad41830cdc8\transformed\documentfile-1.0.0\jars\classes.jar;C:\Users\colbykids\.gradle\caches\8.9\transforms\852b159b342ffb5f9e175ad41830cdc8\transformed\documentfile-1.0.0\AndroidManifest.xml;C:\Users\colbykids\.gradle\caches\8.9\transforms\7916f4232e0b320af68b7fa820a6e606\transformed\localbroadcastmanager-1.0.0\AndroidManifest.xml;C:\Users\colbykids\.gradle\caches\8.9\transforms\7916f4232e0b320af68b7fa820a6e606\transformed\localbroadcastmanager-1.0.0\jars\classes.jar;C:\Users\colbykids\.gradle\caches\8.9\transforms\a86439336260d0ee7ac25717caa3613b\transformed\print-1.0.0\AndroidManifest.xml;C:\Users\colbykids\.gradle\caches\8.9\transforms\a86439336260d0ee7ac25717caa3613b\transformed\print-1.0.0\jars\classes.jar;C:\Users\colbykids\.gradle\caches\8.9\transforms\4f74beb9f98bd6f74b7869a6918d7440\transformed\recyclerview-1.1.0\jars\classes.jar;C:\Users\colbykids\.gradle\caches\8.9\transforms\4f74beb9f98bd6f74b7869a6918d7440\transformed\recyclerview-1.1.0\AndroidManifest.xml;C:\Users\colbykids\.gradle\caches\8.9\transforms\4f74beb9f98bd6f74b7869a6918d7440\transformed\recyclerview-1.1.0\res;C:\Users\colbykids\.gradle\caches\8.9\transforms\bfe5d56a0b151afab481f2cc1ddc3007\transformed\transition-1.5.0\jars\classes.jar;C:\Users\colbykids\.gradle\caches\8.9\transforms\bfe5d56a0b151afab481f2cc1ddc3007\transformed\transition-1.5.0\AndroidManifest.xml;C:\Users\colbykids\.gradle\caches\8.9\transforms\bfe5d56a0b151afab481f2cc1ddc3007\transformed\transition-1.5.0\res;C:\Users\colbykids\.gradle\caches\8.9\transforms\44e405b99747bcdc48c35194a041a4d9\transformed\viewpager2-1.0.0\res;C:\Users\colbykids\.gradle\caches\8.9\transforms\44e405b99747bcdc48c35194a041a4d9\transformed\viewpager2-1.0.0\jars\classes.jar;C:\Users\colbykids\.gradle\caches\8.9\transforms\44e405b99747bcdc48c35194a041a4d9\transformed\viewpager2-1.0.0\AndroidManifest.xml;C:\Users\colbykids\.gradle\caches\modules-2\files-2.1\org.jetbrains.kotlin\kotlin-stdlib\1.9.24\9928532f12c66ad816a625b3f9984f8368ca6d2b\kotlin-stdlib-1.9.24.jar;C:\Users\colbykids\.gradle\caches\modules-2\files-2.1\org.jetbrains\annotations\13.0\919f0dfe192fb4e063e7dacadee7f8bb9a2672a9\annotations-13.0.jar;C:\Users\colbykids\.gradle\caches\modules-2\files-2.1\androidx.annotation\annotation-jvm\1.8.1\b8a16fe526014b7941c1debaccaf9c5153692dbb\annotation-jvm-1.8.1.jar;C:\Users\colbykids\.gradle\caches\modules-2\files-2.1\androidx.arch.core\core-common\2.2.0\5e1b8b81dfd5f52c56a8d53b18ca759c19a301f3\core-common-2.2.0.jar;C:\Users\colbykids\.gradle\caches\modules-2\files-2.1\androidx.lifecycle\lifecycle-common\2.6.2\10f354fdb64868baecd67128560c5a0d6312c495\lifecycle-common-2.6.2.jar;C:\Users\colbykids\.gradle\caches\modules-2\files-2.1\org.jetbrains.kotlinx\kotlinx-coroutines-android\1.6.4\f955fc8b2ad196e2f4429598440e15f7492eeb2b\kotlinx-coroutines-android-1.6.4.jar;C:\Users\colbykids\.gradle\caches\modules-2\files-2.1\org.jetbrains.kotlinx\kotlinx-coroutines-core-jvm\1.6.4\2c997cd1c0ef33f3e751d3831929aeff1390cb30\kotlinx-coroutines-core-jvm-1.6.4.jar;C:\Users\colbykids\.gradle\caches\modules-2\files-2.1\org.jetbrains.kotlin\kotlin-stdlib-jdk8\1.8.22\b25c86d47d6b962b9cf0f8c3f320c8a10eea3dd1\kotlin-stdlib-jdk8-1.8.22.jar;C:\Users\colbykids\.gradle\caches\modules-2\files-2.1\org.jetbrains.kotlin\kotlin-stdlib-jdk7\1.8.22\4dabb8248310d833bb6a8b516024a91fd3d275c\kotlin-stdlib-jdk7-1.8.22.jar;C:\Users\colbykids\.gradle\caches\modules-2\files-2.1\androidx.collection\collection-jvm\1.4.2\bc60b5568a66d765a9fe8e266fd0c6c727e0b50b\collection-jvm-1.4.2.jar;C:\Users\colbykids\.gradle\caches\modules-2\files-2.1\androidx.constraintlayout\constraintlayout-solver\2.0.1\30988fe2d77f3fe3bf7551bb8a8b795fad7e7226\constraintlayout-solver-2.0.1.jar;C:\Users\colbykids\.gradle\caches\modules-2\files-2.1\androidx.resourceinspection\resourceinspection-annotation\1.0.1\8c21f8ff5d96d5d52c948707f7e4d6ca6773feef\resourceinspection-annotation-1.0.1.jar
Launcher Type: SUN_STANDARD

[Global flags]
     intx CICompilerCount                          = 12                                        {product} {ergonomic}
     uint ConcGCThreads                            = 3                                         {product} {ergonomic}
     uint G1ConcRefinementThreads                  = 13                                        {product} {ergonomic}
   size_t G1HeapRegionSize                         = 4194304                                   {product} {ergonomic}
    uintx GCDrainStackTargetSize                   = 64                                        {product} {ergonomic}
   size_t InitialHeapSize                          = 536870912                                 {product} {ergonomic}
   size_t MarkStackSize                            = 4194304                                   {product} {ergonomic}
   size_t MaxHeapSize                              = 8564768768                                {product} {ergonomic}
   size_t MaxNewSize                               = 5138022400                                {product} {ergonomic}
   size_t MinHeapDeltaBytes                        = 4194304                                   {product} {ergonomic}
   size_t MinHeapSize                              = 8388608                                   {product} {ergonomic}
    uintx NonNMethodCodeHeapSize                   = 7602480                                {pd product} {ergonomic}
    uintx NonProfiledCodeHeapSize                  = 122027880                              {pd product} {ergonomic}
    uintx ProfiledCodeHeapSize                     = 122027880                              {pd product} {ergonomic}
    uintx ReservedCodeCacheSize                    = 251658240                              {pd product} {ergonomic}
     bool SegmentedCodeCache                       = true                                      {product} {ergonomic}
   size_t SoftMaxHeapSize                          = 8564768768                             {manageable} {ergonomic}
     bool UseCompressedOops                        = true                           {product lp64_product} {ergonomic}
     bool UseG1GC                                  = true                                      {product} {ergonomic}
     bool UseLargePagesIndividualAllocation        = false                                  {pd product} {ergonomic}

Logging:
Log output configuration:
 #0: stdout all=warning uptime,level,tags foldmultilines=false
 #1: stderr all=off uptime,level,tags foldmultilines=false

Environment Variables:
JAVA_HOME=C:\Users\colbykids\AppData\Local\Programs\Eclipse Adoptium\jdk-17.0.8.101-hotspot\
PATH=C:\Program Files (x86)\Common Files\Oracle\Java\javapath;C:\Windows\system32;C:\Windows;C:\Windows\System32\Wbem;C:\Windows\System32\WindowsPowerShell\v1.0\;C:\Windows\System32\OpenSSH\;C:\Program Files (x86)\IVI Foundation\VISA\WinNT\Bin;C:\Program Files\Git LFS;C:\Program Files (x86)\NVIDIA Corporation\PhysX\Common;C:\Program Files\NVIDIA Corporation\NVIDIA NvDLISR;C:\Program Files\spwn\;C:\Program Files\dotnet\;C:\Program Files\nodejs\;C:\Program Files\Git\cmd;C:\Program Files\CMake\bin;C:\Program Files\komorebi\bin\;C:\Program Files\whkd\bin\;C:\opencv\build\x64\vc16\bin;C:\opencv\build\x64\vc16\lib;C:\Program Files\Neovim\bin;C:\Users\colbykids\AppData\Local\Programs\Python\Python312\Scripts\;C:\Users\colbykids\AppData\Local\Programs\Python\Python312\;C:\Users\colbykids\AppData\Local\Programs\Python\Launcher\;C:\Users\colbykids\AppData\Local\Programs\Eclipse Adoptium\jdk-17.0.8.101-hotspot\bin;C:\Users\colbykids\AppData\Local\Microsoft\WindowsApps;C:\Users\colbykids\AppData\Local\GitHubDesktop\bin;C:\Users\colbykids\AppData\Local\Programs\Microsoft VS Code\bin;C:\Users\colbykids\.dotnet\tools;C:\Program Files\Neovim\bin;C:\raylib\w64devkit\bin;C:\Users\colbykids\AppData\Roaming\npm
USERNAME=colbykids
OS=Windows_NT
PROCESSOR_IDENTIFIER=Intel64 Family 6 Model 165 Stepping 5, GenuineIntel
TMP=C:\Users\COLBYK~1\AppData\Local\Temp
TEMP=C:\Users\COLBYK~1\AppData\Local\Temp




Periodic native trim disabled

JNI global refs:
JNI global refs: 22, weak refs: 0

JNI global refs memory usage: 835, weak refs: 201

Process memory usage:
Resident Set Size: 54504K (0% of 33442968K total physical memory with 7963636K free physical memory)

OOME stack traces (most recent first):
Classloader memory used:
Loader bootstrap                                                                       : 7654K
Loader jdk.internal.loader.ClassLoaders$AppClassLoader                                 : 264K

---------------  S Y S T E M  ---------------

OS:
 Windows 10 , 64 bit Build 19041 (10.0.19041.5198)
OS uptime: 10 days 21:01 hours

CPU: total 16 (initial active 16) (8 cores per cpu, 2 threads per core) family 6 model 165 stepping 5 microcode 0xc8, cx8, cmov, fxsr, ht, mmx, 3dnowpref, sse, sse2, sse3, ssse3, sse4.1, sse4.2, popcnt, lzcnt, tsc, tscinvbit, avx, avx2, aes, erms, clmul, bmi1, bmi2, adx, fma, vzeroupper, clflush, clflushopt, rdtscp, f16c, pku
Processor Information for all 16 processors :
  Max Mhz: 3792, Current Mhz: 3792, Mhz Limit: 3792

Memory: 4k page, system-wide physical 32659M (7776M free)
TotalPageFile size 60307M (AvailPageFile size 25211M)
current process WorkingSet (physical memory assigned to process): 53M, peak: 53M
current process commit charge ("private bytes"): 618M, peak: 619M

vm_info: OpenJDK 64-Bit Server VM (21.0.3+-12282718-b509.11) for windows-amd64 JRE (21.0.3+-12282718-b509.11), built on 2024-08-27T17:34:15Z by "builder" with MS VC++ 16.10 / 16.11 (VS2019)

END.
