#
# A fatal error has been detected by the Java Runtime Environment:
#
#  EXCEPTION_ACCESS_VIOLATION (0xc0000005) at pc=0x00007ff9e2b0140e, pid=26656, tid=2368
#
# JRE version: OpenJDK Runtime Environment (21.0.3) (build 21.0.3+-12282718-b509.11)
# Java VM: OpenJDK 64-Bit Server VM (21.0.3+-12282718-b509.11, mixed mode, tiered, compressed oops, compressed class ptrs, g1 gc, windows-amd64)
# Problematic frame:
# C  [dynamicopmodeloader.dll+0x140e]
#
# No core dump will be written. Minidumps are not enabled by default on client versions of Windows
#
# If you would like to submit a bug report, please visit:
#   https://youtrack.jetbrains.com/issues/JBR
# The crash happened outside the Java Virtual Machine in native code.
# See problematic frame for where to report the bug.
#

---------------  S U M M A R Y ------------

Command Line: -agentlib:jdwp=transport=dt_socket,address=127.0.0.1:56852,suspend=y,server=n -javaagent:C:/Users/colbykids/.gradle/caches/modules-2/files-2.1/org.jetbrains.kotlinx/kotlinx-coroutines-core-jvm/1.6.4/2c997cd1c0ef33f3e751d3831929aeff1390cb30/kotlinx-coroutines-core-jvm-1.6.4.jar -Dfile.encoding=UTF-8 com.minerkid08.dynamicopmodeloader.MainKt

Host: Intel(R) Core(TM) i7-10700K CPU @ 3.80GHz, 16 cores, 31G,  Windows 10 , 64 bit Build 19041 (10.0.19041.5198)
Time: Wed Jan 15 20:43:20 2025 Eastern Standard Time elapsed time: 15.416373 seconds (0d 0h 0m 15s)

---------------  T H R E A D  ---------------

Current thread (0x00000195ade81d40):  JavaThread "main"             [_thread_in_native, id=2368, stack(0x000000655cf00000,0x000000655d000000) (1024K)]

Stack: [0x000000655cf00000,0x000000655d000000],  sp=0x000000655cfff510,  free space=1021k
Native frames: (J=compiled Java code, j=interpreted, Vv=VM code, C=native code)
C  [dynamicopmodeloader.dll+0x140e]

Java frames: (J=compiled Java code, j=interpreted, Vv=VM code)
j  com.minerkid08.dynamicopmodeloader.FunctionBuilder.setCurrentObject(Ljava/lang/Object;)V+0
j  com.minerkid08.dynamicopmodeloader.MainKt.main()V+34
j  com.minerkid08.dynamicopmodeloader.MainKt.main([Ljava/lang/String;)V+0
v  ~StubRoutines::call_stub 0x00000195b841100d

siginfo: EXCEPTION_ACCESS_VIOLATION (0xc0000005), reading address 0xfffffffffffffff4


Registers:
RAX=0xfffffffffffffff4, RBX=0x00000195ce90fc58, RCX=0x0000000000000000, RDX=0x0000000000000001
RSP=0x000000655cfff510, RBP=0x000000655cfff520, RSI=0x000000655cfffb40, RDI=0x00000195b84196b9
R8 =0x0000000000000001, R9 =0x00007ff9e2b46029, R10=0x00007ffa149a5940, R11=0x0000000000000111
R12=0x0000000000000000, R13=0x00000195ce90fc50, R14=0x000000655cfff618, R15=0x00000195ade81d40
RIP=0x00007ff9e2b0140e, EFLAGS=0x0000000000010293


Register to memory mapping:

RAX=0xfffffffffffffff4 is an unknown value
RBX={method} {0x00000195ce90fc60} 'setCurrentObject' '(Ljava/lang/Object;)V' in 'com/minerkid08/dynamicopmodeloader/FunctionBuilder'
RCX=0x0 is null
RDX=0x0000000000000001 is an unknown value
RSP=0x000000655cfff510 is pointing into the stack for thread: 0x00000195ade81d40
RBP=0x000000655cfff520 is pointing into the stack for thread: 0x00000195ade81d40
RSI=0x000000655cfffb40 is pointing into the stack for thread: 0x00000195ade81d40
RDI=0x00000195b84196b9 is at code_begin+4665 in an Interpreter codelet
return entry points  [0x00000195b8418480, 0x00000195b841a590]  8464 bytes
R8 =0x0000000000000001 is an unknown value
R9 =0x00007ff9e2b46029 dynamicopmodeloader.dll
R10=0x00007ffa149a5940 msvcrt.dll
R11=0x0000000000000111 is an unknown value
R12=0x0 is null
R13=0x00000195ce90fc50 is pointing into metadata
R14=0x000000655cfff618 is pointing into the stack for thread: 0x00000195ade81d40
R15=0x00000195ade81d40 is a thread

Top of Stack: (sp=0x000000655cfff510)
0x000000655cfff510:   00000195ade81d40 fffffffffffffff4
0x000000655cfff520:   000000655cfff560 00007ff9e2b01882
0x000000655cfff530:   0000000000000000 00000195d273f9c2
0x000000655cfff540:   00007ff99cfdae30 0000000000000002
0x000000655cfff550:   0000000000000000 00000195d273f9c2
0x000000655cfff560:   000000655cfff5f0 00000195b84207b6
0x000000655cfff570:   00000195ade820f8 000000655cfff618
0x000000655cfff580:   000000655cfff610 000000655cfffb40
0x000000655cfff590:   000000655cfff610 000000655cfff610
0x000000655cfff5a0:   00000195b84202a4 000000655cfff5a8
0x000000655cfff5b0:   00000195ce90fc50 0000000000000005
0x000000655cfff5c0:   00000195ce90ba88 0000000000000000
0x000000655cfff5d0:   0000000620e73cc8 00000195ce90fc58
0x000000655cfff5e0:   0000000000000000 000000655cfff610
0x000000655cfff5f0:   000000655cfff668 00000195b84191b4
0x000000655cfff600:   0000000000000000 00000195b841c6f7
0x000000655cfff610:   0000000620e75428 0000000620e73e40
0x000000655cfff620:   000000655cfff620 00000195ce90d07a
0x000000655cfff630:   000000000000000f 00000195ce90d3b8
0x000000655cfff640:   0000000000000000 0000000620de83e8
0x000000655cfff650:   00000195ce90d188 000000655cfff610
0x000000655cfff660:   000000655cfff6e8 000000655cfff730
0x000000655cfff670:   00000195b84191b4 0000000000000000
0x000000655cfff680:   0000000000000000 0000000000000000
0x000000655cfff690:   0000000000000000 0000000000000000
0x000000655cfff6a0:   0000000000000000 0000000000000000
0x000000655cfff6b0:   0000000000000000 0000000000000000
0x000000655cfff6c0:   0000000000000000 0000000620e75428
0x000000655cfff6d0:   0000000620e73e40 0000000620e73f08
0x000000655cfff6e0:   0000000620e6cbe0 000000655cfff6e8
0x000000655cfff6f0:   00000195ce90d278 0000000000000002
0x000000655cfff700:   00000195ce90d3b8 0000000000000000 

Instructions: (pc=0x00007ff9e2b0140e)
0x00007ff9e2b0130e:   30 5d c3 55 48 89 e5 48 83 ec 40 48 89 4d 10 89
0x00007ff9e2b0131e:   55 18 48 8b 45 10 48 8b 00 48 89 45 f8 48 8b 45
0x00007ff9e2b0132e:   f8 48 83 e8 0c 48 89 45 f0 48 8b 45 f0 8b 40 04
0x00007ff9e2b0133e:   39 45 18 7f 0b 48 8b 45 f0 8b 55 18 89 10 eb 73
0x00007ff9e2b0134e:   48 8b 45 f0 8b 40 08 0f af 45 18 83 c0 0c 89 45
0x00007ff9e2b0135e:   ec 8b 45 ec 48 63 d0 48 8b 45 f0 48 89 c1 e8 0f
0x00007ff9e2b0136e:   2f 04 00 48 89 45 e0 48 83 7d e0 00 75 23 41 b8
0x00007ff9e2b0137e:   24 00 00 00 48 8d 05 77 4c 04 00 48 89 c2 48 8d
0x00007ff9e2b0138e:   05 7e 4c 04 00 48 89 c1 48 8b 05 f3 4f 05 00 ff
0x00007ff9e2b0139e:   d0 48 8b 45 e0 8b 55 18 89 50 04 48 8b 45 e0 8b
0x00007ff9e2b013ae:   55 18 89 10 48 8b 45 e0 48 8d 50 0c 48 8b 45 10
0x00007ff9e2b013be:   48 89 10 48 83 c4 40 5d c3 55 48 89 e5 48 83 ec
0x00007ff9e2b013ce:   30 48 89 4d 10 48 8b 45 10 48 83 e8 0c 48 89 45
0x00007ff9e2b013de:   f8 48 8b 45 f8 48 89 c1 e8 ed 2d 04 00 90 48 83
0x00007ff9e2b013ee:   c4 30 5d c3 55 48 89 e5 48 83 ec 10 48 89 4d 10
0x00007ff9e2b013fe:   48 8b 45 10 48 83 e8 0c 48 89 45 f8 48 8b 45 f8
0x00007ff9e2b0140e:   8b 00 48 83 c4 10 5d c3 55 48 89 e5 48 83 ec 10
0x00007ff9e2b0141e:   48 89 4d 10 48 8b 45 10 48 83 e8 0c 48 89 45 f8
0x00007ff9e2b0142e:   48 8b 45 f8 8b 40 04 48 83 c4 10 5d c3 90 90 90
0x00007ff9e2b0143e:   90 90 55 53 48 83 ec 58 48 8d 6c 24 50 48 89 4d
0x00007ff9e2b0144e:   20 48 89 55 28 4c 89 45 30 44 89 ca 8b 45 40 88
0x00007ff9e2b0145e:   55 38 88 45 dc 48 8b 05 76 9f 04 00 48 8b 40 10
0x00007ff9e2b0146e:   48 8b 00 4c 8b 80 f8 00 00 00 48 8b 05 61 9f 04
0x00007ff9e2b0147e:   00 48 8b 50 30 48 8b 05 56 9f 04 00 48 8b 40 10
0x00007ff9e2b0148e:   48 89 c1 41 ff d0 48 89 45 f0 48 8b 05 41 9f 04
0x00007ff9e2b0149e:   00 48 8b 40 10 48 8b 00 4c 8b 90 08 01 00 00 48
0x00007ff9e2b014ae:   8b 05 2c 9f 04 00 48 8b 40 10 4c 8b 45 30 48 8b
0x00007ff9e2b014be:   4d 28 48 8b 55 f0 4d 89 c1 49 89 c8 48 89 c1 41
0x00007ff9e2b014ce:   ff d2 48 8b 55 20 48 89 42 10 48 8b 45 20 0f b6
0x00007ff9e2b014de:   55 dc 88 10 48 8b 45 20 0f b6 55 38 88 50 01 48
0x00007ff9e2b014ee:   0f be 45 dc 48 89 c1 e8 66 2d 04 00 48 89 c2 48
0x00007ff9e2b014fe:   8b 45 20 48 89 50 08 c6 45 ff 00 c7 45 f8 00 00 


Stack slot to memory mapping:

stack at sp + 0 slots: 0x00000195ade81d40 is a thread
stack at sp + 1 slots: 0xfffffffffffffff4 is an unknown value
stack at sp + 2 slots: 0x000000655cfff560 is pointing into the stack for thread: 0x00000195ade81d40
stack at sp + 3 slots: 0x00007ff9e2b01882 dynamicopmodeloader.dll
stack at sp + 4 slots: 0x0 is null
stack at sp + 5 slots: 0x00000195d273f9c2 is a global jni handle
stack at sp + 6 slots: 0x00007ff99cfdae30 jvm.dll
stack at sp + 7 slots: 0x0000000000000002 is an unknown value


---------------  P R O C E S S  ---------------

Threads class SMR info:
_java_thread_list=0x00000195d230e610, length=15, elements={
0x00000195ade81d40, 0x00000195cda903b0, 0x00000195cda927c0, 0x00000195cdaacdd0,
0x00000195cdaad830, 0x00000195cda9b9b0, 0x00000195cda71fc0, 0x00000195cda7ae20,
0x00000195cdab1eb0, 0x00000195cdc55360, 0x00000195cdd98fa0, 0x00000195d2034ea0,
0x00000195d202e0e0, 0x00000195d28cd950, 0x00000195d20014a0
}

Java Threads: ( => current thread )
=>0x00000195ade81d40 JavaThread "main"                              [_thread_in_native, id=2368, stack(0x000000655cf00000,0x000000655d000000) (1024K)]
  0x00000195cda903b0 JavaThread "Reference Handler"          daemon [_thread_blocked, id=19908, stack(0x000000655d700000,0x000000655d800000) (1024K)]
  0x00000195cda927c0 JavaThread "Finalizer"                  daemon [_thread_blocked, id=20064, stack(0x000000655d800000,0x000000655d900000) (1024K)]
  0x00000195cdaacdd0 JavaThread "Signal Dispatcher"          daemon [_thread_blocked, id=13564, stack(0x000000655d900000,0x000000655da00000) (1024K)]
  0x00000195cdaad830 JavaThread "Attach Listener"            daemon [_thread_blocked, id=3860, stack(0x000000655da00000,0x000000655db00000) (1024K)]
  0x00000195cda9b9b0 JavaThread "Service Thread"             daemon [_thread_blocked, id=8916, stack(0x000000655db00000,0x000000655dc00000) (1024K)]
  0x00000195cda71fc0 JavaThread "Monitor Deflation Thread"   daemon [_thread_blocked, id=19424, stack(0x000000655dc00000,0x000000655dd00000) (1024K)]
  0x00000195cda7ae20 JavaThread "C2 CompilerThread0"         daemon [_thread_blocked, id=24636, stack(0x000000655dd00000,0x000000655de00000) (1024K)]
  0x00000195cdab1eb0 JavaThread "C1 CompilerThread0"         daemon [_thread_blocked, id=13384, stack(0x000000655de00000,0x000000655df00000) (1024K)]
  0x00000195cdc55360 JavaThread "Common-Cleaner"             daemon [_thread_blocked, id=22220, stack(0x000000655df00000,0x000000655e000000) (1024K)]
  0x00000195cdd98fa0 JavaThread "JDWP Transport Listener: dt_socket" daemon [_thread_blocked, id=25060, stack(0x000000655e200000,0x000000655e300000) (1024K)]
  0x00000195d2034ea0 JavaThread "JDWP Event Helper Thread"   daemon [_thread_blocked, id=22468, stack(0x000000655e300000,0x000000655e400000) (1024K)]
  0x00000195d202e0e0 JavaThread "JDWP Command Reader"        daemon [_thread_in_native, id=12972, stack(0x000000655e400000,0x000000655e500000) (1024K)]
  0x00000195d28cd950 JavaThread "Coroutines Debugger Cleaner" daemon [_thread_blocked, id=25188, stack(0x000000655e700000,0x000000655e800000) (1024K)]
  0x00000195d20014a0 JavaThread "Notification Thread"        daemon [_thread_blocked, id=18584, stack(0x000000655e800000,0x000000655e900000) (1024K)]
Total: 15

Other Threads:
  0x00000195cda1bda0 VMThread "VM Thread"                           [id=25520, stack(0x000000655d600000,0x000000655d700000) (1024K)]
  0x00000195ccba41a0 WatcherThread "VM Periodic Task Thread"        [id=4880, stack(0x000000655d500000,0x000000655d600000) (1024K)]
  0x00000195adf29ea0 WorkerThread "GC Thread#0"                     [id=26408, stack(0x000000655d000000,0x000000655d100000) (1024K)]
  0x00000195adf3bf40 ConcurrentGCThread "G1 Main Marker"            [id=18916, stack(0x000000655d100000,0x000000655d200000) (1024K)]
  0x00000195adf3d1e0 WorkerThread "G1 Conc#0"                       [id=17792, stack(0x000000655d200000,0x000000655d300000) (1024K)]
  0x00000195cca66ef0 ConcurrentGCThread "G1 Refine#0"               [id=17076, stack(0x000000655d300000,0x000000655d400000) (1024K)]
  0x00000195cca67a60 ConcurrentGCThread "G1 Service"                [id=5612, stack(0x000000655d400000,0x000000655d500000) (1024K)]
Total: 7

Threads with active compile tasks:
Total: 0

VM state: not at safepoint (normal execution)

VM Mutex/Monitor currently owned by a thread: None

Heap address: 0x0000000601800000, size: 8168 MB, Compressed Oops mode: Zero based, Oop shift amount: 3

CDS archive(s) not mapped
Compressed class space mapped at: 0x0000000800000000-0x0000000840000000, reserved size: 1073741824
Narrow klass base: 0x0000000800000000, Narrow klass shift: 0, Narrow klass range: 0x40000000

GC Precious Log:
 CardTable entry size: 512
 Card Set container configuration: InlinePtr #cards 4 size 8 Array Of Cards #cards 32 size 80 Howl #buckets 8 coarsen threshold 7372 Howl Bitmap #cards 1024 size 144 coarsen threshold 921 Card regions per heap region 1 cards per card region 8192
 CPUs: 16 total, 16 available
 Memory: 32659M
 Large Page Support: Disabled
 NUMA Support: Disabled
 Compressed Oops: Enabled (Zero based)
 Heap Region Size: 4M
 Heap Min Capacity: 8M
 Heap Initial Capacity: 512M
 Heap Max Capacity: 8168M
 Pre-touch: Disabled
 Parallel Workers: 13
 Concurrent Workers: 3
 Concurrent Refinement Workers: 13
 Periodic GC: Disabled

Heap:
 garbage-first heap   total 524288K, used 8192K [0x0000000601800000, 0x0000000800000000)
  region size 4096K, 4 young (16384K), 0 survivors (0K)
 Metaspace       used 9865K, committed 10048K, reserved 1114112K
  class space    used 870K, committed 960K, reserved 1048576K

Heap Regions: E=young(eden), S=young(survivor), O=old, HS=humongous(starts), HC=humongous(continues), CS=collection set, F=free, TAMS=top-at-mark-start, PB=parsable bottom
|   0|0x0000000601800000, 0x0000000601800000, 0x0000000601c00000|  0%| F|  |TAMS 0x0000000601800000| PB 0x0000000601800000| Untracked 
|   1|0x0000000601c00000, 0x0000000601c00000, 0x0000000602000000|  0%| F|  |TAMS 0x0000000601c00000| PB 0x0000000601c00000| Untracked 
|   2|0x0000000602000000, 0x0000000602000000, 0x0000000602400000|  0%| F|  |TAMS 0x0000000602000000| PB 0x0000000602000000| Untracked 
|   3|0x0000000602400000, 0x0000000602400000, 0x0000000602800000|  0%| F|  |TAMS 0x0000000602400000| PB 0x0000000602400000| Untracked 
|   4|0x0000000602800000, 0x0000000602800000, 0x0000000602c00000|  0%| F|  |TAMS 0x0000000602800000| PB 0x0000000602800000| Untracked 
|   5|0x0000000602c00000, 0x0000000602c00000, 0x0000000603000000|  0%| F|  |TAMS 0x0000000602c00000| PB 0x0000000602c00000| Untracked 
|   6|0x0000000603000000, 0x0000000603000000, 0x0000000603400000|  0%| F|  |TAMS 0x0000000603000000| PB 0x0000000603000000| Untracked 
|   7|0x0000000603400000, 0x0000000603400000, 0x0000000603800000|  0%| F|  |TAMS 0x0000000603400000| PB 0x0000000603400000| Untracked 
|   8|0x0000000603800000, 0x0000000603800000, 0x0000000603c00000|  0%| F|  |TAMS 0x0000000603800000| PB 0x0000000603800000| Untracked 
|   9|0x0000000603c00000, 0x0000000603c00000, 0x0000000604000000|  0%| F|  |TAMS 0x0000000603c00000| PB 0x0000000603c00000| Untracked 
|  10|0x0000000604000000, 0x0000000604000000, 0x0000000604400000|  0%| F|  |TAMS 0x0000000604000000| PB 0x0000000604000000| Untracked 
|  11|0x0000000604400000, 0x0000000604400000, 0x0000000604800000|  0%| F|  |TAMS 0x0000000604400000| PB 0x0000000604400000| Untracked 
|  12|0x0000000604800000, 0x0000000604800000, 0x0000000604c00000|  0%| F|  |TAMS 0x0000000604800000| PB 0x0000000604800000| Untracked 
|  13|0x0000000604c00000, 0x0000000604c00000, 0x0000000605000000|  0%| F|  |TAMS 0x0000000604c00000| PB 0x0000000604c00000| Untracked 
|  14|0x0000000605000000, 0x0000000605000000, 0x0000000605400000|  0%| F|  |TAMS 0x0000000605000000| PB 0x0000000605000000| Untracked 
|  15|0x0000000605400000, 0x0000000605400000, 0x0000000605800000|  0%| F|  |TAMS 0x0000000605400000| PB 0x0000000605400000| Untracked 
|  16|0x0000000605800000, 0x0000000605800000, 0x0000000605c00000|  0%| F|  |TAMS 0x0000000605800000| PB 0x0000000605800000| Untracked 
|  17|0x0000000605c00000, 0x0000000605c00000, 0x0000000606000000|  0%| F|  |TAMS 0x0000000605c00000| PB 0x0000000605c00000| Untracked 
|  18|0x0000000606000000, 0x0000000606000000, 0x0000000606400000|  0%| F|  |TAMS 0x0000000606000000| PB 0x0000000606000000| Untracked 
|  19|0x0000000606400000, 0x0000000606400000, 0x0000000606800000|  0%| F|  |TAMS 0x0000000606400000| PB 0x0000000606400000| Untracked 
|  20|0x0000000606800000, 0x0000000606800000, 0x0000000606c00000|  0%| F|  |TAMS 0x0000000606800000| PB 0x0000000606800000| Untracked 
|  21|0x0000000606c00000, 0x0000000606c00000, 0x0000000607000000|  0%| F|  |TAMS 0x0000000606c00000| PB 0x0000000606c00000| Untracked 
|  22|0x0000000607000000, 0x0000000607000000, 0x0000000607400000|  0%| F|  |TAMS 0x0000000607000000| PB 0x0000000607000000| Untracked 
|  23|0x0000000607400000, 0x0000000607400000, 0x0000000607800000|  0%| F|  |TAMS 0x0000000607400000| PB 0x0000000607400000| Untracked 
|  24|0x0000000607800000, 0x0000000607800000, 0x0000000607c00000|  0%| F|  |TAMS 0x0000000607800000| PB 0x0000000607800000| Untracked 
|  25|0x0000000607c00000, 0x0000000607c00000, 0x0000000608000000|  0%| F|  |TAMS 0x0000000607c00000| PB 0x0000000607c00000| Untracked 
|  26|0x0000000608000000, 0x0000000608000000, 0x0000000608400000|  0%| F|  |TAMS 0x0000000608000000| PB 0x0000000608000000| Untracked 
|  27|0x0000000608400000, 0x0000000608400000, 0x0000000608800000|  0%| F|  |TAMS 0x0000000608400000| PB 0x0000000608400000| Untracked 
|  28|0x0000000608800000, 0x0000000608800000, 0x0000000608c00000|  0%| F|  |TAMS 0x0000000608800000| PB 0x0000000608800000| Untracked 
|  29|0x0000000608c00000, 0x0000000608c00000, 0x0000000609000000|  0%| F|  |TAMS 0x0000000608c00000| PB 0x0000000608c00000| Untracked 
|  30|0x0000000609000000, 0x0000000609000000, 0x0000000609400000|  0%| F|  |TAMS 0x0000000609000000| PB 0x0000000609000000| Untracked 
|  31|0x0000000609400000, 0x0000000609400000, 0x0000000609800000|  0%| F|  |TAMS 0x0000000609400000| PB 0x0000000609400000| Untracked 
|  32|0x0000000609800000, 0x0000000609800000, 0x0000000609c00000|  0%| F|  |TAMS 0x0000000609800000| PB 0x0000000609800000| Untracked 
|  33|0x0000000609c00000, 0x0000000609c00000, 0x000000060a000000|  0%| F|  |TAMS 0x0000000609c00000| PB 0x0000000609c00000| Untracked 
|  34|0x000000060a000000, 0x000000060a000000, 0x000000060a400000|  0%| F|  |TAMS 0x000000060a000000| PB 0x000000060a000000| Untracked 
|  35|0x000000060a400000, 0x000000060a400000, 0x000000060a800000|  0%| F|  |TAMS 0x000000060a400000| PB 0x000000060a400000| Untracked 
|  36|0x000000060a800000, 0x000000060a800000, 0x000000060ac00000|  0%| F|  |TAMS 0x000000060a800000| PB 0x000000060a800000| Untracked 
|  37|0x000000060ac00000, 0x000000060ac00000, 0x000000060b000000|  0%| F|  |TAMS 0x000000060ac00000| PB 0x000000060ac00000| Untracked 
|  38|0x000000060b000000, 0x000000060b000000, 0x000000060b400000|  0%| F|  |TAMS 0x000000060b000000| PB 0x000000060b000000| Untracked 
|  39|0x000000060b400000, 0x000000060b400000, 0x000000060b800000|  0%| F|  |TAMS 0x000000060b400000| PB 0x000000060b400000| Untracked 
|  40|0x000000060b800000, 0x000000060b800000, 0x000000060bc00000|  0%| F|  |TAMS 0x000000060b800000| PB 0x000000060b800000| Untracked 
|  41|0x000000060bc00000, 0x000000060bc00000, 0x000000060c000000|  0%| F|  |TAMS 0x000000060bc00000| PB 0x000000060bc00000| Untracked 
|  42|0x000000060c000000, 0x000000060c000000, 0x000000060c400000|  0%| F|  |TAMS 0x000000060c000000| PB 0x000000060c000000| Untracked 
|  43|0x000000060c400000, 0x000000060c400000, 0x000000060c800000|  0%| F|  |TAMS 0x000000060c400000| PB 0x000000060c400000| Untracked 
|  44|0x000000060c800000, 0x000000060c800000, 0x000000060cc00000|  0%| F|  |TAMS 0x000000060c800000| PB 0x000000060c800000| Untracked 
|  45|0x000000060cc00000, 0x000000060cc00000, 0x000000060d000000|  0%| F|  |TAMS 0x000000060cc00000| PB 0x000000060cc00000| Untracked 
|  46|0x000000060d000000, 0x000000060d000000, 0x000000060d400000|  0%| F|  |TAMS 0x000000060d000000| PB 0x000000060d000000| Untracked 
|  47|0x000000060d400000, 0x000000060d400000, 0x000000060d800000|  0%| F|  |TAMS 0x000000060d400000| PB 0x000000060d400000| Untracked 
|  48|0x000000060d800000, 0x000000060d800000, 0x000000060dc00000|  0%| F|  |TAMS 0x000000060d800000| PB 0x000000060d800000| Untracked 
|  49|0x000000060dc00000, 0x000000060dc00000, 0x000000060e000000|  0%| F|  |TAMS 0x000000060dc00000| PB 0x000000060dc00000| Untracked 
|  50|0x000000060e000000, 0x000000060e000000, 0x000000060e400000|  0%| F|  |TAMS 0x000000060e000000| PB 0x000000060e000000| Untracked 
|  51|0x000000060e400000, 0x000000060e400000, 0x000000060e800000|  0%| F|  |TAMS 0x000000060e400000| PB 0x000000060e400000| Untracked 
|  52|0x000000060e800000, 0x000000060e800000, 0x000000060ec00000|  0%| F|  |TAMS 0x000000060e800000| PB 0x000000060e800000| Untracked 
|  53|0x000000060ec00000, 0x000000060ec00000, 0x000000060f000000|  0%| F|  |TAMS 0x000000060ec00000| PB 0x000000060ec00000| Untracked 
|  54|0x000000060f000000, 0x000000060f000000, 0x000000060f400000|  0%| F|  |TAMS 0x000000060f000000| PB 0x000000060f000000| Untracked 
|  55|0x000000060f400000, 0x000000060f400000, 0x000000060f800000|  0%| F|  |TAMS 0x000000060f400000| PB 0x000000060f400000| Untracked 
|  56|0x000000060f800000, 0x000000060f800000, 0x000000060fc00000|  0%| F|  |TAMS 0x000000060f800000| PB 0x000000060f800000| Untracked 
|  57|0x000000060fc00000, 0x000000060fc00000, 0x0000000610000000|  0%| F|  |TAMS 0x000000060fc00000| PB 0x000000060fc00000| Untracked 
|  58|0x0000000610000000, 0x0000000610000000, 0x0000000610400000|  0%| F|  |TAMS 0x0000000610000000| PB 0x0000000610000000| Untracked 
|  59|0x0000000610400000, 0x0000000610400000, 0x0000000610800000|  0%| F|  |TAMS 0x0000000610400000| PB 0x0000000610400000| Untracked 
|  60|0x0000000610800000, 0x0000000610800000, 0x0000000610c00000|  0%| F|  |TAMS 0x0000000610800000| PB 0x0000000610800000| Untracked 
|  61|0x0000000610c00000, 0x0000000610c00000, 0x0000000611000000|  0%| F|  |TAMS 0x0000000610c00000| PB 0x0000000610c00000| Untracked 
|  62|0x0000000611000000, 0x0000000611000000, 0x0000000611400000|  0%| F|  |TAMS 0x0000000611000000| PB 0x0000000611000000| Untracked 
|  63|0x0000000611400000, 0x0000000611400000, 0x0000000611800000|  0%| F|  |TAMS 0x0000000611400000| PB 0x0000000611400000| Untracked 
|  64|0x0000000611800000, 0x0000000611800000, 0x0000000611c00000|  0%| F|  |TAMS 0x0000000611800000| PB 0x0000000611800000| Untracked 
|  65|0x0000000611c00000, 0x0000000611c00000, 0x0000000612000000|  0%| F|  |TAMS 0x0000000611c00000| PB 0x0000000611c00000| Untracked 
|  66|0x0000000612000000, 0x0000000612000000, 0x0000000612400000|  0%| F|  |TAMS 0x0000000612000000| PB 0x0000000612000000| Untracked 
|  67|0x0000000612400000, 0x0000000612400000, 0x0000000612800000|  0%| F|  |TAMS 0x0000000612400000| PB 0x0000000612400000| Untracked 
|  68|0x0000000612800000, 0x0000000612800000, 0x0000000612c00000|  0%| F|  |TAMS 0x0000000612800000| PB 0x0000000612800000| Untracked 
|  69|0x0000000612c00000, 0x0000000612c00000, 0x0000000613000000|  0%| F|  |TAMS 0x0000000612c00000| PB 0x0000000612c00000| Untracked 
|  70|0x0000000613000000, 0x0000000613000000, 0x0000000613400000|  0%| F|  |TAMS 0x0000000613000000| PB 0x0000000613000000| Untracked 
|  71|0x0000000613400000, 0x0000000613400000, 0x0000000613800000|  0%| F|  |TAMS 0x0000000613400000| PB 0x0000000613400000| Untracked 
|  72|0x0000000613800000, 0x0000000613800000, 0x0000000613c00000|  0%| F|  |TAMS 0x0000000613800000| PB 0x0000000613800000| Untracked 
|  73|0x0000000613c00000, 0x0000000613c00000, 0x0000000614000000|  0%| F|  |TAMS 0x0000000613c00000| PB 0x0000000613c00000| Untracked 
|  74|0x0000000614000000, 0x0000000614000000, 0x0000000614400000|  0%| F|  |TAMS 0x0000000614000000| PB 0x0000000614000000| Untracked 
|  75|0x0000000614400000, 0x0000000614400000, 0x0000000614800000|  0%| F|  |TAMS 0x0000000614400000| PB 0x0000000614400000| Untracked 
|  76|0x0000000614800000, 0x0000000614800000, 0x0000000614c00000|  0%| F|  |TAMS 0x0000000614800000| PB 0x0000000614800000| Untracked 
|  77|0x0000000614c00000, 0x0000000614c00000, 0x0000000615000000|  0%| F|  |TAMS 0x0000000614c00000| PB 0x0000000614c00000| Untracked 
|  78|0x0000000615000000, 0x0000000615000000, 0x0000000615400000|  0%| F|  |TAMS 0x0000000615000000| PB 0x0000000615000000| Untracked 
|  79|0x0000000615400000, 0x0000000615400000, 0x0000000615800000|  0%| F|  |TAMS 0x0000000615400000| PB 0x0000000615400000| Untracked 
|  80|0x0000000615800000, 0x0000000615800000, 0x0000000615c00000|  0%| F|  |TAMS 0x0000000615800000| PB 0x0000000615800000| Untracked 
|  81|0x0000000615c00000, 0x0000000615c00000, 0x0000000616000000|  0%| F|  |TAMS 0x0000000615c00000| PB 0x0000000615c00000| Untracked 
|  82|0x0000000616000000, 0x0000000616000000, 0x0000000616400000|  0%| F|  |TAMS 0x0000000616000000| PB 0x0000000616000000| Untracked 
|  83|0x0000000616400000, 0x0000000616400000, 0x0000000616800000|  0%| F|  |TAMS 0x0000000616400000| PB 0x0000000616400000| Untracked 
|  84|0x0000000616800000, 0x0000000616800000, 0x0000000616c00000|  0%| F|  |TAMS 0x0000000616800000| PB 0x0000000616800000| Untracked 
|  85|0x0000000616c00000, 0x0000000616c00000, 0x0000000617000000|  0%| F|  |TAMS 0x0000000616c00000| PB 0x0000000616c00000| Untracked 
|  86|0x0000000617000000, 0x0000000617000000, 0x0000000617400000|  0%| F|  |TAMS 0x0000000617000000| PB 0x0000000617000000| Untracked 
|  87|0x0000000617400000, 0x0000000617400000, 0x0000000617800000|  0%| F|  |TAMS 0x0000000617400000| PB 0x0000000617400000| Untracked 
|  88|0x0000000617800000, 0x0000000617800000, 0x0000000617c00000|  0%| F|  |TAMS 0x0000000617800000| PB 0x0000000617800000| Untracked 
|  89|0x0000000617c00000, 0x0000000617c00000, 0x0000000618000000|  0%| F|  |TAMS 0x0000000617c00000| PB 0x0000000617c00000| Untracked 
|  90|0x0000000618000000, 0x0000000618000000, 0x0000000618400000|  0%| F|  |TAMS 0x0000000618000000| PB 0x0000000618000000| Untracked 
|  91|0x0000000618400000, 0x0000000618400000, 0x0000000618800000|  0%| F|  |TAMS 0x0000000618400000| PB 0x0000000618400000| Untracked 
|  92|0x0000000618800000, 0x0000000618800000, 0x0000000618c00000|  0%| F|  |TAMS 0x0000000618800000| PB 0x0000000618800000| Untracked 
|  93|0x0000000618c00000, 0x0000000618c00000, 0x0000000619000000|  0%| F|  |TAMS 0x0000000618c00000| PB 0x0000000618c00000| Untracked 
|  94|0x0000000619000000, 0x0000000619000000, 0x0000000619400000|  0%| F|  |TAMS 0x0000000619000000| PB 0x0000000619000000| Untracked 
|  95|0x0000000619400000, 0x0000000619400000, 0x0000000619800000|  0%| F|  |TAMS 0x0000000619400000| PB 0x0000000619400000| Untracked 
|  96|0x0000000619800000, 0x0000000619800000, 0x0000000619c00000|  0%| F|  |TAMS 0x0000000619800000| PB 0x0000000619800000| Untracked 
|  97|0x0000000619c00000, 0x0000000619c00000, 0x000000061a000000|  0%| F|  |TAMS 0x0000000619c00000| PB 0x0000000619c00000| Untracked 
|  98|0x000000061a000000, 0x000000061a000000, 0x000000061a400000|  0%| F|  |TAMS 0x000000061a000000| PB 0x000000061a000000| Untracked 
|  99|0x000000061a400000, 0x000000061a400000, 0x000000061a800000|  0%| F|  |TAMS 0x000000061a400000| PB 0x000000061a400000| Untracked 
| 100|0x000000061a800000, 0x000000061a800000, 0x000000061ac00000|  0%| F|  |TAMS 0x000000061a800000| PB 0x000000061a800000| Untracked 
| 101|0x000000061ac00000, 0x000000061ac00000, 0x000000061b000000|  0%| F|  |TAMS 0x000000061ac00000| PB 0x000000061ac00000| Untracked 
| 102|0x000000061b000000, 0x000000061b000000, 0x000000061b400000|  0%| F|  |TAMS 0x000000061b000000| PB 0x000000061b000000| Untracked 
| 103|0x000000061b400000, 0x000000061b400000, 0x000000061b800000|  0%| F|  |TAMS 0x000000061b400000| PB 0x000000061b400000| Untracked 
| 104|0x000000061b800000, 0x000000061b800000, 0x000000061bc00000|  0%| F|  |TAMS 0x000000061b800000| PB 0x000000061b800000| Untracked 
| 105|0x000000061bc00000, 0x000000061bc00000, 0x000000061c000000|  0%| F|  |TAMS 0x000000061bc00000| PB 0x000000061bc00000| Untracked 
| 106|0x000000061c000000, 0x000000061c000000, 0x000000061c400000|  0%| F|  |TAMS 0x000000061c000000| PB 0x000000061c000000| Untracked 
| 107|0x000000061c400000, 0x000000061c400000, 0x000000061c800000|  0%| F|  |TAMS 0x000000061c400000| PB 0x000000061c400000| Untracked 
| 108|0x000000061c800000, 0x000000061c800000, 0x000000061cc00000|  0%| F|  |TAMS 0x000000061c800000| PB 0x000000061c800000| Untracked 
| 109|0x000000061cc00000, 0x000000061cc00000, 0x000000061d000000|  0%| F|  |TAMS 0x000000061cc00000| PB 0x000000061cc00000| Untracked 
| 110|0x000000061d000000, 0x000000061d000000, 0x000000061d400000|  0%| F|  |TAMS 0x000000061d000000| PB 0x000000061d000000| Untracked 
| 111|0x000000061d400000, 0x000000061d400000, 0x000000061d800000|  0%| F|  |TAMS 0x000000061d400000| PB 0x000000061d400000| Untracked 
| 112|0x000000061d800000, 0x000000061d800000, 0x000000061dc00000|  0%| F|  |TAMS 0x000000061d800000| PB 0x000000061d800000| Untracked 
| 113|0x000000061dc00000, 0x000000061dc00000, 0x000000061e000000|  0%| F|  |TAMS 0x000000061dc00000| PB 0x000000061dc00000| Untracked 
| 114|0x000000061e000000, 0x000000061e000000, 0x000000061e400000|  0%| F|  |TAMS 0x000000061e000000| PB 0x000000061e000000| Untracked 
| 115|0x000000061e400000, 0x000000061e400000, 0x000000061e800000|  0%| F|  |TAMS 0x000000061e400000| PB 0x000000061e400000| Untracked 
| 116|0x000000061e800000, 0x000000061e800000, 0x000000061ec00000|  0%| F|  |TAMS 0x000000061e800000| PB 0x000000061e800000| Untracked 
| 117|0x000000061ec00000, 0x000000061ec00000, 0x000000061f000000|  0%| F|  |TAMS 0x000000061ec00000| PB 0x000000061ec00000| Untracked 
| 118|0x000000061f000000, 0x000000061f000000, 0x000000061f400000|  0%| F|  |TAMS 0x000000061f000000| PB 0x000000061f000000| Untracked 
| 119|0x000000061f400000, 0x000000061f400000, 0x000000061f800000|  0%| F|  |TAMS 0x000000061f400000| PB 0x000000061f400000| Untracked 
| 120|0x000000061f800000, 0x000000061f800000, 0x000000061fc00000|  0%| F|  |TAMS 0x000000061f800000| PB 0x000000061f800000| Untracked 
| 121|0x000000061fc00000, 0x000000061fc00000, 0x0000000620000000|  0%| F|  |TAMS 0x000000061fc00000| PB 0x000000061fc00000| Untracked 
| 122|0x0000000620000000, 0x0000000620000000, 0x0000000620400000|  0%| F|  |TAMS 0x0000000620000000| PB 0x0000000620000000| Untracked 
| 123|0x0000000620400000, 0x0000000620400000, 0x0000000620800000|  0%| F|  |TAMS 0x0000000620400000| PB 0x0000000620400000| Untracked 
| 124|0x0000000620800000, 0x0000000620a2bf40, 0x0000000620c00000| 54%| E|  |TAMS 0x0000000620800000| PB 0x0000000620800000| Complete 
| 125|0x0000000620c00000, 0x0000000621000000, 0x0000000621000000|100%| E|  |TAMS 0x0000000620c00000| PB 0x0000000620c00000| Complete 
| 126|0x0000000621000000, 0x0000000621400000, 0x0000000621400000|100%| E|CS|TAMS 0x0000000621000000| PB 0x0000000621000000| Complete 
| 127|0x0000000621400000, 0x0000000621800000, 0x0000000621800000|100%| E|CS|TAMS 0x0000000621400000| PB 0x0000000621400000| Complete 

Card table byte_map: [0x00000195c1840000,0x00000195c2840000] _byte_map_base: 0x00000195be834000

Marking Bits: (CMBitMap*) 0x00000195adf2a5a0
 Bits: [0x00000195c2840000, 0x00000195ca7e0000)

Polling page: 0x00000195abd10000

Metaspace:

Usage:
  Non-class:      8.78 MB used.
      Class:    870.77 KB used.
       Both:      9.63 MB used.

Virtual space:
  Non-class space:       64.00 MB reserved,       8.88 MB ( 14%) committed,  1 nodes.
      Class space:        1.00 GB reserved,     960.00 KB ( <1%) committed,  1 nodes.
             Both:        1.06 GB reserved,       9.81 MB ( <1%) committed. 

Chunk freelists:
   Non-Class:  6.53 MB
       Class:  15.05 MB
        Both:  21.58 MB

MaxMetaspaceSize: unlimited
CompressedClassSpaceSize: 1.00 GB
Initial GC threshold: 21.00 MB
Current GC threshold: 21.00 MB
CDS: off
 - commit_granule_bytes: 65536.
 - commit_granule_words: 8192.
 - virtual_space_node_default_size: 8388608.
 - enlarge_chunks_in_place: 1.
 - use_allocation_guard: 0.


Internal statistics:

num_allocs_failed_limit: 0.
num_arena_births: 24.
num_arena_deaths: 0.
num_vsnodes_births: 2.
num_vsnodes_deaths: 0.
num_space_committed: 157.
num_space_uncommitted: 0.
num_chunks_returned_to_freelist: 0.
num_chunks_taken_from_freelist: 78.
num_chunk_merges: 0.
num_chunk_splits: 43.
num_chunks_enlarged: 29.
num_inconsistent_stats: 0.

CodeHeap 'non-profiled nmethods': size=119168Kb used=242Kb max_used=242Kb free=118925Kb
 bounds [0x00000195b8b60000, 0x00000195b8dd0000, 0x00000195bffc0000]
CodeHeap 'profiled nmethods': size=119104Kb used=1220Kb max_used=1220Kb free=117883Kb
 bounds [0x00000195b0fc0000, 0x00000195b1230000, 0x00000195b8410000]
CodeHeap 'non-nmethods': size=7488Kb used=1378Kb max_used=3095Kb free=6109Kb
 bounds [0x00000195b8410000, 0x00000195b8720000, 0x00000195b8b60000]
 total_blobs=1129 nmethods=688 adapters=346
 compilation: enabled
              stopped_count=0, restarted_count=0
 full_count=0

Compilation events (20 events):
Event: 0.550 Thread 0x00000195cdc98570  676       3       java.util.zip.ZipUtils::CENLEN (9 bytes)
Event: 0.551 Thread 0x00000195cdc98570 nmethod 676 0x00000195b10ec210 code [0x00000195b10ec3c0, 0x00000195b10ec6a0]
Event: 0.561 Thread 0x00000195cda7ae20  677  s!   4       jdk.internal.loader.URLClassPath::getLoader (194 bytes)
Event: 0.563 Thread 0x00000195cdc98da0  678       3       java.util.Arrays::rangeCheck (74 bytes)
Event: 0.564 Thread 0x00000195cdc98da0 nmethod 678 0x00000195b10ec810 code [0x00000195b10ecae0, 0x00000195b10ed490]
Event: 0.564 Thread 0x00000195cdc98da0  679       3       java.util.jar.JarFile::maybeInstantiateVerifier (42 bytes)
Event: 0.565 Thread 0x00000195cdc98da0 nmethod 679 0x00000195b10ed890 code [0x00000195b10eda80, 0x00000195b10ede00]
Event: 0.565 Thread 0x00000195cda7ae20 nmethod 677 0x00000195b8b9a010 code [0x00000195b8b9a280, 0x00000195b8b9af60]
Event: 0.565 Thread 0x00000195cda7ae20  680       4       sun.net.www.ParseUtil::firstEncodeIndex (86 bytes)
Event: 0.567 Thread 0x00000195cda7ae20 nmethod 680 0x00000195b8b9ba10 code [0x00000195b8b9bbc0, 0x00000195b8b9bea0]
Event: 0.568 Thread 0x00000195cdab1eb0  682       3       java.lang.ClassLoader::getClassLoadingLock (35 bytes)
Event: 0.568 Thread 0x00000195d215db20  683       3       java.lang.ClassLoader::findLoadedClass (15 bytes)
Event: 0.568 Thread 0x00000195cdc98570  685       3       jdk.internal.loader.BuiltinClassLoader::findLoadedModule (33 bytes)
Event: 0.568 Thread 0x00000195cdc98da0  686   !   3       jdk.internal.loader.BuiltinClassLoader::loadClassOrNull (143 bytes)
Event: 0.569 Thread 0x00000195d215db20 nmethod 683 0x00000195b10edf90 code [0x00000195b10ee160, 0x00000195b10ee360]
Event: 0.569 Thread 0x00000195d215db20  687       3       jdk.internal.loader.BuiltinClassLoader::loadClassOrNull (7 bytes)
Event: 0.569 Thread 0x00000195cdab1eb0 nmethod 682 0x00000195b10ee410 code [0x00000195b10ee5e0, 0x00000195b10ee8f8]
Event: 0.569 Thread 0x00000195d215db20 nmethod 687 0x00000195b10eea90 code [0x00000195b10eec40, 0x00000195b10eee28]
Event: 0.569 Thread 0x00000195cdc98570 nmethod 685 0x00000195b10eef10 code [0x00000195b10ef140, 0x00000195b10ef7d0]
Event: 0.569 Thread 0x00000195cdc98da0 nmethod 686 0x00000195b10efa10 code [0x00000195b10efce0, 0x00000195b10f0cb0]

GC Heap History (0 events):
No events

Dll operation events (2 events):
Event: 0.004 Loaded shared library C:\Program Files\Android\Android Studio\jre\bin\java.dll
Event: 0.008 Loaded shared library C:\Program Files\Android\Android Studio\jre\bin\zip.dll

Deoptimization events (20 events):
Event: 0.275 Thread 0x00000195ade81d40 DEOPT PACKING pc=0x00000195b0fd2183 sp=0x000000655cffc680
Event: 0.275 Thread 0x00000195ade81d40 DEOPT UNPACKING pc=0x00000195b8464e42 sp=0x000000655cffbae0 mode 0
Event: 0.277 Thread 0x00000195ade81d40 DEOPT PACKING pc=0x00000195b0fd2183 sp=0x000000655cffc3e0
Event: 0.277 Thread 0x00000195ade81d40 DEOPT UNPACKING pc=0x00000195b8464e42 sp=0x000000655cffb840 mode 0
Event: 0.281 Thread 0x00000195ade81d40 Uncommon trap: trap_request=0xffffff45 fr.pc=0x00000195b8b8c9a0 relative=0x00000000000001e0
Event: 0.281 Thread 0x00000195ade81d40 Uncommon trap: reason=unstable_if action=reinterpret pc=0x00000195b8b8c9a0 method=java.util.zip.ZipFile$Source.isMetaName([BII)Z @ 57 c2
Event: 0.281 Thread 0x00000195ade81d40 DEOPT PACKING pc=0x00000195b8b8c9a0 sp=0x000000655cffbe20
Event: 0.281 Thread 0x00000195ade81d40 DEOPT UNPACKING pc=0x00000195b84646a2 sp=0x000000655cffbdc8 mode 2
Event: 0.283 Thread 0x00000195ade81d40 DEOPT PACKING pc=0x00000195b0fd27c9 sp=0x000000655cffc1e0
Event: 0.283 Thread 0x00000195ade81d40 DEOPT UNPACKING pc=0x00000195b8464e42 sp=0x000000655cffb658 mode 0
Event: 0.286 Thread 0x00000195ade81d40 DEOPT PACKING pc=0x00000195b0fd27c9 sp=0x000000655cff8a20
Event: 0.286 Thread 0x00000195ade81d40 DEOPT UNPACKING pc=0x00000195b8464e42 sp=0x000000655cff7e98 mode 0
Event: 0.301 Thread 0x00000195ade81d40 Uncommon trap: trap_request=0xffffff45 fr.pc=0x00000195b8b61784 relative=0x00000000000000e4
Event: 0.301 Thread 0x00000195ade81d40 Uncommon trap: reason=unstable_if action=reinterpret pc=0x00000195b8b61784 method=java.lang.String.isLatin1()Z @ 10 c2
Event: 0.301 Thread 0x00000195ade81d40 DEOPT PACKING pc=0x00000195b8b61784 sp=0x000000655cfff210
Event: 0.301 Thread 0x00000195ade81d40 DEOPT UNPACKING pc=0x00000195b84646a2 sp=0x000000655cfff160 mode 2
Event: 0.537 Thread 0x00000195ade81d40 Uncommon trap: trap_request=0xffffff45 fr.pc=0x00000195b8b97644 relative=0x0000000000000084
Event: 0.537 Thread 0x00000195ade81d40 Uncommon trap: reason=unstable_if action=reinterpret pc=0x00000195b8b97644 method=sun.net.www.ParseUtil.firstEncodeIndex(Ljava/lang/String;)I @ 51 c2
Event: 0.537 Thread 0x00000195ade81d40 DEOPT PACKING pc=0x00000195b8b97644 sp=0x000000655cffbfc0
Event: 0.537 Thread 0x00000195ade81d40 DEOPT UNPACKING pc=0x00000195b84646a2 sp=0x000000655cffbf58 mode 2

Classes loaded (20 events):
Event: 0.303 Loading class java/lang/invoke/VarHandleReferences$FieldInstanceReadWrite
Event: 0.303 Loading class java/lang/invoke/VarHandleReferences$FieldInstanceReadOnly
Event: 0.303 Loading class java/lang/invoke/VarHandleReferences$FieldInstanceReadOnly done
Event: 0.303 Loading class java/lang/invoke/VarHandleReferences$FieldInstanceReadWrite done
Event: 0.303 Loading class jdk/internal/vm/ThreadContainers
Event: 0.303 Loading class jdk/internal/vm/ThreadContainers done
Event: 0.303 Loading class jdk/internal/vm/ThreadContainers$RootContainer$TrackingRootContainer
Event: 0.303 Loading class jdk/internal/vm/ThreadContainers$RootContainer
Event: 0.303 Loading class jdk/internal/vm/ThreadContainers$RootContainer done
Event: 0.303 Loading class jdk/internal/vm/ThreadContainers$RootContainer$TrackingRootContainer done
Event: 0.303 Loading class java/util/concurrent/ForkJoinPool$2
Event: 0.303 Loading class jdk/internal/access/JavaUtilConcurrentFJPAccess
Event: 0.303 Loading class jdk/internal/access/JavaUtilConcurrentFJPAccess done
Event: 0.303 Loading class java/util/concurrent/ForkJoinPool$2 done
Event: 0.547 Loading class java/lang/IndexOutOfBoundsException
Event: 0.547 Loading class java/lang/IndexOutOfBoundsException done
Event: 0.548 Loading class java/util/NoSuchElementException
Event: 0.548 Loading class java/util/NoSuchElementException done
Event: 0.648 Loading class java/io/DataOutputStream
Event: 0.648 Loading class java/io/DataOutputStream done

Classes unloaded (0 events):
No events

Classes redefined (0 events):
No events

Internal exceptions (2 events):
Event: 0.289 Thread 0x00000195ade81d40 Exception <a 'java/lang/NoSuchMethodError'{0x0000000620d79fa0}: 'void java.lang.invoke.DirectMethodHandle$Holder.invokeStatic(java.lang.Object, java.lang.Object, java.lang.Object)'> (0x0000000620d79fa0) 
thrown [s\src\hotspot\share\interpreter\linkResolver.cpp, line 784]
Event: 0.291 Thread 0x00000195ade81d40 Exception <a 'java/lang/NoSuchMethodError'{0x0000000620d913f8}: 'java.lang.Object java.lang.invoke.Invokers$Holder.invokeExact_MT(java.lang.Object, java.lang.Object, java.lang.Object, java.lang.Object, java.lang.Object)'> (0x0000000620d913f8) 
thrown [s\src\hotspot\share\interpreter\linkResolver.cpp, line 784]

ZGC Phase Switch (0 events):
No events

VM Operations (20 events):
Event: 0.487 Executing VM operation: get/set locals
Event: 0.487 Executing VM operation: get/set locals done
Event: 0.487 Executing VM operation: get/set locals
Event: 0.487 Executing VM operation: get/set locals done
Event: 0.574 Executing VM operation: get/set locals
Event: 0.574 Executing VM operation: get/set locals done
Event: 0.574 Executing VM operation: get/set locals
Event: 0.574 Executing VM operation: get/set locals done
Event: 0.574 Executing VM operation: get/set locals
Event: 0.574 Executing VM operation: get/set locals done
Event: 0.574 Executing VM operation: get/set locals
Event: 0.574 Executing VM operation: get/set locals done
Event: 1.579 Executing VM operation: Cleanup
Event: 1.579 Executing VM operation: Cleanup done
Event: 15.413 Executing VM operation: ChangeSingleStep
Event: 15.413 Executing VM operation: ChangeSingleStep done
Event: 15.414 Executing VM operation: ChangeSingleStep
Event: 15.414 Executing VM operation: ChangeSingleStep done
Event: 15.414 Executing VM operation: ChangeSingleStep
Event: 15.414 Executing VM operation: ChangeSingleStep done

Events (20 events):
Event: 0.106 Thread 0x00000195cdc55360 Thread added: 0x00000195cdc55360
Event: 0.114 Thread 0x00000195cdc98570 Thread added: 0x00000195cdc98570
Event: 0.115 Thread 0x00000195cdc98da0 Thread added: 0x00000195cdc98da0
Event: 0.123 Thread 0x00000195cdd98fa0 Thread added: 0x00000195cdd98fa0
Event: 0.123 Thread 0x00000195d2034ea0 Thread added: 0x00000195d2034ea0
Event: 0.123 Thread 0x00000195d202e0e0 Thread added: 0x00000195d202e0e0
Event: 0.141 Loaded shared library C:\Program Files\Android\Android Studio\jre\bin\instrument.dll
Event: 0.149 Loaded shared library C:\Program Files\Android\Android Studio\jre\bin\net.dll
Event: 0.150 Loaded shared library C:\Program Files\Android\Android Studio\jre\bin\nio.dll
Event: 0.158 Thread 0x00000195d21075f0 Thread added: 0x00000195d21075f0
Event: 0.198 Loaded shared library C:\Program Files\Android\Android Studio\jre\bin\zip.dll
Event: 0.221 Thread 0x00000195d215db20 Thread added: 0x00000195d215db20
Event: 0.230 Loaded shared library C:\Program Files\Android\Android Studio\jre\bin\jimage.dll
Event: 0.301 Thread 0x00000195d28cd950 Thread added: 0x00000195d28cd950
Event: 0.301 Thread 0x00000195d20014a0 Thread added: 0x00000195d20014a0
Event: 0.307 Loaded shared library C:\Users\colbykids\ftc\DynamicOpmodeLoader\dynamicopmodeloader.dll
Event: 0.498 Thread 0x00000195d21075f0 Thread exited: 0x00000195d21075f0
Event: 5.577 Thread 0x00000195d215db20 Thread exited: 0x00000195d215db20
Event: 5.577 Thread 0x00000195cdc98da0 Thread exited: 0x00000195cdc98da0
Event: 10.578 Thread 0x00000195cdc98570 Thread exited: 0x00000195cdc98570


Dynamic libraries:
0x00007ff72a6f0000 - 0x00007ff72a6fa000 	C:\Program Files\Android\Android Studio\jre\bin\java.exe
0x00007ffa14a10000 - 0x00007ffa14c08000 	C:\Windows\SYSTEM32\ntdll.dll
0x00007ffa13610000 - 0x00007ffa136d2000 	C:\Windows\System32\KERNEL32.DLL
0x00007ffa122b0000 - 0x00007ffa125ae000 	C:\Windows\System32\KERNELBASE.dll
0x00007ffa126b0000 - 0x00007ffa127b0000 	C:\Windows\System32\ucrtbase.dll
0x00007ffa10850000 - 0x00007ffa1086b000 	C:\Program Files\Android\Android Studio\jre\bin\VCRUNTIME140.dll
0x00007ff9f6df0000 - 0x00007ff9f6e08000 	C:\Program Files\Android\Android Studio\jre\bin\jli.dll
0x00007ffa13350000 - 0x00007ffa134ed000 	C:\Windows\System32\USER32.dll
0x00007ff9f08d0000 - 0x00007ff9f0b6a000 	C:\Windows\WinSxS\amd64_microsoft.windows.common-controls_6595b64144ccf1df_6.0.19041.4355_none_60b8b9eb71f62e16\COMCTL32.dll
0x00007ffa120b0000 - 0x00007ffa120d2000 	C:\Windows\System32\win32u.dll
0x00007ffa14880000 - 0x00007ffa148ab000 	C:\Windows\System32\GDI32.dll
0x00007ffa14910000 - 0x00007ffa149ae000 	C:\Windows\System32\msvcrt.dll
0x00007ffa127b0000 - 0x00007ffa128c7000 	C:\Windows\System32\gdi32full.dll
0x00007ffa121e0000 - 0x00007ffa1227d000 	C:\Windows\System32\msvcp_win.dll
0x00007ffa143e0000 - 0x00007ffa1440f000 	C:\Windows\System32\IMM32.DLL
0x00007ffa10890000 - 0x00007ffa1089c000 	C:\Program Files\Android\Android Studio\jre\bin\vcruntime140_1.dll
0x00007ff9d99d0000 - 0x00007ff9d9a5d000 	C:\Program Files\Android\Android Studio\jre\bin\msvcp140.dll
0x00007ff99cb90000 - 0x00007ff99d80d000 	C:\Program Files\Android\Android Studio\jre\bin\server\jvm.dll
0x00007ffa13ba0000 - 0x00007ffa13c51000 	C:\Windows\System32\ADVAPI32.dll
0x00007ffa12e40000 - 0x00007ffa12edf000 	C:\Windows\System32\sechost.dll
0x00007ffa13220000 - 0x00007ffa13343000 	C:\Windows\System32\RPCRT4.dll
0x00007ffa12280000 - 0x00007ffa122a7000 	C:\Windows\System32\bcrypt.dll
0x00007ffa13b30000 - 0x00007ffa13b9b000 	C:\Windows\System32\WS2_32.dll
0x00007ffa11640000 - 0x00007ffa1168b000 	C:\Windows\SYSTEM32\POWRPROF.dll
0x00007ffa07270000 - 0x00007ffa07297000 	C:\Windows\SYSTEM32\WINMM.dll
0x00007ffa0b8f0000 - 0x00007ffa0b8fa000 	C:\Windows\SYSTEM32\VERSION.dll
0x00007ffa114b0000 - 0x00007ffa114c2000 	C:\Windows\SYSTEM32\UMPDC.dll
0x00007ffa108f0000 - 0x00007ffa10902000 	C:\Windows\SYSTEM32\kernel.appcore.dll
0x00007ffa0f310000 - 0x00007ffa0f31a000 	C:\Program Files\Android\Android Studio\jre\bin\jimage.dll
0x00007ffa0fdb0000 - 0x00007ffa0ff94000 	C:\Windows\SYSTEM32\DBGHELP.DLL
0x00007ffa09560000 - 0x00007ffa09594000 	C:\Windows\SYSTEM32\dbgcore.DLL
0x00007ffa125b0000 - 0x00007ffa12632000 	C:\Windows\System32\bcryptPrimitives.dll
0x00007ff9e78b0000 - 0x00007ff9e78ec000 	C:\Program Files\Android\Android Studio\jre\bin\jdwp.dll
0x00007ffa0bed0000 - 0x00007ffa0bede000 	C:\Program Files\Android\Android Studio\jre\bin\instrument.dll
0x00007ff9ee0a0000 - 0x00007ff9ee0bf000 	C:\Program Files\Android\Android Studio\jre\bin\java.dll
0x00007ff9eaf50000 - 0x00007ff9eaf68000 	C:\Program Files\Android\Android Studio\jre\bin\zip.dll
0x00007ffa13c60000 - 0x00007ffa143cd000 	C:\Windows\System32\SHELL32.dll
0x00007ffa0ffa0000 - 0x00007ffa10744000 	C:\Windows\SYSTEM32\windows.storage.dll
0x00007ffa12a30000 - 0x00007ffa12d83000 	C:\Windows\System32\combase.dll
0x00007ffa11ae0000 - 0x00007ffa11b0e000 	C:\Windows\SYSTEM32\Wldp.dll
0x00007ffa13150000 - 0x00007ffa1321d000 	C:\Windows\System32\OLEAUT32.dll
0x00007ffa12d90000 - 0x00007ffa12e3d000 	C:\Windows\System32\SHCORE.dll
0x00007ffa148b0000 - 0x00007ffa14905000 	C:\Windows\System32\shlwapi.dll
0x00007ffa11fe0000 - 0x00007ffa12004000 	C:\Windows\SYSTEM32\profapi.dll
0x00007ffa09f60000 - 0x00007ffa09f6b000 	C:\Program Files\Android\Android Studio\jre\bin\dt_socket.dll
0x00007ffa114d0000 - 0x00007ffa1150b000 	C:\Windows\SYSTEM32\IPHLPAPI.DLL
0x00007ffa11840000 - 0x00007ffa118aa000 	C:\Windows\system32\mswsock.dll
0x00007ff9fe810000 - 0x00007ff9fe820000 	C:\Program Files\Android\Android Studio\jre\bin\net.dll
0x00007ffa0e6b0000 - 0x00007ffa0e7bd000 	C:\Windows\SYSTEM32\WINHTTP.dll
0x00007ff9e8400000 - 0x00007ff9e8416000 	C:\Program Files\Android\Android Studio\jre\bin\nio.dll
0x00007ff9e2b00000 - 0x00007ff9e2b6f000 	C:\Users\colbykids\ftc\DynamicOpmodeLoader\dynamicopmodeloader.dll

dbghelp: loaded successfully - version: 4.0.5 - missing functions: none
symbol engine: initialized successfully - sym options: 0x614 - pdb path: .;C:\Program Files\Android\Android Studio\jre\bin;C:\Windows\SYSTEM32;C:\Windows\WinSxS\amd64_microsoft.windows.common-controls_6595b64144ccf1df_6.0.19041.4355_none_60b8b9eb71f62e16;C:\Program Files\Android\Android Studio\jre\bin\server;C:\Users\colbykids\ftc\DynamicOpmodeLoader

VM Arguments:
jvm_args: -agentlib:jdwp=transport=dt_socket,address=127.0.0.1:56852,suspend=y,server=n -javaagent:C:/Users/colbykids/.gradle/caches/modules-2/files-2.1/org.jetbrains.kotlinx/kotlinx-coroutines-core-jvm/1.6.4/2c997cd1c0ef33f3e751d3831929aeff1390cb30/kotlinx-coroutines-core-jvm-1.6.4.jar -Dfile.encoding=UTF-8 
java_command: com.minerkid08.dynamicopmodeloader.MainKt
java_class_path (initial): C:\Users\colbykids\AppData\Local\Android\Sdk\platforms\android-34\android.jar;C:\Users\colbykids\AppData\Local\Android\Sdk\platforms\android-34\data\res;C:\Users\colbykids\ftc\DynamicOpmodeLoader\DynamicOpmodeLoader\build\tmp\kotlin-classes\debug;C:\Users\colbykids\ftc\DynamicOpmodeLoader\DynamicOpmodeLoader\build\intermediates\compile_r_class_jar\debug\generateDebugRFile\R.jar;C:\Users\colbykids\ftc\DynamicOpmodeLoader\DynamicOpmodeLoader\build\generated\res\resValues\debug;C:\Users\colbykids\.gradle\caches\8.9\transforms\f3c1f645dbaea118ca5c5f649fada647\transformed\core-ktx-1.15.0\res;C:\Users\colbykids\.gradle\caches\8.9\transforms\f3c1f645dbaea118ca5c5f649fada647\transformed\core-ktx-1.15.0\AndroidManifest.xml;C:\Users\colbykids\.gradle\caches\8.9\transforms\f3c1f645dbaea118ca5c5f649fada647\transformed\core-ktx-1.15.0\jars\classes.jar;C:\Users\colbykids\.gradle\caches\8.9\transforms\06e6d91d646d26e6c02c125c7752fd7e\transformed\core-1.15.0\AndroidManifest.xml;C:\Users\colbykids\.gradle\caches\8.9\transforms\06e6d91d646d26e6c02c125c7752fd7e\transformed\core-1.15.0\jars\classes.jar;C:\Users\colbykids\.gradle\caches\8.9\transforms\06e6d91d646d26e6c02c125c7752fd7e\transformed\core-1.15.0\res;C:\Users\colbykids\.gradle\caches\8.9\transforms\c3cda8aedbbfedd093af0cc5a947b929\transformed\annotation-experimental-1.4.1\res;C:\Users\colbykids\.gradle\caches\8.9\transforms\c3cda8aedbbfedd093af0cc5a947b929\transformed\annotation-experimental-1.4.1\jars\classes.jar;C:\Users\colbykids\.gradle\caches\8.9\transforms\c3cda8aedbbfedd093af0cc5a947b929\transformed\annotation-experimental-1.4.1\AndroidManifest.xml;C:\Users\colbykids\.gradle\caches\8.9\transforms\d1f5ededaa61b1222fd80b355cd7aad1\transformed\lifecycle-runtime-2.6.2\res;C:\Users\colbykids\.gradle\caches\8.9\transforms\d1f5ededaa61b1222fd80b355cd7aad1\transformed\lifecycle-runtime-2.6.2\AndroidManifest.xml;C:\Users\colbykids\.gradle\caches\8.9\transforms\d1f5ededaa61b1222fd80b355cd7aad1\transformed\lifecycle-runtime-2.6.2\jars\classes.jar;C:\Users\colbykids\.gradle\caches\8.9\transforms\ac95a3d9e887e8128faa5699fc4610b5\transformed\versionedparcelable-1.1.1\jars\classes.jar;C:\Users\colbykids\.gradle\caches\8.9\transforms\ac95a3d9e887e8128faa5699fc4610b5\transformed\versionedparcelable-1.1.1\AndroidManifest.xml;C:\Users\colbykids\.gradle\caches\8.9\transforms\bd02bdb83b3a11d52d1fa69c53c2c74c\transformed\appcompat-1.7.0\jars\classes.jar;C:\Users\colbykids\.gradle\caches\8.9\transforms\bd02bdb83b3a11d52d1fa69c53c2c74c\transformed\appcompat-1.7.0\AndroidManifest.xml;C:\Users\colbykids\.gradle\caches\8.9\transforms\bd02bdb83b3a11d52d1fa69c53c2c74c\transformed\appcompat-1.7.0\res;C:\Users\colbykids\.gradle\caches\8.9\transforms\c2d7ed148d02172b1dfa33ba9bcb45fe\transformed\activity-1.8.0\jars\classes.jar;C:\Users\colbykids\.gradle\caches\8.9\transforms\c2d7ed148d02172b1dfa33ba9bcb45fe\transformed\activity-1.8.0\res;C:\Users\colbykids\.gradle\caches\8.9\transforms\c2d7ed148d02172b1dfa33ba9bcb45fe\transformed\activity-1.8.0\AndroidManifest.xml;C:\Users\colbykids\.gradle\caches\8.9\transforms\f27c885f5e352f8b134758bc4de780ae\transformed\lifecycle-viewmodel-2.6.2\res;C:\Users\colbykids\.gradle\caches\8.9\transforms\f27c885f5e352f8b134758bc4de780ae\transformed\lifecycle-viewmodel-2.6.2\jars\classes.jar;C:\Users\colbykids\.gradle\caches\8.9\transforms\f27c885f5e352f8b134758bc4de780ae\transformed\lifecycle-viewmodel-2.6.2\AndroidManifest.xml;C:\Users\colbykids\.gradle\caches\8.9\transforms\c796d668170c271b3e4e1e22cd91bab8\transformed\lifecycle-viewmodel-savedstate-2.6.2\AndroidManifest.xml;C:\Users\colbykids\.gradle\caches\8.9\transforms\c796d668170c271b3e4e1e22cd91bab8\transformed\lifecycle-viewmodel-savedstate-2.6.2\jars\classes.jar;C:\Users\colbykids\.gradle\caches\8.9\transforms\c796d668170c271b3e4e1e22cd91bab8\transformed\lifecycle-viewmodel-savedstate-2.6.2\res;C:\Users\colbykids\.gradle\caches\8.9\transforms\28d45214613a565421a6777e89c65139\transformed\lifecycle-livedata-core-2.6.2\AndroidManifest.xml;C:\Users\colbykids\.gradle\caches\8.9\transforms\28d45214613a565421a6777e89c65139\transformed\lifecycle-livedata-core-2.6.2\res;C:\Users\colbykids\.gradle\caches\8.9\transforms\28d45214613a565421a6777e89c65139\transformed\lifecycle-livedata-core-2.6.2\jars\classes.jar;C:\Users\colbykids\.gradle\caches\8.9\transforms\701aca6e4afa7a311e3d23ff8e71e338\transformed\savedstate-1.2.1\res;C:\Users\colbykids\.gradle\caches\8.9\transforms\701aca6e4afa7a311e3d23ff8e71e338\transformed\savedstate-1.2.1\AndroidManifest.xml;C:\Users\colbykids\.gradle\caches\8.9\transforms\701aca6e4afa7a311e3d23ff8e71e338\transformed\savedstate-1.2.1\jars\classes.jar;C:\Users\colbykids\.gradle\caches\8.9\transforms\b3adf670adf29e3f4847b453f3e187d5\transformed\appcompat-resources-1.7.0\res;C:\Users\colbykids\.gradle\caches\8.9\transforms\b3adf670adf29e3f4847b453f3e187d5\transformed\appcompat-resources-1.7.0\jars\classes.jar;C:\Users\colbykids\.gradle\caches\8.9\transforms\b3adf670adf29e3f4847b453f3e187d5\transformed\appcompat-resources-1.7.0\AndroidManifest.xml;C:\Users\colbykids\.gradle\caches\8.9\transforms\8632a97798a2ea1f4cd4a66b14f7cfc4\transformed\vectordrawable-1.1.0\jars\classes.jar;C:\Users\colbykids\.gradle\caches\8.9\transforms\8632a97798a2ea1f4cd4a66b14f7cfc4\transformed\vectordrawable-1.1.0\AndroidManifest.xml;C:\Users\colbykids\.gradle\caches\8.9\transforms\2cf8dd60e57bad7e988f1dfdcd3ed772\transformed\vectordrawable-animated-1.1.0\jars\classes.jar;C:\Users\colbykids\.gradle\caches\8.9\transforms\2cf8dd60e57bad7e988f1dfdcd3ed772\transformed\vectordrawable-animated-1.1.0\AndroidManifest.xml;C:\Users\colbykids\.gradle\caches\8.9\transforms\cc48503f716dfc745c7f0be4ce064baf\transformed\interpolator-1.0.0\AndroidManifest.xml;C:\Users\colbykids\.gradle\caches\8.9\transforms\cc48503f716dfc745c7f0be4ce064baf\transformed\interpolator-1.0.0\jars\classes.jar;C:\Users\colbykids\.gradle\caches\8.9\transforms\ccfc8ea5283021b24a21d84541603835\transformed\cursoradapter-1.0.0\jars\classes.jar;C:\Users\colbykids\.gradle\caches\8.9\transforms\ccfc8ea5283021b24a21d84541603835\transformed\cursoradapter-1.0.0\AndroidManifest.xml;C:\Users\colbykids\.gradle\caches\8.9\transforms\9a22d748a065e9ca363083e6a7a6ed78\transformed\drawerlayout-1.1.1\jars\classes.jar;C:\Users\colbykids\.gradle\caches\8.9\transforms\9a22d748a065e9ca363083e6a7a6ed78\transformed\drawerlayout-1.1.1\res;C:\Users\colbykids\.gradle\caches\8.9\transforms\9a22d748a065e9ca363083e6a7a6ed78\transformed\drawerlayout-1.1.1\AndroidManifest.xml;C:\Users\colbykids\.gradle\caches\8.9\transforms\662813ab57a911f930e1866d6588aadb\transformed\customview-1.1.0\jars\classes.jar;C:\Users\colbykids\.gradle\caches\8.9\transforms\662813ab57a911f930e1866d6588aadb\transformed\customview-1.1.0\AndroidManifest.xml;C:\Users\colbykids\.gradle\caches\8.9\transforms\9b1174063100de3658a0419c11efd618\transformed\fragment-1.5.4\res;C:\Users\colbykids\.gradle\caches\8.9\transforms\9b1174063100de3658a0419c11efd618\transformed\fragment-1.5.4\AndroidManifest.xml;C:\Users\colbykids\.gradle\caches\8.9\transforms\9b1174063100de3658a0419c11efd618\transformed\fragment-1.5.4\jars\classes.jar;C:\Users\colbykids\.gradle\caches\8.9\transforms\19cb8b6bc7447cc96b61f20dfdebf12d\transformed\loader-1.0.0\AndroidManifest.xml;C:\Users\colbykids\.gradle\caches\8.9\transforms\19cb8b6bc7447cc96b61f20dfdebf12d\transformed\loader-1.0.0\jars\classes.jar;C:\Users\colbykids\.gradle\caches\8.9\transforms\c0fca02a4f5d08d1c0555c01de596af3\transformed\lifecycle-livedata-2.6.2\res;C:\Users\colbykids\.gradle\caches\8.9\transforms\c0fca02a4f5d08d1c0555c01de596af3\transformed\lifecycle-livedata-2.6.2\AndroidManifest.xml;C:\Users\colbykids\.gradle\caches\8.9\transforms\c0fca02a4f5d08d1c0555c01de596af3\transformed\lifecycle-livedata-2.6.2\jars\classes.jar;C:\Users\colbykids\.gradle\caches\8.9\transforms\4bf157bdfdf8bc531cbfd974a5359aaf\transformed\core-runtime-2.2.0\jars\classes.jar;C:\Users\colbykids\.gradle\caches\8.9\transforms\4bf157bdfdf8bc531cbfd974a5359aaf\transformed\core-runtime-2.2.0\res;C:\Users\colbykids\.gradle\caches\8.9\transforms\4bf157bdfdf8bc531cbfd974a5359aaf\transformed\core-runtime-2.2.0\AndroidManifest.xml;C:\Users\colbykids\.gradle\caches\8.9\transforms\1bcaa2ede5ab6e4954659745cf72ec3e\transformed\viewpager-1.0.0\AndroidManifest.xml;C:\Users\colbykids\.gradle\caches\8.9\transforms\1bcaa2ede5ab6e4954659745cf72ec3e\transformed\viewpager-1.0.0\jars\classes.jar;C:\Users\colbykids\.gradle\caches\8.9\transforms\cca29247e5a6b55eaa6dff872922be0d\transformed\material-1.12.0\res;C:\Users\colbykids\.gradle\caches\8.9\transforms\cca29247e5a6b55eaa6dff872922be0d\transformed\material-1.12.0\AndroidManifest.xml;C:\Users\colbykids\.gradle\caches\8.9\transforms\cca29247e5a6b55eaa6dff872922be0d\transformed\material-1.12.0\jars\classes.jar;C:\Users\colbykids\.gradle\caches\8.9\transforms\4e57512d6d72e239863885c25450f9d8\transformed\cardview-1.0.0\jars\classes.jar;C:\Users\colbykids\.gradle\caches\8.9\transforms\4e57512d6d72e239863885c25450f9d8\transformed\cardview-1.0.0\AndroidManifest.xml;C:\Users\colbykids\.gradle\caches\8.9\transforms\4e57512d6d72e239863885c25450f9d8\transformed\cardview-1.0.0\res;C:\Users\colbykids\.gradle\caches\8.9\transforms\f1b08338f5c92069d7338dcc0e991b75\transformed\coordinatorlayout-1.1.0\jars\classes.jar;C:\Users\colbykids\.gradle\caches\8.9\transforms\f1b08338f5c92069d7338dcc0e991b75\transformed\coordinatorlayout-1.1.0\AndroidManifest.xml;C:\Users\colbykids\.gradle\caches\8.9\transforms\f1b08338f5c92069d7338dcc0e991b75\transformed\coordinatorlayout-1.1.0\res;C:\Users\colbykids\.gradle\caches\8.9\transforms\a05861292fbb5027f82a3c5c6752e7f6\transformed\constraintlayout-2.0.1\AndroidManifest.xml;C:\Users\colbykids\.gradle\caches\8.9\transforms\a05861292fbb5027f82a3c5c6752e7f6\transformed\constraintlayout-2.0.1\jars\classes.jar;C:\Users\colbykids\.gradle\caches\8.9\transforms\a05861292fbb5027f82a3c5c6752e7f6\transformed\constraintlayout-2.0.1\res;C:\Users\colbykids\.gradle\caches\8.9\transforms\aa78789e7578ca98167b9414149fcc88\transformed\dynamicanimation-1.0.0\jars\classes.jar;C:\Users\colbykids\.gradle\caches\8.9\transforms\aa78789e7578ca98167b9414149fcc88\transformed\dynamicanimation-1.0.0\AndroidManifest.xml;C:\Users\colbykids\.gradle\caches\8.9\transforms\8d8d1cbf8c89f4917dfeabbc329fe734\transformed\legacy-support-core-utils-1.0.0\jars\classes.jar;C:\Users\colbykids\.gradle\caches\8.9\transforms\8d8d1cbf8c89f4917dfeabbc329fe734\transformed\legacy-support-core-utils-1.0.0\AndroidManifest.xml;C:\Users\colbykids\.gradle\caches\8.9\transforms\852b159b342ffb5f9e175ad41830cdc8\transformed\documentfile-1.0.0\jars\classes.jar;C:\Users\colbykids\.gradle\caches\8.9\transforms\852b159b342ffb5f9e175ad41830cdc8\transformed\documentfile-1.0.0\AndroidManifest.xml;C:\Users\colbykids\.gradle\caches\8.9\transforms\7916f4232e0b320af68b7fa820a6e606\transformed\localbroadcastmanager-1.0.0\AndroidManifest.xml;C:\Users\colbykids\.gradle\caches\8.9\transforms\7916f4232e0b320af68b7fa820a6e606\transformed\localbroadcastmanager-1.0.0\jars\classes.jar;C:\Users\colbykids\.gradle\caches\8.9\transforms\a86439336260d0ee7ac25717caa3613b\transformed\print-1.0.0\AndroidManifest.xml;C:\Users\colbykids\.gradle\caches\8.9\transforms\a86439336260d0ee7ac25717caa3613b\transformed\print-1.0.0\jars\classes.jar;C:\Users\colbykids\.gradle\caches\8.9\transforms\4f74beb9f98bd6f74b7869a6918d7440\transformed\recyclerview-1.1.0\jars\classes.jar;C:\Users\colbykids\.gradle\caches\8.9\transforms\4f74beb9f98bd6f74b7869a6918d7440\transformed\recyclerview-1.1.0\AndroidManifest.xml;C:\Users\colbykids\.gradle\caches\8.9\transforms\4f74beb9f98bd6f74b7869a6918d7440\transformed\recyclerview-1.1.0\res;C:\Users\colbykids\.gradle\caches\8.9\transforms\bfe5d56a0b151afab481f2cc1ddc3007\transformed\transition-1.5.0\jars\classes.jar;C:\Users\colbykids\.gradle\caches\8.9\transforms\bfe5d56a0b151afab481f2cc1ddc3007\transformed\transition-1.5.0\AndroidManifest.xml;C:\Users\colbykids\.gradle\caches\8.9\transforms\bfe5d56a0b151afab481f2cc1ddc3007\transformed\transition-1.5.0\res;C:\Users\colbykids\.gradle\caches\8.9\transforms\44e405b99747bcdc48c35194a041a4d9\transformed\viewpager2-1.0.0\res;C:\Users\colbykids\.gradle\caches\8.9\transforms\44e405b99747bcdc48c35194a041a4d9\transformed\viewpager2-1.0.0\jars\classes.jar;C:\Users\colbykids\.gradle\caches\8.9\transforms\44e405b99747bcdc48c35194a041a4d9\transformed\viewpager2-1.0.0\AndroidManifest.xml;C:\Users\colbykids\.gradle\caches\modules-2\files-2.1\org.jetbrains.kotlin\kotlin-stdlib\1.9.24\9928532f12c66ad816a625b3f9984f8368ca6d2b\kotlin-stdlib-1.9.24.jar;C:\Users\colbykids\.gradle\caches\modules-2\files-2.1\org.jetbrains\annotations\13.0\919f0dfe192fb4e063e7dacadee7f8bb9a2672a9\annotations-13.0.jar;C:\Users\colbykids\.gradle\caches\modules-2\files-2.1\androidx.annotation\annotation-jvm\1.8.1\b8a16fe526014b7941c1debaccaf9c5153692dbb\annotation-jvm-1.8.1.jar;C:\Users\colbykids\.gradle\caches\modules-2\files-2.1\androidx.arch.core\core-common\2.2.0\5e1b8b81dfd5f52c56a8d53b18ca759c19a301f3\core-common-2.2.0.jar;C:\Users\colbykids\.gradle\caches\modules-2\files-2.1\androidx.lifecycle\lifecycle-common\2.6.2\10f354fdb64868baecd67128560c5a0d6312c495\lifecycle-common-2.6.2.jar;C:\Users\colbykids\.gradle\caches\modules-2\files-2.1\org.jetbrains.kotlinx\kotlinx-coroutines-android\1.6.4\f955fc8b2ad196e2f4429598440e15f7492eeb2b\kotlinx-coroutines-android-1.6.4.jar;C:\Users\colbykids\.gradle\caches\modules-2\files-2.1\org.jetbrains.kotlinx\kotlinx-coroutines-core-jvm\1.6.4\2c997cd1c0ef33f3e751d3831929aeff1390cb30\kotlinx-coroutines-core-jvm-1.6.4.jar;C:\Users\colbykids\.gradle\caches\modules-2\files-2.1\org.jetbrains.kotlin\kotlin-stdlib-jdk8\1.8.22\b25c86d47d6b962b9cf0f8c3f320c8a10eea3dd1\kotlin-stdlib-jdk8-1.8.22.jar;C:\Users\colbykids\.gradle\caches\modules-2\files-2.1\org.jetbrains.kotlin\kotlin-stdlib-jdk7\1.8.22\4dabb8248310d833bb6a8b516024a91fd3d275c\kotlin-stdlib-jdk7-1.8.22.jar;C:\Users\colbykids\.gradle\caches\modules-2\files-2.1\androidx.collection\collection-jvm\1.4.2\bc60b5568a66d765a9fe8e266fd0c6c727e0b50b\collection-jvm-1.4.2.jar;C:\Users\colbykids\.gradle\caches\modules-2\files-2.1\androidx.constraintlayout\constraintlayout-solver\2.0.1\30988fe2d77f3fe3bf7551bb8a8b795fad7e7226\constraintlayout-solver-2.0.1.jar;C:\Users\colbykids\.gradle\caches\modules-2\files-2.1\androidx.resourceinspection\resourceinspection-annotation\1.0.1\8c21f8ff5d96d5d52c948707f7e4d6ca6773feef\resourceinspection-annotation-1.0.1.jar;C:\Program Files\Android\Android Studio\lib\idea_rt.jar
Launcher Type: SUN_STANDARD

[Global flags]
     intx CICompilerCount                          = 12                                        {product} {ergonomic}
     uint ConcGCThreads                            = 3                                         {product} {ergonomic}
     uint G1ConcRefinementThreads                  = 13                                        {product} {ergonomic}
   size_t G1HeapRegionSize                         = 4194304                                   {product} {ergonomic}
    uintx GCDrainStackTargetSize                   = 64                                        {product} {ergonomic}
   size_t InitialHeapSize                          = 536870912                                 {product} {ergonomic}
   size_t MarkStackSize                            = 4194304                                   {product} {ergonomic}
   size_t MaxHeapSize                              = 8564768768                                {product} {ergonomic}
   size_t MaxNewSize                               = 5138022400                                {product} {ergonomic}
   size_t MinHeapDeltaBytes                        = 4194304                                   {product} {ergonomic}
   size_t MinHeapSize                              = 8388608                                   {product} {ergonomic}
    uintx NonNMethodCodeHeapSize                   = 7602480                                {pd product} {ergonomic}
    uintx NonProfiledCodeHeapSize                  = 122027880                              {pd product} {ergonomic}
    uintx ProfiledCodeHeapSize                     = 122027880                              {pd product} {ergonomic}
    uintx ReservedCodeCacheSize                    = 251658240                              {pd product} {ergonomic}
     bool SegmentedCodeCache                       = true                                      {product} {ergonomic}
   size_t SoftMaxHeapSize                          = 8564768768                             {manageable} {ergonomic}
     bool UseCompressedOops                        = true                           {product lp64_product} {ergonomic}
     bool UseG1GC                                  = true                                      {product} {ergonomic}
     bool UseLargePagesIndividualAllocation        = false                                  {pd product} {ergonomic}

Logging:
Log output configuration:
 #0: stdout all=warning uptime,level,tags foldmultilines=false
 #1: stderr all=off uptime,level,tags foldmultilines=false

Environment Variables:
JAVA_HOME=C:\Users\colbykids\AppData\Local\Programs\Eclipse Adoptium\jdk-17.0.8.101-hotspot\
PATH=C:\Program Files (x86)\Common Files\Oracle\Java\javapath;C:\Windows\system32;C:\Windows;C:\Windows\System32\Wbem;C:\Windows\System32\WindowsPowerShell\v1.0\;C:\Windows\System32\OpenSSH\;C:\Program Files (x86)\IVI Foundation\VISA\WinNT\Bin;C:\Program Files\Git LFS;C:\Program Files (x86)\NVIDIA Corporation\PhysX\Common;C:\Program Files\NVIDIA Corporation\NVIDIA NvDLISR;C:\Program Files\spwn\;C:\Program Files\dotnet\;C:\Program Files\nodejs\;C:\Program Files\Git\cmd;C:\Program Files\CMake\bin;C:\Program Files\komorebi\bin\;C:\Program Files\whkd\bin\;C:\opencv\build\x64\vc16\bin;C:\opencv\build\x64\vc16\lib;C:\Program Files\Neovim\bin;C:\Users\colbykids\AppData\Local\Programs\Python\Python312\Scripts\;C:\Users\colbykids\AppData\Local\Programs\Python\Python312\;C:\Users\colbykids\AppData\Local\Programs\Python\Launcher\;C:\Users\colbykids\AppData\Local\Programs\Eclipse Adoptium\jdk-17.0.8.101-hotspot\bin;C:\Users\colbykids\AppData\Local\Microsoft\WindowsApps;C:\Users\colbykids\AppData\Local\GitHubDesktop\bin;C:\Users\colbykids\AppData\Local\Programs\Microsoft VS Code\bin;C:\Users\colbykids\.dotnet\tools;C:\Program Files\Neovim\bin;C:\raylib\w64devkit\bin;C:\Users\colbykids\AppData\Roaming\npm
USERNAME=colbykids
OS=Windows_NT
PROCESSOR_IDENTIFIER=Intel64 Family 6 Model 165 Stepping 5, GenuineIntel
TMP=C:\Users\COLBYK~1\AppData\Local\Temp
TEMP=C:\Users\COLBYK~1\AppData\Local\Temp




Periodic native trim disabled

JNI global refs:
JNI global refs: 46, weak refs: 1300

JNI global refs memory usage: 14299, weak refs: 13665

Process memory usage:
Resident Set Size: 56264K (0% of 33442968K total physical memory with 7652468K free physical memory)

OOME stack traces (most recent first):
Classloader memory used:
Loader bootstrap                                                                       : 9258K
Loader jdk.internal.loader.ClassLoaders$AppClassLoader                                 : 604K
Loader jdk.internal.loader.ClassLoaders$PlatformClassLoader                            : 2712B

---------------  S Y S T E M  ---------------

OS:
 Windows 10 , 64 bit Build 19041 (10.0.19041.5198)
OS uptime: 10 days 21:06 hours

CPU: total 16 (initial active 16) (8 cores per cpu, 2 threads per core) family 6 model 165 stepping 5 microcode 0xc8, cx8, cmov, fxsr, ht, mmx, 3dnowpref, sse, sse2, sse3, ssse3, sse4.1, sse4.2, popcnt, lzcnt, tsc, tscinvbit, avx, avx2, aes, erms, clmul, bmi1, bmi2, adx, fma, vzeroupper, clflush, clflushopt, rdtscp, f16c, pku
Processor Information for all 16 processors :
  Max Mhz: 3792, Current Mhz: 3792, Mhz Limit: 3792

Memory: 4k page, system-wide physical 32659M (7473M free)
TotalPageFile size 60307M (AvailPageFile size 24776M)
current process WorkingSet (physical memory assigned to process): 54M, peak: 62M
current process commit charge ("private bytes"): 615M, peak: 624M

vm_info: OpenJDK 64-Bit Server VM (21.0.3+-12282718-b509.11) for windows-amd64 JRE (21.0.3+-12282718-b509.11), built on 2024-08-27T17:34:15Z by "builder" with MS VC++ 16.10 / 16.11 (VS2019)

END.
