#
# A fatal error has been detected by the Java Runtime Environment:
#
#  EXCEPTION_ACCESS_VIOLATION (0xc0000005) at pc=0x00007ffc943c8814, pid=10180, tid=13896
#
# JRE version: OpenJDK Runtime Environment (21.0.4) (build 21.0.4+-12508038-b607.1)
# Java VM: OpenJDK 64-Bit Server VM (21.0.4+-12508038-b607.1, mixed mode, tiered, compressed oops, compressed class ptrs, g1 gc, windows-amd64)
# Problematic frame:
# V  [jvm.dll+0x438814]
#
# No core dump will be written. Minidumps are not enabled by default on client versions of Windows
#
# If you would like to submit a bug report, please visit:
#   https://youtrack.jetbrains.com/issues/JBR
#

---------------  S U M M A R Y ------------

Command Line: -javaagent:C:\Program Files\Android\Android Studio\lib\idea_rt.jar=52128:C:\Program Files\Android\Android Studio\bin -Dfile.encoding=UTF-8 -Dsun.stdout.encoding=UTF-8 -Dsun.stderr.encoding=UTF-8 com.minerkid08.dynamicopmodeloader.MainKt

Host: Intel(R) Core(TM) i5-9300H CPU @ 2.40GHz, 8 cores, 15G,  Windows 10 , 64 bit Build 19041 (10.0.19041.5198)
Time: Fri Jan 24 19:58:44 2025 Eastern Standard Time elapsed time: 1.016369 seconds (0d 0h 0m 1s)

---------------  T H R E A D  ---------------

Current thread (0x000001abe2699670):  JavaThread "main"             [_thread_in_vm, id=13896, stack(0x00000013e2900000,0x00000013e2a00000) (1024K)]

Stack: [0x00000013e2900000,0x00000013e2a00000],  sp=0x00000013e29fe300,  free space=1016k
Native frames: (J=compiled Java code, j=interpreted, Vv=VM code, C=native code)
V  [jvm.dll+0x438814]
C  [dynamicopmodeloader.dll+0x27ed]

Java frames: (J=compiled Java code, j=interpreted, Vv=VM code)
j  com.minerkid08.dynamicopmodeloader.OpmodeLoader.loadOpmode(Ljava/lang/String;)V+0
j  com.minerkid08.dynamicopmodeloader.MainKt.main()V+79
j  com.minerkid08.dynamicopmodeloader.MainKt.main([Ljava/lang/String;)V+0
v  ~StubRoutines::call_stub 0x000001abecd0100d

siginfo: EXCEPTION_ACCESS_VIOLATION (0xc0000005), reading address 0x0000000000000000


Registers:
RAX=0x0000000000000000, RBX=0x000001abe2699670, RCX=0x6ec658da431f0000, RDX=0x0000000000000000
RSP=0x00000013e29fe300, RBP=0x00000013e29fe3c0, RSI=0x0000000000000000, RDI=0x0000000000000000
R8 =0x00007ffc943c8750, R9 =0x000001abe0463550, R10=0x0000000000000034, R11=0x00000013e29fe2f8
R12=0x0000000000000000, R13=0x000001ab807081d0, R14=0x00000013e29ff5c8, R15=0x000001abe2699670
RIP=0x00007ffc943c8814, EFLAGS=0x0000000000010293


Register to memory mapping:

RAX=0x0 is null
RBX=0x000001abe2699670 is a thread
RCX=0x6ec658da431f0000 is an unknown value
RDX=0x0 is null
RSP=0x00000013e29fe300 is pointing into the stack for thread: 0x000001abe2699670
RBP=0x00000013e29fe3c0 is pointing into the stack for thread: 0x000001abe2699670
RSI=0x0 is null
RDI=0x0 is null
R8 =0x00007ffc943c8750 jvm.dll
R9 =0x000001abe0463550 points into unknown readable memory: 0x000001abe0463502 | 02 35 46 e0 ab 01 00 00
R10=0x0000000000000034 is an unknown value
R11=0x00000013e29fe2f8 is pointing into the stack for thread: 0x000001abe2699670
R12=0x0 is null
R13={method} {0x000001ab807081d8} 'loadOpmode' '(Ljava/lang/String;)V' in 'com/minerkid08/dynamicopmodeloader/OpmodeLoader'
R14=0x00000013e29ff5c8 is pointing into the stack for thread: 0x000001abe2699670
R15=0x000001abe2699670 is a thread

Top of Stack: (sp=0x00000013e29fe300)
0x00000013e29fe300:   000001abe2699670 00000013e29ff5c8
0x00000013e29fe310:   000001abecd08988 00007ffccbde180d
0x00000013e29fe320:   000001abe2699670 000001abe0473d80
0x00000013e29fe330:   000000000000039c 00007ffc9490cda8
0x00000013e29fe340:   000001abecd08988 00007ffccbde27ed
0x00000013e29fe350:   000001ab807081d0 0000000000003892
0x00000013e29fe360:   000001abfd2f4c88 000001abe06a99b0
0x00000013e29fe370:   00000013e29fe3c0 000001abfd2f34d0
0x00000013e29fe380:   00000013e29fe3c0 00007ffccbde46d3
0x00000013e29fe390:   000001abe06a99b0 00007ffcffffffff
0x00000013e29fe3a0:   000001abe06a9980 000001abfd2f34d0
0x00000013e29fe3b0:   ffffffffffffffff 0000000000000000
0x00000013e29fe3c0:   00000013e29fe410 00007ffccbde2b68
0x00000013e29fe3d0:   000001abe06ab398 000001abe06ad2ec
0x00000013e29fe3e0:   000001abfc4ce442 0000000000000000
0x00000013e29fe3f0:   000001abfc4ce442 0000000000000000
0x00000013e29fe400:   000001abe06ad2ec 00000005fd2f34d0
0x00000013e29fe410:   00000013e29fe470 00007ffccbdecfe6
0x00000013e29fe420:   000001abe06ab398 000001abe06a9980
0x00000013e29fe430:   0000001300000001 000001ab00000002
0x00000013e29fe440:   000001abe06a9af0 000001abe06ae7a0
0x00000013e29fe450:   000001abe06a9980 000001abe06ae7a0
0x00000013e29fe460:   000001abfd2f34d0 000001abe06a9980
0x00000013e29fe470:   00000013e29fe4e0 00007ffccbded318
0x00000013e29fe480:   000001abe06ab398 000001abe06a9980
0x00000013e29fe490:   0000001300000001 00007ffccbde2a5e
0x00000013e29fe4a0:   000001abfd2f3ee0 000001abfd2f20c0
0x00000013e29fe4b0:   0000000712213388 000000071207a448
0x00000013e29fe4c0:   0000000711e270d0 0000000711d371f0
0x00000013e29fe4d0:   fffffffbe29fe548 000001abfd2f4c88
0x00000013e29fe4e0:   00000013e29fe570 00007ffccbe12cf7
0x00000013e29fe4f0:   000001abe06ab398 000001abe06a9980 

Instructions: (pc=0x00007ffc943c8814)
0x00007ffc943c8714:   48 8b 4f 20 48 8b 57 08 48 89 4a 20 48 8d 8b 98
0x00007ffc943c8724:   03 00 00 e8 94 9f ed ff 90 48 8b c6 c7 83 4c 04
0x00007ffc943c8734:   00 00 04 00 00 00 48 81 c4 c0 00 00 00 5f 5e 5b
0x00007ffc943c8744:   c3 cc cc cc cc cc cc cc cc cc cc cc 48 89 5c 24
0x00007ffc943c8754:   08 48 89 74 24 10 57 48 83 ec 40 8b 81 b8 00 00
0x00007ffc943c8764:   00 48 8d 99 48 fc ff ff 05 53 21 ff ff 48 8b fa
0x00007ffc943c8774:   83 f8 01 77 08 48 8b cb e8 df 3d fb ff 80 3d 58
0x00007ffc943c8784:   5f 75 00 00 c7 83 4c 04 00 00 06 00 00 00 75 06
0x00007ffc943c8794:   e8 77 66 28 00 90 48 8b 83 50 04 00 00 a8 01 74
0x00007ffc943c87a4:   0d 45 33 c0 b2 01 48 8b cb e8 0e 79 2f 00 8b 83
0x00007ffc943c87b4:   48 04 00 00 a8 0c 74 08 48 8b cb e8 dc 52 fb ff
0x00007ffc943c87c4:   33 f6 c7 83 4c 04 00 00 06 00 00 00 48 89 5c 24
0x00007ffc943c87d4:   20 48 89 74 24 28 48 39 73 08 74 0a 48 8d 4c 24
0x00007ffc943c87e4:   20 e8 96 30 2c 00 48 8b c7 83 e0 03 48 83 f8 01
0x00007ffc943c87f4:   75 0c 48 8d 4f ff ff 15 30 21 6f 00 eb 15 48 83
0x00007ffc943c8804:   f8 02 75 0c 48 8d 4f fe ff 15 0e 98 6e 00 eb 03
0x00007ffc943c8814:   48 8b 07 40 38 35 f2 39 6f 00 74 15 8b 40 08 8b
0x00007ffc943c8824:   0d ef 26 6f 00 48 d3 e0 48 03 05 dd 26 6f 00 eb
0x00007ffc943c8834:   04 48 8b 40 08 48 8b 48 70 48 85 c9 74 09 ff 15
0x00007ffc943c8844:   d8 97 6e 00 48 8b f0 45 33 c0 48 8b d6 48 8b cb
0x00007ffc943c8854:   e8 27 23 03 00 48 83 7c 24 28 00 48 8b f0 74 0a
0x00007ffc943c8864:   48 8d 4c 24 20 e8 92 30 2c 00 48 8b bb 98 01 00
0x00007ffc943c8874:   00 48 8b 4f 10 48 83 39 00 74 0c 48 8b cf e8 f9
0x00007ffc943c8884:   4f f6 ff 48 8b 4f 10 48 8b 47 08 48 89 48 10 48
0x00007ffc943c8894:   8b 4f 08 48 8b 47 18 48 89 41 18 48 8b 4f 08 48
0x00007ffc943c88a4:   8b 47 20 48 89 41 20 48 8d 8b 98 03 00 00 e8 09
0x00007ffc943c88b4:   9e ed ff 90 48 8b c6 48 8b 74 24 58 c7 83 4c 04
0x00007ffc943c88c4:   00 00 04 00 00 00 48 8b 5c 24 50 48 83 c4 40 5f
0x00007ffc943c88d4:   c3 cc cc cc cc cc cc cc cc cc cc cc 48 89 5c 24
0x00007ffc943c88e4:   18 48 89 74 24 20 57 48 83 ec 20 8b 81 b8 00 00
0x00007ffc943c88f4:   00 48 8d 99 48 fc ff ff 05 53 21 ff ff 4c 89 74
0x00007ffc943c8904:   24 38 4d 8b f0 48 8b fa 83 f8 01 77 08 48 8b cb 


Stack slot to memory mapping:

stack at sp + 0 slots: 0x000001abe2699670 is a thread
stack at sp + 1 slots: 0x00000013e29ff5c8 is pointing into the stack for thread: 0x000001abe2699670
stack at sp + 2 slots: 0x000001abecd08988 is at code_begin+1480 in an Interpreter codelet
return entry points  [0x000001abecd083c0, 0x000001abecd08f60]  2976 bytes
stack at sp + 3 slots: 0x00007ffccbde180d dynamicopmodeloader.dll
stack at sp + 4 slots: 0x000001abe2699670 is a thread
stack at sp + 5 slots: 0x000001abe0473d80 points into unknown readable memory: 0x0000000711da31f0 | f0 31 da 11 07 00 00 00
stack at sp + 6 slots: 0x000000000000039c is an unknown value
stack at sp + 7 slots: 0x00007ffc9490cda8 jvm.dll


---------------  P R O C E S S  ---------------

Threads class SMR info:
_java_thread_list=0x000001abfcc36ea0, length=13, elements={
0x000001abe2699670, 0x000001abfc67e080, 0x000001abfc67f1c0, 0x000001abfc6668e0,
0x000001abfc68c440, 0x000001abfc68ceb0, 0x000001abfc682850, 0x000001abfc683c00,
0x000001abfc6bbd60, 0x000001abfc45eca0, 0x000001abfcbb7410, 0x000001abfcbb7a80,
0x000001abfcccfb60
}

Java Threads: ( => current thread )
=>0x000001abe2699670 JavaThread "main"                              [_thread_in_vm, id=13896, stack(0x00000013e2900000,0x00000013e2a00000) (1024K)]
  0x000001abfc67e080 JavaThread "Reference Handler"          daemon [_thread_blocked, id=4820, stack(0x00000013e3100000,0x00000013e3200000) (1024K)]
  0x000001abfc67f1c0 JavaThread "Finalizer"                  daemon [_thread_blocked, id=14812, stack(0x00000013e3200000,0x00000013e3300000) (1024K)]
  0x000001abfc6668e0 JavaThread "Signal Dispatcher"          daemon [_thread_blocked, id=16148, stack(0x00000013e3300000,0x00000013e3400000) (1024K)]
  0x000001abfc68c440 JavaThread "Attach Listener"            daemon [_thread_blocked, id=20280, stack(0x00000013e3400000,0x00000013e3500000) (1024K)]
  0x000001abfc68ceb0 JavaThread "Service Thread"             daemon [_thread_blocked, id=8272, stack(0x00000013e3500000,0x00000013e3600000) (1024K)]
  0x000001abfc682850 JavaThread "Monitor Deflation Thread"   daemon [_thread_blocked, id=19688, stack(0x00000013e3600000,0x00000013e3700000) (1024K)]
  0x000001abfc683c00 JavaThread "C2 CompilerThread0"         daemon [_thread_blocked, id=6124, stack(0x00000013e3700000,0x00000013e3800000) (1024K)]
  0x000001abfc6bbd60 JavaThread "C1 CompilerThread0"         daemon [_thread_blocked, id=15488, stack(0x00000013e3800000,0x00000013e3900000) (1024K)]
  0x000001abfc45eca0 JavaThread "Common-Cleaner"             daemon [_thread_blocked, id=6688, stack(0x00000013e3900000,0x00000013e3a00000) (1024K)]
  0x000001abfcbb7410 JavaThread "Monitor Ctrl-Break"         daemon [_thread_in_native, id=18172, stack(0x00000013e3a00000,0x00000013e3b00000) (1024K)]
  0x000001abfcbb7a80 JavaThread "Notification Thread"        daemon [_thread_blocked, id=14692, stack(0x00000013e3b00000,0x00000013e3c00000) (1024K)]
  0x000001abfcccfb60 JavaThread "C2 CompilerThread1"         daemon [_thread_blocked, id=2720, stack(0x00000013e3c00000,0x00000013e3d00000) (1024K)]
Total: 13

Other Threads:
  0x000001abfc6104f0 VMThread "VM Thread"                           [id=5196, stack(0x00000013e3000000,0x00000013e3100000) (1024K)]
  0x000001abfc45dd70 WatcherThread "VM Periodic Task Thread"        [id=15800, stack(0x00000013e2f00000,0x00000013e3000000) (1024K)]
  0x000001abe26fb840 WorkerThread "GC Thread#0"                     [id=3460, stack(0x00000013e2a00000,0x00000013e2b00000) (1024K)]
  0x000001abe270c710 ConcurrentGCThread "G1 Main Marker"            [id=13348, stack(0x00000013e2b00000,0x00000013e2c00000) (1024K)]
  0x000001abe270d9b0 WorkerThread "G1 Conc#0"                       [id=6596, stack(0x00000013e2c00000,0x00000013e2d00000) (1024K)]
  0x000001abfc32c600 ConcurrentGCThread "G1 Refine#0"               [id=16836, stack(0x00000013e2d00000,0x00000013e2e00000) (1024K)]
  0x000001abfc32eca0 ConcurrentGCThread "G1 Service"                [id=11008, stack(0x00000013e2e00000,0x00000013e2f00000) (1024K)]
Total: 7

Threads with active compile tasks:
Total: 0

VM state: not at safepoint (normal execution)

VM Mutex/Monitor currently owned by a thread: None

Heap address: 0x0000000702800000, size: 4056 MB, Compressed Oops mode: Zero based, Oop shift amount: 3

CDS archive(s) not mapped
Compressed class space mapped at: 0x0000000800000000-0x0000000840000000, reserved size: 1073741824
Narrow klass base: 0x0000000800000000, Narrow klass shift: 0, Narrow klass range: 0x40000000

GC Precious Log:
 CardTable entry size: 512
 Card Set container configuration: InlinePtr #cards 4 size 8 Array Of Cards #cards 16 size 48 Howl #buckets 8 coarsen threshold 3686 Howl Bitmap #cards 512 size 80 coarsen threshold 460 Card regions per heap region 1 cards per card region 4096
 CPUs: 8 total, 8 available
 Memory: 16221M
 Large Page Support: Disabled
 NUMA Support: Disabled
 Compressed Oops: Enabled (Zero based)
 Heap Region Size: 2M
 Heap Min Capacity: 8M
 Heap Initial Capacity: 254M
 Heap Max Capacity: 4056M
 Pre-touch: Disabled
 Parallel Workers: 8
 Concurrent Workers: 2
 Concurrent Refinement Workers: 8
 Periodic GC: Disabled

Heap:
 garbage-first heap   total 260096K, used 6144K [0x0000000702800000, 0x0000000800000000)
  region size 2048K, 5 young (10240K), 0 survivors (0K)
 Metaspace       used 9084K, committed 9280K, reserved 1114112K
  class space    used 728K, committed 832K, reserved 1048576K

Heap Regions: E=young(eden), S=young(survivor), O=old, HS=humongous(starts), HC=humongous(continues), CS=collection set, F=free, TAMS=top-at-mark-start, PB=parsable bottom
|   0|0x0000000702800000, 0x0000000702800000, 0x0000000702a00000|  0%| F|  |TAMS 0x0000000702800000| PB 0x0000000702800000| Untracked 
|   1|0x0000000702a00000, 0x0000000702a00000, 0x0000000702c00000|  0%| F|  |TAMS 0x0000000702a00000| PB 0x0000000702a00000| Untracked 
|   2|0x0000000702c00000, 0x0000000702c00000, 0x0000000702e00000|  0%| F|  |TAMS 0x0000000702c00000| PB 0x0000000702c00000| Untracked 
|   3|0x0000000702e00000, 0x0000000702e00000, 0x0000000703000000|  0%| F|  |TAMS 0x0000000702e00000| PB 0x0000000702e00000| Untracked 
|   4|0x0000000703000000, 0x0000000703000000, 0x0000000703200000|  0%| F|  |TAMS 0x0000000703000000| PB 0x0000000703000000| Untracked 
|   5|0x0000000703200000, 0x0000000703200000, 0x0000000703400000|  0%| F|  |TAMS 0x0000000703200000| PB 0x0000000703200000| Untracked 
|   6|0x0000000703400000, 0x0000000703400000, 0x0000000703600000|  0%| F|  |TAMS 0x0000000703400000| PB 0x0000000703400000| Untracked 
|   7|0x0000000703600000, 0x0000000703600000, 0x0000000703800000|  0%| F|  |TAMS 0x0000000703600000| PB 0x0000000703600000| Untracked 
|   8|0x0000000703800000, 0x0000000703800000, 0x0000000703a00000|  0%| F|  |TAMS 0x0000000703800000| PB 0x0000000703800000| Untracked 
|   9|0x0000000703a00000, 0x0000000703a00000, 0x0000000703c00000|  0%| F|  |TAMS 0x0000000703a00000| PB 0x0000000703a00000| Untracked 
|  10|0x0000000703c00000, 0x0000000703c00000, 0x0000000703e00000|  0%| F|  |TAMS 0x0000000703c00000| PB 0x0000000703c00000| Untracked 
|  11|0x0000000703e00000, 0x0000000703e00000, 0x0000000704000000|  0%| F|  |TAMS 0x0000000703e00000| PB 0x0000000703e00000| Untracked 
|  12|0x0000000704000000, 0x0000000704000000, 0x0000000704200000|  0%| F|  |TAMS 0x0000000704000000| PB 0x0000000704000000| Untracked 
|  13|0x0000000704200000, 0x0000000704200000, 0x0000000704400000|  0%| F|  |TAMS 0x0000000704200000| PB 0x0000000704200000| Untracked 
|  14|0x0000000704400000, 0x0000000704400000, 0x0000000704600000|  0%| F|  |TAMS 0x0000000704400000| PB 0x0000000704400000| Untracked 
|  15|0x0000000704600000, 0x0000000704600000, 0x0000000704800000|  0%| F|  |TAMS 0x0000000704600000| PB 0x0000000704600000| Untracked 
|  16|0x0000000704800000, 0x0000000704800000, 0x0000000704a00000|  0%| F|  |TAMS 0x0000000704800000| PB 0x0000000704800000| Untracked 
|  17|0x0000000704a00000, 0x0000000704a00000, 0x0000000704c00000|  0%| F|  |TAMS 0x0000000704a00000| PB 0x0000000704a00000| Untracked 
|  18|0x0000000704c00000, 0x0000000704c00000, 0x0000000704e00000|  0%| F|  |TAMS 0x0000000704c00000| PB 0x0000000704c00000| Untracked 
|  19|0x0000000704e00000, 0x0000000704e00000, 0x0000000705000000|  0%| F|  |TAMS 0x0000000704e00000| PB 0x0000000704e00000| Untracked 
|  20|0x0000000705000000, 0x0000000705000000, 0x0000000705200000|  0%| F|  |TAMS 0x0000000705000000| PB 0x0000000705000000| Untracked 
|  21|0x0000000705200000, 0x0000000705200000, 0x0000000705400000|  0%| F|  |TAMS 0x0000000705200000| PB 0x0000000705200000| Untracked 
|  22|0x0000000705400000, 0x0000000705400000, 0x0000000705600000|  0%| F|  |TAMS 0x0000000705400000| PB 0x0000000705400000| Untracked 
|  23|0x0000000705600000, 0x0000000705600000, 0x0000000705800000|  0%| F|  |TAMS 0x0000000705600000| PB 0x0000000705600000| Untracked 
|  24|0x0000000705800000, 0x0000000705800000, 0x0000000705a00000|  0%| F|  |TAMS 0x0000000705800000| PB 0x0000000705800000| Untracked 
|  25|0x0000000705a00000, 0x0000000705a00000, 0x0000000705c00000|  0%| F|  |TAMS 0x0000000705a00000| PB 0x0000000705a00000| Untracked 
|  26|0x0000000705c00000, 0x0000000705c00000, 0x0000000705e00000|  0%| F|  |TAMS 0x0000000705c00000| PB 0x0000000705c00000| Untracked 
|  27|0x0000000705e00000, 0x0000000705e00000, 0x0000000706000000|  0%| F|  |TAMS 0x0000000705e00000| PB 0x0000000705e00000| Untracked 
|  28|0x0000000706000000, 0x0000000706000000, 0x0000000706200000|  0%| F|  |TAMS 0x0000000706000000| PB 0x0000000706000000| Untracked 
|  29|0x0000000706200000, 0x0000000706200000, 0x0000000706400000|  0%| F|  |TAMS 0x0000000706200000| PB 0x0000000706200000| Untracked 
|  30|0x0000000706400000, 0x0000000706400000, 0x0000000706600000|  0%| F|  |TAMS 0x0000000706400000| PB 0x0000000706400000| Untracked 
|  31|0x0000000706600000, 0x0000000706600000, 0x0000000706800000|  0%| F|  |TAMS 0x0000000706600000| PB 0x0000000706600000| Untracked 
|  32|0x0000000706800000, 0x0000000706800000, 0x0000000706a00000|  0%| F|  |TAMS 0x0000000706800000| PB 0x0000000706800000| Untracked 
|  33|0x0000000706a00000, 0x0000000706a00000, 0x0000000706c00000|  0%| F|  |TAMS 0x0000000706a00000| PB 0x0000000706a00000| Untracked 
|  34|0x0000000706c00000, 0x0000000706c00000, 0x0000000706e00000|  0%| F|  |TAMS 0x0000000706c00000| PB 0x0000000706c00000| Untracked 
|  35|0x0000000706e00000, 0x0000000706e00000, 0x0000000707000000|  0%| F|  |TAMS 0x0000000706e00000| PB 0x0000000706e00000| Untracked 
|  36|0x0000000707000000, 0x0000000707000000, 0x0000000707200000|  0%| F|  |TAMS 0x0000000707000000| PB 0x0000000707000000| Untracked 
|  37|0x0000000707200000, 0x0000000707200000, 0x0000000707400000|  0%| F|  |TAMS 0x0000000707200000| PB 0x0000000707200000| Untracked 
|  38|0x0000000707400000, 0x0000000707400000, 0x0000000707600000|  0%| F|  |TAMS 0x0000000707400000| PB 0x0000000707400000| Untracked 
|  39|0x0000000707600000, 0x0000000707600000, 0x0000000707800000|  0%| F|  |TAMS 0x0000000707600000| PB 0x0000000707600000| Untracked 
|  40|0x0000000707800000, 0x0000000707800000, 0x0000000707a00000|  0%| F|  |TAMS 0x0000000707800000| PB 0x0000000707800000| Untracked 
|  41|0x0000000707a00000, 0x0000000707a00000, 0x0000000707c00000|  0%| F|  |TAMS 0x0000000707a00000| PB 0x0000000707a00000| Untracked 
|  42|0x0000000707c00000, 0x0000000707c00000, 0x0000000707e00000|  0%| F|  |TAMS 0x0000000707c00000| PB 0x0000000707c00000| Untracked 
|  43|0x0000000707e00000, 0x0000000707e00000, 0x0000000708000000|  0%| F|  |TAMS 0x0000000707e00000| PB 0x0000000707e00000| Untracked 
|  44|0x0000000708000000, 0x0000000708000000, 0x0000000708200000|  0%| F|  |TAMS 0x0000000708000000| PB 0x0000000708000000| Untracked 
|  45|0x0000000708200000, 0x0000000708200000, 0x0000000708400000|  0%| F|  |TAMS 0x0000000708200000| PB 0x0000000708200000| Untracked 
|  46|0x0000000708400000, 0x0000000708400000, 0x0000000708600000|  0%| F|  |TAMS 0x0000000708400000| PB 0x0000000708400000| Untracked 
|  47|0x0000000708600000, 0x0000000708600000, 0x0000000708800000|  0%| F|  |TAMS 0x0000000708600000| PB 0x0000000708600000| Untracked 
|  48|0x0000000708800000, 0x0000000708800000, 0x0000000708a00000|  0%| F|  |TAMS 0x0000000708800000| PB 0x0000000708800000| Untracked 
|  49|0x0000000708a00000, 0x0000000708a00000, 0x0000000708c00000|  0%| F|  |TAMS 0x0000000708a00000| PB 0x0000000708a00000| Untracked 
|  50|0x0000000708c00000, 0x0000000708c00000, 0x0000000708e00000|  0%| F|  |TAMS 0x0000000708c00000| PB 0x0000000708c00000| Untracked 
|  51|0x0000000708e00000, 0x0000000708e00000, 0x0000000709000000|  0%| F|  |TAMS 0x0000000708e00000| PB 0x0000000708e00000| Untracked 
|  52|0x0000000709000000, 0x0000000709000000, 0x0000000709200000|  0%| F|  |TAMS 0x0000000709000000| PB 0x0000000709000000| Untracked 
|  53|0x0000000709200000, 0x0000000709200000, 0x0000000709400000|  0%| F|  |TAMS 0x0000000709200000| PB 0x0000000709200000| Untracked 
|  54|0x0000000709400000, 0x0000000709400000, 0x0000000709600000|  0%| F|  |TAMS 0x0000000709400000| PB 0x0000000709400000| Untracked 
|  55|0x0000000709600000, 0x0000000709600000, 0x0000000709800000|  0%| F|  |TAMS 0x0000000709600000| PB 0x0000000709600000| Untracked 
|  56|0x0000000709800000, 0x0000000709800000, 0x0000000709a00000|  0%| F|  |TAMS 0x0000000709800000| PB 0x0000000709800000| Untracked 
|  57|0x0000000709a00000, 0x0000000709a00000, 0x0000000709c00000|  0%| F|  |TAMS 0x0000000709a00000| PB 0x0000000709a00000| Untracked 
|  58|0x0000000709c00000, 0x0000000709c00000, 0x0000000709e00000|  0%| F|  |TAMS 0x0000000709c00000| PB 0x0000000709c00000| Untracked 
|  59|0x0000000709e00000, 0x0000000709e00000, 0x000000070a000000|  0%| F|  |TAMS 0x0000000709e00000| PB 0x0000000709e00000| Untracked 
|  60|0x000000070a000000, 0x000000070a000000, 0x000000070a200000|  0%| F|  |TAMS 0x000000070a000000| PB 0x000000070a000000| Untracked 
|  61|0x000000070a200000, 0x000000070a200000, 0x000000070a400000|  0%| F|  |TAMS 0x000000070a200000| PB 0x000000070a200000| Untracked 
|  62|0x000000070a400000, 0x000000070a400000, 0x000000070a600000|  0%| F|  |TAMS 0x000000070a400000| PB 0x000000070a400000| Untracked 
|  63|0x000000070a600000, 0x000000070a600000, 0x000000070a800000|  0%| F|  |TAMS 0x000000070a600000| PB 0x000000070a600000| Untracked 
|  64|0x000000070a800000, 0x000000070a800000, 0x000000070aa00000|  0%| F|  |TAMS 0x000000070a800000| PB 0x000000070a800000| Untracked 
|  65|0x000000070aa00000, 0x000000070aa00000, 0x000000070ac00000|  0%| F|  |TAMS 0x000000070aa00000| PB 0x000000070aa00000| Untracked 
|  66|0x000000070ac00000, 0x000000070ac00000, 0x000000070ae00000|  0%| F|  |TAMS 0x000000070ac00000| PB 0x000000070ac00000| Untracked 
|  67|0x000000070ae00000, 0x000000070ae00000, 0x000000070b000000|  0%| F|  |TAMS 0x000000070ae00000| PB 0x000000070ae00000| Untracked 
|  68|0x000000070b000000, 0x000000070b000000, 0x000000070b200000|  0%| F|  |TAMS 0x000000070b000000| PB 0x000000070b000000| Untracked 
|  69|0x000000070b200000, 0x000000070b200000, 0x000000070b400000|  0%| F|  |TAMS 0x000000070b200000| PB 0x000000070b200000| Untracked 
|  70|0x000000070b400000, 0x000000070b400000, 0x000000070b600000|  0%| F|  |TAMS 0x000000070b400000| PB 0x000000070b400000| Untracked 
|  71|0x000000070b600000, 0x000000070b600000, 0x000000070b800000|  0%| F|  |TAMS 0x000000070b600000| PB 0x000000070b600000| Untracked 
|  72|0x000000070b800000, 0x000000070b800000, 0x000000070ba00000|  0%| F|  |TAMS 0x000000070b800000| PB 0x000000070b800000| Untracked 
|  73|0x000000070ba00000, 0x000000070ba00000, 0x000000070bc00000|  0%| F|  |TAMS 0x000000070ba00000| PB 0x000000070ba00000| Untracked 
|  74|0x000000070bc00000, 0x000000070bc00000, 0x000000070be00000|  0%| F|  |TAMS 0x000000070bc00000| PB 0x000000070bc00000| Untracked 
|  75|0x000000070be00000, 0x000000070be00000, 0x000000070c000000|  0%| F|  |TAMS 0x000000070be00000| PB 0x000000070be00000| Untracked 
|  76|0x000000070c000000, 0x000000070c000000, 0x000000070c200000|  0%| F|  |TAMS 0x000000070c000000| PB 0x000000070c000000| Untracked 
|  77|0x000000070c200000, 0x000000070c200000, 0x000000070c400000|  0%| F|  |TAMS 0x000000070c200000| PB 0x000000070c200000| Untracked 
|  78|0x000000070c400000, 0x000000070c400000, 0x000000070c600000|  0%| F|  |TAMS 0x000000070c400000| PB 0x000000070c400000| Untracked 
|  79|0x000000070c600000, 0x000000070c600000, 0x000000070c800000|  0%| F|  |TAMS 0x000000070c600000| PB 0x000000070c600000| Untracked 
|  80|0x000000070c800000, 0x000000070c800000, 0x000000070ca00000|  0%| F|  |TAMS 0x000000070c800000| PB 0x000000070c800000| Untracked 
|  81|0x000000070ca00000, 0x000000070ca00000, 0x000000070cc00000|  0%| F|  |TAMS 0x000000070ca00000| PB 0x000000070ca00000| Untracked 
|  82|0x000000070cc00000, 0x000000070cc00000, 0x000000070ce00000|  0%| F|  |TAMS 0x000000070cc00000| PB 0x000000070cc00000| Untracked 
|  83|0x000000070ce00000, 0x000000070ce00000, 0x000000070d000000|  0%| F|  |TAMS 0x000000070ce00000| PB 0x000000070ce00000| Untracked 
|  84|0x000000070d000000, 0x000000070d000000, 0x000000070d200000|  0%| F|  |TAMS 0x000000070d000000| PB 0x000000070d000000| Untracked 
|  85|0x000000070d200000, 0x000000070d200000, 0x000000070d400000|  0%| F|  |TAMS 0x000000070d200000| PB 0x000000070d200000| Untracked 
|  86|0x000000070d400000, 0x000000070d400000, 0x000000070d600000|  0%| F|  |TAMS 0x000000070d400000| PB 0x000000070d400000| Untracked 
|  87|0x000000070d600000, 0x000000070d600000, 0x000000070d800000|  0%| F|  |TAMS 0x000000070d600000| PB 0x000000070d600000| Untracked 
|  88|0x000000070d800000, 0x000000070d800000, 0x000000070da00000|  0%| F|  |TAMS 0x000000070d800000| PB 0x000000070d800000| Untracked 
|  89|0x000000070da00000, 0x000000070da00000, 0x000000070dc00000|  0%| F|  |TAMS 0x000000070da00000| PB 0x000000070da00000| Untracked 
|  90|0x000000070dc00000, 0x000000070dc00000, 0x000000070de00000|  0%| F|  |TAMS 0x000000070dc00000| PB 0x000000070dc00000| Untracked 
|  91|0x000000070de00000, 0x000000070de00000, 0x000000070e000000|  0%| F|  |TAMS 0x000000070de00000| PB 0x000000070de00000| Untracked 
|  92|0x000000070e000000, 0x000000070e000000, 0x000000070e200000|  0%| F|  |TAMS 0x000000070e000000| PB 0x000000070e000000| Untracked 
|  93|0x000000070e200000, 0x000000070e200000, 0x000000070e400000|  0%| F|  |TAMS 0x000000070e200000| PB 0x000000070e200000| Untracked 
|  94|0x000000070e400000, 0x000000070e400000, 0x000000070e600000|  0%| F|  |TAMS 0x000000070e400000| PB 0x000000070e400000| Untracked 
|  95|0x000000070e600000, 0x000000070e600000, 0x000000070e800000|  0%| F|  |TAMS 0x000000070e600000| PB 0x000000070e600000| Untracked 
|  96|0x000000070e800000, 0x000000070e800000, 0x000000070ea00000|  0%| F|  |TAMS 0x000000070e800000| PB 0x000000070e800000| Untracked 
|  97|0x000000070ea00000, 0x000000070ea00000, 0x000000070ec00000|  0%| F|  |TAMS 0x000000070ea00000| PB 0x000000070ea00000| Untracked 
|  98|0x000000070ec00000, 0x000000070ec00000, 0x000000070ee00000|  0%| F|  |TAMS 0x000000070ec00000| PB 0x000000070ec00000| Untracked 
|  99|0x000000070ee00000, 0x000000070ee00000, 0x000000070f000000|  0%| F|  |TAMS 0x000000070ee00000| PB 0x000000070ee00000| Untracked 
| 100|0x000000070f000000, 0x000000070f000000, 0x000000070f200000|  0%| F|  |TAMS 0x000000070f000000| PB 0x000000070f000000| Untracked 
| 101|0x000000070f200000, 0x000000070f200000, 0x000000070f400000|  0%| F|  |TAMS 0x000000070f200000| PB 0x000000070f200000| Untracked 
| 102|0x000000070f400000, 0x000000070f400000, 0x000000070f600000|  0%| F|  |TAMS 0x000000070f400000| PB 0x000000070f400000| Untracked 
| 103|0x000000070f600000, 0x000000070f600000, 0x000000070f800000|  0%| F|  |TAMS 0x000000070f600000| PB 0x000000070f600000| Untracked 
| 104|0x000000070f800000, 0x000000070f800000, 0x000000070fa00000|  0%| F|  |TAMS 0x000000070f800000| PB 0x000000070f800000| Untracked 
| 105|0x000000070fa00000, 0x000000070fa00000, 0x000000070fc00000|  0%| F|  |TAMS 0x000000070fa00000| PB 0x000000070fa00000| Untracked 
| 106|0x000000070fc00000, 0x000000070fc00000, 0x000000070fe00000|  0%| F|  |TAMS 0x000000070fc00000| PB 0x000000070fc00000| Untracked 
| 107|0x000000070fe00000, 0x000000070fe00000, 0x0000000710000000|  0%| F|  |TAMS 0x000000070fe00000| PB 0x000000070fe00000| Untracked 
| 108|0x0000000710000000, 0x0000000710000000, 0x0000000710200000|  0%| F|  |TAMS 0x0000000710000000| PB 0x0000000710000000| Untracked 
| 109|0x0000000710200000, 0x0000000710200000, 0x0000000710400000|  0%| F|  |TAMS 0x0000000710200000| PB 0x0000000710200000| Untracked 
| 110|0x0000000710400000, 0x0000000710400000, 0x0000000710600000|  0%| F|  |TAMS 0x0000000710400000| PB 0x0000000710400000| Untracked 
| 111|0x0000000710600000, 0x0000000710600000, 0x0000000710800000|  0%| F|  |TAMS 0x0000000710600000| PB 0x0000000710600000| Untracked 
| 112|0x0000000710800000, 0x0000000710800000, 0x0000000710a00000|  0%| F|  |TAMS 0x0000000710800000| PB 0x0000000710800000| Untracked 
| 113|0x0000000710a00000, 0x0000000710a00000, 0x0000000710c00000|  0%| F|  |TAMS 0x0000000710a00000| PB 0x0000000710a00000| Untracked 
| 114|0x0000000710c00000, 0x0000000710c00000, 0x0000000710e00000|  0%| F|  |TAMS 0x0000000710c00000| PB 0x0000000710c00000| Untracked 
| 115|0x0000000710e00000, 0x0000000710e00000, 0x0000000711000000|  0%| F|  |TAMS 0x0000000710e00000| PB 0x0000000710e00000| Untracked 
| 116|0x0000000711000000, 0x0000000711000000, 0x0000000711200000|  0%| F|  |TAMS 0x0000000711000000| PB 0x0000000711000000| Untracked 
| 117|0x0000000711200000, 0x0000000711200000, 0x0000000711400000|  0%| F|  |TAMS 0x0000000711200000| PB 0x0000000711200000| Untracked 
| 118|0x0000000711400000, 0x0000000711400000, 0x0000000711600000|  0%| F|  |TAMS 0x0000000711400000| PB 0x0000000711400000| Untracked 
| 119|0x0000000711600000, 0x0000000711600000, 0x0000000711800000|  0%| F|  |TAMS 0x0000000711600000| PB 0x0000000711600000| Untracked 
| 120|0x0000000711800000, 0x0000000711800000, 0x0000000711a00000|  0%| F|  |TAMS 0x0000000711800000| PB 0x0000000711800000| Untracked 
| 121|0x0000000711a00000, 0x0000000711a00000, 0x0000000711c00000|  0%| F|  |TAMS 0x0000000711a00000| PB 0x0000000711a00000| Untracked 
| 122|0x0000000711c00000, 0x0000000711e00000, 0x0000000711e00000|100%| E|  |TAMS 0x0000000711c00000| PB 0x0000000711c00000| Complete 
| 123|0x0000000711e00000, 0x0000000712000000, 0x0000000712000000|100%| E|  |TAMS 0x0000000711e00000| PB 0x0000000711e00000| Complete 
| 124|0x0000000712000000, 0x0000000712200000, 0x0000000712200000|100%| E|CS|TAMS 0x0000000712000000| PB 0x0000000712000000| Complete 
| 125|0x0000000712200000, 0x0000000712400000, 0x0000000712400000|100%| E|CS|TAMS 0x0000000712200000| PB 0x0000000712200000| Complete 
| 126|0x0000000712400000, 0x0000000712600000, 0x0000000712600000|100%| E|CS|TAMS 0x0000000712400000| PB 0x0000000712400000| Complete 

Card table byte_map: [0x000001abf52f0000,0x000001abf5ae0000] _byte_map_base: 0x000001abf1adc000

Marking Bits: (CMBitMap*) 0x000001abe26fbf40
 Bits: [0x000001abf5ae0000, 0x000001abf9a40000)

Polling page: 0x000001abe05b0000

Metaspace:

Usage:
  Non-class:      8.16 MB used.
      Class:    728.44 KB used.
       Both:      8.87 MB used.

Virtual space:
  Non-class space:       64.00 MB reserved,       8.25 MB ( 13%) committed,  1 nodes.
      Class space:        1.00 GB reserved,     832.00 KB ( <1%) committed,  1 nodes.
             Both:        1.06 GB reserved,       9.06 MB ( <1%) committed. 

Chunk freelists:
   Non-Class:  7.78 MB
       Class:  15.18 MB
        Both:  22.96 MB

MaxMetaspaceSize: unlimited
CompressedClassSpaceSize: 1.00 GB
Initial GC threshold: 21.00 MB
Current GC threshold: 21.00 MB
CDS: off
 - commit_granule_bytes: 65536.
 - commit_granule_words: 8192.
 - virtual_space_node_default_size: 8388608.
 - enlarge_chunks_in_place: 1.
 - use_allocation_guard: 0.


Internal statistics:

num_allocs_failed_limit: 0.
num_arena_births: 78.
num_arena_deaths: 0.
num_vsnodes_births: 2.
num_vsnodes_deaths: 0.
num_space_committed: 145.
num_space_uncommitted: 0.
num_chunks_returned_to_freelist: 0.
num_chunks_taken_from_freelist: 169.
num_chunk_merges: 0.
num_chunk_splits: 99.
num_chunks_enlarged: 46.
num_inconsistent_stats: 0.

CodeHeap 'non-profiled nmethods': size=120000Kb used=197Kb max_used=197Kb free=119802Kb
 bounds [0x000001abed2a0000, 0x000001abed510000, 0x000001abf47d0000]
CodeHeap 'profiled nmethods': size=120000Kb used=838Kb max_used=838Kb free=119161Kb
 bounds [0x000001abe57d0000, 0x000001abe5a40000, 0x000001abecd00000]
CodeHeap 'non-nmethods': size=5760Kb used=1308Kb max_used=1319Kb free=4451Kb
 bounds [0x000001abecd00000, 0x000001abecf70000, 0x000001abed2a0000]
 total_blobs=967 nmethods=528 adapters=344
 compilation: enabled
              stopped_count=0, restarted_count=0
 full_count=0

Compilation events (20 events):
Event: 1.001 Thread 0x000001abfc6bbd60 nmethod 515 0x000001abe589bb90 code [0x000001abe589bd20, 0x000001abe589be68]
Event: 1.001 Thread 0x000001abfc6bbd60  517       3       jdk.internal.util.StrongReferenceKey::equals (28 bytes)
Event: 1.001 Thread 0x000001abfc6bbd60 nmethod 517 0x000001abe589bf10 code [0x000001abe589c100, 0x000001abe589c740]
Event: 1.001 Thread 0x000001abfc6bbd60  514       1       jdk.internal.org.objectweb.asm.SymbolTable::getMajorVersion (5 bytes)
Event: 1.001 Thread 0x000001abfc6bbd60 nmethod 514 0x000001abed2d1390 code [0x000001abed2d1520, 0x000001abed2d15e8]
Event: 1.001 Thread 0x000001abfc6bbd60  521       3       java.lang.invoke.LambdaForm$Name::<init> (66 bytes)
Event: 1.001 Thread 0x000001abfc6bbd60 nmethod 521 0x000001abe589c890 code [0x000001abe589ca40, 0x000001abe589cd18]
Event: 1.001 Thread 0x000001abfc6bbd60  522       3       jdk.internal.org.objectweb.asm.ByteVector::<init> (13 bytes)
Event: 1.002 Thread 0x000001abfc6bbd60 nmethod 522 0x000001abe589ce10 code [0x000001abe589cfc0, 0x000001abe589d230]
Event: 1.002 Thread 0x000001abfc6bbd60  523       3       sun.invoke.util.VerifyType::isNullConversion (157 bytes)
Event: 1.003 Thread 0x000001abfc6bbd60 nmethod 523 0x000001abe589d310 code [0x000001abe589d640, 0x000001abe589eb48]
Event: 1.003 Thread 0x000001abfc6bbd60  527       3       jdk.internal.org.objectweb.asm.SymbolTable::addType (81 bytes)
Event: 1.003 Thread 0x000001abfc6bbd60 nmethod 527 0x000001abe589f010 code [0x000001abe589f220, 0x000001abe589f790]
Event: 1.003 Thread 0x000001abfc6bbd60  524       3       java.lang.invoke.MemberName::isStatic (8 bytes)
Event: 1.004 Thread 0x000001abfc6bbd60 nmethod 524 0x000001abe589fa10 code [0x000001abe589fba0, 0x000001abe589fd68]
Event: 1.004 Thread 0x000001abfc6bbd60  525       3       jdk.internal.org.objectweb.asm.ByteVector::putByteArray (49 bytes)
Event: 1.004 Thread 0x000001abfc6bbd60 nmethod 525 0x000001abe589fe10 code [0x000001abe589ffc0, 0x000001abe58a0298]
Event: 1.004 Thread 0x000001abfc6bbd60  528       3       jdk.internal.org.objectweb.asm.ByteVector::putInt (74 bytes)
Event: 1.004 Thread 0x000001abfc6bbd60 nmethod 528 0x000001abe58a0390 code [0x000001abe58a0540, 0x000001abe58a07a0]
Event: 1.004 Thread 0x000001abfc6bbd60  526       3       sun.invoke.util.Wrapper::forPrimitiveType (122 bytes)

GC Heap History (0 events):
No events

Dll operation events (2 events):
Event: 0.013 Loaded shared library C:\Program Files\Android\Android Studio\jbr\bin\java.dll
Event: 0.022 Loaded shared library C:\Program Files\Android\Android Studio\jbr\bin\zip.dll

Deoptimization events (20 events):
Event: 0.834 Thread 0x000001abe2699670 DEOPT PACKING pc=0x000001abe5808bd7 sp=0x00000013e29fda90
Event: 0.834 Thread 0x000001abe2699670 DEOPT UNPACKING pc=0x000001abecd54e42 sp=0x00000013e29fcee0 mode 0
Event: 0.840 Thread 0x000001abe2699670 DEOPT PACKING pc=0x000001abe5808bd7 sp=0x00000013e29fe020
Event: 0.840 Thread 0x000001abe2699670 DEOPT UNPACKING pc=0x000001abecd54e42 sp=0x00000013e29fd498 mode 0
Event: 0.845 Thread 0x000001abe2699670 DEOPT PACKING pc=0x000001abe5808bd7 sp=0x00000013e29fc840
Event: 0.845 Thread 0x000001abe2699670 DEOPT UNPACKING pc=0x000001abecd54e42 sp=0x00000013e29fbc90 mode 0
Event: 0.863 Thread 0x000001abe2699670 DEOPT PACKING pc=0x000001abe57e05c9 sp=0x00000013e29f6630
Event: 0.863 Thread 0x000001abe2699670 DEOPT UNPACKING pc=0x000001abecd54e42 sp=0x00000013e29f5aa8 mode 0
Event: 0.872 Thread 0x000001abe2699670 DEOPT PACKING pc=0x000001abe57e05c9 sp=0x00000013e29f34f0
Event: 0.872 Thread 0x000001abe2699670 DEOPT UNPACKING pc=0x000001abecd54e42 sp=0x00000013e29f2968 mode 0
Event: 0.876 Thread 0x000001abe2699670 DEOPT PACKING pc=0x000001abe5809285 sp=0x00000013e29f1c50
Event: 0.876 Thread 0x000001abe2699670 DEOPT UNPACKING pc=0x000001abecd54e42 sp=0x00000013e29f10c0 mode 0
Event: 0.883 Thread 0x000001abe2699670 DEOPT PACKING pc=0x000001abe5809285 sp=0x00000013e29eeb10
Event: 0.883 Thread 0x000001abe2699670 DEOPT UNPACKING pc=0x000001abecd54e42 sp=0x00000013e29edf80 mode 0
Event: 0.911 Thread 0x000001abe2699670 DEOPT PACKING pc=0x000001abe580f1e7 sp=0x00000013e29f64a0
Event: 0.911 Thread 0x000001abe2699670 DEOPT UNPACKING pc=0x000001abecd54e42 sp=0x00000013e29f5950 mode 0
Event: 0.920 Thread 0x000001abe2699670 DEOPT PACKING pc=0x000001abe580f1e7 sp=0x00000013e29f1ac0
Event: 0.920 Thread 0x000001abe2699670 DEOPT UNPACKING pc=0x000001abecd54e42 sp=0x00000013e29f0f70 mode 0
Event: 0.924 Thread 0x000001abe2699670 DEOPT PACKING pc=0x000001abe57dfd47 sp=0x00000013e29eea90
Event: 0.924 Thread 0x000001abe2699670 DEOPT UNPACKING pc=0x000001abecd54e42 sp=0x00000013e29edf68 mode 0

Classes loaded (20 events):
Event: 0.987 Loading class java/lang/invoke/MethodHandles$1
Event: 0.987 Loading class java/lang/invoke/MethodHandles$1 done
Event: 0.987 Loading class java/lang/invoke/BoundMethodHandle$Species_LLLJ
Event: 0.987 Loading class java/lang/invoke/BoundMethodHandle$Species_LLLJ done
Event: 0.988 Loading class java/lang/invoke/BoundMethodHandle$Species_LLLL
Event: 0.989 Loading class java/lang/invoke/BoundMethodHandle$Species_LLLL done
Event: 0.991 Loading class java/lang/invoke/BoundMethodHandle$Species_LLLLL
Event: 0.991 Loading class java/lang/invoke/BoundMethodHandle$Species_LLLLL done
Event: 0.992 Loading class java/lang/invoke/LambdaFormEditor$1
Event: 0.992 Loading class java/lang/invoke/LambdaFormEditor$1 done
Event: 0.993 Loading class java/util/TreeMap$EntrySet
Event: 0.993 Loading class java/util/TreeMap$EntrySet done
Event: 0.993 Loading class java/util/TreeMap$EntryIterator
Event: 0.993 Loading class java/util/TreeMap$EntryIterator done
Event: 0.997 Loading class jdk/internal/math/DoubleToDecimal
Event: 0.997 Loading class jdk/internal/math/DoubleToDecimal done
Event: 1.000 Loading class java/lang/invoke/BoundMethodHandle$Species_LJ
Event: 1.000 Loading class java/lang/invoke/BoundMethodHandle$Species_LJ done
Event: 1.003 Loading class jdk/internal/math/MathUtils
Event: 1.003 Loading class jdk/internal/math/MathUtils done

Classes unloaded (0 events):
No events

Classes redefined (0 events):
No events

Internal exceptions (4 events):
Event: 0.758 Thread 0x000001abe2699670 Exception <a 'java/lang/NoSuchMethodError'{0x0000000712071560}: 'void java.lang.invoke.DirectMethodHandle$Holder.invokeStatic(java.lang.Object, java.lang.Object, java.lang.Object)'> (0x0000000712071560) 
thrown [s\src\hotspot\share\interpreter\linkResolver.cpp, line 784]
Event: 0.768 Thread 0x000001abe2699670 Exception <a 'java/lang/NoSuchMethodError'{0x0000000712088f60}: 'java.lang.Object java.lang.invoke.Invokers$Holder.invokeExact_MT(java.lang.Object, java.lang.Object, java.lang.Object, java.lang.Object, java.lang.Object)'> (0x0000000712088f60) 
thrown [s\src\hotspot\share\interpreter\linkResolver.cpp, line 784]
Event: 0.834 Thread 0x000001abfcbb7410 Exception <a 'java/lang/NoSuchMethodError'{0x00000007120eacf0}: 'void java.lang.invoke.DirectMethodHandle$Holder.invokeStatic(java.lang.Object, java.lang.Object)'> (0x00000007120eacf0) 
thrown [s\src\hotspot\share\interpreter\linkResolver.cpp, line 784]
Event: 1.004 Thread 0x000001abe2699670 Exception <a 'java/lang/NullPointerException'{0x0000000711da31f0}> (0x0000000711da31f0) 
thrown [s\src\hotspot\share\prims\jni.cpp, line 924]

ZGC Phase Switch (0 events):
No events

VM Operations (2 events):
Event: 0.398 Executing VM operation: HandshakeAllThreads (Deoptimize)
Event: 0.398 Executing VM operation: HandshakeAllThreads (Deoptimize) done

Memory protections (0 events):
No events

Nmethod flushes (0 events):
No events

Events (20 events):
Event: 0.021 Thread 0x000001abe2699670 Thread added: 0x000001abe2699670
Event: 0.081 Thread 0x000001abe2699670 Thread added: 0x000001abfc67e080
Event: 0.081 Thread 0x000001abe2699670 Thread added: 0x000001abfc67f1c0
Event: 0.083 Thread 0x000001abe2699670 Thread added: 0x000001abfc6668e0
Event: 0.083 Thread 0x000001abe2699670 Thread added: 0x000001abfc68c440
Event: 0.083 Thread 0x000001abe2699670 Thread added: 0x000001abfc68ceb0
Event: 0.083 Thread 0x000001abe2699670 Thread added: 0x000001abfc682850
Event: 0.083 Thread 0x000001abe2699670 Thread added: 0x000001abfc683c00
Event: 0.083 Thread 0x000001abe2699670 Thread added: 0x000001abfc6bbd60
Event: 0.381 Thread 0x000001abe2699670 Thread added: 0x000001abfc45eca0
Event: 0.419 Loaded shared library C:\Program Files\Android\Android Studio\jbr\bin\instrument.dll
Event: 0.435 Loaded shared library C:\Program Files\Android\Android Studio\jbr\bin\net.dll
Event: 0.438 Loaded shared library C:\Program Files\Android\Android Studio\jbr\bin\nio.dll
Event: 0.720 Loaded shared library C:\Program Files\Android\Android Studio\jbr\bin\zip.dll
Event: 0.789 Loaded shared library C:\Program Files\Android\Android Studio\bin\breakgen64.dll
Event: 0.790 Thread 0x000001abe2699670 Thread added: 0x000001abfcbb7410
Event: 0.791 Thread 0x000001abe2699670 Thread added: 0x000001abfcbb7a80
Event: 0.807 Loaded shared library D:\FTC_Projects\DynamicOpmodeLoader\dynamicopmodeloader.dll
Event: 0.831 Loaded shared library C:\Program Files\Android\Android Studio\jbr\bin\extnet.dll
Event: 0.871 Thread 0x000001abfc683c00 Thread added: 0x000001abfcccfb60


Dynamic libraries:
0x00007ff79ed30000 - 0x00007ff79ed3a000 	C:\Program Files\Android\Android Studio\jbr\bin\java.exe
0x00007ffd09450000 - 0x00007ffd09648000 	C:\WINDOWS\SYSTEM32\ntdll.dll
0x00007ffd07e60000 - 0x00007ffd07f22000 	C:\WINDOWS\System32\KERNEL32.DLL
0x00007ffd06cc0000 - 0x00007ffd06fbf000 	C:\WINDOWS\System32\KERNELBASE.dll
0x00007ffd06bc0000 - 0x00007ffd06cc0000 	C:\WINDOWS\System32\ucrtbase.dll
0x00007ffcfd230000 - 0x00007ffcfd24b000 	C:\Program Files\Android\Android Studio\jbr\bin\VCRUNTIME140.dll
0x00007ffced510000 - 0x00007ffced528000 	C:\Program Files\Android\Android Studio\jbr\bin\jli.dll
0x00007ffd09210000 - 0x00007ffd093ad000 	C:\WINDOWS\System32\USER32.dll
0x00007ffd073c0000 - 0x00007ffd073e2000 	C:\WINDOWS\System32\win32u.dll
0x00007ffcec660000 - 0x00007ffcec8fa000 	C:\WINDOWS\WinSxS\amd64_microsoft.windows.common-controls_6595b64144ccf1df_6.0.19041.4355_none_60b8b9eb71f62e16\COMCTL32.dll
0x00007ffd07e30000 - 0x00007ffd07e5b000 	C:\WINDOWS\System32\GDI32.dll
0x00007ffd07f30000 - 0x00007ffd07fce000 	C:\WINDOWS\System32\msvcrt.dll
0x00007ffd07210000 - 0x00007ffd07327000 	C:\WINDOWS\System32\gdi32full.dll
0x00007ffd06fc0000 - 0x00007ffd0705d000 	C:\WINDOWS\System32\msvcp_win.dll
0x00007ffd08580000 - 0x00007ffd085af000 	C:\WINDOWS\System32\IMM32.DLL
0x00007ffd02760000 - 0x00007ffd0276c000 	C:\Program Files\Android\Android Studio\jbr\bin\vcruntime140_1.dll
0x00007ffccc4b0000 - 0x00007ffccc53d000 	C:\Program Files\Android\Android Studio\jbr\bin\msvcp140.dll
0x00007ffc93f90000 - 0x00007ffc94c13000 	C:\Program Files\Android\Android Studio\jbr\bin\server\jvm.dll
0x00007ffd07870000 - 0x00007ffd07921000 	C:\WINDOWS\System32\ADVAPI32.dll
0x00007ffd07d90000 - 0x00007ffd07e2f000 	C:\WINDOWS\System32\sechost.dll
0x00007ffd07b70000 - 0x00007ffd07c93000 	C:\WINDOWS\System32\RPCRT4.dll
0x00007ffd06ae0000 - 0x00007ffd06b07000 	C:\WINDOWS\System32\bcrypt.dll
0x00007ffd085b0000 - 0x00007ffd0861b000 	C:\WINDOWS\System32\WS2_32.dll
0x00007ffd06020000 - 0x00007ffd0606b000 	C:\WINDOWS\SYSTEM32\POWRPROF.dll
0x00007ffcfa8c0000 - 0x00007ffcfa8e7000 	C:\WINDOWS\SYSTEM32\WINMM.dll
0x00007ffcff6b0000 - 0x00007ffcff6ba000 	C:\WINDOWS\SYSTEM32\VERSION.dll
0x00007ffd05ee0000 - 0x00007ffd05ef2000 	C:\WINDOWS\SYSTEM32\UMPDC.dll
0x00007ffd05300000 - 0x00007ffd05312000 	C:\WINDOWS\SYSTEM32\kernel.appcore.dll
0x00007ffcfd210000 - 0x00007ffcfd21a000 	C:\Program Files\Android\Android Studio\jbr\bin\jimage.dll
0x00007ffd050f0000 - 0x00007ffd052d4000 	C:\WINDOWS\SYSTEM32\DBGHELP.DLL
0x00007ffcfeba0000 - 0x00007ffcfebd4000 	C:\WINDOWS\SYSTEM32\dbgcore.DLL
0x00007ffd07330000 - 0x00007ffd073b2000 	C:\WINDOWS\System32\bcryptPrimitives.dll
0x00007ffcee520000 - 0x00007ffcee52e000 	C:\Program Files\Android\Android Studio\jbr\bin\instrument.dll
0x00007ffcf43f0000 - 0x00007ffcf4410000 	C:\Program Files\Android\Android Studio\jbr\bin\java.dll
0x00007ffcf3f30000 - 0x00007ffcf3f48000 	C:\Program Files\Android\Android Studio\jbr\bin\zip.dll
0x00007ffd08620000 - 0x00007ffd08d8e000 	C:\WINDOWS\System32\SHELL32.dll
0x00007ffd04940000 - 0x00007ffd050e4000 	C:\WINDOWS\SYSTEM32\windows.storage.dll
0x00007ffd08eb0000 - 0x00007ffd09205000 	C:\WINDOWS\System32\combase.dll
0x00007ffd06510000 - 0x00007ffd0653f000 	C:\WINDOWS\SYSTEM32\Wldp.dll
0x00007ffd07a90000 - 0x00007ffd07b5d000 	C:\WINDOWS\System32\OLEAUT32.dll
0x00007ffd08450000 - 0x00007ffd084fd000 	C:\WINDOWS\System32\SHCORE.dll
0x00007ffd08500000 - 0x00007ffd08555000 	C:\WINDOWS\System32\shlwapi.dll
0x00007ffd06a10000 - 0x00007ffd06a34000 	C:\WINDOWS\SYSTEM32\profapi.dll
0x00007ffcfcfa0000 - 0x00007ffcfcfb0000 	C:\Program Files\Android\Android Studio\jbr\bin\net.dll
0x00007ffcfea90000 - 0x00007ffcfeb9d000 	C:\WINDOWS\SYSTEM32\WINHTTP.dll
0x00007ffd06270000 - 0x00007ffd062da000 	C:\WINDOWS\system32\mswsock.dll
0x00007ffcf07a0000 - 0x00007ffcf07b6000 	C:\Program Files\Android\Android Studio\jbr\bin\nio.dll
0x00007ffceb980000 - 0x00007ffceb99a000 	C:\Program Files\Android\Android Studio\bin\breakgen64.dll
0x00007ffccbde0000 - 0x00007ffccbe56000 	D:\FTC_Projects\DynamicOpmodeLoader\dynamicopmodeloader.dll
0x00007ffcf0790000 - 0x00007ffcf0799000 	C:\Program Files\Android\Android Studio\jbr\bin\extnet.dll

dbghelp: loaded successfully - version: 4.0.5 - missing functions: none
symbol engine: initialized successfully - sym options: 0x614 - pdb path: .;C:\Program Files\Android\Android Studio\jbr\bin;C:\WINDOWS\SYSTEM32;C:\WINDOWS\WinSxS\amd64_microsoft.windows.common-controls_6595b64144ccf1df_6.0.19041.4355_none_60b8b9eb71f62e16;C:\Program Files\Android\Android Studio\jbr\bin\server;C:\Program Files\Android\Android Studio\bin;D:\FTC_Projects\DynamicOpmodeLoader

VM Arguments:
jvm_args: -javaagent:C:\Program Files\Android\Android Studio\lib\idea_rt.jar=52128:C:\Program Files\Android\Android Studio\bin -Dfile.encoding=UTF-8 -Dsun.stdout.encoding=UTF-8 -Dsun.stderr.encoding=UTF-8 
java_command: com.minerkid08.dynamicopmodeloader.MainKt
java_class_path (initial): D:\FTC_Projects\DynamicOpmodeLoader\DynamicOpmodeLoader\build\tmp\kotlin-classes\debug;D:\FTC_Projects\DynamicOpmodeLoader\DynamicOpmodeLoader\build\intermediates\compile_r_class_jar\debug\generateDebugRFile\R.jar;D:\FTC_Projects\DynamicOpmodeLoader\DynamicOpmodeLoader\build\generated\res\resValues\debug;C:\Users\ColbyKids\.gradle\caches\8.9\transforms\6b4bf142b8a8c736b5ff462b862f25ef\transformed\core-ktx-1.15.0\jars\classes.jar;C:\Users\ColbyKids\.gradle\caches\8.9\transforms\6b4bf142b8a8c736b5ff462b862f25ef\transformed\core-ktx-1.15.0\AndroidManifest.xml;C:\Users\ColbyKids\.gradle\caches\8.9\transforms\6b4bf142b8a8c736b5ff462b862f25ef\transformed\core-ktx-1.15.0\res;C:\Users\ColbyKids\.gradle\caches\8.9\transforms\161de3e672eebfb0625f3bd3d3d65833\transformed\core-1.15.0\AndroidManifest.xml;C:\Users\ColbyKids\.gradle\caches\8.9\transforms\161de3e672eebfb0625f3bd3d3d65833\transformed\core-1.15.0\res;C:\Users\ColbyKids\.gradle\caches\8.9\transforms\161de3e672eebfb0625f3bd3d3d65833\transformed\core-1.15.0\jars\classes.jar;C:\Users\ColbyKids\.gradle\caches\8.9\transforms\7438cc7818c843f0252831f984ccb1be\transformed\annotation-experimental-1.4.1\res;C:\Users\ColbyKids\.gradle\caches\8.9\transforms\7438cc7818c843f0252831f984ccb1be\transformed\annotation-experimental-1.4.1\AndroidManifest.xml;C:\Users\ColbyKids\.gradle\caches\8.9\transforms\7438cc7818c843f0252831f984ccb1be\transformed\annotation-experimental-1.4.1\jars\classes.jar;C:\Users\ColbyKids\.gradle\caches\8.9\transforms\c6e282786302bd83071ab5241908365a\transformed\lifecycle-runtime-2.6.2\res;C:\Users\ColbyKids\.gradle\caches\8.9\transforms\c6e282786302bd83071ab5241908365a\transformed\lifecycle-runtime-2.6.2\jars\classes.jar;C:\Users\ColbyKids\.gradle\caches\8.9\transforms\c6e282786302bd83071ab5241908365a\transformed\lifecycle-runtime-2.6.2\AndroidManifest.xml;C:\Users\ColbyKids\.gradle\caches\8.9\transforms\70b77167ac9160e88f2c87bded23009f\transformed\versionedparcelable-1.1.1\AndroidManifest.xml;C:\Users\ColbyKids\.gradle\caches\8.9\transforms\70b77167ac9160e88f2c87bded23009f\transformed\versionedparcelable-1.1.1\jars\classes.jar;C:\Users\ColbyKids\.gradle\caches\8.9\transforms\6bfc006508e6eb655edcc0792599ab27\transformed\appcompat-1.7.0\AndroidManifest.xml;C:\Users\ColbyKids\.gradle\caches\8.9\transforms\6bfc006508e6eb655edcc0792599ab27\transformed\appcompat-1.7.0\res;C:\Users\ColbyKids\.gradle\caches\8.9\transforms\6bfc006508e6eb655edcc0792599ab27\transformed\appcompat-1.7.0\jars\classes.jar;C:\Users\ColbyKids\.gradle\caches\8.9\transforms\9cf6e95f1c433282f303b38da288a88e\transformed\activity-1.8.0\AndroidManifest.xml;C:\Users\ColbyKids\.gradle\caches\8.9\transforms\9cf6e95f1c433282f303b38da288a88e\transformed\activity-1.8.0\res;C:\Users\ColbyKids\.gradle\caches\8.9\transforms\9cf6e95f1c433282f303b38da288a88e\transformed\activity-1.8.0\jars\classes.jar;C:\Users\ColbyKids\.gradle\caches\8.9\transforms\7a858888d5e2ab0dce154975f120682d\transformed\lifecycle-viewmodel-2.6.2\res;C:\Users\ColbyKids\.gradle\caches\8.9\transforms\7a858888d5e2ab0dce154975f120682d\transformed\lifecycle-viewmodel-2.6.2\AndroidManifest.xml;C:\Users\ColbyKids\.gradle\caches\8.9\transforms\7a858888d5e2ab0dce154975f120682d\transformed\lifecycle-viewmodel-2.6.2\jars\classes.jar;C:\Users\ColbyKids\.gradle\caches\8.9\transforms\78b1fd49fa1011a144234a3d31c6807c\transformed\lifecycle-viewmodel-savedstate-2.6.2\res;C:\Users\ColbyKids\.gradle\caches\8.9\transforms\78b1fd49fa1011a144234a3d31c6807c\transformed\lifecycle-viewmodel-savedstate-2.6.2\jars\classes.jar;C:\Users\ColbyKids\.gradle\caches\8.9\transforms\78b1fd49fa1011a144234a3d31c6807c\transformed\lifecycle-viewmodel-savedstate-2.6.2\AndroidManifest.xml;C:\Users\ColbyKids\.gradle\caches\8.9\transforms\0b387457ec25b131496736d85ed0c718\transformed\lifecycle-livedata-core-2.6.2\AndroidManifest.xml;C:\Users\ColbyKids\.gradle\caches\8.9\transforms\0b387457ec25b131496736d85ed0c718\transformed\lifecycle-livedata-core-2.6.2\jars\classes.jar;C:\Users\ColbyKids\.gradle\caches\8.9\transforms\0b387457ec25b131496736d85ed0c718\transformed\lifecycle-livedata-core-2.6.2\res;C:\Users\ColbyKids\.gradle\caches\8.9\transforms\56c4c4c664344e3d4d033148f6868de4\transformed\savedstate-1.2.1\jars\classes.jar;C:\Users\ColbyKids\.gradle\caches\8.9\transforms\56c4c4c664344e3d4d033148f6868de4\transformed\savedstate-1.2.1\AndroidManifest.xml;C:\Users\ColbyKids\.gradle\caches\8.9\transforms\56c4c4c664344e3d4d033148f6868de4\transformed\savedstate-1.2.1\res;C:\Users\ColbyKids\.gradle\caches\8.9\transforms\52756c5628bea5062fdf2c5389882ce3\transformed\appcompat-resources-1.7.0\AndroidManifest.xml;C:\Users\ColbyKids\.gradle\caches\8.9\transforms\52756c5628bea5062fdf2c5389882ce3\transformed\appcompat-resources-1.7.0\jars\classes.jar;C:\Users\ColbyKids\.gradle\caches\8.9\transforms\52756c5628bea5062fdf2c5389882ce3\transformed\appcompat-resources-1.7.0\res;C:\Users\ColbyKids\.gradle\caches\8.9\transforms\5243a8fa4cd28112cf0ae08f35fbe298\transformed\vectordrawable-1.1.0\jars\classes.jar;C:\Users\ColbyKids\.gradle\caches\8.9\transforms\5243a8fa4cd28112cf0ae08f35fbe298\transformed\vectordrawable-1.1.0\AndroidManifest.xml;C:\Users\ColbyKids\.gradle\caches\8.9\transforms\8c14abeef103a4c37e8e29233be44b80\transformed\vectordrawable-animated-1.1.0\AndroidManifest.xml;C:\Users\ColbyKids\.gradle\caches\8.9\transforms\8c14abeef103a4c37e8e29233be44b80\transformed\vectordrawable-animated-1.1.0\jars\classes.jar;C:\Users\ColbyKids\.gradle\caches\8.9\transforms\7303bd9a0eaa9617d222052fecafea79\transformed\interpolator-1.0.0\jars\classes.jar;C:\Users\ColbyKids\.gradle\caches\8.9\transforms\7303bd9a0eaa9617d222052fecafea79\transformed\interpolator-1.0.0\AndroidManifest.xml;C:\Users\ColbyKids\.gradle\caches\8.9\transforms\d24e6b621ac78d638b1334034653676f\transformed\cursoradapter-1.0.0\AndroidManifest.xml;C:\Users\ColbyKids\.gradle\caches\8.9\transforms\d24e6b621ac78d638b1334034653676f\transformed\cursoradapter-1.0.0\jars\classes.jar;C:\Users\ColbyKids\.gradle\caches\8.9\transforms\bc0f54aed4603d55e829bbd98aad35f1\transformed\drawerlayout-1.1.1\jars\classes.jar;C:\Users\ColbyKids\.gradle\caches\8.9\transforms\bc0f54aed4603d55e829bbd98aad35f1\transformed\drawerlayout-1.1.1\AndroidManifest.xml;C:\Users\ColbyKids\.gradle\caches\8.9\transforms\bc0f54aed4603d55e829bbd98aad35f1\transformed\drawerlayout-1.1.1\res;C:\Users\ColbyKids\.gradle\caches\8.9\transforms\9f03a25254613356d1030249554c107a\transformed\customview-1.1.0\AndroidManifest.xml;C:\Users\ColbyKids\.gradle\caches\8.9\transforms\9f03a25254613356d1030249554c107a\transformed\customview-1.1.0\jars\classes.jar;C:\Users\ColbyKids\.gradle\caches\8.9\transforms\fe7b17cc44037e54d7b4de89dfba766d\transformed\fragment-1.5.4\res;C:\Users\ColbyKids\.gradle\caches\8.9\transforms\fe7b17cc44037e54d7b4de89dfba766d\transformed\fragment-1.5.4\jars\classes.jar;C:\Users\ColbyKids\.gradle\caches\8.9\transforms\fe7b17cc44037e54d7b4de89dfba766d\transformed\fragment-1.5.4\AndroidManifest.xml;C:\Users\ColbyKids\.gradle\caches\8.9\transforms\95b295f3669a3614ad6e2b2d48533164\transformed\loader-1.0.0\jars\classes.jar;C:\Users\ColbyKids\.gradle\caches\8.9\transforms\95b295f3669a3614ad6e2b2d48533164\transformed\loader-1.0.0\AndroidManifest.xml;C:\Users\ColbyKids\.gradle\caches\8.9\transforms\1c58cbad4f8fa2b64282819dd8522b90\transformed\lifecycle-livedata-2.6.2\jars\classes.jar;C:\Users\ColbyKids\.gradle\caches\8.9\transforms\1c58cbad4f8fa2b64282819dd8522b90\transformed\lifecycle-livedata-2.6.2\res;C:\Users\ColbyKids\.gradle\caches\8.9\transforms\1c58cbad4f8fa2b64282819dd8522b90\transformed\lifecycle-livedata-2.6.2\AndroidManifest.xml;C:\Users\ColbyKids\.gradle\caches\8.9\transforms\f02c5d26249bf967c31ec861f09083e9\transformed\core-runtime-2.2.0\jars\classes.jar;C:\Users\ColbyKids\.gradle\caches\8.9\transforms\f02c5d26249bf967c31ec861f09083e9\transformed\core-runtime-2.2.0\AndroidManifest.xml;C:\Users\ColbyKids\.gradle\caches\8.9\transforms\f02c5d26249bf967c31ec861f09083e9\transformed\core-runtime-2.2.0\res;C:\Users\ColbyKids\.gradle\caches\8.9\transforms\db6bcd6d7f390a155e1edd92cd136338\transformed\viewpager-1.0.0\AndroidManifest.xml;C:\Users\ColbyKids\.gradle\caches\8.9\transforms\db6bcd6d7f390a155e1edd92cd136338\transformed\viewpager-1.0.0\jars\classes.jar;C:\Users\ColbyKids\.gradle\caches\8.9\transforms\f32837b129d4b37f152447d3a51ceb4b\transformed\material-1.12.0\jars\classes.jar;C:\Users\ColbyKids\.gradle\caches\8.9\transforms\f32837b129d4b37f152447d3a51ceb4b\transformed\material-1.12.0\res;C:\Users\ColbyKids\.gradle\caches\8.9\transforms\f32837b129d4b37f152447d3a51ceb4b\transformed\material-1.12.0\AndroidManifest.xml;C:\Users\ColbyKids\.gradle\caches\8.9\transforms\a3f7b9db843ed840b4664b8c3fa17761\transformed\cardview-1.0.0\res;C:\Users\ColbyKids\.gradle\caches\8.9\transforms\a3f7b9db843ed840b4664b8c3fa17761\transformed\cardview-1.0.0\AndroidManifest.xml;C:\Users\ColbyKids\.gradle\caches\8.9\transforms\a3f7b9db843ed840b4664b8c3fa17761\transformed\cardview-1.0.0\jars\classes.jar;C:\Users\ColbyKids\.gradle\caches\8.9\transforms\1aecb0fe1344bdfa9ddc5f1c023afc97\transformed\coordinatorlayout-1.1.0\jars\classes.jar;C:\Users\ColbyKids\.gradle\caches\8.9\transforms\1aecb0fe1344bdfa9ddc5f1c023afc97\transformed\coordinatorlayout-1.1.0\AndroidManifest.xml;C:\Users\ColbyKids\.gradle\caches\8.9\transforms\1aecb0fe1344bdfa9ddc5f1c023afc97\transformed\coordinatorlayout-1.1.0\res;C:\Users\ColbyKids\.gradle\caches\8.9\transforms\e129de7f63b4d8b1ee5929c94a83e0ab\transformed\constraintlayout-2.0.1\AndroidManifest.xml;C:\Users\ColbyKids\.gradle\caches\8.9\transforms\e129de7f63b4d8b1ee5929c94a83e0ab\transformed\constraintlayout-2.0.1\jars\classes.jar;C:\Users\ColbyKids\.gradle\caches\8.9\transforms\e129de7f63b4d8b1ee5929c94a83e0ab\transformed\constraintlayout-2.0.1\res;C:\Users\ColbyKids\.gradle\caches\8.9\transforms\ea07784df796cf04c3f59302a4530090\transformed\dynamicanimation-1.0.0\AndroidManifest.xml;C:\Users\ColbyKids\.gradle\caches\8.9\transforms\ea07784df796cf04c3f59302a4530090\transformed\dynamicanimation-1.0.0\jars\classes.jar;C:\Users\ColbyKids\.gradle\caches\8.9\transforms\d639e83ccf314394a3cfe7aa214388ff\transformed\legacy-support-core-utils-1.0.0\jars\classes.jar;C:\Users\ColbyKids\.gradle\caches\8.9\transforms\d639e83ccf314394a3cfe7aa214388ff\transformed\legacy-support-core-utils-1.0.0\AndroidManifest.xml;C:\Users\ColbyKids\.gradle\caches\8.9\transforms\4150db8a6cedf4836a51a0ee066891e9\transformed\documentfile-1.0.0\AndroidManifest.xml;C:\Users\ColbyKids\.gradle\caches\8.9\transforms\4150db8a6cedf4836a51a0ee066891e9\transformed\documentfile-1.0.0\jars\classes.jar;C:\Users\ColbyKids\.gradle\caches\8.9\transforms\ee3fa66100b47b16ebe44c278dcd2d2f\transformed\localbroadcastmanager-1.0.0\jars\classes.jar;C:\Users\ColbyKids\.gradle\caches\8.9\transforms\ee3fa66100b47b16ebe44c278dcd2d2f\transformed\localbroadcastmanager-1.0.0\AndroidManifest.xml;C:\Users\ColbyKids\.gradle\caches\8.9\transforms\eedca7954379fe88f95a77e1391500ee\transformed\print-1.0.0\AndroidManifest.xml;C:\Users\ColbyKids\.gradle\caches\8.9\transforms\eedca7954379fe88f95a77e1391500ee\transformed\print-1.0.0\jars\classes.jar;C:\Users\ColbyKids\.gradle\caches\8.9\transforms\f2f9e030377dfe154197dfce70ba2efd\transformed\recyclerview-1.1.0\res;C:\Users\ColbyKids\.gradle\caches\8.9\transforms\f2f9e030377dfe154197dfce70ba2efd\transformed\recyclerview-1.1.0\AndroidManifest.xml;C:\Users\ColbyKids\.gradle\caches\8.9\transforms\f2f9e030377dfe154197dfce70ba2efd\transformed\recyclerview-1.1.0\jars\classes.jar;C:\Users\ColbyKids\.gradle\caches\8.9\transforms\317c786a6df3c2006666f188339cea6e\transformed\transition-1.5.0\AndroidManifest.xml;C:\Users\ColbyKids\.gradle\caches\8.9\transforms\317c786a6df3c2006666f188339cea6e\transformed\transition-1.5.0\res;C:\Users\ColbyKids\.gradle\caches\8.9\transforms\317c786a6df3c2006666f188339cea6e\transformed\transition-1.5.0\jars\classes.jar;C:\Users\ColbyKids\.gradle\caches\8.9\transforms\a8ad98ec6ae6a2c10324e8a9456f84ef\transformed\viewpager2-1.0.0\res;C:\Users\ColbyKids\.gradle\caches\8.9\transforms\a8ad98ec6ae6a2c10324e8a9456f84ef\transformed\viewpager2-1.0.0\jars\classes.jar;C:\Users\ColbyKids\.gradle\caches\8.9\transforms\a8ad98ec6ae6a2c10324e8a9456f84ef\transformed\viewpager2-1.0.0\AndroidManifest.xml;C:\Users\ColbyKids\.gradle\caches\modules-2\files-2.1\org.jetbrains.kotlin\kotlin-stdlib\1.9.24\9928532f12c66ad816a625b3f9984f8368ca6d2b\kotlin-stdlib-1.9.24.jar;C:\Users\ColbyKids\.gradle\caches\modules-2\files-2.1\org.jetbrains\annotations\13.0\919f0dfe192fb4e063e7dacadee7f8bb9a2672a9\annotations-13.0.jar;C:\Users\ColbyKids\.gradle\caches\modules-2\files-2.1\androidx.annotation\annotation-jvm\1.8.1\b8a16fe526014b7941c1debaccaf9c5153692dbb\annotation-jvm-1.8.1.jar;C:\Users\ColbyKids\.gradle\caches\modules-2\files-2.1\androidx.arch.core\core-common\2.2.0\5e1b8b81dfd5f52c56a8d53b18ca759c19a301f3\core-common-2.2.0.jar;C:\Users\ColbyKids\.gradle\caches\modules-2\files-2.1\androidx.lifecycle\lifecycle-common\2.6.2\10f354fdb64868baecd67128560c5a0d6312c495\lifecycle-common-2.6.2.jar;C:\Users\ColbyKids\.gradle\caches\modules-2\files-2.1\org.jetbrains.kotlinx\kotlinx-coroutines-android\1.6.4\f955fc8b2ad196e2f4429598440e15f7492eeb2b\kotlinx-coroutines-android-1.6.4.jar;C:\Users\ColbyKids\.gradle\caches\modules-2\files-2.1\org.jetbrains.kotlinx\kotlinx-coroutines-core-jvm\1.6.4\2c997cd1c0ef33f3e751d3831929aeff1390cb30\kotlinx-coroutines-core-jvm-1.6.4.jar;C:\Users\ColbyKids\.gradle\caches\modules-2\files-2.1\org.jetbrains.kotlin\kotlin-stdlib-jdk8\1.8.22\b25c86d47d6b962b9cf0f8c3f320c8a10eea3dd1\kotlin-stdlib-jdk8-1.8.22.jar;C:\Users\ColbyKids\.gradle\caches\modules-2\files-2.1\org.jetbrains.kotlin\kotlin-stdlib-jdk7\1.8.22\4dabb8248310d833bb6a8b516024a91fd3d275c\kotlin-stdlib-jdk7-1.8.22.jar;C:\Users\ColbyKids\.gradle\caches\modules-2\files-2.1\androidx.collection\collection-jvm\1.4.2\bc60b5568a66d765a9fe8e266fd0c6c727e0b50b\collection-jvm-1.4.2.jar;C:\Users\ColbyKids\.gradle\caches\modules-2\files-2.1\androidx.constraintlayout\constraintlayout-solver\2.0.1\30988fe2d77f3fe3bf7551bb8a8b795fad7e7226\constraintlayout-solver-2.0.1.jar;C:\Users\ColbyKids\.gradle\caches\modules-2\files-2.1\androidx.resourceinspection\resourceinspection-annotation\1.0.1\8c21f8ff5d96d5d52c948707f7e4d6ca6773feef\resourceinspection-annotation-1.0.1.jar
Launcher Type: SUN_STANDARD

[Global flags]
     intx CICompilerCount                          = 4                                         {product} {ergonomic}
     uint ConcGCThreads                            = 2                                         {product} {ergonomic}
     uint G1ConcRefinementThreads                  = 8                                         {product} {ergonomic}
   size_t G1HeapRegionSize                         = 2097152                                   {product} {ergonomic}
    uintx GCDrainStackTargetSize                   = 64                                        {product} {ergonomic}
   size_t InitialHeapSize                          = 266338304                                 {product} {ergonomic}
   size_t MarkStackSize                            = 4194304                                   {product} {ergonomic}
   size_t MaxHeapSize                              = 4253024256                                {product} {ergonomic}
   size_t MaxNewSize                               = 2550136832                                {product} {ergonomic}
   size_t MinHeapDeltaBytes                        = 2097152                                   {product} {ergonomic}
   size_t MinHeapSize                              = 8388608                                   {product} {ergonomic}
    uintx NonNMethodCodeHeapSize                   = 5839372                                {pd product} {ergonomic}
    uintx NonProfiledCodeHeapSize                  = 122909434                              {pd product} {ergonomic}
    uintx ProfiledCodeHeapSize                     = 122909434                              {pd product} {ergonomic}
    uintx ReservedCodeCacheSize                    = 251658240                              {pd product} {ergonomic}
     bool SegmentedCodeCache                       = true                                      {product} {ergonomic}
   size_t SoftMaxHeapSize                          = 4253024256                             {manageable} {ergonomic}
     bool UseCompressedOops                        = true                           {product lp64_product} {ergonomic}
     bool UseG1GC                                  = true                                      {product} {ergonomic}
     bool UseLargePagesIndividualAllocation        = false                                  {pd product} {ergonomic}

Logging:
Log output configuration:
 #0: stdout all=warning uptime,level,tags foldmultilines=false
 #1: stderr all=off uptime,level,tags foldmultilines=false

Environment Variables:
JAVA_HOME=C:\Program Files\Amazon Corretto\jdk23.0.2_7
PATH=C:\Program Files\Amazon Corretto\jdk23.0.2_7\bin;C:\Program Files\Amazon Corretto\jdk17.0.10_7\bin;C:\Program Files (x86)\Common Files\Oracle\Java\javapath;C:\Program Files\Amazon Corretto\jdk1.8.0_282\bin;C:\Windows\system32;C:\Windows;C:\Windows\System32\Wbem;C:\Windows\System32\WindowsPowerShell\v1.0\;C:\Windows\System32\OpenSSH\;C:\Program Files (x86)\NVIDIA Corporation\PhysX\Common;C:\WINDOWS\system32;C:\WINDOWS;C:\WINDOWS\System32\Wbem;C:\WINDOWS\System32\WindowsPowerShell\v1.0\;C:\WINDOWS\System32\OpenSSH\;C:\Program Files (x86)\IVI Foundation\VISA\WinNT\Bin;C:\Program Files\Microsoft SQL Server\150\Tools\Binn\;C:\Program Files\Microsoft SQL Server\Client SDK\ODBC\170\Tools\Binn\;C:\Program Files\dotnet\;C:\Program Files\nodejs\;C:\Program Files\Git\cmd;C:\Program Files\komorebi\bin\;C:\Program Files\whkd\bin\;C:\Program Files\Arduino CLI\;C:\Program Files\doxygen\bin;C:\Program Files\CMake\bin;C:\Program Files\NVIDIA Corporation\NVIDIA app\NvDLISR;C:\Users\ColbyKids\AppData\Local\Programs\Python\Python312\Scripts\;C:\Users\ColbyKids\AppData\Local\Programs\Python\Python312\;C:\Users\ColbyKids\AppData\Local\Programs\Python\Launcher\;C:\Users\ColbyKids\AppData\Local\Microsoft\WindowsApps;C:\Users\ColbyKids\.dotnet\tools;C:\Users\ColbyKids\AppData\Local\GitHubDesktop\bin;C:\Users\ColbyKids\AppData\Local\Programs\Microsoft VS Code\bin;C:\Program Files\Neovim\bin;C:\raylib\w64devkit\bin;C:\Users\ColbyKids\AppData\Local\nvim-data\mason\packages\kotlin-language-server\server\bin;C:\Users\ColbyKids\AppData\Local\Programs\Python\Python312;C:\Users\ColbyKids\AppData\Local\Microsoft\WinGet\Packages\Genymobile.scrcpy_Microsoft.Winget.Source_8wekyb3d8bbwe\scrcpy-win64-v2.4;C:\Users\ColbyKids\AppData\Roaming\npm;C:\opencv\build\x64\vc16\bin;
USERNAME=ColbyKids
OS=Windows_NT
PROCESSOR_IDENTIFIER=Intel64 Family 6 Model 158 Stepping 10, GenuineIntel
TMP=C:\Users\COLBYK~1\AppData\Local\Temp
TEMP=C:\Users\COLBYK~1\AppData\Local\Temp




Periodic native trim disabled

JNI global refs:
JNI global refs: 17, weak refs: 0

JNI global refs memory usage: 835, weak refs: 201

Process memory usage:
Resident Set Size: 57384K (0% of 16610356K total physical memory with 817496K free physical memory)

OOME stack traces (most recent first):
Classloader memory used:
Loader bootstrap                                                                       : 7874K
Loader jdk.internal.loader.ClassLoaders$AppClassLoader                                 : 1210K

---------------  S Y S T E M  ---------------

OS:
 Windows 10 , 64 bit Build 19041 (10.0.19041.5198)
OS uptime: 4 days 23:47 hours

CPU: total 8 (initial active 8) (4 cores per cpu, 2 threads per core) family 6 model 158 stepping 10 microcode 0xca, cx8, cmov, fxsr, ht, mmx, 3dnowpref, sse, sse2, sse3, ssse3, sse4.1, sse4.2, popcnt, lzcnt, tsc, tscinvbit, avx, avx2, aes, erms, clmul, bmi1, bmi2, adx, fma, vzeroupper, clflush, clflushopt, rdtscp, f16c
Processor Information for processor 0
  Max Mhz: 2400, Current Mhz: 1500, Mhz Limit: 2400
Processor Information for processor 1
  Max Mhz: 2400, Current Mhz: 2400, Mhz Limit: 2400
Processor Information for processor 2
  Max Mhz: 2400, Current Mhz: 2400, Mhz Limit: 2400
Processor Information for processor 3
  Max Mhz: 2400, Current Mhz: 1500, Mhz Limit: 2400
Processor Information for processor 4
  Max Mhz: 2400, Current Mhz: 1500, Mhz Limit: 2400
Processor Information for processor 5
  Max Mhz: 2400, Current Mhz: 2400, Mhz Limit: 2400
Processor Information for processor 6
  Max Mhz: 2400, Current Mhz: 2400, Mhz Limit: 2400
Processor Information for processor 7
  Max Mhz: 2400, Current Mhz: 2400, Mhz Limit: 2400

Memory: 4k page, system-wide physical 16221M (798M free)
TotalPageFile size 25949M (AvailPageFile size 8128M)
current process WorkingSet (physical memory assigned to process): 56M, peak: 56M
current process commit charge ("private bytes"): 345M, peak: 346M

vm_info: OpenJDK 64-Bit Server VM (21.0.4+-12508038-b607.1) for windows-amd64 JRE (21.0.4+-12508038-b607.1), built on 2024-10-16T17:23:34Z by "builder" with MS VC++ 16.10 / 16.11 (VS2019)

END.
